[2024-04-29T06:17:12.162+0000] {processor.py:157} INFO - Started process (PID=9184) to work on /usr/local/python/3.10.13/lib/python3.10/site-packages/airflow/example_dags/example_latest_only_with_trigger.py
[2024-04-29T06:17:12.162+0000] {processor.py:826} INFO - Processing file /usr/local/python/3.10.13/lib/python3.10/site-packages/airflow/example_dags/example_latest_only_with_trigger.py for tasks to queue
[2024-04-29T06:17:12.163+0000] {logging_mixin.py:150} INFO - [2024-04-29T06:17:12.163+0000] {dagbag.py:541} INFO - Filling up the DagBag from /usr/local/python/3.10.13/lib/python3.10/site-packages/airflow/example_dags/example_latest_only_with_trigger.py
[2024-04-29T06:17:12.168+0000] {processor.py:836} INFO - DAG(s) dict_keys(['latest_only_with_trigger']) retrieved from /usr/local/python/3.10.13/lib/python3.10/site-packages/airflow/example_dags/example_latest_only_with_trigger.py
[2024-04-29T06:17:12.293+0000] {logging_mixin.py:150} INFO - [2024-04-29T06:17:12.293+0000] {manager.py:504} INFO - Created Permission View: can delete on DAG:latest_only_with_trigger
[2024-04-29T06:17:12.345+0000] {logging_mixin.py:150} INFO - [2024-04-29T06:17:12.345+0000] {manager.py:504} INFO - Created Permission View: can edit on DAG:latest_only_with_trigger
[2024-04-29T06:17:12.383+0000] {logging_mixin.py:150} INFO - [2024-04-29T06:17:12.383+0000] {manager.py:504} INFO - Created Permission View: can read on DAG:latest_only_with_trigger
[2024-04-29T06:17:12.396+0000] {logging_mixin.py:150} INFO - [2024-04-29T06:17:12.396+0000] {dag.py:2742} INFO - Sync 1 DAGs
[2024-04-29T06:17:12.406+0000] {logging_mixin.py:150} INFO - [2024-04-29T06:17:12.406+0000] {dag.py:2763} INFO - Creating ORM DAG for latest_only_with_trigger
[2024-04-29T06:17:12.416+0000] {logging_mixin.py:150} INFO - [2024-04-29T06:17:12.416+0000] {dag.py:3504} INFO - Setting next_dagrun for latest_only_with_trigger to 2024-04-29T02:17:12.416173+00:00, run_after=2024-04-29T06:17:12.416173+00:00
[2024-04-29T06:17:12.454+0000] {processor.py:179} INFO - Processing /usr/local/python/3.10.13/lib/python3.10/site-packages/airflow/example_dags/example_latest_only_with_trigger.py took 0.294 seconds
[2024-04-29T06:18:08.007+0000] {processor.py:157} INFO - Started process (PID=9593) to work on /usr/local/python/3.10.13/lib/python3.10/site-packages/airflow/example_dags/example_latest_only_with_trigger.py
[2024-04-29T06:18:08.008+0000] {processor.py:826} INFO - Processing file /usr/local/python/3.10.13/lib/python3.10/site-packages/airflow/example_dags/example_latest_only_with_trigger.py for tasks to queue
[2024-04-29T06:18:08.008+0000] {logging_mixin.py:150} INFO - [2024-04-29T06:18:08.008+0000] {dagbag.py:541} INFO - Filling up the DagBag from /usr/local/python/3.10.13/lib/python3.10/site-packages/airflow/example_dags/example_latest_only_with_trigger.py
[2024-04-29T06:18:08.013+0000] {processor.py:836} INFO - DAG(s) dict_keys(['latest_only_with_trigger']) retrieved from /usr/local/python/3.10.13/lib/python3.10/site-packages/airflow/example_dags/example_latest_only_with_trigger.py
[2024-04-29T06:18:08.026+0000] {logging_mixin.py:150} INFO - [2024-04-29T06:18:08.026+0000] {dag.py:2742} INFO - Sync 1 DAGs
[2024-04-29T06:18:08.041+0000] {logging_mixin.py:150} INFO - [2024-04-29T06:18:08.041+0000] {dag.py:3504} INFO - Setting next_dagrun for latest_only_with_trigger to 2024-04-29T02:18:08.041069+00:00, run_after=2024-04-29T06:18:08.041069+00:00
[2024-04-29T06:18:08.080+0000] {processor.py:179} INFO - Processing /usr/local/python/3.10.13/lib/python3.10/site-packages/airflow/example_dags/example_latest_only_with_trigger.py took 0.076 seconds
[2024-04-29T06:18:57.045+0000] {processor.py:157} INFO - Started process (PID=9957) to work on /usr/local/python/3.10.13/lib/python3.10/site-packages/airflow/example_dags/example_latest_only_with_trigger.py
[2024-04-29T06:18:57.045+0000] {processor.py:826} INFO - Processing file /usr/local/python/3.10.13/lib/python3.10/site-packages/airflow/example_dags/example_latest_only_with_trigger.py for tasks to queue
[2024-04-29T06:18:57.046+0000] {logging_mixin.py:150} INFO - [2024-04-29T06:18:57.046+0000] {dagbag.py:541} INFO - Filling up the DagBag from /usr/local/python/3.10.13/lib/python3.10/site-packages/airflow/example_dags/example_latest_only_with_trigger.py
[2024-04-29T06:18:57.051+0000] {processor.py:836} INFO - DAG(s) dict_keys(['latest_only_with_trigger']) retrieved from /usr/local/python/3.10.13/lib/python3.10/site-packages/airflow/example_dags/example_latest_only_with_trigger.py
[2024-04-29T06:18:57.064+0000] {logging_mixin.py:150} INFO - [2024-04-29T06:18:57.064+0000] {dag.py:2742} INFO - Sync 1 DAGs
[2024-04-29T06:18:57.079+0000] {logging_mixin.py:150} INFO - [2024-04-29T06:18:57.079+0000] {dag.py:3504} INFO - Setting next_dagrun for latest_only_with_trigger to 2024-04-29T02:18:57.079057+00:00, run_after=2024-04-29T06:18:57.079057+00:00
[2024-04-29T06:18:57.118+0000] {processor.py:179} INFO - Processing /usr/local/python/3.10.13/lib/python3.10/site-packages/airflow/example_dags/example_latest_only_with_trigger.py took 0.075 seconds
[2024-04-29T06:19:45.472+0000] {processor.py:157} INFO - Started process (PID=10339) to work on /usr/local/python/3.10.13/lib/python3.10/site-packages/airflow/example_dags/example_latest_only_with_trigger.py
[2024-04-29T06:19:45.472+0000] {processor.py:826} INFO - Processing file /usr/local/python/3.10.13/lib/python3.10/site-packages/airflow/example_dags/example_latest_only_with_trigger.py for tasks to queue
[2024-04-29T06:19:45.473+0000] {logging_mixin.py:150} INFO - [2024-04-29T06:19:45.473+0000] {dagbag.py:541} INFO - Filling up the DagBag from /usr/local/python/3.10.13/lib/python3.10/site-packages/airflow/example_dags/example_latest_only_with_trigger.py
[2024-04-29T06:19:45.478+0000] {processor.py:836} INFO - DAG(s) dict_keys(['latest_only_with_trigger']) retrieved from /usr/local/python/3.10.13/lib/python3.10/site-packages/airflow/example_dags/example_latest_only_with_trigger.py
[2024-04-29T06:19:45.490+0000] {logging_mixin.py:150} INFO - [2024-04-29T06:19:45.490+0000] {dag.py:2742} INFO - Sync 1 DAGs
[2024-04-29T06:19:45.505+0000] {logging_mixin.py:150} INFO - [2024-04-29T06:19:45.505+0000] {dag.py:3504} INFO - Setting next_dagrun for latest_only_with_trigger to 2024-04-29T02:19:45.505514+00:00, run_after=2024-04-29T06:19:45.505514+00:00
[2024-04-29T06:19:45.546+0000] {processor.py:179} INFO - Processing /usr/local/python/3.10.13/lib/python3.10/site-packages/airflow/example_dags/example_latest_only_with_trigger.py took 0.077 seconds
[2024-04-29T06:20:36.199+0000] {processor.py:157} INFO - Started process (PID=10713) to work on /usr/local/python/3.10.13/lib/python3.10/site-packages/airflow/example_dags/example_latest_only_with_trigger.py
[2024-04-29T06:20:36.200+0000] {processor.py:826} INFO - Processing file /usr/local/python/3.10.13/lib/python3.10/site-packages/airflow/example_dags/example_latest_only_with_trigger.py for tasks to queue
[2024-04-29T06:20:36.200+0000] {logging_mixin.py:150} INFO - [2024-04-29T06:20:36.200+0000] {dagbag.py:541} INFO - Filling up the DagBag from /usr/local/python/3.10.13/lib/python3.10/site-packages/airflow/example_dags/example_latest_only_with_trigger.py
[2024-04-29T06:20:36.205+0000] {processor.py:836} INFO - DAG(s) dict_keys(['latest_only_with_trigger']) retrieved from /usr/local/python/3.10.13/lib/python3.10/site-packages/airflow/example_dags/example_latest_only_with_trigger.py
[2024-04-29T06:20:36.218+0000] {logging_mixin.py:150} INFO - [2024-04-29T06:20:36.218+0000] {dag.py:2742} INFO - Sync 1 DAGs
[2024-04-29T06:20:36.233+0000] {logging_mixin.py:150} INFO - [2024-04-29T06:20:36.233+0000] {dag.py:3504} INFO - Setting next_dagrun for latest_only_with_trigger to 2024-04-29T02:20:36.233359+00:00, run_after=2024-04-29T06:20:36.233359+00:00
[2024-04-29T06:20:36.277+0000] {processor.py:179} INFO - Processing /usr/local/python/3.10.13/lib/python3.10/site-packages/airflow/example_dags/example_latest_only_with_trigger.py took 0.080 seconds
[2024-04-29T06:21:26.866+0000] {processor.py:157} INFO - Started process (PID=11099) to work on /usr/local/python/3.10.13/lib/python3.10/site-packages/airflow/example_dags/example_latest_only_with_trigger.py
[2024-04-29T06:21:26.866+0000] {processor.py:826} INFO - Processing file /usr/local/python/3.10.13/lib/python3.10/site-packages/airflow/example_dags/example_latest_only_with_trigger.py for tasks to queue
[2024-04-29T06:21:26.867+0000] {logging_mixin.py:150} INFO - [2024-04-29T06:21:26.867+0000] {dagbag.py:541} INFO - Filling up the DagBag from /usr/local/python/3.10.13/lib/python3.10/site-packages/airflow/example_dags/example_latest_only_with_trigger.py
[2024-04-29T06:21:26.872+0000] {processor.py:836} INFO - DAG(s) dict_keys(['latest_only_with_trigger']) retrieved from /usr/local/python/3.10.13/lib/python3.10/site-packages/airflow/example_dags/example_latest_only_with_trigger.py
[2024-04-29T06:21:26.886+0000] {logging_mixin.py:150} INFO - [2024-04-29T06:21:26.885+0000] {dag.py:2742} INFO - Sync 1 DAGs
[2024-04-29T06:21:26.901+0000] {logging_mixin.py:150} INFO - [2024-04-29T06:21:26.901+0000] {dag.py:3504} INFO - Setting next_dagrun for latest_only_with_trigger to 2024-04-29T02:21:26.901106+00:00, run_after=2024-04-29T06:21:26.901106+00:00
[2024-04-29T06:21:26.938+0000] {processor.py:179} INFO - Processing /usr/local/python/3.10.13/lib/python3.10/site-packages/airflow/example_dags/example_latest_only_with_trigger.py took 0.074 seconds
[2024-04-29T06:22:16.704+0000] {processor.py:157} INFO - Started process (PID=11473) to work on /usr/local/python/3.10.13/lib/python3.10/site-packages/airflow/example_dags/example_latest_only_with_trigger.py
[2024-04-29T06:22:16.705+0000] {processor.py:826} INFO - Processing file /usr/local/python/3.10.13/lib/python3.10/site-packages/airflow/example_dags/example_latest_only_with_trigger.py for tasks to queue
[2024-04-29T06:22:16.706+0000] {logging_mixin.py:150} INFO - [2024-04-29T06:22:16.705+0000] {dagbag.py:541} INFO - Filling up the DagBag from /usr/local/python/3.10.13/lib/python3.10/site-packages/airflow/example_dags/example_latest_only_with_trigger.py
[2024-04-29T06:22:16.713+0000] {processor.py:836} INFO - DAG(s) dict_keys(['latest_only_with_trigger']) retrieved from /usr/local/python/3.10.13/lib/python3.10/site-packages/airflow/example_dags/example_latest_only_with_trigger.py
[2024-04-29T06:22:16.726+0000] {logging_mixin.py:150} INFO - [2024-04-29T06:22:16.726+0000] {dag.py:2742} INFO - Sync 1 DAGs
[2024-04-29T06:22:16.743+0000] {logging_mixin.py:150} INFO - [2024-04-29T06:22:16.743+0000] {dag.py:3504} INFO - Setting next_dagrun for latest_only_with_trigger to 2024-04-29T02:22:16.743076+00:00, run_after=2024-04-29T06:22:16.743076+00:00
[2024-04-29T06:22:16.781+0000] {processor.py:179} INFO - Processing /usr/local/python/3.10.13/lib/python3.10/site-packages/airflow/example_dags/example_latest_only_with_trigger.py took 0.080 seconds
[2024-04-29T06:23:04.421+0000] {processor.py:157} INFO - Started process (PID=11832) to work on /usr/local/python/3.10.13/lib/python3.10/site-packages/airflow/example_dags/example_latest_only_with_trigger.py
[2024-04-29T06:23:04.422+0000] {processor.py:826} INFO - Processing file /usr/local/python/3.10.13/lib/python3.10/site-packages/airflow/example_dags/example_latest_only_with_trigger.py for tasks to queue
[2024-04-29T06:23:04.423+0000] {logging_mixin.py:150} INFO - [2024-04-29T06:23:04.423+0000] {dagbag.py:541} INFO - Filling up the DagBag from /usr/local/python/3.10.13/lib/python3.10/site-packages/airflow/example_dags/example_latest_only_with_trigger.py
[2024-04-29T06:23:04.428+0000] {processor.py:836} INFO - DAG(s) dict_keys(['latest_only_with_trigger']) retrieved from /usr/local/python/3.10.13/lib/python3.10/site-packages/airflow/example_dags/example_latest_only_with_trigger.py
[2024-04-29T06:23:04.440+0000] {logging_mixin.py:150} INFO - [2024-04-29T06:23:04.440+0000] {dag.py:2742} INFO - Sync 1 DAGs
[2024-04-29T06:23:04.455+0000] {logging_mixin.py:150} INFO - [2024-04-29T06:23:04.455+0000] {dag.py:3504} INFO - Setting next_dagrun for latest_only_with_trigger to 2024-04-29T02:23:04.455037+00:00, run_after=2024-04-29T06:23:04.455037+00:00
[2024-04-29T06:23:04.497+0000] {processor.py:179} INFO - Processing /usr/local/python/3.10.13/lib/python3.10/site-packages/airflow/example_dags/example_latest_only_with_trigger.py took 0.078 seconds
[2024-04-29T06:23:52.006+0000] {processor.py:157} INFO - Started process (PID=12189) to work on /usr/local/python/3.10.13/lib/python3.10/site-packages/airflow/example_dags/example_latest_only_with_trigger.py
[2024-04-29T06:23:52.007+0000] {processor.py:826} INFO - Processing file /usr/local/python/3.10.13/lib/python3.10/site-packages/airflow/example_dags/example_latest_only_with_trigger.py for tasks to queue
[2024-04-29T06:23:52.008+0000] {logging_mixin.py:150} INFO - [2024-04-29T06:23:52.007+0000] {dagbag.py:541} INFO - Filling up the DagBag from /usr/local/python/3.10.13/lib/python3.10/site-packages/airflow/example_dags/example_latest_only_with_trigger.py
[2024-04-29T06:23:52.013+0000] {processor.py:836} INFO - DAG(s) dict_keys(['latest_only_with_trigger']) retrieved from /usr/local/python/3.10.13/lib/python3.10/site-packages/airflow/example_dags/example_latest_only_with_trigger.py
[2024-04-29T06:23:52.025+0000] {logging_mixin.py:150} INFO - [2024-04-29T06:23:52.024+0000] {dag.py:2742} INFO - Sync 1 DAGs
[2024-04-29T06:23:52.040+0000] {logging_mixin.py:150} INFO - [2024-04-29T06:23:52.040+0000] {dag.py:3504} INFO - Setting next_dagrun for latest_only_with_trigger to 2024-04-29T02:23:52.040075+00:00, run_after=2024-04-29T06:23:52.040075+00:00
[2024-04-29T06:23:52.080+0000] {processor.py:179} INFO - Processing /usr/local/python/3.10.13/lib/python3.10/site-packages/airflow/example_dags/example_latest_only_with_trigger.py took 0.076 seconds
[2024-04-29T06:24:42.734+0000] {processor.py:157} INFO - Started process (PID=12567) to work on /usr/local/python/3.10.13/lib/python3.10/site-packages/airflow/example_dags/example_latest_only_with_trigger.py
[2024-04-29T06:24:42.734+0000] {processor.py:826} INFO - Processing file /usr/local/python/3.10.13/lib/python3.10/site-packages/airflow/example_dags/example_latest_only_with_trigger.py for tasks to queue
[2024-04-29T06:24:42.735+0000] {logging_mixin.py:150} INFO - [2024-04-29T06:24:42.735+0000] {dagbag.py:541} INFO - Filling up the DagBag from /usr/local/python/3.10.13/lib/python3.10/site-packages/airflow/example_dags/example_latest_only_with_trigger.py
[2024-04-29T06:24:42.740+0000] {processor.py:836} INFO - DAG(s) dict_keys(['latest_only_with_trigger']) retrieved from /usr/local/python/3.10.13/lib/python3.10/site-packages/airflow/example_dags/example_latest_only_with_trigger.py
[2024-04-29T06:24:42.752+0000] {logging_mixin.py:150} INFO - [2024-04-29T06:24:42.752+0000] {dag.py:2742} INFO - Sync 1 DAGs
[2024-04-29T06:24:42.768+0000] {logging_mixin.py:150} INFO - [2024-04-29T06:24:42.767+0000] {dag.py:3504} INFO - Setting next_dagrun for latest_only_with_trigger to 2024-04-29T02:24:42.767709+00:00, run_after=2024-04-29T06:24:42.767709+00:00
[2024-04-29T06:24:42.804+0000] {processor.py:179} INFO - Processing /usr/local/python/3.10.13/lib/python3.10/site-packages/airflow/example_dags/example_latest_only_with_trigger.py took 0.073 seconds
[2024-04-29T06:25:28.506+0000] {processor.py:157} INFO - Started process (PID=12918) to work on /usr/local/python/3.10.13/lib/python3.10/site-packages/airflow/example_dags/example_latest_only_with_trigger.py
[2024-04-29T06:25:28.507+0000] {processor.py:826} INFO - Processing file /usr/local/python/3.10.13/lib/python3.10/site-packages/airflow/example_dags/example_latest_only_with_trigger.py for tasks to queue
[2024-04-29T06:25:28.508+0000] {logging_mixin.py:150} INFO - [2024-04-29T06:25:28.507+0000] {dagbag.py:541} INFO - Filling up the DagBag from /usr/local/python/3.10.13/lib/python3.10/site-packages/airflow/example_dags/example_latest_only_with_trigger.py
[2024-04-29T06:25:28.513+0000] {processor.py:836} INFO - DAG(s) dict_keys(['latest_only_with_trigger']) retrieved from /usr/local/python/3.10.13/lib/python3.10/site-packages/airflow/example_dags/example_latest_only_with_trigger.py
[2024-04-29T06:25:28.525+0000] {logging_mixin.py:150} INFO - [2024-04-29T06:25:28.525+0000] {dag.py:2742} INFO - Sync 1 DAGs
[2024-04-29T06:25:28.540+0000] {logging_mixin.py:150} INFO - [2024-04-29T06:25:28.540+0000] {dag.py:3504} INFO - Setting next_dagrun for latest_only_with_trigger to 2024-04-29T02:25:28.540456+00:00, run_after=2024-04-29T06:25:28.540456+00:00
[2024-04-29T06:25:28.575+0000] {processor.py:179} INFO - Processing /usr/local/python/3.10.13/lib/python3.10/site-packages/airflow/example_dags/example_latest_only_with_trigger.py took 0.071 seconds
[2024-04-29T06:26:14.492+0000] {processor.py:157} INFO - Started process (PID=13397) to work on /usr/local/python/3.10.13/lib/python3.10/site-packages/airflow/example_dags/example_latest_only_with_trigger.py
[2024-04-29T06:26:14.492+0000] {processor.py:826} INFO - Processing file /usr/local/python/3.10.13/lib/python3.10/site-packages/airflow/example_dags/example_latest_only_with_trigger.py for tasks to queue
[2024-04-29T06:26:14.493+0000] {logging_mixin.py:150} INFO - [2024-04-29T06:26:14.493+0000] {dagbag.py:541} INFO - Filling up the DagBag from /usr/local/python/3.10.13/lib/python3.10/site-packages/airflow/example_dags/example_latest_only_with_trigger.py
[2024-04-29T06:26:14.498+0000] {processor.py:836} INFO - DAG(s) dict_keys(['latest_only_with_trigger']) retrieved from /usr/local/python/3.10.13/lib/python3.10/site-packages/airflow/example_dags/example_latest_only_with_trigger.py
[2024-04-29T06:26:14.511+0000] {logging_mixin.py:150} INFO - [2024-04-29T06:26:14.511+0000] {dag.py:2742} INFO - Sync 1 DAGs
[2024-04-29T06:26:14.527+0000] {logging_mixin.py:150} INFO - [2024-04-29T06:26:14.527+0000] {dag.py:3504} INFO - Setting next_dagrun for latest_only_with_trigger to 2024-04-29T02:26:14.527412+00:00, run_after=2024-04-29T06:26:14.527412+00:00
[2024-04-29T06:26:14.567+0000] {processor.py:179} INFO - Processing /usr/local/python/3.10.13/lib/python3.10/site-packages/airflow/example_dags/example_latest_only_with_trigger.py took 0.078 seconds
[2024-04-29T06:27:50.668+0000] {processor.py:157} INFO - Started process (PID=14235) to work on /usr/local/python/3.10.13/lib/python3.10/site-packages/airflow/example_dags/example_latest_only_with_trigger.py
[2024-04-29T06:27:50.668+0000] {processor.py:826} INFO - Processing file /usr/local/python/3.10.13/lib/python3.10/site-packages/airflow/example_dags/example_latest_only_with_trigger.py for tasks to queue
[2024-04-29T06:27:50.669+0000] {logging_mixin.py:150} INFO - [2024-04-29T06:27:50.669+0000] {dagbag.py:541} INFO - Filling up the DagBag from /usr/local/python/3.10.13/lib/python3.10/site-packages/airflow/example_dags/example_latest_only_with_trigger.py
[2024-04-29T06:27:50.674+0000] {processor.py:836} INFO - DAG(s) dict_keys(['latest_only_with_trigger']) retrieved from /usr/local/python/3.10.13/lib/python3.10/site-packages/airflow/example_dags/example_latest_only_with_trigger.py
[2024-04-29T06:27:50.685+0000] {logging_mixin.py:150} INFO - [2024-04-29T06:27:50.685+0000] {dag.py:2742} INFO - Sync 1 DAGs
[2024-04-29T06:27:50.700+0000] {logging_mixin.py:150} INFO - [2024-04-29T06:27:50.700+0000] {dag.py:3504} INFO - Setting next_dagrun for latest_only_with_trigger to 2024-04-29T02:27:50.700347+00:00, run_after=2024-04-29T06:27:50.700347+00:00
[2024-04-29T06:27:50.741+0000] {processor.py:179} INFO - Processing /usr/local/python/3.10.13/lib/python3.10/site-packages/airflow/example_dags/example_latest_only_with_trigger.py took 0.075 seconds
[2024-04-29T06:31:50.677+0000] {processor.py:157} INFO - Started process (PID=16102) to work on /usr/local/python/3.10.13/lib/python3.10/site-packages/airflow/example_dags/example_latest_only_with_trigger.py
[2024-04-29T06:31:50.677+0000] {processor.py:826} INFO - Processing file /usr/local/python/3.10.13/lib/python3.10/site-packages/airflow/example_dags/example_latest_only_with_trigger.py for tasks to queue
[2024-04-29T06:31:50.678+0000] {logging_mixin.py:150} INFO - [2024-04-29T06:31:50.678+0000] {dagbag.py:541} INFO - Filling up the DagBag from /usr/local/python/3.10.13/lib/python3.10/site-packages/airflow/example_dags/example_latest_only_with_trigger.py
[2024-04-29T06:31:50.683+0000] {processor.py:836} INFO - DAG(s) dict_keys(['latest_only_with_trigger']) retrieved from /usr/local/python/3.10.13/lib/python3.10/site-packages/airflow/example_dags/example_latest_only_with_trigger.py
[2024-04-29T06:31:50.696+0000] {logging_mixin.py:150} INFO - [2024-04-29T06:31:50.695+0000] {dag.py:2742} INFO - Sync 1 DAGs
[2024-04-29T06:31:50.712+0000] {logging_mixin.py:150} INFO - [2024-04-29T06:31:50.712+0000] {dag.py:3504} INFO - Setting next_dagrun for latest_only_with_trigger to 2024-04-29T02:31:50.711944+00:00, run_after=2024-04-29T06:31:50.711944+00:00
[2024-04-29T06:31:50.751+0000] {processor.py:179} INFO - Processing /usr/local/python/3.10.13/lib/python3.10/site-packages/airflow/example_dags/example_latest_only_with_trigger.py took 0.076 seconds
[2024-04-29T06:32:37.545+0000] {processor.py:157} INFO - Started process (PID=16426) to work on /usr/local/python/3.10.13/lib/python3.10/site-packages/airflow/example_dags/example_latest_only_with_trigger.py
[2024-04-29T06:32:37.546+0000] {processor.py:826} INFO - Processing file /usr/local/python/3.10.13/lib/python3.10/site-packages/airflow/example_dags/example_latest_only_with_trigger.py for tasks to queue
[2024-04-29T06:32:37.547+0000] {logging_mixin.py:150} INFO - [2024-04-29T06:32:37.546+0000] {dagbag.py:541} INFO - Filling up the DagBag from /usr/local/python/3.10.13/lib/python3.10/site-packages/airflow/example_dags/example_latest_only_with_trigger.py
[2024-04-29T06:32:37.552+0000] {processor.py:836} INFO - DAG(s) dict_keys(['latest_only_with_trigger']) retrieved from /usr/local/python/3.10.13/lib/python3.10/site-packages/airflow/example_dags/example_latest_only_with_trigger.py
[2024-04-29T06:32:37.564+0000] {logging_mixin.py:150} INFO - [2024-04-29T06:32:37.564+0000] {dag.py:2742} INFO - Sync 1 DAGs
[2024-04-29T06:32:37.580+0000] {logging_mixin.py:150} INFO - [2024-04-29T06:32:37.580+0000] {dag.py:3504} INFO - Setting next_dagrun for latest_only_with_trigger to 2024-04-29T02:32:37.579954+00:00, run_after=2024-04-29T06:32:37.579954+00:00
[2024-04-29T06:32:37.618+0000] {processor.py:179} INFO - Processing /usr/local/python/3.10.13/lib/python3.10/site-packages/airflow/example_dags/example_latest_only_with_trigger.py took 0.076 seconds
