[2024-04-29T07:42:34.487+0000] {processor.py:157} INFO - Started process (PID=5161) to work on /usr/local/python/3.10.13/lib/python3.10/site-packages/airflow/example_dags/example_kubernetes_executor.py
[2024-04-29T07:42:34.488+0000] {processor.py:826} INFO - Processing file /usr/local/python/3.10.13/lib/python3.10/site-packages/airflow/example_dags/example_kubernetes_executor.py for tasks to queue
[2024-04-29T07:42:34.488+0000] {logging_mixin.py:150} INFO - [2024-04-29T07:42:34.488+0000] {dagbag.py:541} INFO - Filling up the DagBag from /usr/local/python/3.10.13/lib/python3.10/site-packages/airflow/example_dags/example_kubernetes_executor.py
[2024-04-29T07:42:34.491+0000] {logging_mixin.py:150} INFO - [2024-04-29T07:42:34.491+0000] {example_kubernetes_executor.py:41} WARNING - The example_kubernetes_executor example DAG requires the kubernetes provider. Please install it with: pip install apache-airflow[cncf.kubernetes]
[2024-04-29T07:42:34.491+0000] {processor.py:838} WARNING - No viable dags retrieved from /usr/local/python/3.10.13/lib/python3.10/site-packages/airflow/example_dags/example_kubernetes_executor.py
[2024-04-29T07:42:34.498+0000] {processor.py:179} INFO - Processing /usr/local/python/3.10.13/lib/python3.10/site-packages/airflow/example_dags/example_kubernetes_executor.py took 0.013 seconds
[2024-04-29T07:43:24.874+0000] {processor.py:157} INFO - Started process (PID=5500) to work on /usr/local/python/3.10.13/lib/python3.10/site-packages/airflow/example_dags/example_kubernetes_executor.py
[2024-04-29T07:43:24.875+0000] {processor.py:826} INFO - Processing file /usr/local/python/3.10.13/lib/python3.10/site-packages/airflow/example_dags/example_kubernetes_executor.py for tasks to queue
[2024-04-29T07:43:24.876+0000] {logging_mixin.py:150} INFO - [2024-04-29T07:43:24.875+0000] {dagbag.py:541} INFO - Filling up the DagBag from /usr/local/python/3.10.13/lib/python3.10/site-packages/airflow/example_dags/example_kubernetes_executor.py
[2024-04-29T07:43:24.878+0000] {logging_mixin.py:150} INFO - [2024-04-29T07:43:24.878+0000] {example_kubernetes_executor.py:41} WARNING - The example_kubernetes_executor example DAG requires the kubernetes provider. Please install it with: pip install apache-airflow[cncf.kubernetes]
[2024-04-29T07:43:24.878+0000] {processor.py:838} WARNING - No viable dags retrieved from /usr/local/python/3.10.13/lib/python3.10/site-packages/airflow/example_dags/example_kubernetes_executor.py
[2024-04-29T07:43:24.889+0000] {processor.py:179} INFO - Processing /usr/local/python/3.10.13/lib/python3.10/site-packages/airflow/example_dags/example_kubernetes_executor.py took 0.017 seconds
[2024-04-29T07:44:11.042+0000] {processor.py:157} INFO - Started process (PID=5826) to work on /usr/local/python/3.10.13/lib/python3.10/site-packages/airflow/example_dags/example_kubernetes_executor.py
[2024-04-29T07:44:11.043+0000] {processor.py:826} INFO - Processing file /usr/local/python/3.10.13/lib/python3.10/site-packages/airflow/example_dags/example_kubernetes_executor.py for tasks to queue
[2024-04-29T07:44:11.044+0000] {logging_mixin.py:150} INFO - [2024-04-29T07:44:11.044+0000] {dagbag.py:541} INFO - Filling up the DagBag from /usr/local/python/3.10.13/lib/python3.10/site-packages/airflow/example_dags/example_kubernetes_executor.py
[2024-04-29T07:44:11.047+0000] {logging_mixin.py:150} INFO - [2024-04-29T07:44:11.047+0000] {example_kubernetes_executor.py:41} WARNING - The example_kubernetes_executor example DAG requires the kubernetes provider. Please install it with: pip install apache-airflow[cncf.kubernetes]
[2024-04-29T07:44:11.048+0000] {processor.py:838} WARNING - No viable dags retrieved from /usr/local/python/3.10.13/lib/python3.10/site-packages/airflow/example_dags/example_kubernetes_executor.py
[2024-04-29T07:44:11.057+0000] {processor.py:179} INFO - Processing /usr/local/python/3.10.13/lib/python3.10/site-packages/airflow/example_dags/example_kubernetes_executor.py took 0.020 seconds
[2024-04-29T07:44:58.209+0000] {processor.py:157} INFO - Started process (PID=6136) to work on /usr/local/python/3.10.13/lib/python3.10/site-packages/airflow/example_dags/example_kubernetes_executor.py
[2024-04-29T07:44:58.210+0000] {processor.py:826} INFO - Processing file /usr/local/python/3.10.13/lib/python3.10/site-packages/airflow/example_dags/example_kubernetes_executor.py for tasks to queue
[2024-04-29T07:44:58.210+0000] {logging_mixin.py:150} INFO - [2024-04-29T07:44:58.210+0000] {dagbag.py:541} INFO - Filling up the DagBag from /usr/local/python/3.10.13/lib/python3.10/site-packages/airflow/example_dags/example_kubernetes_executor.py
[2024-04-29T07:44:58.213+0000] {logging_mixin.py:150} INFO - [2024-04-29T07:44:58.213+0000] {example_kubernetes_executor.py:41} WARNING - The example_kubernetes_executor example DAG requires the kubernetes provider. Please install it with: pip install apache-airflow[cncf.kubernetes]
[2024-04-29T07:44:58.213+0000] {processor.py:838} WARNING - No viable dags retrieved from /usr/local/python/3.10.13/lib/python3.10/site-packages/airflow/example_dags/example_kubernetes_executor.py
[2024-04-29T07:44:58.220+0000] {processor.py:179} INFO - Processing /usr/local/python/3.10.13/lib/python3.10/site-packages/airflow/example_dags/example_kubernetes_executor.py took 0.015 seconds
[2024-04-29T07:45:43.440+0000] {processor.py:157} INFO - Started process (PID=6459) to work on /usr/local/python/3.10.13/lib/python3.10/site-packages/airflow/example_dags/example_kubernetes_executor.py
[2024-04-29T07:45:43.440+0000] {processor.py:826} INFO - Processing file /usr/local/python/3.10.13/lib/python3.10/site-packages/airflow/example_dags/example_kubernetes_executor.py for tasks to queue
[2024-04-29T07:45:43.441+0000] {logging_mixin.py:150} INFO - [2024-04-29T07:45:43.441+0000] {dagbag.py:541} INFO - Filling up the DagBag from /usr/local/python/3.10.13/lib/python3.10/site-packages/airflow/example_dags/example_kubernetes_executor.py
[2024-04-29T07:45:43.443+0000] {logging_mixin.py:150} INFO - [2024-04-29T07:45:43.443+0000] {example_kubernetes_executor.py:41} WARNING - The example_kubernetes_executor example DAG requires the kubernetes provider. Please install it with: pip install apache-airflow[cncf.kubernetes]
[2024-04-29T07:45:43.444+0000] {processor.py:838} WARNING - No viable dags retrieved from /usr/local/python/3.10.13/lib/python3.10/site-packages/airflow/example_dags/example_kubernetes_executor.py
[2024-04-29T07:45:43.451+0000] {processor.py:179} INFO - Processing /usr/local/python/3.10.13/lib/python3.10/site-packages/airflow/example_dags/example_kubernetes_executor.py took 0.013 seconds
[2024-04-29T07:49:01.670+0000] {processor.py:157} INFO - Started process (PID=8322) to work on /usr/local/python/3.10.13/lib/python3.10/site-packages/airflow/example_dags/example_kubernetes_executor.py
[2024-04-29T07:49:01.671+0000] {processor.py:826} INFO - Processing file /usr/local/python/3.10.13/lib/python3.10/site-packages/airflow/example_dags/example_kubernetes_executor.py for tasks to queue
[2024-04-29T07:49:01.671+0000] {logging_mixin.py:150} INFO - [2024-04-29T07:49:01.671+0000] {dagbag.py:541} INFO - Filling up the DagBag from /usr/local/python/3.10.13/lib/python3.10/site-packages/airflow/example_dags/example_kubernetes_executor.py
[2024-04-29T07:49:01.674+0000] {logging_mixin.py:150} INFO - [2024-04-29T07:49:01.673+0000] {example_kubernetes_executor.py:41} WARNING - The example_kubernetes_executor example DAG requires the kubernetes provider. Please install it with: pip install apache-airflow[cncf.kubernetes]
[2024-04-29T07:49:01.674+0000] {processor.py:838} WARNING - No viable dags retrieved from /usr/local/python/3.10.13/lib/python3.10/site-packages/airflow/example_dags/example_kubernetes_executor.py
[2024-04-29T07:49:01.681+0000] {processor.py:179} INFO - Processing /usr/local/python/3.10.13/lib/python3.10/site-packages/airflow/example_dags/example_kubernetes_executor.py took 0.013 seconds
[2024-04-29T07:49:48.009+0000] {processor.py:157} INFO - Started process (PID=8652) to work on /usr/local/python/3.10.13/lib/python3.10/site-packages/airflow/example_dags/example_kubernetes_executor.py
[2024-04-29T07:49:48.009+0000] {processor.py:826} INFO - Processing file /usr/local/python/3.10.13/lib/python3.10/site-packages/airflow/example_dags/example_kubernetes_executor.py for tasks to queue
[2024-04-29T07:49:48.010+0000] {logging_mixin.py:150} INFO - [2024-04-29T07:49:48.010+0000] {dagbag.py:541} INFO - Filling up the DagBag from /usr/local/python/3.10.13/lib/python3.10/site-packages/airflow/example_dags/example_kubernetes_executor.py
[2024-04-29T07:49:48.013+0000] {logging_mixin.py:150} INFO - [2024-04-29T07:49:48.013+0000] {example_kubernetes_executor.py:41} WARNING - The example_kubernetes_executor example DAG requires the kubernetes provider. Please install it with: pip install apache-airflow[cncf.kubernetes]
[2024-04-29T07:49:48.013+0000] {processor.py:838} WARNING - No viable dags retrieved from /usr/local/python/3.10.13/lib/python3.10/site-packages/airflow/example_dags/example_kubernetes_executor.py
[2024-04-29T07:49:48.021+0000] {processor.py:179} INFO - Processing /usr/local/python/3.10.13/lib/python3.10/site-packages/airflow/example_dags/example_kubernetes_executor.py took 0.014 seconds
[2024-04-29T07:50:33.517+0000] {processor.py:157} INFO - Started process (PID=8954) to work on /usr/local/python/3.10.13/lib/python3.10/site-packages/airflow/example_dags/example_kubernetes_executor.py
[2024-04-29T07:50:33.518+0000] {processor.py:826} INFO - Processing file /usr/local/python/3.10.13/lib/python3.10/site-packages/airflow/example_dags/example_kubernetes_executor.py for tasks to queue
[2024-04-29T07:50:33.518+0000] {logging_mixin.py:150} INFO - [2024-04-29T07:50:33.518+0000] {dagbag.py:541} INFO - Filling up the DagBag from /usr/local/python/3.10.13/lib/python3.10/site-packages/airflow/example_dags/example_kubernetes_executor.py
[2024-04-29T07:50:33.522+0000] {logging_mixin.py:150} INFO - [2024-04-29T07:50:33.521+0000] {example_kubernetes_executor.py:41} WARNING - The example_kubernetes_executor example DAG requires the kubernetes provider. Please install it with: pip install apache-airflow[cncf.kubernetes]
[2024-04-29T07:50:33.522+0000] {processor.py:838} WARNING - No viable dags retrieved from /usr/local/python/3.10.13/lib/python3.10/site-packages/airflow/example_dags/example_kubernetes_executor.py
[2024-04-29T07:50:33.529+0000] {processor.py:179} INFO - Processing /usr/local/python/3.10.13/lib/python3.10/site-packages/airflow/example_dags/example_kubernetes_executor.py took 0.015 seconds
[2024-04-29T07:51:28.871+0000] {processor.py:157} INFO - Started process (PID=9781) to work on /usr/local/python/3.10.13/lib/python3.10/site-packages/airflow/example_dags/example_kubernetes_executor.py
[2024-04-29T07:51:28.879+0000] {processor.py:826} INFO - Processing file /usr/local/python/3.10.13/lib/python3.10/site-packages/airflow/example_dags/example_kubernetes_executor.py for tasks to queue
[2024-04-29T07:51:28.880+0000] {logging_mixin.py:150} INFO - [2024-04-29T07:51:28.880+0000] {dagbag.py:541} INFO - Filling up the DagBag from /usr/local/python/3.10.13/lib/python3.10/site-packages/airflow/example_dags/example_kubernetes_executor.py
[2024-04-29T07:51:28.886+0000] {logging_mixin.py:150} INFO - [2024-04-29T07:51:28.886+0000] {example_kubernetes_executor.py:41} WARNING - The example_kubernetes_executor example DAG requires the kubernetes provider. Please install it with: pip install apache-airflow[cncf.kubernetes]
[2024-04-29T07:51:28.886+0000] {processor.py:838} WARNING - No viable dags retrieved from /usr/local/python/3.10.13/lib/python3.10/site-packages/airflow/example_dags/example_kubernetes_executor.py
[2024-04-29T07:51:28.915+0000] {processor.py:179} INFO - Processing /usr/local/python/3.10.13/lib/python3.10/site-packages/airflow/example_dags/example_kubernetes_executor.py took 0.057 seconds
[2024-04-29T07:52:24.916+0000] {processor.py:157} INFO - Started process (PID=10412) to work on /usr/local/python/3.10.13/lib/python3.10/site-packages/airflow/example_dags/example_kubernetes_executor.py
[2024-04-29T07:52:24.916+0000] {processor.py:826} INFO - Processing file /usr/local/python/3.10.13/lib/python3.10/site-packages/airflow/example_dags/example_kubernetes_executor.py for tasks to queue
[2024-04-29T07:52:24.917+0000] {logging_mixin.py:150} INFO - [2024-04-29T07:52:24.917+0000] {dagbag.py:541} INFO - Filling up the DagBag from /usr/local/python/3.10.13/lib/python3.10/site-packages/airflow/example_dags/example_kubernetes_executor.py
[2024-04-29T07:52:24.919+0000] {logging_mixin.py:150} INFO - [2024-04-29T07:52:24.919+0000] {example_kubernetes_executor.py:41} WARNING - The example_kubernetes_executor example DAG requires the kubernetes provider. Please install it with: pip install apache-airflow[cncf.kubernetes]
[2024-04-29T07:52:24.920+0000] {processor.py:838} WARNING - No viable dags retrieved from /usr/local/python/3.10.13/lib/python3.10/site-packages/airflow/example_dags/example_kubernetes_executor.py
[2024-04-29T07:52:24.927+0000] {processor.py:179} INFO - Processing /usr/local/python/3.10.13/lib/python3.10/site-packages/airflow/example_dags/example_kubernetes_executor.py took 0.014 seconds
[2024-04-29T07:53:08.519+0000] {processor.py:157} INFO - Started process (PID=10741) to work on /usr/local/python/3.10.13/lib/python3.10/site-packages/airflow/example_dags/example_kubernetes_executor.py
[2024-04-29T07:53:08.519+0000] {processor.py:826} INFO - Processing file /usr/local/python/3.10.13/lib/python3.10/site-packages/airflow/example_dags/example_kubernetes_executor.py for tasks to queue
[2024-04-29T07:53:08.520+0000] {logging_mixin.py:150} INFO - [2024-04-29T07:53:08.520+0000] {dagbag.py:541} INFO - Filling up the DagBag from /usr/local/python/3.10.13/lib/python3.10/site-packages/airflow/example_dags/example_kubernetes_executor.py
[2024-04-29T07:53:08.523+0000] {logging_mixin.py:150} INFO - [2024-04-29T07:53:08.522+0000] {example_kubernetes_executor.py:41} WARNING - The example_kubernetes_executor example DAG requires the kubernetes provider. Please install it with: pip install apache-airflow[cncf.kubernetes]
[2024-04-29T07:53:08.523+0000] {processor.py:838} WARNING - No viable dags retrieved from /usr/local/python/3.10.13/lib/python3.10/site-packages/airflow/example_dags/example_kubernetes_executor.py
[2024-04-29T07:53:08.530+0000] {processor.py:179} INFO - Processing /usr/local/python/3.10.13/lib/python3.10/site-packages/airflow/example_dags/example_kubernetes_executor.py took 0.014 seconds
[2024-04-29T07:53:57.935+0000] {processor.py:157} INFO - Started process (PID=11132) to work on /usr/local/python/3.10.13/lib/python3.10/site-packages/airflow/example_dags/example_kubernetes_executor.py
[2024-04-29T07:53:57.935+0000] {processor.py:826} INFO - Processing file /usr/local/python/3.10.13/lib/python3.10/site-packages/airflow/example_dags/example_kubernetes_executor.py for tasks to queue
[2024-04-29T07:53:57.936+0000] {logging_mixin.py:150} INFO - [2024-04-29T07:53:57.936+0000] {dagbag.py:541} INFO - Filling up the DagBag from /usr/local/python/3.10.13/lib/python3.10/site-packages/airflow/example_dags/example_kubernetes_executor.py
[2024-04-29T07:53:57.938+0000] {logging_mixin.py:150} INFO - [2024-04-29T07:53:57.938+0000] {example_kubernetes_executor.py:41} WARNING - The example_kubernetes_executor example DAG requires the kubernetes provider. Please install it with: pip install apache-airflow[cncf.kubernetes]
[2024-04-29T07:53:57.938+0000] {processor.py:838} WARNING - No viable dags retrieved from /usr/local/python/3.10.13/lib/python3.10/site-packages/airflow/example_dags/example_kubernetes_executor.py
[2024-04-29T07:53:57.945+0000] {processor.py:179} INFO - Processing /usr/local/python/3.10.13/lib/python3.10/site-packages/airflow/example_dags/example_kubernetes_executor.py took 0.013 seconds
[2024-04-29T07:54:51.901+0000] {processor.py:157} INFO - Started process (PID=11528) to work on /usr/local/python/3.10.13/lib/python3.10/site-packages/airflow/example_dags/example_kubernetes_executor.py
[2024-04-29T07:54:51.901+0000] {processor.py:826} INFO - Processing file /usr/local/python/3.10.13/lib/python3.10/site-packages/airflow/example_dags/example_kubernetes_executor.py for tasks to queue
[2024-04-29T07:54:51.902+0000] {logging_mixin.py:150} INFO - [2024-04-29T07:54:51.902+0000] {dagbag.py:541} INFO - Filling up the DagBag from /usr/local/python/3.10.13/lib/python3.10/site-packages/airflow/example_dags/example_kubernetes_executor.py
[2024-04-29T07:54:51.904+0000] {logging_mixin.py:150} INFO - [2024-04-29T07:54:51.904+0000] {example_kubernetes_executor.py:41} WARNING - The example_kubernetes_executor example DAG requires the kubernetes provider. Please install it with: pip install apache-airflow[cncf.kubernetes]
[2024-04-29T07:54:51.905+0000] {processor.py:838} WARNING - No viable dags retrieved from /usr/local/python/3.10.13/lib/python3.10/site-packages/airflow/example_dags/example_kubernetes_executor.py
[2024-04-29T07:54:51.911+0000] {processor.py:179} INFO - Processing /usr/local/python/3.10.13/lib/python3.10/site-packages/airflow/example_dags/example_kubernetes_executor.py took 0.013 seconds
[2024-04-29T07:55:45.510+0000] {processor.py:157} INFO - Started process (PID=11931) to work on /usr/local/python/3.10.13/lib/python3.10/site-packages/airflow/example_dags/example_kubernetes_executor.py
[2024-04-29T07:55:45.510+0000] {processor.py:826} INFO - Processing file /usr/local/python/3.10.13/lib/python3.10/site-packages/airflow/example_dags/example_kubernetes_executor.py for tasks to queue
[2024-04-29T07:55:45.511+0000] {logging_mixin.py:150} INFO - [2024-04-29T07:55:45.511+0000] {dagbag.py:541} INFO - Filling up the DagBag from /usr/local/python/3.10.13/lib/python3.10/site-packages/airflow/example_dags/example_kubernetes_executor.py
[2024-04-29T07:55:45.514+0000] {logging_mixin.py:150} INFO - [2024-04-29T07:55:45.514+0000] {example_kubernetes_executor.py:41} WARNING - The example_kubernetes_executor example DAG requires the kubernetes provider. Please install it with: pip install apache-airflow[cncf.kubernetes]
[2024-04-29T07:55:45.514+0000] {processor.py:838} WARNING - No viable dags retrieved from /usr/local/python/3.10.13/lib/python3.10/site-packages/airflow/example_dags/example_kubernetes_executor.py
[2024-04-29T07:55:45.522+0000] {processor.py:179} INFO - Processing /usr/local/python/3.10.13/lib/python3.10/site-packages/airflow/example_dags/example_kubernetes_executor.py took 0.014 seconds
[2024-04-29T07:56:44.595+0000] {processor.py:157} INFO - Started process (PID=12353) to work on /usr/local/python/3.10.13/lib/python3.10/site-packages/airflow/example_dags/example_kubernetes_executor.py
[2024-04-29T07:56:44.595+0000] {processor.py:826} INFO - Processing file /usr/local/python/3.10.13/lib/python3.10/site-packages/airflow/example_dags/example_kubernetes_executor.py for tasks to queue
[2024-04-29T07:56:44.596+0000] {logging_mixin.py:150} INFO - [2024-04-29T07:56:44.596+0000] {dagbag.py:541} INFO - Filling up the DagBag from /usr/local/python/3.10.13/lib/python3.10/site-packages/airflow/example_dags/example_kubernetes_executor.py
[2024-04-29T07:56:44.598+0000] {logging_mixin.py:150} INFO - [2024-04-29T07:56:44.598+0000] {example_kubernetes_executor.py:41} WARNING - The example_kubernetes_executor example DAG requires the kubernetes provider. Please install it with: pip install apache-airflow[cncf.kubernetes]
[2024-04-29T07:56:44.599+0000] {processor.py:838} WARNING - No viable dags retrieved from /usr/local/python/3.10.13/lib/python3.10/site-packages/airflow/example_dags/example_kubernetes_executor.py
[2024-04-29T07:56:44.605+0000] {processor.py:179} INFO - Processing /usr/local/python/3.10.13/lib/python3.10/site-packages/airflow/example_dags/example_kubernetes_executor.py took 0.013 seconds
[2024-04-29T07:57:45.483+0000] {processor.py:157} INFO - Started process (PID=12818) to work on /usr/local/python/3.10.13/lib/python3.10/site-packages/airflow/example_dags/example_kubernetes_executor.py
[2024-04-29T07:57:45.484+0000] {processor.py:826} INFO - Processing file /usr/local/python/3.10.13/lib/python3.10/site-packages/airflow/example_dags/example_kubernetes_executor.py for tasks to queue
[2024-04-29T07:57:45.484+0000] {logging_mixin.py:150} INFO - [2024-04-29T07:57:45.484+0000] {dagbag.py:541} INFO - Filling up the DagBag from /usr/local/python/3.10.13/lib/python3.10/site-packages/airflow/example_dags/example_kubernetes_executor.py
[2024-04-29T07:57:45.487+0000] {logging_mixin.py:150} INFO - [2024-04-29T07:57:45.487+0000] {example_kubernetes_executor.py:41} WARNING - The example_kubernetes_executor example DAG requires the kubernetes provider. Please install it with: pip install apache-airflow[cncf.kubernetes]
[2024-04-29T07:57:45.487+0000] {processor.py:838} WARNING - No viable dags retrieved from /usr/local/python/3.10.13/lib/python3.10/site-packages/airflow/example_dags/example_kubernetes_executor.py
[2024-04-29T07:57:45.494+0000] {processor.py:179} INFO - Processing /usr/local/python/3.10.13/lib/python3.10/site-packages/airflow/example_dags/example_kubernetes_executor.py took 0.013 seconds
[2024-04-29T07:58:47.118+0000] {processor.py:157} INFO - Started process (PID=13261) to work on /usr/local/python/3.10.13/lib/python3.10/site-packages/airflow/example_dags/example_kubernetes_executor.py
[2024-04-29T07:58:47.119+0000] {processor.py:826} INFO - Processing file /usr/local/python/3.10.13/lib/python3.10/site-packages/airflow/example_dags/example_kubernetes_executor.py for tasks to queue
[2024-04-29T07:58:47.120+0000] {logging_mixin.py:150} INFO - [2024-04-29T07:58:47.119+0000] {dagbag.py:541} INFO - Filling up the DagBag from /usr/local/python/3.10.13/lib/python3.10/site-packages/airflow/example_dags/example_kubernetes_executor.py
[2024-04-29T07:58:47.122+0000] {logging_mixin.py:150} INFO - [2024-04-29T07:58:47.122+0000] {example_kubernetes_executor.py:41} WARNING - The example_kubernetes_executor example DAG requires the kubernetes provider. Please install it with: pip install apache-airflow[cncf.kubernetes]
[2024-04-29T07:58:47.123+0000] {processor.py:838} WARNING - No viable dags retrieved from /usr/local/python/3.10.13/lib/python3.10/site-packages/airflow/example_dags/example_kubernetes_executor.py
[2024-04-29T07:58:47.130+0000] {processor.py:179} INFO - Processing /usr/local/python/3.10.13/lib/python3.10/site-packages/airflow/example_dags/example_kubernetes_executor.py took 0.014 seconds
[2024-04-29T07:59:39.493+0000] {processor.py:157} INFO - Started process (PID=13647) to work on /usr/local/python/3.10.13/lib/python3.10/site-packages/airflow/example_dags/example_kubernetes_executor.py
[2024-04-29T07:59:39.494+0000] {processor.py:826} INFO - Processing file /usr/local/python/3.10.13/lib/python3.10/site-packages/airflow/example_dags/example_kubernetes_executor.py for tasks to queue
[2024-04-29T07:59:39.495+0000] {logging_mixin.py:150} INFO - [2024-04-29T07:59:39.494+0000] {dagbag.py:541} INFO - Filling up the DagBag from /usr/local/python/3.10.13/lib/python3.10/site-packages/airflow/example_dags/example_kubernetes_executor.py
[2024-04-29T07:59:39.497+0000] {logging_mixin.py:150} INFO - [2024-04-29T07:59:39.497+0000] {example_kubernetes_executor.py:41} WARNING - The example_kubernetes_executor example DAG requires the kubernetes provider. Please install it with: pip install apache-airflow[cncf.kubernetes]
[2024-04-29T07:59:39.497+0000] {processor.py:838} WARNING - No viable dags retrieved from /usr/local/python/3.10.13/lib/python3.10/site-packages/airflow/example_dags/example_kubernetes_executor.py
[2024-04-29T07:59:39.504+0000] {processor.py:179} INFO - Processing /usr/local/python/3.10.13/lib/python3.10/site-packages/airflow/example_dags/example_kubernetes_executor.py took 0.013 seconds
[2024-04-29T08:00:29.340+0000] {processor.py:157} INFO - Started process (PID=13985) to work on /usr/local/python/3.10.13/lib/python3.10/site-packages/airflow/example_dags/example_kubernetes_executor.py
[2024-04-29T08:00:29.341+0000] {processor.py:826} INFO - Processing file /usr/local/python/3.10.13/lib/python3.10/site-packages/airflow/example_dags/example_kubernetes_executor.py for tasks to queue
[2024-04-29T08:00:29.342+0000] {logging_mixin.py:150} INFO - [2024-04-29T08:00:29.342+0000] {dagbag.py:541} INFO - Filling up the DagBag from /usr/local/python/3.10.13/lib/python3.10/site-packages/airflow/example_dags/example_kubernetes_executor.py
[2024-04-29T08:00:29.346+0000] {logging_mixin.py:150} INFO - [2024-04-29T08:00:29.346+0000] {example_kubernetes_executor.py:41} WARNING - The example_kubernetes_executor example DAG requires the kubernetes provider. Please install it with: pip install apache-airflow[cncf.kubernetes]
[2024-04-29T08:00:29.347+0000] {processor.py:838} WARNING - No viable dags retrieved from /usr/local/python/3.10.13/lib/python3.10/site-packages/airflow/example_dags/example_kubernetes_executor.py
[2024-04-29T08:00:29.357+0000] {processor.py:179} INFO - Processing /usr/local/python/3.10.13/lib/python3.10/site-packages/airflow/example_dags/example_kubernetes_executor.py took 0.020 seconds
[2024-04-29T08:01:22.951+0000] {processor.py:157} INFO - Started process (PID=14375) to work on /usr/local/python/3.10.13/lib/python3.10/site-packages/airflow/example_dags/example_kubernetes_executor.py
[2024-04-29T08:01:22.952+0000] {processor.py:826} INFO - Processing file /usr/local/python/3.10.13/lib/python3.10/site-packages/airflow/example_dags/example_kubernetes_executor.py for tasks to queue
[2024-04-29T08:01:22.952+0000] {logging_mixin.py:150} INFO - [2024-04-29T08:01:22.952+0000] {dagbag.py:541} INFO - Filling up the DagBag from /usr/local/python/3.10.13/lib/python3.10/site-packages/airflow/example_dags/example_kubernetes_executor.py
[2024-04-29T08:01:22.955+0000] {logging_mixin.py:150} INFO - [2024-04-29T08:01:22.955+0000] {example_kubernetes_executor.py:41} WARNING - The example_kubernetes_executor example DAG requires the kubernetes provider. Please install it with: pip install apache-airflow[cncf.kubernetes]
[2024-04-29T08:01:22.955+0000] {processor.py:838} WARNING - No viable dags retrieved from /usr/local/python/3.10.13/lib/python3.10/site-packages/airflow/example_dags/example_kubernetes_executor.py
[2024-04-29T08:01:22.962+0000] {processor.py:179} INFO - Processing /usr/local/python/3.10.13/lib/python3.10/site-packages/airflow/example_dags/example_kubernetes_executor.py took 0.014 seconds
[2024-04-29T08:02:16.983+0000] {processor.py:157} INFO - Started process (PID=14740) to work on /usr/local/python/3.10.13/lib/python3.10/site-packages/airflow/example_dags/example_kubernetes_executor.py
[2024-04-29T08:02:16.984+0000] {processor.py:826} INFO - Processing file /usr/local/python/3.10.13/lib/python3.10/site-packages/airflow/example_dags/example_kubernetes_executor.py for tasks to queue
[2024-04-29T08:02:16.984+0000] {logging_mixin.py:150} INFO - [2024-04-29T08:02:16.984+0000] {dagbag.py:541} INFO - Filling up the DagBag from /usr/local/python/3.10.13/lib/python3.10/site-packages/airflow/example_dags/example_kubernetes_executor.py
[2024-04-29T08:02:16.987+0000] {logging_mixin.py:150} INFO - [2024-04-29T08:02:16.987+0000] {example_kubernetes_executor.py:41} WARNING - The example_kubernetes_executor example DAG requires the kubernetes provider. Please install it with: pip install apache-airflow[cncf.kubernetes]
[2024-04-29T08:02:16.987+0000] {processor.py:838} WARNING - No viable dags retrieved from /usr/local/python/3.10.13/lib/python3.10/site-packages/airflow/example_dags/example_kubernetes_executor.py
[2024-04-29T08:02:16.994+0000] {processor.py:179} INFO - Processing /usr/local/python/3.10.13/lib/python3.10/site-packages/airflow/example_dags/example_kubernetes_executor.py took 0.014 seconds
[2024-04-29T08:03:03.938+0000] {processor.py:157} INFO - Started process (PID=15071) to work on /usr/local/python/3.10.13/lib/python3.10/site-packages/airflow/example_dags/example_kubernetes_executor.py
[2024-04-29T08:03:03.940+0000] {processor.py:826} INFO - Processing file /usr/local/python/3.10.13/lib/python3.10/site-packages/airflow/example_dags/example_kubernetes_executor.py for tasks to queue
[2024-04-29T08:03:03.941+0000] {logging_mixin.py:150} INFO - [2024-04-29T08:03:03.940+0000] {dagbag.py:541} INFO - Filling up the DagBag from /usr/local/python/3.10.13/lib/python3.10/site-packages/airflow/example_dags/example_kubernetes_executor.py
[2024-04-29T08:03:03.944+0000] {logging_mixin.py:150} INFO - [2024-04-29T08:03:03.944+0000] {example_kubernetes_executor.py:41} WARNING - The example_kubernetes_executor example DAG requires the kubernetes provider. Please install it with: pip install apache-airflow[cncf.kubernetes]
[2024-04-29T08:03:03.944+0000] {processor.py:838} WARNING - No viable dags retrieved from /usr/local/python/3.10.13/lib/python3.10/site-packages/airflow/example_dags/example_kubernetes_executor.py
[2024-04-29T08:03:03.957+0000] {processor.py:179} INFO - Processing /usr/local/python/3.10.13/lib/python3.10/site-packages/airflow/example_dags/example_kubernetes_executor.py took 0.021 seconds
[2024-04-29T08:03:54.421+0000] {processor.py:157} INFO - Started process (PID=15420) to work on /usr/local/python/3.10.13/lib/python3.10/site-packages/airflow/example_dags/example_kubernetes_executor.py
[2024-04-29T08:03:54.421+0000] {processor.py:826} INFO - Processing file /usr/local/python/3.10.13/lib/python3.10/site-packages/airflow/example_dags/example_kubernetes_executor.py for tasks to queue
[2024-04-29T08:03:54.422+0000] {logging_mixin.py:150} INFO - [2024-04-29T08:03:54.422+0000] {dagbag.py:541} INFO - Filling up the DagBag from /usr/local/python/3.10.13/lib/python3.10/site-packages/airflow/example_dags/example_kubernetes_executor.py
[2024-04-29T08:03:54.424+0000] {logging_mixin.py:150} INFO - [2024-04-29T08:03:54.424+0000] {example_kubernetes_executor.py:41} WARNING - The example_kubernetes_executor example DAG requires the kubernetes provider. Please install it with: pip install apache-airflow[cncf.kubernetes]
[2024-04-29T08:03:54.425+0000] {processor.py:838} WARNING - No viable dags retrieved from /usr/local/python/3.10.13/lib/python3.10/site-packages/airflow/example_dags/example_kubernetes_executor.py
[2024-04-29T08:03:54.431+0000] {processor.py:179} INFO - Processing /usr/local/python/3.10.13/lib/python3.10/site-packages/airflow/example_dags/example_kubernetes_executor.py took 0.013 seconds
[2024-04-29T08:04:49.280+0000] {processor.py:157} INFO - Started process (PID=15786) to work on /usr/local/python/3.10.13/lib/python3.10/site-packages/airflow/example_dags/example_kubernetes_executor.py
[2024-04-29T08:04:49.281+0000] {processor.py:826} INFO - Processing file /usr/local/python/3.10.13/lib/python3.10/site-packages/airflow/example_dags/example_kubernetes_executor.py for tasks to queue
[2024-04-29T08:04:49.281+0000] {logging_mixin.py:150} INFO - [2024-04-29T08:04:49.281+0000] {dagbag.py:541} INFO - Filling up the DagBag from /usr/local/python/3.10.13/lib/python3.10/site-packages/airflow/example_dags/example_kubernetes_executor.py
[2024-04-29T08:04:49.284+0000] {logging_mixin.py:150} INFO - [2024-04-29T08:04:49.284+0000] {example_kubernetes_executor.py:41} WARNING - The example_kubernetes_executor example DAG requires the kubernetes provider. Please install it with: pip install apache-airflow[cncf.kubernetes]
[2024-04-29T08:04:49.284+0000] {processor.py:838} WARNING - No viable dags retrieved from /usr/local/python/3.10.13/lib/python3.10/site-packages/airflow/example_dags/example_kubernetes_executor.py
[2024-04-29T08:04:49.291+0000] {processor.py:179} INFO - Processing /usr/local/python/3.10.13/lib/python3.10/site-packages/airflow/example_dags/example_kubernetes_executor.py took 0.013 seconds
[2024-04-29T08:05:40.818+0000] {processor.py:157} INFO - Started process (PID=16145) to work on /usr/local/python/3.10.13/lib/python3.10/site-packages/airflow/example_dags/example_kubernetes_executor.py
[2024-04-29T08:05:40.819+0000] {processor.py:826} INFO - Processing file /usr/local/python/3.10.13/lib/python3.10/site-packages/airflow/example_dags/example_kubernetes_executor.py for tasks to queue
[2024-04-29T08:05:40.820+0000] {logging_mixin.py:150} INFO - [2024-04-29T08:05:40.820+0000] {dagbag.py:541} INFO - Filling up the DagBag from /usr/local/python/3.10.13/lib/python3.10/site-packages/airflow/example_dags/example_kubernetes_executor.py
[2024-04-29T08:05:40.823+0000] {logging_mixin.py:150} INFO - [2024-04-29T08:05:40.822+0000] {example_kubernetes_executor.py:41} WARNING - The example_kubernetes_executor example DAG requires the kubernetes provider. Please install it with: pip install apache-airflow[cncf.kubernetes]
[2024-04-29T08:05:40.823+0000] {processor.py:838} WARNING - No viable dags retrieved from /usr/local/python/3.10.13/lib/python3.10/site-packages/airflow/example_dags/example_kubernetes_executor.py
[2024-04-29T08:05:40.830+0000] {processor.py:179} INFO - Processing /usr/local/python/3.10.13/lib/python3.10/site-packages/airflow/example_dags/example_kubernetes_executor.py took 0.014 seconds
[2024-04-29T08:06:34.750+0000] {processor.py:157} INFO - Started process (PID=16511) to work on /usr/local/python/3.10.13/lib/python3.10/site-packages/airflow/example_dags/example_kubernetes_executor.py
[2024-04-29T08:06:34.750+0000] {processor.py:826} INFO - Processing file /usr/local/python/3.10.13/lib/python3.10/site-packages/airflow/example_dags/example_kubernetes_executor.py for tasks to queue
[2024-04-29T08:06:34.751+0000] {logging_mixin.py:150} INFO - [2024-04-29T08:06:34.751+0000] {dagbag.py:541} INFO - Filling up the DagBag from /usr/local/python/3.10.13/lib/python3.10/site-packages/airflow/example_dags/example_kubernetes_executor.py
[2024-04-29T08:06:34.753+0000] {logging_mixin.py:150} INFO - [2024-04-29T08:06:34.753+0000] {example_kubernetes_executor.py:41} WARNING - The example_kubernetes_executor example DAG requires the kubernetes provider. Please install it with: pip install apache-airflow[cncf.kubernetes]
[2024-04-29T08:06:34.754+0000] {processor.py:838} WARNING - No viable dags retrieved from /usr/local/python/3.10.13/lib/python3.10/site-packages/airflow/example_dags/example_kubernetes_executor.py
[2024-04-29T08:06:34.761+0000] {processor.py:179} INFO - Processing /usr/local/python/3.10.13/lib/python3.10/site-packages/airflow/example_dags/example_kubernetes_executor.py took 0.013 seconds
[2024-04-29T08:07:26.343+0000] {processor.py:157} INFO - Started process (PID=16862) to work on /usr/local/python/3.10.13/lib/python3.10/site-packages/airflow/example_dags/example_kubernetes_executor.py
[2024-04-29T08:07:26.343+0000] {processor.py:826} INFO - Processing file /usr/local/python/3.10.13/lib/python3.10/site-packages/airflow/example_dags/example_kubernetes_executor.py for tasks to queue
[2024-04-29T08:07:26.344+0000] {logging_mixin.py:150} INFO - [2024-04-29T08:07:26.344+0000] {dagbag.py:541} INFO - Filling up the DagBag from /usr/local/python/3.10.13/lib/python3.10/site-packages/airflow/example_dags/example_kubernetes_executor.py
[2024-04-29T08:07:26.346+0000] {logging_mixin.py:150} INFO - [2024-04-29T08:07:26.346+0000] {example_kubernetes_executor.py:41} WARNING - The example_kubernetes_executor example DAG requires the kubernetes provider. Please install it with: pip install apache-airflow[cncf.kubernetes]
[2024-04-29T08:07:26.346+0000] {processor.py:838} WARNING - No viable dags retrieved from /usr/local/python/3.10.13/lib/python3.10/site-packages/airflow/example_dags/example_kubernetes_executor.py
[2024-04-29T08:07:26.353+0000] {processor.py:179} INFO - Processing /usr/local/python/3.10.13/lib/python3.10/site-packages/airflow/example_dags/example_kubernetes_executor.py took 0.013 seconds
[2024-04-29T08:08:18.164+0000] {processor.py:157} INFO - Started process (PID=17238) to work on /usr/local/python/3.10.13/lib/python3.10/site-packages/airflow/example_dags/example_kubernetes_executor.py
[2024-04-29T08:08:18.165+0000] {processor.py:826} INFO - Processing file /usr/local/python/3.10.13/lib/python3.10/site-packages/airflow/example_dags/example_kubernetes_executor.py for tasks to queue
[2024-04-29T08:08:18.166+0000] {logging_mixin.py:150} INFO - [2024-04-29T08:08:18.165+0000] {dagbag.py:541} INFO - Filling up the DagBag from /usr/local/python/3.10.13/lib/python3.10/site-packages/airflow/example_dags/example_kubernetes_executor.py
[2024-04-29T08:08:18.169+0000] {logging_mixin.py:150} INFO - [2024-04-29T08:08:18.169+0000] {example_kubernetes_executor.py:41} WARNING - The example_kubernetes_executor example DAG requires the kubernetes provider. Please install it with: pip install apache-airflow[cncf.kubernetes]
[2024-04-29T08:08:18.170+0000] {processor.py:838} WARNING - No viable dags retrieved from /usr/local/python/3.10.13/lib/python3.10/site-packages/airflow/example_dags/example_kubernetes_executor.py
[2024-04-29T08:08:18.180+0000] {processor.py:179} INFO - Processing /usr/local/python/3.10.13/lib/python3.10/site-packages/airflow/example_dags/example_kubernetes_executor.py took 0.019 seconds
[2024-04-29T08:09:05.748+0000] {processor.py:157} INFO - Started process (PID=17548) to work on /usr/local/python/3.10.13/lib/python3.10/site-packages/airflow/example_dags/example_kubernetes_executor.py
[2024-04-29T08:09:05.749+0000] {processor.py:826} INFO - Processing file /usr/local/python/3.10.13/lib/python3.10/site-packages/airflow/example_dags/example_kubernetes_executor.py for tasks to queue
[2024-04-29T08:09:05.749+0000] {logging_mixin.py:150} INFO - [2024-04-29T08:09:05.749+0000] {dagbag.py:541} INFO - Filling up the DagBag from /usr/local/python/3.10.13/lib/python3.10/site-packages/airflow/example_dags/example_kubernetes_executor.py
[2024-04-29T08:09:05.752+0000] {logging_mixin.py:150} INFO - [2024-04-29T08:09:05.752+0000] {example_kubernetes_executor.py:41} WARNING - The example_kubernetes_executor example DAG requires the kubernetes provider. Please install it with: pip install apache-airflow[cncf.kubernetes]
[2024-04-29T08:09:05.752+0000] {processor.py:838} WARNING - No viable dags retrieved from /usr/local/python/3.10.13/lib/python3.10/site-packages/airflow/example_dags/example_kubernetes_executor.py
[2024-04-29T08:09:05.759+0000] {processor.py:179} INFO - Processing /usr/local/python/3.10.13/lib/python3.10/site-packages/airflow/example_dags/example_kubernetes_executor.py took 0.013 seconds
[2024-04-29T08:10:03.385+0000] {processor.py:157} INFO - Started process (PID=17954) to work on /usr/local/python/3.10.13/lib/python3.10/site-packages/airflow/example_dags/example_kubernetes_executor.py
[2024-04-29T08:10:03.386+0000] {processor.py:826} INFO - Processing file /usr/local/python/3.10.13/lib/python3.10/site-packages/airflow/example_dags/example_kubernetes_executor.py for tasks to queue
[2024-04-29T08:10:03.387+0000] {logging_mixin.py:150} INFO - [2024-04-29T08:10:03.387+0000] {dagbag.py:541} INFO - Filling up the DagBag from /usr/local/python/3.10.13/lib/python3.10/site-packages/airflow/example_dags/example_kubernetes_executor.py
[2024-04-29T08:10:03.389+0000] {logging_mixin.py:150} INFO - [2024-04-29T08:10:03.389+0000] {example_kubernetes_executor.py:41} WARNING - The example_kubernetes_executor example DAG requires the kubernetes provider. Please install it with: pip install apache-airflow[cncf.kubernetes]
[2024-04-29T08:10:03.389+0000] {processor.py:838} WARNING - No viable dags retrieved from /usr/local/python/3.10.13/lib/python3.10/site-packages/airflow/example_dags/example_kubernetes_executor.py
[2024-04-29T08:10:03.398+0000] {processor.py:179} INFO - Processing /usr/local/python/3.10.13/lib/python3.10/site-packages/airflow/example_dags/example_kubernetes_executor.py took 0.015 seconds
[2024-04-29T08:10:52.024+0000] {processor.py:157} INFO - Started process (PID=18292) to work on /usr/local/python/3.10.13/lib/python3.10/site-packages/airflow/example_dags/example_kubernetes_executor.py
[2024-04-29T08:10:52.025+0000] {processor.py:826} INFO - Processing file /usr/local/python/3.10.13/lib/python3.10/site-packages/airflow/example_dags/example_kubernetes_executor.py for tasks to queue
[2024-04-29T08:10:52.026+0000] {logging_mixin.py:150} INFO - [2024-04-29T08:10:52.025+0000] {dagbag.py:541} INFO - Filling up the DagBag from /usr/local/python/3.10.13/lib/python3.10/site-packages/airflow/example_dags/example_kubernetes_executor.py
[2024-04-29T08:10:52.028+0000] {logging_mixin.py:150} INFO - [2024-04-29T08:10:52.028+0000] {example_kubernetes_executor.py:41} WARNING - The example_kubernetes_executor example DAG requires the kubernetes provider. Please install it with: pip install apache-airflow[cncf.kubernetes]
[2024-04-29T08:10:52.028+0000] {processor.py:838} WARNING - No viable dags retrieved from /usr/local/python/3.10.13/lib/python3.10/site-packages/airflow/example_dags/example_kubernetes_executor.py
[2024-04-29T08:10:52.036+0000] {processor.py:179} INFO - Processing /usr/local/python/3.10.13/lib/python3.10/site-packages/airflow/example_dags/example_kubernetes_executor.py took 0.014 seconds
[2024-04-29T08:11:41.082+0000] {processor.py:157} INFO - Started process (PID=18615) to work on /usr/local/python/3.10.13/lib/python3.10/site-packages/airflow/example_dags/example_kubernetes_executor.py
[2024-04-29T08:11:41.083+0000] {processor.py:826} INFO - Processing file /usr/local/python/3.10.13/lib/python3.10/site-packages/airflow/example_dags/example_kubernetes_executor.py for tasks to queue
[2024-04-29T08:11:41.084+0000] {logging_mixin.py:150} INFO - [2024-04-29T08:11:41.083+0000] {dagbag.py:541} INFO - Filling up the DagBag from /usr/local/python/3.10.13/lib/python3.10/site-packages/airflow/example_dags/example_kubernetes_executor.py
[2024-04-29T08:11:41.086+0000] {logging_mixin.py:150} INFO - [2024-04-29T08:11:41.086+0000] {example_kubernetes_executor.py:41} WARNING - The example_kubernetes_executor example DAG requires the kubernetes provider. Please install it with: pip install apache-airflow[cncf.kubernetes]
[2024-04-29T08:11:41.086+0000] {processor.py:838} WARNING - No viable dags retrieved from /usr/local/python/3.10.13/lib/python3.10/site-packages/airflow/example_dags/example_kubernetes_executor.py
[2024-04-29T08:11:41.093+0000] {processor.py:179} INFO - Processing /usr/local/python/3.10.13/lib/python3.10/site-packages/airflow/example_dags/example_kubernetes_executor.py took 0.013 seconds
[2024-04-29T08:12:36.007+0000] {processor.py:157} INFO - Started process (PID=19000) to work on /usr/local/python/3.10.13/lib/python3.10/site-packages/airflow/example_dags/example_kubernetes_executor.py
[2024-04-29T08:12:36.007+0000] {processor.py:826} INFO - Processing file /usr/local/python/3.10.13/lib/python3.10/site-packages/airflow/example_dags/example_kubernetes_executor.py for tasks to queue
[2024-04-29T08:12:36.008+0000] {logging_mixin.py:150} INFO - [2024-04-29T08:12:36.008+0000] {dagbag.py:541} INFO - Filling up the DagBag from /usr/local/python/3.10.13/lib/python3.10/site-packages/airflow/example_dags/example_kubernetes_executor.py
[2024-04-29T08:12:36.010+0000] {logging_mixin.py:150} INFO - [2024-04-29T08:12:36.010+0000] {example_kubernetes_executor.py:41} WARNING - The example_kubernetes_executor example DAG requires the kubernetes provider. Please install it with: pip install apache-airflow[cncf.kubernetes]
[2024-04-29T08:12:36.011+0000] {processor.py:838} WARNING - No viable dags retrieved from /usr/local/python/3.10.13/lib/python3.10/site-packages/airflow/example_dags/example_kubernetes_executor.py
[2024-04-29T08:12:36.018+0000] {processor.py:179} INFO - Processing /usr/local/python/3.10.13/lib/python3.10/site-packages/airflow/example_dags/example_kubernetes_executor.py took 0.013 seconds
[2024-04-29T08:13:30.293+0000] {processor.py:157} INFO - Started process (PID=19363) to work on /usr/local/python/3.10.13/lib/python3.10/site-packages/airflow/example_dags/example_kubernetes_executor.py
[2024-04-29T08:13:30.294+0000] {processor.py:826} INFO - Processing file /usr/local/python/3.10.13/lib/python3.10/site-packages/airflow/example_dags/example_kubernetes_executor.py for tasks to queue
[2024-04-29T08:13:30.295+0000] {logging_mixin.py:150} INFO - [2024-04-29T08:13:30.294+0000] {dagbag.py:541} INFO - Filling up the DagBag from /usr/local/python/3.10.13/lib/python3.10/site-packages/airflow/example_dags/example_kubernetes_executor.py
[2024-04-29T08:13:30.297+0000] {logging_mixin.py:150} INFO - [2024-04-29T08:13:30.297+0000] {example_kubernetes_executor.py:41} WARNING - The example_kubernetes_executor example DAG requires the kubernetes provider. Please install it with: pip install apache-airflow[cncf.kubernetes]
[2024-04-29T08:13:30.297+0000] {processor.py:838} WARNING - No viable dags retrieved from /usr/local/python/3.10.13/lib/python3.10/site-packages/airflow/example_dags/example_kubernetes_executor.py
[2024-04-29T08:13:30.304+0000] {processor.py:179} INFO - Processing /usr/local/python/3.10.13/lib/python3.10/site-packages/airflow/example_dags/example_kubernetes_executor.py took 0.013 seconds
[2024-04-29T08:14:22.649+0000] {processor.py:157} INFO - Started process (PID=19719) to work on /usr/local/python/3.10.13/lib/python3.10/site-packages/airflow/example_dags/example_kubernetes_executor.py
[2024-04-29T08:14:22.650+0000] {processor.py:826} INFO - Processing file /usr/local/python/3.10.13/lib/python3.10/site-packages/airflow/example_dags/example_kubernetes_executor.py for tasks to queue
[2024-04-29T08:14:22.651+0000] {logging_mixin.py:150} INFO - [2024-04-29T08:14:22.651+0000] {dagbag.py:541} INFO - Filling up the DagBag from /usr/local/python/3.10.13/lib/python3.10/site-packages/airflow/example_dags/example_kubernetes_executor.py
[2024-04-29T08:14:22.655+0000] {logging_mixin.py:150} INFO - [2024-04-29T08:14:22.654+0000] {example_kubernetes_executor.py:41} WARNING - The example_kubernetes_executor example DAG requires the kubernetes provider. Please install it with: pip install apache-airflow[cncf.kubernetes]
[2024-04-29T08:14:22.655+0000] {processor.py:838} WARNING - No viable dags retrieved from /usr/local/python/3.10.13/lib/python3.10/site-packages/airflow/example_dags/example_kubernetes_executor.py
[2024-04-29T08:14:22.665+0000] {processor.py:179} INFO - Processing /usr/local/python/3.10.13/lib/python3.10/site-packages/airflow/example_dags/example_kubernetes_executor.py took 0.018 seconds
[2024-04-29T08:15:17.581+0000] {processor.py:157} INFO - Started process (PID=20152) to work on /usr/local/python/3.10.13/lib/python3.10/site-packages/airflow/example_dags/example_kubernetes_executor.py
[2024-04-29T08:15:17.582+0000] {processor.py:826} INFO - Processing file /usr/local/python/3.10.13/lib/python3.10/site-packages/airflow/example_dags/example_kubernetes_executor.py for tasks to queue
[2024-04-29T08:15:17.583+0000] {logging_mixin.py:150} INFO - [2024-04-29T08:15:17.582+0000] {dagbag.py:541} INFO - Filling up the DagBag from /usr/local/python/3.10.13/lib/python3.10/site-packages/airflow/example_dags/example_kubernetes_executor.py
[2024-04-29T08:15:17.586+0000] {logging_mixin.py:150} INFO - [2024-04-29T08:15:17.586+0000] {example_kubernetes_executor.py:41} WARNING - The example_kubernetes_executor example DAG requires the kubernetes provider. Please install it with: pip install apache-airflow[cncf.kubernetes]
[2024-04-29T08:15:17.587+0000] {processor.py:838} WARNING - No viable dags retrieved from /usr/local/python/3.10.13/lib/python3.10/site-packages/airflow/example_dags/example_kubernetes_executor.py
[2024-04-29T08:15:17.597+0000] {processor.py:179} INFO - Processing /usr/local/python/3.10.13/lib/python3.10/site-packages/airflow/example_dags/example_kubernetes_executor.py took 0.020 seconds
[2024-04-29T08:16:11.998+0000] {processor.py:157} INFO - Started process (PID=20716) to work on /usr/local/python/3.10.13/lib/python3.10/site-packages/airflow/example_dags/example_kubernetes_executor.py
[2024-04-29T08:16:11.999+0000] {processor.py:826} INFO - Processing file /usr/local/python/3.10.13/lib/python3.10/site-packages/airflow/example_dags/example_kubernetes_executor.py for tasks to queue
[2024-04-29T08:16:11.999+0000] {logging_mixin.py:150} INFO - [2024-04-29T08:16:11.999+0000] {dagbag.py:541} INFO - Filling up the DagBag from /usr/local/python/3.10.13/lib/python3.10/site-packages/airflow/example_dags/example_kubernetes_executor.py
[2024-04-29T08:16:12.003+0000] {logging_mixin.py:150} INFO - [2024-04-29T08:16:12.002+0000] {example_kubernetes_executor.py:41} WARNING - The example_kubernetes_executor example DAG requires the kubernetes provider. Please install it with: pip install apache-airflow[cncf.kubernetes]
[2024-04-29T08:16:12.003+0000] {processor.py:838} WARNING - No viable dags retrieved from /usr/local/python/3.10.13/lib/python3.10/site-packages/airflow/example_dags/example_kubernetes_executor.py
[2024-04-29T08:16:12.012+0000] {processor.py:179} INFO - Processing /usr/local/python/3.10.13/lib/python3.10/site-packages/airflow/example_dags/example_kubernetes_executor.py took 0.017 seconds
[2024-04-29T08:17:05.141+0000] {processor.py:157} INFO - Started process (PID=21174) to work on /usr/local/python/3.10.13/lib/python3.10/site-packages/airflow/example_dags/example_kubernetes_executor.py
[2024-04-29T08:17:05.146+0000] {processor.py:826} INFO - Processing file /usr/local/python/3.10.13/lib/python3.10/site-packages/airflow/example_dags/example_kubernetes_executor.py for tasks to queue
[2024-04-29T08:17:05.147+0000] {logging_mixin.py:150} INFO - [2024-04-29T08:17:05.146+0000] {dagbag.py:541} INFO - Filling up the DagBag from /usr/local/python/3.10.13/lib/python3.10/site-packages/airflow/example_dags/example_kubernetes_executor.py
[2024-04-29T08:17:05.150+0000] {logging_mixin.py:150} INFO - [2024-04-29T08:17:05.150+0000] {example_kubernetes_executor.py:41} WARNING - The example_kubernetes_executor example DAG requires the kubernetes provider. Please install it with: pip install apache-airflow[cncf.kubernetes]
[2024-04-29T08:17:05.150+0000] {processor.py:838} WARNING - No viable dags retrieved from /usr/local/python/3.10.13/lib/python3.10/site-packages/airflow/example_dags/example_kubernetes_executor.py
[2024-04-29T08:17:05.170+0000] {processor.py:179} INFO - Processing /usr/local/python/3.10.13/lib/python3.10/site-packages/airflow/example_dags/example_kubernetes_executor.py took 0.032 seconds
