[2024-04-29T07:42:27.014+0000] {processor.py:157} INFO - Started process (PID=5101) to work on /usr/local/python/3.10.13/lib/python3.10/site-packages/airflow/example_dags/example_sensor_decorator.py
[2024-04-29T07:42:27.015+0000] {processor.py:826} INFO - Processing file /usr/local/python/3.10.13/lib/python3.10/site-packages/airflow/example_dags/example_sensor_decorator.py for tasks to queue
[2024-04-29T07:42:27.015+0000] {logging_mixin.py:150} INFO - [2024-04-29T07:42:27.015+0000] {dagbag.py:541} INFO - Filling up the DagBag from /usr/local/python/3.10.13/lib/python3.10/site-packages/airflow/example_dags/example_sensor_decorator.py
[2024-04-29T07:42:27.020+0000] {processor.py:836} INFO - DAG(s) dict_keys(['example_sensor_decorator']) retrieved from /usr/local/python/3.10.13/lib/python3.10/site-packages/airflow/example_dags/example_sensor_decorator.py
[2024-04-29T07:42:27.197+0000] {logging_mixin.py:150} INFO - [2024-04-29T07:42:27.197+0000] {manager.py:504} INFO - Created Permission View: can edit on DAG:example_sensor_decorator
[2024-04-29T07:42:27.226+0000] {logging_mixin.py:150} INFO - [2024-04-29T07:42:27.225+0000] {manager.py:504} INFO - Created Permission View: can read on DAG:example_sensor_decorator
[2024-04-29T07:42:27.275+0000] {logging_mixin.py:150} INFO - [2024-04-29T07:42:27.275+0000] {manager.py:504} INFO - Created Permission View: can delete on DAG:example_sensor_decorator
[2024-04-29T07:42:27.284+0000] {logging_mixin.py:150} INFO - [2024-04-29T07:42:27.284+0000] {dag.py:2742} INFO - Sync 1 DAGs
[2024-04-29T07:42:27.292+0000] {logging_mixin.py:150} INFO - [2024-04-29T07:42:27.292+0000] {dag.py:2763} INFO - Creating ORM DAG for example_sensor_decorator
[2024-04-29T07:42:27.299+0000] {logging_mixin.py:150} INFO - [2024-04-29T07:42:27.298+0000] {dag.py:3504} INFO - Setting next_dagrun for example_sensor_decorator to None, run_after=None
[2024-04-29T07:42:27.339+0000] {processor.py:179} INFO - Processing /usr/local/python/3.10.13/lib/python3.10/site-packages/airflow/example_dags/example_sensor_decorator.py took 0.327 seconds
[2024-04-29T07:43:18.844+0000] {processor.py:157} INFO - Started process (PID=5453) to work on /usr/local/python/3.10.13/lib/python3.10/site-packages/airflow/example_dags/example_sensor_decorator.py
[2024-04-29T07:43:18.844+0000] {processor.py:826} INFO - Processing file /usr/local/python/3.10.13/lib/python3.10/site-packages/airflow/example_dags/example_sensor_decorator.py for tasks to queue
[2024-04-29T07:43:18.845+0000] {logging_mixin.py:150} INFO - [2024-04-29T07:43:18.845+0000] {dagbag.py:541} INFO - Filling up the DagBag from /usr/local/python/3.10.13/lib/python3.10/site-packages/airflow/example_dags/example_sensor_decorator.py
[2024-04-29T07:43:18.849+0000] {processor.py:836} INFO - DAG(s) dict_keys(['example_sensor_decorator']) retrieved from /usr/local/python/3.10.13/lib/python3.10/site-packages/airflow/example_dags/example_sensor_decorator.py
[2024-04-29T07:43:18.861+0000] {logging_mixin.py:150} INFO - [2024-04-29T07:43:18.861+0000] {dag.py:2742} INFO - Sync 1 DAGs
[2024-04-29T07:43:18.876+0000] {logging_mixin.py:150} INFO - [2024-04-29T07:43:18.876+0000] {dag.py:3504} INFO - Setting next_dagrun for example_sensor_decorator to None, run_after=None
[2024-04-29T07:43:18.912+0000] {processor.py:179} INFO - Processing /usr/local/python/3.10.13/lib/python3.10/site-packages/airflow/example_dags/example_sensor_decorator.py took 0.070 seconds
[2024-04-29T07:44:04.131+0000] {processor.py:157} INFO - Started process (PID=5771) to work on /usr/local/python/3.10.13/lib/python3.10/site-packages/airflow/example_dags/example_sensor_decorator.py
[2024-04-29T07:44:04.132+0000] {processor.py:826} INFO - Processing file /usr/local/python/3.10.13/lib/python3.10/site-packages/airflow/example_dags/example_sensor_decorator.py for tasks to queue
[2024-04-29T07:44:04.132+0000] {logging_mixin.py:150} INFO - [2024-04-29T07:44:04.132+0000] {dagbag.py:541} INFO - Filling up the DagBag from /usr/local/python/3.10.13/lib/python3.10/site-packages/airflow/example_dags/example_sensor_decorator.py
[2024-04-29T07:44:04.137+0000] {processor.py:836} INFO - DAG(s) dict_keys(['example_sensor_decorator']) retrieved from /usr/local/python/3.10.13/lib/python3.10/site-packages/airflow/example_dags/example_sensor_decorator.py
[2024-04-29T07:44:04.148+0000] {logging_mixin.py:150} INFO - [2024-04-29T07:44:04.148+0000] {dag.py:2742} INFO - Sync 1 DAGs
[2024-04-29T07:44:04.164+0000] {logging_mixin.py:150} INFO - [2024-04-29T07:44:04.164+0000] {dag.py:3504} INFO - Setting next_dagrun for example_sensor_decorator to None, run_after=None
[2024-04-29T07:44:04.214+0000] {processor.py:179} INFO - Processing /usr/local/python/3.10.13/lib/python3.10/site-packages/airflow/example_dags/example_sensor_decorator.py took 0.085 seconds
[2024-04-29T07:44:50.666+0000] {processor.py:157} INFO - Started process (PID=6085) to work on /usr/local/python/3.10.13/lib/python3.10/site-packages/airflow/example_dags/example_sensor_decorator.py
[2024-04-29T07:44:50.667+0000] {processor.py:826} INFO - Processing file /usr/local/python/3.10.13/lib/python3.10/site-packages/airflow/example_dags/example_sensor_decorator.py for tasks to queue
[2024-04-29T07:44:50.668+0000] {logging_mixin.py:150} INFO - [2024-04-29T07:44:50.668+0000] {dagbag.py:541} INFO - Filling up the DagBag from /usr/local/python/3.10.13/lib/python3.10/site-packages/airflow/example_dags/example_sensor_decorator.py
[2024-04-29T07:44:50.673+0000] {processor.py:836} INFO - DAG(s) dict_keys(['example_sensor_decorator']) retrieved from /usr/local/python/3.10.13/lib/python3.10/site-packages/airflow/example_dags/example_sensor_decorator.py
[2024-04-29T07:44:50.685+0000] {logging_mixin.py:150} INFO - [2024-04-29T07:44:50.685+0000] {dag.py:2742} INFO - Sync 1 DAGs
[2024-04-29T07:44:50.701+0000] {logging_mixin.py:150} INFO - [2024-04-29T07:44:50.700+0000] {dag.py:3504} INFO - Setting next_dagrun for example_sensor_decorator to None, run_after=None
[2024-04-29T07:44:50.735+0000] {processor.py:179} INFO - Processing /usr/local/python/3.10.13/lib/python3.10/site-packages/airflow/example_dags/example_sensor_decorator.py took 0.071 seconds
[2024-04-29T07:45:38.749+0000] {processor.py:157} INFO - Started process (PID=6418) to work on /usr/local/python/3.10.13/lib/python3.10/site-packages/airflow/example_dags/example_sensor_decorator.py
[2024-04-29T07:45:38.750+0000] {processor.py:826} INFO - Processing file /usr/local/python/3.10.13/lib/python3.10/site-packages/airflow/example_dags/example_sensor_decorator.py for tasks to queue
[2024-04-29T07:45:38.750+0000] {logging_mixin.py:150} INFO - [2024-04-29T07:45:38.750+0000] {dagbag.py:541} INFO - Filling up the DagBag from /usr/local/python/3.10.13/lib/python3.10/site-packages/airflow/example_dags/example_sensor_decorator.py
[2024-04-29T07:45:38.755+0000] {processor.py:836} INFO - DAG(s) dict_keys(['example_sensor_decorator']) retrieved from /usr/local/python/3.10.13/lib/python3.10/site-packages/airflow/example_dags/example_sensor_decorator.py
[2024-04-29T07:45:38.767+0000] {logging_mixin.py:150} INFO - [2024-04-29T07:45:38.767+0000] {dag.py:2742} INFO - Sync 1 DAGs
[2024-04-29T07:45:38.783+0000] {logging_mixin.py:150} INFO - [2024-04-29T07:45:38.783+0000] {dag.py:3504} INFO - Setting next_dagrun for example_sensor_decorator to None, run_after=None
[2024-04-29T07:45:38.824+0000] {processor.py:179} INFO - Processing /usr/local/python/3.10.13/lib/python3.10/site-packages/airflow/example_dags/example_sensor_decorator.py took 0.077 seconds
