[2024-04-29T07:42:26.597+0000] {processor.py:157} INFO - Started process (PID=5100) to work on /usr/local/python/3.10.13/lib/python3.10/site-packages/airflow/example_dags/example_short_circuit_operator.py
[2024-04-29T07:42:26.598+0000] {processor.py:826} INFO - Processing file /usr/local/python/3.10.13/lib/python3.10/site-packages/airflow/example_dags/example_short_circuit_operator.py for tasks to queue
[2024-04-29T07:42:26.598+0000] {logging_mixin.py:150} INFO - [2024-04-29T07:42:26.598+0000] {dagbag.py:541} INFO - Filling up the DagBag from /usr/local/python/3.10.13/lib/python3.10/site-packages/airflow/example_dags/example_short_circuit_operator.py
[2024-04-29T07:42:26.605+0000] {processor.py:836} INFO - DAG(s) dict_keys(['example_short_circuit_operator']) retrieved from /usr/local/python/3.10.13/lib/python3.10/site-packages/airflow/example_dags/example_short_circuit_operator.py
[2024-04-29T07:42:26.731+0000] {logging_mixin.py:150} INFO - [2024-04-29T07:42:26.731+0000] {manager.py:504} INFO - Created Permission View: can edit on DAG:example_short_circuit_operator
[2024-04-29T07:42:26.762+0000] {logging_mixin.py:150} INFO - [2024-04-29T07:42:26.761+0000] {manager.py:504} INFO - Created Permission View: can read on DAG:example_short_circuit_operator
[2024-04-29T07:42:26.788+0000] {logging_mixin.py:150} INFO - [2024-04-29T07:42:26.788+0000] {manager.py:504} INFO - Created Permission View: can delete on DAG:example_short_circuit_operator
[2024-04-29T07:42:26.798+0000] {logging_mixin.py:150} INFO - [2024-04-29T07:42:26.798+0000] {dag.py:2742} INFO - Sync 1 DAGs
[2024-04-29T07:42:26.805+0000] {logging_mixin.py:150} INFO - [2024-04-29T07:42:26.805+0000] {dag.py:2763} INFO - Creating ORM DAG for example_short_circuit_operator
[2024-04-29T07:42:26.812+0000] {logging_mixin.py:150} INFO - [2024-04-29T07:42:26.812+0000] {dag.py:3504} INFO - Setting next_dagrun for example_short_circuit_operator to 2024-04-28T07:42:26.812480+00:00, run_after=2024-04-29T07:42:26.812480+00:00
[2024-04-29T07:42:26.868+0000] {processor.py:179} INFO - Processing /usr/local/python/3.10.13/lib/python3.10/site-packages/airflow/example_dags/example_short_circuit_operator.py took 0.273 seconds
[2024-04-29T07:43:17.680+0000] {processor.py:157} INFO - Started process (PID=5452) to work on /usr/local/python/3.10.13/lib/python3.10/site-packages/airflow/example_dags/example_short_circuit_operator.py
[2024-04-29T07:43:17.681+0000] {processor.py:826} INFO - Processing file /usr/local/python/3.10.13/lib/python3.10/site-packages/airflow/example_dags/example_short_circuit_operator.py for tasks to queue
[2024-04-29T07:43:17.682+0000] {logging_mixin.py:150} INFO - [2024-04-29T07:43:17.681+0000] {dagbag.py:541} INFO - Filling up the DagBag from /usr/local/python/3.10.13/lib/python3.10/site-packages/airflow/example_dags/example_short_circuit_operator.py
[2024-04-29T07:43:17.688+0000] {processor.py:836} INFO - DAG(s) dict_keys(['example_short_circuit_operator']) retrieved from /usr/local/python/3.10.13/lib/python3.10/site-packages/airflow/example_dags/example_short_circuit_operator.py
[2024-04-29T07:43:17.702+0000] {logging_mixin.py:150} INFO - [2024-04-29T07:43:17.701+0000] {dag.py:2742} INFO - Sync 1 DAGs
[2024-04-29T07:43:17.717+0000] {logging_mixin.py:150} INFO - [2024-04-29T07:43:17.717+0000] {dag.py:3504} INFO - Setting next_dagrun for example_short_circuit_operator to 2024-04-28T07:43:17.716925+00:00, run_after=2024-04-29T07:43:17.716925+00:00
[2024-04-29T07:43:17.753+0000] {processor.py:179} INFO - Processing /usr/local/python/3.10.13/lib/python3.10/site-packages/airflow/example_dags/example_short_circuit_operator.py took 0.075 seconds
[2024-04-29T07:44:02.991+0000] {processor.py:157} INFO - Started process (PID=5770) to work on /usr/local/python/3.10.13/lib/python3.10/site-packages/airflow/example_dags/example_short_circuit_operator.py
[2024-04-29T07:44:02.991+0000] {processor.py:826} INFO - Processing file /usr/local/python/3.10.13/lib/python3.10/site-packages/airflow/example_dags/example_short_circuit_operator.py for tasks to queue
[2024-04-29T07:44:02.992+0000] {logging_mixin.py:150} INFO - [2024-04-29T07:44:02.992+0000] {dagbag.py:541} INFO - Filling up the DagBag from /usr/local/python/3.10.13/lib/python3.10/site-packages/airflow/example_dags/example_short_circuit_operator.py
[2024-04-29T07:44:02.998+0000] {processor.py:836} INFO - DAG(s) dict_keys(['example_short_circuit_operator']) retrieved from /usr/local/python/3.10.13/lib/python3.10/site-packages/airflow/example_dags/example_short_circuit_operator.py
[2024-04-29T07:44:03.013+0000] {logging_mixin.py:150} INFO - [2024-04-29T07:44:03.013+0000] {dag.py:2742} INFO - Sync 1 DAGs
[2024-04-29T07:44:03.028+0000] {logging_mixin.py:150} INFO - [2024-04-29T07:44:03.028+0000] {dag.py:3504} INFO - Setting next_dagrun for example_short_circuit_operator to 2024-04-28T07:44:03.028352+00:00, run_after=2024-04-29T07:44:03.028352+00:00
[2024-04-29T07:44:03.071+0000] {processor.py:179} INFO - Processing /usr/local/python/3.10.13/lib/python3.10/site-packages/airflow/example_dags/example_short_circuit_operator.py took 0.082 seconds
[2024-04-29T07:44:49.509+0000] {processor.py:157} INFO - Started process (PID=6078) to work on /usr/local/python/3.10.13/lib/python3.10/site-packages/airflow/example_dags/example_short_circuit_operator.py
[2024-04-29T07:44:49.509+0000] {processor.py:826} INFO - Processing file /usr/local/python/3.10.13/lib/python3.10/site-packages/airflow/example_dags/example_short_circuit_operator.py for tasks to queue
[2024-04-29T07:44:49.510+0000] {logging_mixin.py:150} INFO - [2024-04-29T07:44:49.510+0000] {dagbag.py:541} INFO - Filling up the DagBag from /usr/local/python/3.10.13/lib/python3.10/site-packages/airflow/example_dags/example_short_circuit_operator.py
[2024-04-29T07:44:49.516+0000] {processor.py:836} INFO - DAG(s) dict_keys(['example_short_circuit_operator']) retrieved from /usr/local/python/3.10.13/lib/python3.10/site-packages/airflow/example_dags/example_short_circuit_operator.py
[2024-04-29T07:44:49.530+0000] {logging_mixin.py:150} INFO - [2024-04-29T07:44:49.530+0000] {dag.py:2742} INFO - Sync 1 DAGs
[2024-04-29T07:44:49.546+0000] {logging_mixin.py:150} INFO - [2024-04-29T07:44:49.546+0000] {dag.py:3504} INFO - Setting next_dagrun for example_short_circuit_operator to 2024-04-28T07:44:49.546177+00:00, run_after=2024-04-29T07:44:49.546177+00:00
[2024-04-29T07:44:49.580+0000] {processor.py:179} INFO - Processing /usr/local/python/3.10.13/lib/python3.10/site-packages/airflow/example_dags/example_short_circuit_operator.py took 0.074 seconds
[2024-04-29T07:45:34.943+0000] {processor.py:157} INFO - Started process (PID=6395) to work on /usr/local/python/3.10.13/lib/python3.10/site-packages/airflow/example_dags/example_short_circuit_operator.py
[2024-04-29T07:45:34.944+0000] {processor.py:826} INFO - Processing file /usr/local/python/3.10.13/lib/python3.10/site-packages/airflow/example_dags/example_short_circuit_operator.py for tasks to queue
[2024-04-29T07:45:34.945+0000] {logging_mixin.py:150} INFO - [2024-04-29T07:45:34.944+0000] {dagbag.py:541} INFO - Filling up the DagBag from /usr/local/python/3.10.13/lib/python3.10/site-packages/airflow/example_dags/example_short_circuit_operator.py
[2024-04-29T07:45:34.951+0000] {processor.py:836} INFO - DAG(s) dict_keys(['example_short_circuit_operator']) retrieved from /usr/local/python/3.10.13/lib/python3.10/site-packages/airflow/example_dags/example_short_circuit_operator.py
[2024-04-29T07:45:34.965+0000] {logging_mixin.py:150} INFO - [2024-04-29T07:45:34.964+0000] {dag.py:2742} INFO - Sync 1 DAGs
[2024-04-29T07:45:34.980+0000] {logging_mixin.py:150} INFO - [2024-04-29T07:45:34.980+0000] {dag.py:3504} INFO - Setting next_dagrun for example_short_circuit_operator to 2024-04-28T07:45:34.979944+00:00, run_after=2024-04-29T07:45:34.979944+00:00
[2024-04-29T07:45:35.024+0000] {processor.py:179} INFO - Processing /usr/local/python/3.10.13/lib/python3.10/site-packages/airflow/example_dags/example_short_circuit_operator.py took 0.083 seconds
[2024-04-29T07:48:55.404+0000] {processor.py:157} INFO - Started process (PID=8273) to work on /usr/local/python/3.10.13/lib/python3.10/site-packages/airflow/example_dags/example_short_circuit_operator.py
[2024-04-29T07:48:55.405+0000] {processor.py:826} INFO - Processing file /usr/local/python/3.10.13/lib/python3.10/site-packages/airflow/example_dags/example_short_circuit_operator.py for tasks to queue
[2024-04-29T07:48:55.406+0000] {logging_mixin.py:150} INFO - [2024-04-29T07:48:55.405+0000] {dagbag.py:541} INFO - Filling up the DagBag from /usr/local/python/3.10.13/lib/python3.10/site-packages/airflow/example_dags/example_short_circuit_operator.py
[2024-04-29T07:48:55.413+0000] {processor.py:836} INFO - DAG(s) dict_keys(['example_short_circuit_operator']) retrieved from /usr/local/python/3.10.13/lib/python3.10/site-packages/airflow/example_dags/example_short_circuit_operator.py
[2024-04-29T07:48:55.430+0000] {logging_mixin.py:150} INFO - [2024-04-29T07:48:55.429+0000] {dag.py:2742} INFO - Sync 1 DAGs
[2024-04-29T07:48:55.446+0000] {logging_mixin.py:150} INFO - [2024-04-29T07:48:55.446+0000] {dag.py:3504} INFO - Setting next_dagrun for example_short_circuit_operator to 2024-04-28T07:48:55.445999+00:00, run_after=2024-04-29T07:48:55.445999+00:00
[2024-04-29T07:48:55.484+0000] {processor.py:179} INFO - Processing /usr/local/python/3.10.13/lib/python3.10/site-packages/airflow/example_dags/example_short_circuit_operator.py took 0.082 seconds
[2024-04-29T07:49:40.527+0000] {processor.py:157} INFO - Started process (PID=8596) to work on /usr/local/python/3.10.13/lib/python3.10/site-packages/airflow/example_dags/example_short_circuit_operator.py
[2024-04-29T07:49:40.528+0000] {processor.py:826} INFO - Processing file /usr/local/python/3.10.13/lib/python3.10/site-packages/airflow/example_dags/example_short_circuit_operator.py for tasks to queue
[2024-04-29T07:49:40.529+0000] {logging_mixin.py:150} INFO - [2024-04-29T07:49:40.528+0000] {dagbag.py:541} INFO - Filling up the DagBag from /usr/local/python/3.10.13/lib/python3.10/site-packages/airflow/example_dags/example_short_circuit_operator.py
[2024-04-29T07:49:40.535+0000] {processor.py:836} INFO - DAG(s) dict_keys(['example_short_circuit_operator']) retrieved from /usr/local/python/3.10.13/lib/python3.10/site-packages/airflow/example_dags/example_short_circuit_operator.py
[2024-04-29T07:49:40.549+0000] {logging_mixin.py:150} INFO - [2024-04-29T07:49:40.549+0000] {dag.py:2742} INFO - Sync 1 DAGs
[2024-04-29T07:49:40.564+0000] {logging_mixin.py:150} INFO - [2024-04-29T07:49:40.564+0000] {dag.py:3504} INFO - Setting next_dagrun for example_short_circuit_operator to 2024-04-28T07:49:40.563938+00:00, run_after=2024-04-29T07:49:40.563938+00:00
[2024-04-29T07:49:40.598+0000] {processor.py:179} INFO - Processing /usr/local/python/3.10.13/lib/python3.10/site-packages/airflow/example_dags/example_short_circuit_operator.py took 0.073 seconds
[2024-04-29T07:50:28.230+0000] {processor.py:157} INFO - Started process (PID=8918) to work on /usr/local/python/3.10.13/lib/python3.10/site-packages/airflow/example_dags/example_short_circuit_operator.py
[2024-04-29T07:50:28.231+0000] {processor.py:826} INFO - Processing file /usr/local/python/3.10.13/lib/python3.10/site-packages/airflow/example_dags/example_short_circuit_operator.py for tasks to queue
[2024-04-29T07:50:28.231+0000] {logging_mixin.py:150} INFO - [2024-04-29T07:50:28.231+0000] {dagbag.py:541} INFO - Filling up the DagBag from /usr/local/python/3.10.13/lib/python3.10/site-packages/airflow/example_dags/example_short_circuit_operator.py
[2024-04-29T07:50:28.241+0000] {processor.py:836} INFO - DAG(s) dict_keys(['example_short_circuit_operator']) retrieved from /usr/local/python/3.10.13/lib/python3.10/site-packages/airflow/example_dags/example_short_circuit_operator.py
[2024-04-29T07:50:28.270+0000] {logging_mixin.py:150} INFO - [2024-04-29T07:50:28.270+0000] {dag.py:2742} INFO - Sync 1 DAGs
[2024-04-29T07:50:28.295+0000] {logging_mixin.py:150} INFO - [2024-04-29T07:50:28.295+0000] {dag.py:3504} INFO - Setting next_dagrun for example_short_circuit_operator to 2024-04-28T07:50:28.295184+00:00, run_after=2024-04-29T07:50:28.295184+00:00
[2024-04-29T07:50:28.335+0000] {processor.py:179} INFO - Processing /usr/local/python/3.10.13/lib/python3.10/site-packages/airflow/example_dags/example_short_circuit_operator.py took 0.109 seconds
[2024-04-29T07:51:21.543+0000] {processor.py:157} INFO - Started process (PID=9740) to work on /usr/local/python/3.10.13/lib/python3.10/site-packages/airflow/example_dags/example_short_circuit_operator.py
[2024-04-29T07:51:21.547+0000] {processor.py:826} INFO - Processing file /usr/local/python/3.10.13/lib/python3.10/site-packages/airflow/example_dags/example_short_circuit_operator.py for tasks to queue
[2024-04-29T07:51:21.553+0000] {logging_mixin.py:150} INFO - [2024-04-29T07:51:21.548+0000] {dagbag.py:541} INFO - Filling up the DagBag from /usr/local/python/3.10.13/lib/python3.10/site-packages/airflow/example_dags/example_short_circuit_operator.py
[2024-04-29T07:51:21.568+0000] {processor.py:836} INFO - DAG(s) dict_keys(['example_short_circuit_operator']) retrieved from /usr/local/python/3.10.13/lib/python3.10/site-packages/airflow/example_dags/example_short_circuit_operator.py
[2024-04-29T07:51:21.601+0000] {logging_mixin.py:150} INFO - [2024-04-29T07:51:21.601+0000] {dag.py:2742} INFO - Sync 1 DAGs
[2024-04-29T07:51:21.637+0000] {logging_mixin.py:150} INFO - [2024-04-29T07:51:21.636+0000] {dag.py:3504} INFO - Setting next_dagrun for example_short_circuit_operator to 2024-04-28T07:51:21.636655+00:00, run_after=2024-04-29T07:51:21.636655+00:00
[2024-04-29T07:51:21.706+0000] {processor.py:179} INFO - Processing /usr/local/python/3.10.13/lib/python3.10/site-packages/airflow/example_dags/example_short_circuit_operator.py took 0.168 seconds
[2024-04-29T07:52:11.320+0000] {processor.py:157} INFO - Started process (PID=10230) to work on /usr/local/python/3.10.13/lib/python3.10/site-packages/airflow/example_dags/example_short_circuit_operator.py
[2024-04-29T07:52:11.320+0000] {processor.py:826} INFO - Processing file /usr/local/python/3.10.13/lib/python3.10/site-packages/airflow/example_dags/example_short_circuit_operator.py for tasks to queue
[2024-04-29T07:52:11.321+0000] {logging_mixin.py:150} INFO - [2024-04-29T07:52:11.321+0000] {dagbag.py:541} INFO - Filling up the DagBag from /usr/local/python/3.10.13/lib/python3.10/site-packages/airflow/example_dags/example_short_circuit_operator.py
[2024-04-29T07:52:11.328+0000] {processor.py:836} INFO - DAG(s) dict_keys(['example_short_circuit_operator']) retrieved from /usr/local/python/3.10.13/lib/python3.10/site-packages/airflow/example_dags/example_short_circuit_operator.py
[2024-04-29T07:52:11.346+0000] {logging_mixin.py:150} INFO - [2024-04-29T07:52:11.346+0000] {dag.py:2742} INFO - Sync 1 DAGs
[2024-04-29T07:52:11.363+0000] {logging_mixin.py:150} INFO - [2024-04-29T07:52:11.363+0000] {dag.py:3504} INFO - Setting next_dagrun for example_short_circuit_operator to 2024-04-28T07:52:11.362864+00:00, run_after=2024-04-29T07:52:11.362864+00:00
[2024-04-29T07:52:11.401+0000] {processor.py:179} INFO - Processing /usr/local/python/3.10.13/lib/python3.10/site-packages/airflow/example_dags/example_short_circuit_operator.py took 0.083 seconds
[2024-04-29T07:52:53.268+0000] {processor.py:157} INFO - Started process (PID=10644) to work on /usr/local/python/3.10.13/lib/python3.10/site-packages/airflow/example_dags/example_short_circuit_operator.py
[2024-04-29T07:52:53.269+0000] {processor.py:826} INFO - Processing file /usr/local/python/3.10.13/lib/python3.10/site-packages/airflow/example_dags/example_short_circuit_operator.py for tasks to queue
[2024-04-29T07:52:53.271+0000] {logging_mixin.py:150} INFO - [2024-04-29T07:52:53.271+0000] {dagbag.py:541} INFO - Filling up the DagBag from /usr/local/python/3.10.13/lib/python3.10/site-packages/airflow/example_dags/example_short_circuit_operator.py
[2024-04-29T07:52:53.281+0000] {processor.py:836} INFO - DAG(s) dict_keys(['example_short_circuit_operator']) retrieved from /usr/local/python/3.10.13/lib/python3.10/site-packages/airflow/example_dags/example_short_circuit_operator.py
[2024-04-29T07:52:53.302+0000] {logging_mixin.py:150} INFO - [2024-04-29T07:52:53.302+0000] {dag.py:2742} INFO - Sync 1 DAGs
[2024-04-29T07:52:53.324+0000] {logging_mixin.py:150} INFO - [2024-04-29T07:52:53.324+0000] {dag.py:3504} INFO - Setting next_dagrun for example_short_circuit_operator to 2024-04-28T07:52:53.324263+00:00, run_after=2024-04-29T07:52:53.324263+00:00
[2024-04-29T07:52:53.359+0000] {processor.py:179} INFO - Processing /usr/local/python/3.10.13/lib/python3.10/site-packages/airflow/example_dags/example_short_circuit_operator.py took 0.094 seconds
[2024-04-29T07:53:35.880+0000] {processor.py:157} INFO - Started process (PID=10947) to work on /usr/local/python/3.10.13/lib/python3.10/site-packages/airflow/example_dags/example_short_circuit_operator.py
[2024-04-29T07:53:35.881+0000] {processor.py:826} INFO - Processing file /usr/local/python/3.10.13/lib/python3.10/site-packages/airflow/example_dags/example_short_circuit_operator.py for tasks to queue
[2024-04-29T07:53:35.881+0000] {logging_mixin.py:150} INFO - [2024-04-29T07:53:35.881+0000] {dagbag.py:541} INFO - Filling up the DagBag from /usr/local/python/3.10.13/lib/python3.10/site-packages/airflow/example_dags/example_short_circuit_operator.py
[2024-04-29T07:53:35.889+0000] {processor.py:836} INFO - DAG(s) dict_keys(['example_short_circuit_operator']) retrieved from /usr/local/python/3.10.13/lib/python3.10/site-packages/airflow/example_dags/example_short_circuit_operator.py
[2024-04-29T07:53:35.903+0000] {logging_mixin.py:150} INFO - [2024-04-29T07:53:35.903+0000] {dag.py:2742} INFO - Sync 1 DAGs
[2024-04-29T07:53:35.920+0000] {logging_mixin.py:150} INFO - [2024-04-29T07:53:35.920+0000] {dag.py:3504} INFO - Setting next_dagrun for example_short_circuit_operator to 2024-04-28T07:53:35.920034+00:00, run_after=2024-04-29T07:53:35.920034+00:00
[2024-04-29T07:53:35.972+0000] {processor.py:179} INFO - Processing /usr/local/python/3.10.13/lib/python3.10/site-packages/airflow/example_dags/example_short_circuit_operator.py took 0.094 seconds
[2024-04-29T07:54:31.965+0000] {processor.py:157} INFO - Started process (PID=11381) to work on /usr/local/python/3.10.13/lib/python3.10/site-packages/airflow/example_dags/example_short_circuit_operator.py
[2024-04-29T07:54:31.966+0000] {processor.py:826} INFO - Processing file /usr/local/python/3.10.13/lib/python3.10/site-packages/airflow/example_dags/example_short_circuit_operator.py for tasks to queue
[2024-04-29T07:54:31.967+0000] {logging_mixin.py:150} INFO - [2024-04-29T07:54:31.966+0000] {dagbag.py:541} INFO - Filling up the DagBag from /usr/local/python/3.10.13/lib/python3.10/site-packages/airflow/example_dags/example_short_circuit_operator.py
[2024-04-29T07:54:31.974+0000] {processor.py:836} INFO - DAG(s) dict_keys(['example_short_circuit_operator']) retrieved from /usr/local/python/3.10.13/lib/python3.10/site-packages/airflow/example_dags/example_short_circuit_operator.py
[2024-04-29T07:54:31.987+0000] {logging_mixin.py:150} INFO - [2024-04-29T07:54:31.987+0000] {dag.py:2742} INFO - Sync 1 DAGs
[2024-04-29T07:54:32.005+0000] {logging_mixin.py:150} INFO - [2024-04-29T07:54:32.005+0000] {dag.py:3504} INFO - Setting next_dagrun for example_short_circuit_operator to 2024-04-28T07:54:32.005182+00:00, run_after=2024-04-29T07:54:32.005182+00:00
[2024-04-29T07:54:32.053+0000] {processor.py:179} INFO - Processing /usr/local/python/3.10.13/lib/python3.10/site-packages/airflow/example_dags/example_short_circuit_operator.py took 0.090 seconds
[2024-04-29T07:55:23.790+0000] {processor.py:157} INFO - Started process (PID=11761) to work on /usr/local/python/3.10.13/lib/python3.10/site-packages/airflow/example_dags/example_short_circuit_operator.py
[2024-04-29T07:55:23.791+0000] {processor.py:826} INFO - Processing file /usr/local/python/3.10.13/lib/python3.10/site-packages/airflow/example_dags/example_short_circuit_operator.py for tasks to queue
[2024-04-29T07:55:23.791+0000] {logging_mixin.py:150} INFO - [2024-04-29T07:55:23.791+0000] {dagbag.py:541} INFO - Filling up the DagBag from /usr/local/python/3.10.13/lib/python3.10/site-packages/airflow/example_dags/example_short_circuit_operator.py
[2024-04-29T07:55:23.800+0000] {processor.py:836} INFO - DAG(s) dict_keys(['example_short_circuit_operator']) retrieved from /usr/local/python/3.10.13/lib/python3.10/site-packages/airflow/example_dags/example_short_circuit_operator.py
[2024-04-29T07:55:23.823+0000] {logging_mixin.py:150} INFO - [2024-04-29T07:55:23.823+0000] {dag.py:2742} INFO - Sync 1 DAGs
[2024-04-29T07:55:23.844+0000] {logging_mixin.py:150} INFO - [2024-04-29T07:55:23.844+0000] {dag.py:3504} INFO - Setting next_dagrun for example_short_circuit_operator to 2024-04-28T07:55:23.843932+00:00, run_after=2024-04-29T07:55:23.843932+00:00
[2024-04-29T07:55:23.883+0000] {processor.py:179} INFO - Processing /usr/local/python/3.10.13/lib/python3.10/site-packages/airflow/example_dags/example_short_circuit_operator.py took 0.095 seconds
[2024-04-29T07:56:19.495+0000] {processor.py:157} INFO - Started process (PID=12175) to work on /usr/local/python/3.10.13/lib/python3.10/site-packages/airflow/example_dags/example_short_circuit_operator.py
[2024-04-29T07:56:19.503+0000] {processor.py:826} INFO - Processing file /usr/local/python/3.10.13/lib/python3.10/site-packages/airflow/example_dags/example_short_circuit_operator.py for tasks to queue
[2024-04-29T07:56:19.504+0000] {logging_mixin.py:150} INFO - [2024-04-29T07:56:19.504+0000] {dagbag.py:541} INFO - Filling up the DagBag from /usr/local/python/3.10.13/lib/python3.10/site-packages/airflow/example_dags/example_short_circuit_operator.py
[2024-04-29T07:56:19.531+0000] {processor.py:836} INFO - DAG(s) dict_keys(['example_short_circuit_operator']) retrieved from /usr/local/python/3.10.13/lib/python3.10/site-packages/airflow/example_dags/example_short_circuit_operator.py
[2024-04-29T07:56:19.609+0000] {logging_mixin.py:150} INFO - [2024-04-29T07:56:19.608+0000] {dag.py:2742} INFO - Sync 1 DAGs
[2024-04-29T07:56:19.645+0000] {logging_mixin.py:150} INFO - [2024-04-29T07:56:19.645+0000] {dag.py:3504} INFO - Setting next_dagrun for example_short_circuit_operator to 2024-04-28T07:56:19.645022+00:00, run_after=2024-04-29T07:56:19.645022+00:00
[2024-04-29T07:56:19.698+0000] {processor.py:179} INFO - Processing /usr/local/python/3.10.13/lib/python3.10/site-packages/airflow/example_dags/example_short_circuit_operator.py took 0.212 seconds
[2024-04-29T07:57:23.704+0000] {processor.py:157} INFO - Started process (PID=12655) to work on /usr/local/python/3.10.13/lib/python3.10/site-packages/airflow/example_dags/example_short_circuit_operator.py
[2024-04-29T07:57:23.704+0000] {processor.py:826} INFO - Processing file /usr/local/python/3.10.13/lib/python3.10/site-packages/airflow/example_dags/example_short_circuit_operator.py for tasks to queue
[2024-04-29T07:57:23.705+0000] {logging_mixin.py:150} INFO - [2024-04-29T07:57:23.705+0000] {dagbag.py:541} INFO - Filling up the DagBag from /usr/local/python/3.10.13/lib/python3.10/site-packages/airflow/example_dags/example_short_circuit_operator.py
[2024-04-29T07:57:23.711+0000] {processor.py:836} INFO - DAG(s) dict_keys(['example_short_circuit_operator']) retrieved from /usr/local/python/3.10.13/lib/python3.10/site-packages/airflow/example_dags/example_short_circuit_operator.py
[2024-04-29T07:57:23.727+0000] {logging_mixin.py:150} INFO - [2024-04-29T07:57:23.727+0000] {dag.py:2742} INFO - Sync 1 DAGs
[2024-04-29T07:57:23.745+0000] {logging_mixin.py:150} INFO - [2024-04-29T07:57:23.744+0000] {dag.py:3504} INFO - Setting next_dagrun for example_short_circuit_operator to 2024-04-28T07:57:23.744730+00:00, run_after=2024-04-29T07:57:23.744730+00:00
[2024-04-29T07:57:23.780+0000] {processor.py:179} INFO - Processing /usr/local/python/3.10.13/lib/python3.10/site-packages/airflow/example_dags/example_short_circuit_operator.py took 0.079 seconds
[2024-04-29T07:58:25.764+0000] {processor.py:157} INFO - Started process (PID=13121) to work on /usr/local/python/3.10.13/lib/python3.10/site-packages/airflow/example_dags/example_short_circuit_operator.py
[2024-04-29T07:58:25.765+0000] {processor.py:826} INFO - Processing file /usr/local/python/3.10.13/lib/python3.10/site-packages/airflow/example_dags/example_short_circuit_operator.py for tasks to queue
[2024-04-29T07:58:25.766+0000] {logging_mixin.py:150} INFO - [2024-04-29T07:58:25.766+0000] {dagbag.py:541} INFO - Filling up the DagBag from /usr/local/python/3.10.13/lib/python3.10/site-packages/airflow/example_dags/example_short_circuit_operator.py
[2024-04-29T07:58:25.776+0000] {processor.py:836} INFO - DAG(s) dict_keys(['example_short_circuit_operator']) retrieved from /usr/local/python/3.10.13/lib/python3.10/site-packages/airflow/example_dags/example_short_circuit_operator.py
[2024-04-29T07:58:25.799+0000] {logging_mixin.py:150} INFO - [2024-04-29T07:58:25.799+0000] {dag.py:2742} INFO - Sync 1 DAGs
[2024-04-29T07:58:25.827+0000] {logging_mixin.py:150} INFO - [2024-04-29T07:58:25.826+0000] {dag.py:3504} INFO - Setting next_dagrun for example_short_circuit_operator to 2024-04-28T07:58:25.826570+00:00, run_after=2024-04-29T07:58:25.826570+00:00
[2024-04-29T07:58:25.895+0000] {processor.py:179} INFO - Processing /usr/local/python/3.10.13/lib/python3.10/site-packages/airflow/example_dags/example_short_circuit_operator.py took 0.134 seconds
[2024-04-29T07:59:19.436+0000] {processor.py:157} INFO - Started process (PID=13505) to work on /usr/local/python/3.10.13/lib/python3.10/site-packages/airflow/example_dags/example_short_circuit_operator.py
[2024-04-29T07:59:19.437+0000] {processor.py:826} INFO - Processing file /usr/local/python/3.10.13/lib/python3.10/site-packages/airflow/example_dags/example_short_circuit_operator.py for tasks to queue
[2024-04-29T07:59:19.437+0000] {logging_mixin.py:150} INFO - [2024-04-29T07:59:19.437+0000] {dagbag.py:541} INFO - Filling up the DagBag from /usr/local/python/3.10.13/lib/python3.10/site-packages/airflow/example_dags/example_short_circuit_operator.py
[2024-04-29T07:59:19.445+0000] {processor.py:836} INFO - DAG(s) dict_keys(['example_short_circuit_operator']) retrieved from /usr/local/python/3.10.13/lib/python3.10/site-packages/airflow/example_dags/example_short_circuit_operator.py
[2024-04-29T07:59:19.459+0000] {logging_mixin.py:150} INFO - [2024-04-29T07:59:19.459+0000] {dag.py:2742} INFO - Sync 1 DAGs
[2024-04-29T07:59:19.476+0000] {logging_mixin.py:150} INFO - [2024-04-29T07:59:19.476+0000] {dag.py:3504} INFO - Setting next_dagrun for example_short_circuit_operator to 2024-04-28T07:59:19.476241+00:00, run_after=2024-04-29T07:59:19.476241+00:00
[2024-04-29T07:59:19.512+0000] {processor.py:179} INFO - Processing /usr/local/python/3.10.13/lib/python3.10/site-packages/airflow/example_dags/example_short_circuit_operator.py took 0.079 seconds
[2024-04-29T08:00:10.508+0000] {processor.py:157} INFO - Started process (PID=13861) to work on /usr/local/python/3.10.13/lib/python3.10/site-packages/airflow/example_dags/example_short_circuit_operator.py
[2024-04-29T08:00:10.509+0000] {processor.py:826} INFO - Processing file /usr/local/python/3.10.13/lib/python3.10/site-packages/airflow/example_dags/example_short_circuit_operator.py for tasks to queue
[2024-04-29T08:00:10.509+0000] {logging_mixin.py:150} INFO - [2024-04-29T08:00:10.509+0000] {dagbag.py:541} INFO - Filling up the DagBag from /usr/local/python/3.10.13/lib/python3.10/site-packages/airflow/example_dags/example_short_circuit_operator.py
[2024-04-29T08:00:10.516+0000] {processor.py:836} INFO - DAG(s) dict_keys(['example_short_circuit_operator']) retrieved from /usr/local/python/3.10.13/lib/python3.10/site-packages/airflow/example_dags/example_short_circuit_operator.py
[2024-04-29T08:00:10.534+0000] {logging_mixin.py:150} INFO - [2024-04-29T08:00:10.534+0000] {dag.py:2742} INFO - Sync 1 DAGs
[2024-04-29T08:00:10.549+0000] {logging_mixin.py:150} INFO - [2024-04-29T08:00:10.549+0000] {dag.py:3504} INFO - Setting next_dagrun for example_short_circuit_operator to 2024-04-28T08:00:10.549410+00:00, run_after=2024-04-29T08:00:10.549410+00:00
[2024-04-29T08:00:10.585+0000] {processor.py:179} INFO - Processing /usr/local/python/3.10.13/lib/python3.10/site-packages/airflow/example_dags/example_short_circuit_operator.py took 0.081 seconds
[2024-04-29T08:01:03.557+0000] {processor.py:157} INFO - Started process (PID=14240) to work on /usr/local/python/3.10.13/lib/python3.10/site-packages/airflow/example_dags/example_short_circuit_operator.py
[2024-04-29T08:01:03.558+0000] {processor.py:826} INFO - Processing file /usr/local/python/3.10.13/lib/python3.10/site-packages/airflow/example_dags/example_short_circuit_operator.py for tasks to queue
[2024-04-29T08:01:03.559+0000] {logging_mixin.py:150} INFO - [2024-04-29T08:01:03.558+0000] {dagbag.py:541} INFO - Filling up the DagBag from /usr/local/python/3.10.13/lib/python3.10/site-packages/airflow/example_dags/example_short_circuit_operator.py
[2024-04-29T08:01:03.567+0000] {processor.py:836} INFO - DAG(s) dict_keys(['example_short_circuit_operator']) retrieved from /usr/local/python/3.10.13/lib/python3.10/site-packages/airflow/example_dags/example_short_circuit_operator.py
[2024-04-29T08:01:03.587+0000] {logging_mixin.py:150} INFO - [2024-04-29T08:01:03.587+0000] {dag.py:2742} INFO - Sync 1 DAGs
[2024-04-29T08:01:03.614+0000] {logging_mixin.py:150} INFO - [2024-04-29T08:01:03.614+0000] {dag.py:3504} INFO - Setting next_dagrun for example_short_circuit_operator to 2024-04-28T08:01:03.614172+00:00, run_after=2024-04-29T08:01:03.614172+00:00
[2024-04-29T08:01:03.657+0000] {processor.py:179} INFO - Processing /usr/local/python/3.10.13/lib/python3.10/site-packages/airflow/example_dags/example_short_circuit_operator.py took 0.102 seconds
[2024-04-29T08:01:57.488+0000] {processor.py:157} INFO - Started process (PID=14604) to work on /usr/local/python/3.10.13/lib/python3.10/site-packages/airflow/example_dags/example_short_circuit_operator.py
[2024-04-29T08:01:57.489+0000] {processor.py:826} INFO - Processing file /usr/local/python/3.10.13/lib/python3.10/site-packages/airflow/example_dags/example_short_circuit_operator.py for tasks to queue
[2024-04-29T08:01:57.490+0000] {logging_mixin.py:150} INFO - [2024-04-29T08:01:57.489+0000] {dagbag.py:541} INFO - Filling up the DagBag from /usr/local/python/3.10.13/lib/python3.10/site-packages/airflow/example_dags/example_short_circuit_operator.py
[2024-04-29T08:01:57.497+0000] {processor.py:836} INFO - DAG(s) dict_keys(['example_short_circuit_operator']) retrieved from /usr/local/python/3.10.13/lib/python3.10/site-packages/airflow/example_dags/example_short_circuit_operator.py
[2024-04-29T08:01:57.511+0000] {logging_mixin.py:150} INFO - [2024-04-29T08:01:57.511+0000] {dag.py:2742} INFO - Sync 1 DAGs
[2024-04-29T08:01:57.527+0000] {logging_mixin.py:150} INFO - [2024-04-29T08:01:57.527+0000] {dag.py:3504} INFO - Setting next_dagrun for example_short_circuit_operator to 2024-04-28T08:01:57.527147+00:00, run_after=2024-04-29T08:01:57.527147+00:00
[2024-04-29T08:01:57.571+0000] {processor.py:179} INFO - Processing /usr/local/python/3.10.13/lib/python3.10/site-packages/airflow/example_dags/example_short_circuit_operator.py took 0.085 seconds
[2024-04-29T08:02:46.812+0000] {processor.py:157} INFO - Started process (PID=14948) to work on /usr/local/python/3.10.13/lib/python3.10/site-packages/airflow/example_dags/example_short_circuit_operator.py
[2024-04-29T08:02:46.812+0000] {processor.py:826} INFO - Processing file /usr/local/python/3.10.13/lib/python3.10/site-packages/airflow/example_dags/example_short_circuit_operator.py for tasks to queue
[2024-04-29T08:02:46.813+0000] {logging_mixin.py:150} INFO - [2024-04-29T08:02:46.813+0000] {dagbag.py:541} INFO - Filling up the DagBag from /usr/local/python/3.10.13/lib/python3.10/site-packages/airflow/example_dags/example_short_circuit_operator.py
[2024-04-29T08:02:46.820+0000] {processor.py:836} INFO - DAG(s) dict_keys(['example_short_circuit_operator']) retrieved from /usr/local/python/3.10.13/lib/python3.10/site-packages/airflow/example_dags/example_short_circuit_operator.py
[2024-04-29T08:02:46.834+0000] {logging_mixin.py:150} INFO - [2024-04-29T08:02:46.834+0000] {dag.py:2742} INFO - Sync 1 DAGs
[2024-04-29T08:02:46.850+0000] {logging_mixin.py:150} INFO - [2024-04-29T08:02:46.850+0000] {dag.py:3504} INFO - Setting next_dagrun for example_short_circuit_operator to 2024-04-28T08:02:46.850382+00:00, run_after=2024-04-29T08:02:46.850382+00:00
[2024-04-29T08:02:46.885+0000] {processor.py:179} INFO - Processing /usr/local/python/3.10.13/lib/python3.10/site-packages/airflow/example_dags/example_short_circuit_operator.py took 0.076 seconds
[2024-04-29T08:03:35.427+0000] {processor.py:157} INFO - Started process (PID=15291) to work on /usr/local/python/3.10.13/lib/python3.10/site-packages/airflow/example_dags/example_short_circuit_operator.py
[2024-04-29T08:03:35.428+0000] {processor.py:826} INFO - Processing file /usr/local/python/3.10.13/lib/python3.10/site-packages/airflow/example_dags/example_short_circuit_operator.py for tasks to queue
[2024-04-29T08:03:35.429+0000] {logging_mixin.py:150} INFO - [2024-04-29T08:03:35.428+0000] {dagbag.py:541} INFO - Filling up the DagBag from /usr/local/python/3.10.13/lib/python3.10/site-packages/airflow/example_dags/example_short_circuit_operator.py
[2024-04-29T08:03:35.435+0000] {processor.py:836} INFO - DAG(s) dict_keys(['example_short_circuit_operator']) retrieved from /usr/local/python/3.10.13/lib/python3.10/site-packages/airflow/example_dags/example_short_circuit_operator.py
[2024-04-29T08:03:35.450+0000] {logging_mixin.py:150} INFO - [2024-04-29T08:03:35.450+0000] {dag.py:2742} INFO - Sync 1 DAGs
[2024-04-29T08:03:35.466+0000] {logging_mixin.py:150} INFO - [2024-04-29T08:03:35.466+0000] {dag.py:3504} INFO - Setting next_dagrun for example_short_circuit_operator to 2024-04-28T08:03:35.466371+00:00, run_after=2024-04-29T08:03:35.466371+00:00
[2024-04-29T08:03:35.508+0000] {processor.py:179} INFO - Processing /usr/local/python/3.10.13/lib/python3.10/site-packages/airflow/example_dags/example_short_circuit_operator.py took 0.084 seconds
[2024-04-29T08:04:29.681+0000] {processor.py:157} INFO - Started process (PID=15657) to work on /usr/local/python/3.10.13/lib/python3.10/site-packages/airflow/example_dags/example_short_circuit_operator.py
[2024-04-29T08:04:29.681+0000] {processor.py:826} INFO - Processing file /usr/local/python/3.10.13/lib/python3.10/site-packages/airflow/example_dags/example_short_circuit_operator.py for tasks to queue
[2024-04-29T08:04:29.682+0000] {logging_mixin.py:150} INFO - [2024-04-29T08:04:29.682+0000] {dagbag.py:541} INFO - Filling up the DagBag from /usr/local/python/3.10.13/lib/python3.10/site-packages/airflow/example_dags/example_short_circuit_operator.py
[2024-04-29T08:04:29.689+0000] {processor.py:836} INFO - DAG(s) dict_keys(['example_short_circuit_operator']) retrieved from /usr/local/python/3.10.13/lib/python3.10/site-packages/airflow/example_dags/example_short_circuit_operator.py
[2024-04-29T08:04:29.703+0000] {logging_mixin.py:150} INFO - [2024-04-29T08:04:29.703+0000] {dag.py:2742} INFO - Sync 1 DAGs
[2024-04-29T08:04:29.722+0000] {logging_mixin.py:150} INFO - [2024-04-29T08:04:29.722+0000] {dag.py:3504} INFO - Setting next_dagrun for example_short_circuit_operator to 2024-04-28T08:04:29.721957+00:00, run_after=2024-04-29T08:04:29.721957+00:00
[2024-04-29T08:04:29.757+0000] {processor.py:179} INFO - Processing /usr/local/python/3.10.13/lib/python3.10/site-packages/airflow/example_dags/example_short_circuit_operator.py took 0.078 seconds
[2024-04-29T08:05:22.596+0000] {processor.py:157} INFO - Started process (PID=16010) to work on /usr/local/python/3.10.13/lib/python3.10/site-packages/airflow/example_dags/example_short_circuit_operator.py
[2024-04-29T08:05:22.597+0000] {processor.py:826} INFO - Processing file /usr/local/python/3.10.13/lib/python3.10/site-packages/airflow/example_dags/example_short_circuit_operator.py for tasks to queue
[2024-04-29T08:05:22.597+0000] {logging_mixin.py:150} INFO - [2024-04-29T08:05:22.597+0000] {dagbag.py:541} INFO - Filling up the DagBag from /usr/local/python/3.10.13/lib/python3.10/site-packages/airflow/example_dags/example_short_circuit_operator.py
[2024-04-29T08:05:22.604+0000] {processor.py:836} INFO - DAG(s) dict_keys(['example_short_circuit_operator']) retrieved from /usr/local/python/3.10.13/lib/python3.10/site-packages/airflow/example_dags/example_short_circuit_operator.py
[2024-04-29T08:05:22.618+0000] {logging_mixin.py:150} INFO - [2024-04-29T08:05:22.618+0000] {dag.py:2742} INFO - Sync 1 DAGs
[2024-04-29T08:05:22.634+0000] {logging_mixin.py:150} INFO - [2024-04-29T08:05:22.633+0000] {dag.py:3504} INFO - Setting next_dagrun for example_short_circuit_operator to 2024-04-28T08:05:22.633796+00:00, run_after=2024-04-29T08:05:22.633796+00:00
[2024-04-29T08:05:22.668+0000] {processor.py:179} INFO - Processing /usr/local/python/3.10.13/lib/python3.10/site-packages/airflow/example_dags/example_short_circuit_operator.py took 0.075 seconds
[2024-04-29T08:06:15.372+0000] {processor.py:157} INFO - Started process (PID=16376) to work on /usr/local/python/3.10.13/lib/python3.10/site-packages/airflow/example_dags/example_short_circuit_operator.py
[2024-04-29T08:06:15.373+0000] {processor.py:826} INFO - Processing file /usr/local/python/3.10.13/lib/python3.10/site-packages/airflow/example_dags/example_short_circuit_operator.py for tasks to queue
[2024-04-29T08:06:15.374+0000] {logging_mixin.py:150} INFO - [2024-04-29T08:06:15.373+0000] {dagbag.py:541} INFO - Filling up the DagBag from /usr/local/python/3.10.13/lib/python3.10/site-packages/airflow/example_dags/example_short_circuit_operator.py
[2024-04-29T08:06:15.383+0000] {processor.py:836} INFO - DAG(s) dict_keys(['example_short_circuit_operator']) retrieved from /usr/local/python/3.10.13/lib/python3.10/site-packages/airflow/example_dags/example_short_circuit_operator.py
[2024-04-29T08:06:15.404+0000] {logging_mixin.py:150} INFO - [2024-04-29T08:06:15.404+0000] {dag.py:2742} INFO - Sync 1 DAGs
[2024-04-29T08:06:15.428+0000] {logging_mixin.py:150} INFO - [2024-04-29T08:06:15.428+0000] {dag.py:3504} INFO - Setting next_dagrun for example_short_circuit_operator to 2024-04-28T08:06:15.428192+00:00, run_after=2024-04-29T08:06:15.428192+00:00
[2024-04-29T08:06:15.471+0000] {processor.py:179} INFO - Processing /usr/local/python/3.10.13/lib/python3.10/site-packages/airflow/example_dags/example_short_circuit_operator.py took 0.101 seconds
[2024-04-29T08:07:06.930+0000] {processor.py:157} INFO - Started process (PID=16739) to work on /usr/local/python/3.10.13/lib/python3.10/site-packages/airflow/example_dags/example_short_circuit_operator.py
[2024-04-29T08:07:06.930+0000] {processor.py:826} INFO - Processing file /usr/local/python/3.10.13/lib/python3.10/site-packages/airflow/example_dags/example_short_circuit_operator.py for tasks to queue
[2024-04-29T08:07:06.931+0000] {logging_mixin.py:150} INFO - [2024-04-29T08:07:06.931+0000] {dagbag.py:541} INFO - Filling up the DagBag from /usr/local/python/3.10.13/lib/python3.10/site-packages/airflow/example_dags/example_short_circuit_operator.py
[2024-04-29T08:07:06.937+0000] {processor.py:836} INFO - DAG(s) dict_keys(['example_short_circuit_operator']) retrieved from /usr/local/python/3.10.13/lib/python3.10/site-packages/airflow/example_dags/example_short_circuit_operator.py
[2024-04-29T08:07:06.952+0000] {logging_mixin.py:150} INFO - [2024-04-29T08:07:06.951+0000] {dag.py:2742} INFO - Sync 1 DAGs
[2024-04-29T08:07:06.967+0000] {logging_mixin.py:150} INFO - [2024-04-29T08:07:06.967+0000] {dag.py:3504} INFO - Setting next_dagrun for example_short_circuit_operator to 2024-04-28T08:07:06.967200+00:00, run_after=2024-04-29T08:07:06.967200+00:00
[2024-04-29T08:07:07.007+0000] {processor.py:179} INFO - Processing /usr/local/python/3.10.13/lib/python3.10/site-packages/airflow/example_dags/example_short_circuit_operator.py took 0.079 seconds
[2024-04-29T08:07:57.075+0000] {processor.py:157} INFO - Started process (PID=17076) to work on /usr/local/python/3.10.13/lib/python3.10/site-packages/airflow/example_dags/example_short_circuit_operator.py
[2024-04-29T08:07:57.076+0000] {processor.py:826} INFO - Processing file /usr/local/python/3.10.13/lib/python3.10/site-packages/airflow/example_dags/example_short_circuit_operator.py for tasks to queue
[2024-04-29T08:07:57.077+0000] {logging_mixin.py:150} INFO - [2024-04-29T08:07:57.076+0000] {dagbag.py:541} INFO - Filling up the DagBag from /usr/local/python/3.10.13/lib/python3.10/site-packages/airflow/example_dags/example_short_circuit_operator.py
[2024-04-29T08:07:57.083+0000] {processor.py:836} INFO - DAG(s) dict_keys(['example_short_circuit_operator']) retrieved from /usr/local/python/3.10.13/lib/python3.10/site-packages/airflow/example_dags/example_short_circuit_operator.py
[2024-04-29T08:07:57.097+0000] {logging_mixin.py:150} INFO - [2024-04-29T08:07:57.097+0000] {dag.py:2742} INFO - Sync 1 DAGs
[2024-04-29T08:07:57.112+0000] {logging_mixin.py:150} INFO - [2024-04-29T08:07:57.112+0000] {dag.py:3504} INFO - Setting next_dagrun for example_short_circuit_operator to 2024-04-28T08:07:57.112307+00:00, run_after=2024-04-29T08:07:57.112307+00:00
[2024-04-29T08:07:57.147+0000] {processor.py:179} INFO - Processing /usr/local/python/3.10.13/lib/python3.10/site-packages/airflow/example_dags/example_short_circuit_operator.py took 0.074 seconds
[2024-04-29T08:08:46.688+0000] {processor.py:157} INFO - Started process (PID=17420) to work on /usr/local/python/3.10.13/lib/python3.10/site-packages/airflow/example_dags/example_short_circuit_operator.py
[2024-04-29T08:08:46.688+0000] {processor.py:826} INFO - Processing file /usr/local/python/3.10.13/lib/python3.10/site-packages/airflow/example_dags/example_short_circuit_operator.py for tasks to queue
[2024-04-29T08:08:46.689+0000] {logging_mixin.py:150} INFO - [2024-04-29T08:08:46.689+0000] {dagbag.py:541} INFO - Filling up the DagBag from /usr/local/python/3.10.13/lib/python3.10/site-packages/airflow/example_dags/example_short_circuit_operator.py
[2024-04-29T08:08:46.695+0000] {processor.py:836} INFO - DAG(s) dict_keys(['example_short_circuit_operator']) retrieved from /usr/local/python/3.10.13/lib/python3.10/site-packages/airflow/example_dags/example_short_circuit_operator.py
[2024-04-29T08:08:46.712+0000] {logging_mixin.py:150} INFO - [2024-04-29T08:08:46.711+0000] {dag.py:2742} INFO - Sync 1 DAGs
[2024-04-29T08:08:46.728+0000] {logging_mixin.py:150} INFO - [2024-04-29T08:08:46.728+0000] {dag.py:3504} INFO - Setting next_dagrun for example_short_circuit_operator to 2024-04-28T08:08:46.728442+00:00, run_after=2024-04-29T08:08:46.728442+00:00
[2024-04-29T08:08:46.765+0000] {processor.py:179} INFO - Processing /usr/local/python/3.10.13/lib/python3.10/site-packages/airflow/example_dags/example_short_circuit_operator.py took 0.080 seconds
[2024-04-29T08:09:41.777+0000] {processor.py:157} INFO - Started process (PID=17803) to work on /usr/local/python/3.10.13/lib/python3.10/site-packages/airflow/example_dags/example_short_circuit_operator.py
[2024-04-29T08:09:41.778+0000] {processor.py:826} INFO - Processing file /usr/local/python/3.10.13/lib/python3.10/site-packages/airflow/example_dags/example_short_circuit_operator.py for tasks to queue
[2024-04-29T08:09:41.779+0000] {logging_mixin.py:150} INFO - [2024-04-29T08:09:41.778+0000] {dagbag.py:541} INFO - Filling up the DagBag from /usr/local/python/3.10.13/lib/python3.10/site-packages/airflow/example_dags/example_short_circuit_operator.py
[2024-04-29T08:09:41.788+0000] {processor.py:836} INFO - DAG(s) dict_keys(['example_short_circuit_operator']) retrieved from /usr/local/python/3.10.13/lib/python3.10/site-packages/airflow/example_dags/example_short_circuit_operator.py
[2024-04-29T08:09:41.805+0000] {logging_mixin.py:150} INFO - [2024-04-29T08:09:41.805+0000] {dag.py:2742} INFO - Sync 1 DAGs
[2024-04-29T08:09:41.822+0000] {logging_mixin.py:150} INFO - [2024-04-29T08:09:41.822+0000] {dag.py:3504} INFO - Setting next_dagrun for example_short_circuit_operator to 2024-04-28T08:09:41.822352+00:00, run_after=2024-04-29T08:09:41.822352+00:00
[2024-04-29T08:09:41.859+0000] {processor.py:179} INFO - Processing /usr/local/python/3.10.13/lib/python3.10/site-packages/airflow/example_dags/example_short_circuit_operator.py took 0.084 seconds
[2024-04-29T08:10:35.162+0000] {processor.py:157} INFO - Started process (PID=18170) to work on /usr/local/python/3.10.13/lib/python3.10/site-packages/airflow/example_dags/example_short_circuit_operator.py
[2024-04-29T08:10:35.163+0000] {processor.py:826} INFO - Processing file /usr/local/python/3.10.13/lib/python3.10/site-packages/airflow/example_dags/example_short_circuit_operator.py for tasks to queue
[2024-04-29T08:10:35.164+0000] {logging_mixin.py:150} INFO - [2024-04-29T08:10:35.163+0000] {dagbag.py:541} INFO - Filling up the DagBag from /usr/local/python/3.10.13/lib/python3.10/site-packages/airflow/example_dags/example_short_circuit_operator.py
[2024-04-29T08:10:35.170+0000] {processor.py:836} INFO - DAG(s) dict_keys(['example_short_circuit_operator']) retrieved from /usr/local/python/3.10.13/lib/python3.10/site-packages/airflow/example_dags/example_short_circuit_operator.py
[2024-04-29T08:10:35.183+0000] {logging_mixin.py:150} INFO - [2024-04-29T08:10:35.183+0000] {dag.py:2742} INFO - Sync 1 DAGs
[2024-04-29T08:10:35.198+0000] {logging_mixin.py:150} INFO - [2024-04-29T08:10:35.198+0000] {dag.py:3504} INFO - Setting next_dagrun for example_short_circuit_operator to 2024-04-28T08:10:35.198490+00:00, run_after=2024-04-29T08:10:35.198490+00:00
[2024-04-29T08:10:35.232+0000] {processor.py:179} INFO - Processing /usr/local/python/3.10.13/lib/python3.10/site-packages/airflow/example_dags/example_short_circuit_operator.py took 0.072 seconds
[2024-04-29T08:11:21.909+0000] {processor.py:157} INFO - Started process (PID=18493) to work on /usr/local/python/3.10.13/lib/python3.10/site-packages/airflow/example_dags/example_short_circuit_operator.py
[2024-04-29T08:11:21.910+0000] {processor.py:826} INFO - Processing file /usr/local/python/3.10.13/lib/python3.10/site-packages/airflow/example_dags/example_short_circuit_operator.py for tasks to queue
[2024-04-29T08:11:21.910+0000] {logging_mixin.py:150} INFO - [2024-04-29T08:11:21.910+0000] {dagbag.py:541} INFO - Filling up the DagBag from /usr/local/python/3.10.13/lib/python3.10/site-packages/airflow/example_dags/example_short_circuit_operator.py
[2024-04-29T08:11:21.917+0000] {processor.py:836} INFO - DAG(s) dict_keys(['example_short_circuit_operator']) retrieved from /usr/local/python/3.10.13/lib/python3.10/site-packages/airflow/example_dags/example_short_circuit_operator.py
[2024-04-29T08:11:21.931+0000] {logging_mixin.py:150} INFO - [2024-04-29T08:11:21.931+0000] {dag.py:2742} INFO - Sync 1 DAGs
[2024-04-29T08:11:21.947+0000] {logging_mixin.py:150} INFO - [2024-04-29T08:11:21.946+0000] {dag.py:3504} INFO - Setting next_dagrun for example_short_circuit_operator to 2024-04-28T08:11:21.946747+00:00, run_after=2024-04-29T08:11:21.946747+00:00
[2024-04-29T08:11:21.982+0000] {processor.py:179} INFO - Processing /usr/local/python/3.10.13/lib/python3.10/site-packages/airflow/example_dags/example_short_circuit_operator.py took 0.076 seconds
[2024-04-29T08:12:15.949+0000] {processor.py:157} INFO - Started process (PID=18857) to work on /usr/local/python/3.10.13/lib/python3.10/site-packages/airflow/example_dags/example_short_circuit_operator.py
[2024-04-29T08:12:15.950+0000] {processor.py:826} INFO - Processing file /usr/local/python/3.10.13/lib/python3.10/site-packages/airflow/example_dags/example_short_circuit_operator.py for tasks to queue
[2024-04-29T08:12:15.951+0000] {logging_mixin.py:150} INFO - [2024-04-29T08:12:15.951+0000] {dagbag.py:541} INFO - Filling up the DagBag from /usr/local/python/3.10.13/lib/python3.10/site-packages/airflow/example_dags/example_short_circuit_operator.py
[2024-04-29T08:12:15.957+0000] {processor.py:836} INFO - DAG(s) dict_keys(['example_short_circuit_operator']) retrieved from /usr/local/python/3.10.13/lib/python3.10/site-packages/airflow/example_dags/example_short_circuit_operator.py
[2024-04-29T08:12:15.971+0000] {logging_mixin.py:150} INFO - [2024-04-29T08:12:15.971+0000] {dag.py:2742} INFO - Sync 1 DAGs
[2024-04-29T08:12:15.986+0000] {logging_mixin.py:150} INFO - [2024-04-29T08:12:15.986+0000] {dag.py:3504} INFO - Setting next_dagrun for example_short_circuit_operator to 2024-04-28T08:12:15.986669+00:00, run_after=2024-04-29T08:12:15.986669+00:00
[2024-04-29T08:12:16.022+0000] {processor.py:179} INFO - Processing /usr/local/python/3.10.13/lib/python3.10/site-packages/airflow/example_dags/example_short_circuit_operator.py took 0.075 seconds
[2024-04-29T08:13:09.242+0000] {processor.py:157} INFO - Started process (PID=19220) to work on /usr/local/python/3.10.13/lib/python3.10/site-packages/airflow/example_dags/example_short_circuit_operator.py
[2024-04-29T08:13:09.243+0000] {processor.py:826} INFO - Processing file /usr/local/python/3.10.13/lib/python3.10/site-packages/airflow/example_dags/example_short_circuit_operator.py for tasks to queue
[2024-04-29T08:13:09.244+0000] {logging_mixin.py:150} INFO - [2024-04-29T08:13:09.243+0000] {dagbag.py:541} INFO - Filling up the DagBag from /usr/local/python/3.10.13/lib/python3.10/site-packages/airflow/example_dags/example_short_circuit_operator.py
[2024-04-29T08:13:09.250+0000] {processor.py:836} INFO - DAG(s) dict_keys(['example_short_circuit_operator']) retrieved from /usr/local/python/3.10.13/lib/python3.10/site-packages/airflow/example_dags/example_short_circuit_operator.py
[2024-04-29T08:13:09.264+0000] {logging_mixin.py:150} INFO - [2024-04-29T08:13:09.263+0000] {dag.py:2742} INFO - Sync 1 DAGs
[2024-04-29T08:13:09.279+0000] {logging_mixin.py:150} INFO - [2024-04-29T08:13:09.278+0000] {dag.py:3504} INFO - Setting next_dagrun for example_short_circuit_operator to 2024-04-28T08:13:09.278811+00:00, run_after=2024-04-29T08:13:09.278811+00:00
[2024-04-29T08:13:09.313+0000] {processor.py:179} INFO - Processing /usr/local/python/3.10.13/lib/python3.10/site-packages/airflow/example_dags/example_short_circuit_operator.py took 0.073 seconds
[2024-04-29T08:14:00.881+0000] {processor.py:157} INFO - Started process (PID=19578) to work on /usr/local/python/3.10.13/lib/python3.10/site-packages/airflow/example_dags/example_short_circuit_operator.py
[2024-04-29T08:14:00.881+0000] {processor.py:826} INFO - Processing file /usr/local/python/3.10.13/lib/python3.10/site-packages/airflow/example_dags/example_short_circuit_operator.py for tasks to queue
[2024-04-29T08:14:00.882+0000] {logging_mixin.py:150} INFO - [2024-04-29T08:14:00.882+0000] {dagbag.py:541} INFO - Filling up the DagBag from /usr/local/python/3.10.13/lib/python3.10/site-packages/airflow/example_dags/example_short_circuit_operator.py
[2024-04-29T08:14:00.888+0000] {processor.py:836} INFO - DAG(s) dict_keys(['example_short_circuit_operator']) retrieved from /usr/local/python/3.10.13/lib/python3.10/site-packages/airflow/example_dags/example_short_circuit_operator.py
[2024-04-29T08:14:00.903+0000] {logging_mixin.py:150} INFO - [2024-04-29T08:14:00.903+0000] {dag.py:2742} INFO - Sync 1 DAGs
[2024-04-29T08:14:00.920+0000] {logging_mixin.py:150} INFO - [2024-04-29T08:14:00.920+0000] {dag.py:3504} INFO - Setting next_dagrun for example_short_circuit_operator to 2024-04-28T08:14:00.920453+00:00, run_after=2024-04-29T08:14:00.920453+00:00
[2024-04-29T08:14:00.955+0000] {processor.py:179} INFO - Processing /usr/local/python/3.10.13/lib/python3.10/site-packages/airflow/example_dags/example_short_circuit_operator.py took 0.077 seconds
[2024-04-29T08:14:56.381+0000] {processor.py:157} INFO - Started process (PID=19999) to work on /usr/local/python/3.10.13/lib/python3.10/site-packages/airflow/example_dags/example_short_circuit_operator.py
[2024-04-29T08:14:56.382+0000] {processor.py:826} INFO - Processing file /usr/local/python/3.10.13/lib/python3.10/site-packages/airflow/example_dags/example_short_circuit_operator.py for tasks to queue
[2024-04-29T08:14:56.383+0000] {logging_mixin.py:150} INFO - [2024-04-29T08:14:56.382+0000] {dagbag.py:541} INFO - Filling up the DagBag from /usr/local/python/3.10.13/lib/python3.10/site-packages/airflow/example_dags/example_short_circuit_operator.py
[2024-04-29T08:14:56.389+0000] {processor.py:836} INFO - DAG(s) dict_keys(['example_short_circuit_operator']) retrieved from /usr/local/python/3.10.13/lib/python3.10/site-packages/airflow/example_dags/example_short_circuit_operator.py
[2024-04-29T08:14:56.403+0000] {logging_mixin.py:150} INFO - [2024-04-29T08:14:56.403+0000] {dag.py:2742} INFO - Sync 1 DAGs
[2024-04-29T08:14:56.419+0000] {logging_mixin.py:150} INFO - [2024-04-29T08:14:56.419+0000] {dag.py:3504} INFO - Setting next_dagrun for example_short_circuit_operator to 2024-04-28T08:14:56.418939+00:00, run_after=2024-04-29T08:14:56.418939+00:00
[2024-04-29T08:14:56.454+0000] {processor.py:179} INFO - Processing /usr/local/python/3.10.13/lib/python3.10/site-packages/airflow/example_dags/example_short_circuit_operator.py took 0.075 seconds
[2024-04-29T08:15:52.482+0000] {processor.py:157} INFO - Started process (PID=20412) to work on /usr/local/python/3.10.13/lib/python3.10/site-packages/airflow/example_dags/example_short_circuit_operator.py
[2024-04-29T08:15:52.483+0000] {processor.py:826} INFO - Processing file /usr/local/python/3.10.13/lib/python3.10/site-packages/airflow/example_dags/example_short_circuit_operator.py for tasks to queue
[2024-04-29T08:15:52.483+0000] {logging_mixin.py:150} INFO - [2024-04-29T08:15:52.483+0000] {dagbag.py:541} INFO - Filling up the DagBag from /usr/local/python/3.10.13/lib/python3.10/site-packages/airflow/example_dags/example_short_circuit_operator.py
[2024-04-29T08:15:52.490+0000] {processor.py:836} INFO - DAG(s) dict_keys(['example_short_circuit_operator']) retrieved from /usr/local/python/3.10.13/lib/python3.10/site-packages/airflow/example_dags/example_short_circuit_operator.py
[2024-04-29T08:15:52.507+0000] {logging_mixin.py:150} INFO - [2024-04-29T08:15:52.507+0000] {dag.py:2742} INFO - Sync 1 DAGs
[2024-04-29T08:15:52.524+0000] {logging_mixin.py:150} INFO - [2024-04-29T08:15:52.524+0000] {dag.py:3504} INFO - Setting next_dagrun for example_short_circuit_operator to 2024-04-28T08:15:52.524049+00:00, run_after=2024-04-29T08:15:52.524049+00:00
[2024-04-29T08:15:52.573+0000] {processor.py:179} INFO - Processing /usr/local/python/3.10.13/lib/python3.10/site-packages/airflow/example_dags/example_short_circuit_operator.py took 0.093 seconds
[2024-04-29T08:16:47.586+0000] {processor.py:157} INFO - Started process (PID=21053) to work on /usr/local/python/3.10.13/lib/python3.10/site-packages/airflow/example_dags/example_short_circuit_operator.py
[2024-04-29T08:16:47.587+0000] {processor.py:826} INFO - Processing file /usr/local/python/3.10.13/lib/python3.10/site-packages/airflow/example_dags/example_short_circuit_operator.py for tasks to queue
[2024-04-29T08:16:47.587+0000] {logging_mixin.py:150} INFO - [2024-04-29T08:16:47.587+0000] {dagbag.py:541} INFO - Filling up the DagBag from /usr/local/python/3.10.13/lib/python3.10/site-packages/airflow/example_dags/example_short_circuit_operator.py
[2024-04-29T08:16:47.594+0000] {processor.py:836} INFO - DAG(s) dict_keys(['example_short_circuit_operator']) retrieved from /usr/local/python/3.10.13/lib/python3.10/site-packages/airflow/example_dags/example_short_circuit_operator.py
[2024-04-29T08:16:47.608+0000] {logging_mixin.py:150} INFO - [2024-04-29T08:16:47.608+0000] {dag.py:2742} INFO - Sync 1 DAGs
[2024-04-29T08:16:47.624+0000] {logging_mixin.py:150} INFO - [2024-04-29T08:16:47.624+0000] {dag.py:3504} INFO - Setting next_dagrun for example_short_circuit_operator to 2024-04-28T08:16:47.624433+00:00, run_after=2024-04-29T08:16:47.624433+00:00
[2024-04-29T08:16:47.660+0000] {processor.py:179} INFO - Processing /usr/local/python/3.10.13/lib/python3.10/site-packages/airflow/example_dags/example_short_circuit_operator.py took 0.078 seconds
