[2024-04-29T07:42:24.378+0000] {processor.py:157} INFO - Started process (PID=5091) to work on /usr/local/python/3.10.13/lib/python3.10/site-packages/airflow/example_dags/example_setup_teardown.py
[2024-04-29T07:42:24.379+0000] {processor.py:826} INFO - Processing file /usr/local/python/3.10.13/lib/python3.10/site-packages/airflow/example_dags/example_setup_teardown.py for tasks to queue
[2024-04-29T07:42:24.379+0000] {logging_mixin.py:150} INFO - [2024-04-29T07:42:24.379+0000] {dagbag.py:541} INFO - Filling up the DagBag from /usr/local/python/3.10.13/lib/python3.10/site-packages/airflow/example_dags/example_setup_teardown.py
[2024-04-29T07:42:24.381+0000] {processor.py:838} WARNING - No viable dags retrieved from /usr/local/python/3.10.13/lib/python3.10/site-packages/airflow/example_dags/example_setup_teardown.py
[2024-04-29T07:42:24.388+0000] {processor.py:179} INFO - Processing /usr/local/python/3.10.13/lib/python3.10/site-packages/airflow/example_dags/example_setup_teardown.py took 0.013 seconds
[2024-04-29T07:43:14.799+0000] {processor.py:157} INFO - Started process (PID=5431) to work on /usr/local/python/3.10.13/lib/python3.10/site-packages/airflow/example_dags/example_setup_teardown.py
[2024-04-29T07:43:14.800+0000] {processor.py:826} INFO - Processing file /usr/local/python/3.10.13/lib/python3.10/site-packages/airflow/example_dags/example_setup_teardown.py for tasks to queue
[2024-04-29T07:43:14.801+0000] {logging_mixin.py:150} INFO - [2024-04-29T07:43:14.800+0000] {dagbag.py:541} INFO - Filling up the DagBag from /usr/local/python/3.10.13/lib/python3.10/site-packages/airflow/example_dags/example_setup_teardown.py
[2024-04-29T07:43:14.802+0000] {processor.py:838} WARNING - No viable dags retrieved from /usr/local/python/3.10.13/lib/python3.10/site-packages/airflow/example_dags/example_setup_teardown.py
[2024-04-29T07:43:14.810+0000] {processor.py:179} INFO - Processing /usr/local/python/3.10.13/lib/python3.10/site-packages/airflow/example_dags/example_setup_teardown.py took 0.013 seconds
[2024-04-29T07:43:59.537+0000] {processor.py:157} INFO - Started process (PID=5731) to work on /usr/local/python/3.10.13/lib/python3.10/site-packages/airflow/example_dags/example_setup_teardown.py
[2024-04-29T07:43:59.538+0000] {processor.py:826} INFO - Processing file /usr/local/python/3.10.13/lib/python3.10/site-packages/airflow/example_dags/example_setup_teardown.py for tasks to queue
[2024-04-29T07:43:59.538+0000] {logging_mixin.py:150} INFO - [2024-04-29T07:43:59.538+0000] {dagbag.py:541} INFO - Filling up the DagBag from /usr/local/python/3.10.13/lib/python3.10/site-packages/airflow/example_dags/example_setup_teardown.py
[2024-04-29T07:43:59.540+0000] {processor.py:838} WARNING - No viable dags retrieved from /usr/local/python/3.10.13/lib/python3.10/site-packages/airflow/example_dags/example_setup_teardown.py
[2024-04-29T07:43:59.546+0000] {processor.py:179} INFO - Processing /usr/local/python/3.10.13/lib/python3.10/site-packages/airflow/example_dags/example_setup_teardown.py took 0.012 seconds
[2024-04-29T07:44:47.801+0000] {processor.py:157} INFO - Started process (PID=6063) to work on /usr/local/python/3.10.13/lib/python3.10/site-packages/airflow/example_dags/example_setup_teardown.py
[2024-04-29T07:44:47.802+0000] {processor.py:826} INFO - Processing file /usr/local/python/3.10.13/lib/python3.10/site-packages/airflow/example_dags/example_setup_teardown.py for tasks to queue
[2024-04-29T07:44:47.803+0000] {logging_mixin.py:150} INFO - [2024-04-29T07:44:47.802+0000] {dagbag.py:541} INFO - Filling up the DagBag from /usr/local/python/3.10.13/lib/python3.10/site-packages/airflow/example_dags/example_setup_teardown.py
[2024-04-29T07:44:47.804+0000] {processor.py:838} WARNING - No viable dags retrieved from /usr/local/python/3.10.13/lib/python3.10/site-packages/airflow/example_dags/example_setup_teardown.py
[2024-04-29T07:44:47.811+0000] {processor.py:179} INFO - Processing /usr/local/python/3.10.13/lib/python3.10/site-packages/airflow/example_dags/example_setup_teardown.py took 0.012 seconds
[2024-04-29T07:45:32.101+0000] {processor.py:157} INFO - Started process (PID=6362) to work on /usr/local/python/3.10.13/lib/python3.10/site-packages/airflow/example_dags/example_setup_teardown.py
[2024-04-29T07:45:32.102+0000] {processor.py:826} INFO - Processing file /usr/local/python/3.10.13/lib/python3.10/site-packages/airflow/example_dags/example_setup_teardown.py for tasks to queue
[2024-04-29T07:45:32.103+0000] {logging_mixin.py:150} INFO - [2024-04-29T07:45:32.102+0000] {dagbag.py:541} INFO - Filling up the DagBag from /usr/local/python/3.10.13/lib/python3.10/site-packages/airflow/example_dags/example_setup_teardown.py
[2024-04-29T07:45:32.104+0000] {processor.py:838} WARNING - No viable dags retrieved from /usr/local/python/3.10.13/lib/python3.10/site-packages/airflow/example_dags/example_setup_teardown.py
[2024-04-29T07:45:32.111+0000] {processor.py:179} INFO - Processing /usr/local/python/3.10.13/lib/python3.10/site-packages/airflow/example_dags/example_setup_teardown.py took 0.012 seconds
