[2024-04-29T06:17:14.298+0000] {processor.py:157} INFO - Started process (PID=9195) to work on /usr/local/python/3.10.13/lib/python3.10/site-packages/airflow/example_dags/example_branch_operator.py
[2024-04-29T06:17:14.299+0000] {processor.py:826} INFO - Processing file /usr/local/python/3.10.13/lib/python3.10/site-packages/airflow/example_dags/example_branch_operator.py for tasks to queue
[2024-04-29T06:17:14.300+0000] {logging_mixin.py:150} INFO - [2024-04-29T06:17:14.299+0000] {dagbag.py:541} INFO - Filling up the DagBag from /usr/local/python/3.10.13/lib/python3.10/site-packages/airflow/example_dags/example_branch_operator.py
[2024-04-29T06:17:14.307+0000] {processor.py:836} INFO - DAG(s) dict_keys(['example_branch_operator']) retrieved from /usr/local/python/3.10.13/lib/python3.10/site-packages/airflow/example_dags/example_branch_operator.py
[2024-04-29T06:17:14.440+0000] {logging_mixin.py:150} INFO - [2024-04-29T06:17:14.440+0000] {manager.py:504} INFO - Created Permission View: can delete on DAG:example_branch_operator
[2024-04-29T06:17:14.468+0000] {logging_mixin.py:150} INFO - [2024-04-29T06:17:14.468+0000] {manager.py:504} INFO - Created Permission View: can edit on DAG:example_branch_operator
[2024-04-29T06:17:14.495+0000] {logging_mixin.py:150} INFO - [2024-04-29T06:17:14.495+0000] {manager.py:504} INFO - Created Permission View: can read on DAG:example_branch_operator
[2024-04-29T06:17:14.504+0000] {logging_mixin.py:150} INFO - [2024-04-29T06:17:14.504+0000] {dag.py:2742} INFO - Sync 1 DAGs
[2024-04-29T06:17:14.512+0000] {logging_mixin.py:150} INFO - [2024-04-29T06:17:14.512+0000] {dag.py:2763} INFO - Creating ORM DAG for example_branch_operator
[2024-04-29T06:17:14.520+0000] {logging_mixin.py:150} INFO - [2024-04-29T06:17:14.520+0000] {dag.py:3504} INFO - Setting next_dagrun for example_branch_operator to 2024-04-28T00:00:00+00:00, run_after=2024-04-29T00:00:00+00:00
[2024-04-29T06:17:14.571+0000] {processor.py:179} INFO - Processing /usr/local/python/3.10.13/lib/python3.10/site-packages/airflow/example_dags/example_branch_operator.py took 0.275 seconds
[2024-04-29T06:18:09.536+0000] {processor.py:157} INFO - Started process (PID=9598) to work on /usr/local/python/3.10.13/lib/python3.10/site-packages/airflow/example_dags/example_branch_operator.py
[2024-04-29T06:18:09.536+0000] {processor.py:826} INFO - Processing file /usr/local/python/3.10.13/lib/python3.10/site-packages/airflow/example_dags/example_branch_operator.py for tasks to queue
[2024-04-29T06:18:09.537+0000] {logging_mixin.py:150} INFO - [2024-04-29T06:18:09.537+0000] {dagbag.py:541} INFO - Filling up the DagBag from /usr/local/python/3.10.13/lib/python3.10/site-packages/airflow/example_dags/example_branch_operator.py
[2024-04-29T06:18:09.544+0000] {processor.py:836} INFO - DAG(s) dict_keys(['example_branch_operator']) retrieved from /usr/local/python/3.10.13/lib/python3.10/site-packages/airflow/example_dags/example_branch_operator.py
[2024-04-29T06:18:09.558+0000] {logging_mixin.py:150} INFO - [2024-04-29T06:18:09.558+0000] {dag.py:2742} INFO - Sync 1 DAGs
[2024-04-29T06:18:09.574+0000] {logging_mixin.py:150} INFO - [2024-04-29T06:18:09.574+0000] {dag.py:3504} INFO - Setting next_dagrun for example_branch_operator to 2024-04-28T00:00:00+00:00, run_after=2024-04-29T00:00:00+00:00
[2024-04-29T06:18:09.608+0000] {processor.py:179} INFO - Processing /usr/local/python/3.10.13/lib/python3.10/site-packages/airflow/example_dags/example_branch_operator.py took 0.075 seconds
[2024-04-29T06:18:59.342+0000] {processor.py:157} INFO - Started process (PID=9974) to work on /usr/local/python/3.10.13/lib/python3.10/site-packages/airflow/example_dags/example_branch_operator.py
[2024-04-29T06:18:59.343+0000] {processor.py:826} INFO - Processing file /usr/local/python/3.10.13/lib/python3.10/site-packages/airflow/example_dags/example_branch_operator.py for tasks to queue
[2024-04-29T06:18:59.344+0000] {logging_mixin.py:150} INFO - [2024-04-29T06:18:59.344+0000] {dagbag.py:541} INFO - Filling up the DagBag from /usr/local/python/3.10.13/lib/python3.10/site-packages/airflow/example_dags/example_branch_operator.py
[2024-04-29T06:18:59.356+0000] {processor.py:836} INFO - DAG(s) dict_keys(['example_branch_operator']) retrieved from /usr/local/python/3.10.13/lib/python3.10/site-packages/airflow/example_dags/example_branch_operator.py
[2024-04-29T06:18:59.377+0000] {logging_mixin.py:150} INFO - [2024-04-29T06:18:59.377+0000] {dag.py:2742} INFO - Sync 1 DAGs
[2024-04-29T06:18:59.402+0000] {logging_mixin.py:150} INFO - [2024-04-29T06:18:59.402+0000] {dag.py:3504} INFO - Setting next_dagrun for example_branch_operator to 2024-04-28T00:00:00+00:00, run_after=2024-04-29T00:00:00+00:00
[2024-04-29T06:18:59.454+0000] {processor.py:179} INFO - Processing /usr/local/python/3.10.13/lib/python3.10/site-packages/airflow/example_dags/example_branch_operator.py took 0.114 seconds
[2024-04-29T06:19:47.692+0000] {processor.py:157} INFO - Started process (PID=10347) to work on /usr/local/python/3.10.13/lib/python3.10/site-packages/airflow/example_dags/example_branch_operator.py
[2024-04-29T06:19:47.693+0000] {processor.py:826} INFO - Processing file /usr/local/python/3.10.13/lib/python3.10/site-packages/airflow/example_dags/example_branch_operator.py for tasks to queue
[2024-04-29T06:19:47.694+0000] {logging_mixin.py:150} INFO - [2024-04-29T06:19:47.694+0000] {dagbag.py:541} INFO - Filling up the DagBag from /usr/local/python/3.10.13/lib/python3.10/site-packages/airflow/example_dags/example_branch_operator.py
[2024-04-29T06:19:47.705+0000] {processor.py:836} INFO - DAG(s) dict_keys(['example_branch_operator']) retrieved from /usr/local/python/3.10.13/lib/python3.10/site-packages/airflow/example_dags/example_branch_operator.py
[2024-04-29T06:19:47.730+0000] {logging_mixin.py:150} INFO - [2024-04-29T06:19:47.730+0000] {dag.py:2742} INFO - Sync 1 DAGs
[2024-04-29T06:19:47.752+0000] {logging_mixin.py:150} INFO - [2024-04-29T06:19:47.752+0000] {dag.py:3504} INFO - Setting next_dagrun for example_branch_operator to 2024-04-28T00:00:00+00:00, run_after=2024-04-29T00:00:00+00:00
[2024-04-29T06:19:47.788+0000] {processor.py:179} INFO - Processing /usr/local/python/3.10.13/lib/python3.10/site-packages/airflow/example_dags/example_branch_operator.py took 0.099 seconds
[2024-04-29T06:20:38.333+0000] {processor.py:157} INFO - Started process (PID=10727) to work on /usr/local/python/3.10.13/lib/python3.10/site-packages/airflow/example_dags/example_branch_operator.py
[2024-04-29T06:20:38.334+0000] {processor.py:826} INFO - Processing file /usr/local/python/3.10.13/lib/python3.10/site-packages/airflow/example_dags/example_branch_operator.py for tasks to queue
[2024-04-29T06:20:38.334+0000] {logging_mixin.py:150} INFO - [2024-04-29T06:20:38.334+0000] {dagbag.py:541} INFO - Filling up the DagBag from /usr/local/python/3.10.13/lib/python3.10/site-packages/airflow/example_dags/example_branch_operator.py
[2024-04-29T06:20:38.342+0000] {processor.py:836} INFO - DAG(s) dict_keys(['example_branch_operator']) retrieved from /usr/local/python/3.10.13/lib/python3.10/site-packages/airflow/example_dags/example_branch_operator.py
[2024-04-29T06:20:38.356+0000] {logging_mixin.py:150} INFO - [2024-04-29T06:20:38.356+0000] {dag.py:2742} INFO - Sync 1 DAGs
[2024-04-29T06:20:38.372+0000] {logging_mixin.py:150} INFO - [2024-04-29T06:20:38.372+0000] {dag.py:3504} INFO - Setting next_dagrun for example_branch_operator to 2024-04-28T00:00:00+00:00, run_after=2024-04-29T00:00:00+00:00
[2024-04-29T06:20:38.408+0000] {processor.py:179} INFO - Processing /usr/local/python/3.10.13/lib/python3.10/site-packages/airflow/example_dags/example_branch_operator.py took 0.077 seconds
[2024-04-29T06:21:29.156+0000] {processor.py:157} INFO - Started process (PID=11107) to work on /usr/local/python/3.10.13/lib/python3.10/site-packages/airflow/example_dags/example_branch_operator.py
[2024-04-29T06:21:29.157+0000] {processor.py:826} INFO - Processing file /usr/local/python/3.10.13/lib/python3.10/site-packages/airflow/example_dags/example_branch_operator.py for tasks to queue
[2024-04-29T06:21:29.158+0000] {logging_mixin.py:150} INFO - [2024-04-29T06:21:29.158+0000] {dagbag.py:541} INFO - Filling up the DagBag from /usr/local/python/3.10.13/lib/python3.10/site-packages/airflow/example_dags/example_branch_operator.py
[2024-04-29T06:21:29.165+0000] {processor.py:836} INFO - DAG(s) dict_keys(['example_branch_operator']) retrieved from /usr/local/python/3.10.13/lib/python3.10/site-packages/airflow/example_dags/example_branch_operator.py
[2024-04-29T06:21:29.179+0000] {logging_mixin.py:150} INFO - [2024-04-29T06:21:29.179+0000] {dag.py:2742} INFO - Sync 1 DAGs
[2024-04-29T06:21:29.196+0000] {logging_mixin.py:150} INFO - [2024-04-29T06:21:29.196+0000] {dag.py:3504} INFO - Setting next_dagrun for example_branch_operator to 2024-04-28T00:00:00+00:00, run_after=2024-04-29T00:00:00+00:00
[2024-04-29T06:21:29.237+0000] {processor.py:179} INFO - Processing /usr/local/python/3.10.13/lib/python3.10/site-packages/airflow/example_dags/example_branch_operator.py took 0.083 seconds
[2024-04-29T06:22:18.857+0000] {processor.py:157} INFO - Started process (PID=11493) to work on /usr/local/python/3.10.13/lib/python3.10/site-packages/airflow/example_dags/example_branch_operator.py
[2024-04-29T06:22:18.857+0000] {processor.py:826} INFO - Processing file /usr/local/python/3.10.13/lib/python3.10/site-packages/airflow/example_dags/example_branch_operator.py for tasks to queue
[2024-04-29T06:22:18.858+0000] {logging_mixin.py:150} INFO - [2024-04-29T06:22:18.858+0000] {dagbag.py:541} INFO - Filling up the DagBag from /usr/local/python/3.10.13/lib/python3.10/site-packages/airflow/example_dags/example_branch_operator.py
[2024-04-29T06:22:18.865+0000] {processor.py:836} INFO - DAG(s) dict_keys(['example_branch_operator']) retrieved from /usr/local/python/3.10.13/lib/python3.10/site-packages/airflow/example_dags/example_branch_operator.py
[2024-04-29T06:22:18.880+0000] {logging_mixin.py:150} INFO - [2024-04-29T06:22:18.879+0000] {dag.py:2742} INFO - Sync 1 DAGs
[2024-04-29T06:22:18.897+0000] {logging_mixin.py:150} INFO - [2024-04-29T06:22:18.896+0000] {dag.py:3504} INFO - Setting next_dagrun for example_branch_operator to 2024-04-28T00:00:00+00:00, run_after=2024-04-29T00:00:00+00:00
[2024-04-29T06:22:18.932+0000] {processor.py:179} INFO - Processing /usr/local/python/3.10.13/lib/python3.10/site-packages/airflow/example_dags/example_branch_operator.py took 0.077 seconds
[2024-04-29T06:23:06.712+0000] {processor.py:157} INFO - Started process (PID=11840) to work on /usr/local/python/3.10.13/lib/python3.10/site-packages/airflow/example_dags/example_branch_operator.py
[2024-04-29T06:23:06.713+0000] {processor.py:826} INFO - Processing file /usr/local/python/3.10.13/lib/python3.10/site-packages/airflow/example_dags/example_branch_operator.py for tasks to queue
[2024-04-29T06:23:06.714+0000] {logging_mixin.py:150} INFO - [2024-04-29T06:23:06.713+0000] {dagbag.py:541} INFO - Filling up the DagBag from /usr/local/python/3.10.13/lib/python3.10/site-packages/airflow/example_dags/example_branch_operator.py
[2024-04-29T06:23:06.721+0000] {processor.py:836} INFO - DAG(s) dict_keys(['example_branch_operator']) retrieved from /usr/local/python/3.10.13/lib/python3.10/site-packages/airflow/example_dags/example_branch_operator.py
[2024-04-29T06:23:06.735+0000] {logging_mixin.py:150} INFO - [2024-04-29T06:23:06.734+0000] {dag.py:2742} INFO - Sync 1 DAGs
[2024-04-29T06:23:06.751+0000] {logging_mixin.py:150} INFO - [2024-04-29T06:23:06.751+0000] {dag.py:3504} INFO - Setting next_dagrun for example_branch_operator to 2024-04-28T00:00:00+00:00, run_after=2024-04-29T00:00:00+00:00
[2024-04-29T06:23:06.787+0000] {processor.py:179} INFO - Processing /usr/local/python/3.10.13/lib/python3.10/site-packages/airflow/example_dags/example_branch_operator.py took 0.077 seconds
[2024-04-29T06:23:54.322+0000] {processor.py:157} INFO - Started process (PID=12206) to work on /usr/local/python/3.10.13/lib/python3.10/site-packages/airflow/example_dags/example_branch_operator.py
[2024-04-29T06:23:54.322+0000] {processor.py:826} INFO - Processing file /usr/local/python/3.10.13/lib/python3.10/site-packages/airflow/example_dags/example_branch_operator.py for tasks to queue
[2024-04-29T06:23:54.323+0000] {logging_mixin.py:150} INFO - [2024-04-29T06:23:54.323+0000] {dagbag.py:541} INFO - Filling up the DagBag from /usr/local/python/3.10.13/lib/python3.10/site-packages/airflow/example_dags/example_branch_operator.py
[2024-04-29T06:23:54.335+0000] {processor.py:836} INFO - DAG(s) dict_keys(['example_branch_operator']) retrieved from /usr/local/python/3.10.13/lib/python3.10/site-packages/airflow/example_dags/example_branch_operator.py
[2024-04-29T06:23:54.351+0000] {logging_mixin.py:150} INFO - [2024-04-29T06:23:54.351+0000] {dag.py:2742} INFO - Sync 1 DAGs
[2024-04-29T06:23:54.369+0000] {logging_mixin.py:150} INFO - [2024-04-29T06:23:54.369+0000] {dag.py:3504} INFO - Setting next_dagrun for example_branch_operator to 2024-04-28T00:00:00+00:00, run_after=2024-04-29T00:00:00+00:00
[2024-04-29T06:23:54.412+0000] {processor.py:179} INFO - Processing /usr/local/python/3.10.13/lib/python3.10/site-packages/airflow/example_dags/example_branch_operator.py took 0.093 seconds
[2024-04-29T06:24:44.191+0000] {processor.py:157} INFO - Started process (PID=12575) to work on /usr/local/python/3.10.13/lib/python3.10/site-packages/airflow/example_dags/example_branch_operator.py
[2024-04-29T06:24:44.192+0000] {processor.py:826} INFO - Processing file /usr/local/python/3.10.13/lib/python3.10/site-packages/airflow/example_dags/example_branch_operator.py for tasks to queue
[2024-04-29T06:24:44.193+0000] {logging_mixin.py:150} INFO - [2024-04-29T06:24:44.193+0000] {dagbag.py:541} INFO - Filling up the DagBag from /usr/local/python/3.10.13/lib/python3.10/site-packages/airflow/example_dags/example_branch_operator.py
[2024-04-29T06:24:44.202+0000] {processor.py:836} INFO - DAG(s) dict_keys(['example_branch_operator']) retrieved from /usr/local/python/3.10.13/lib/python3.10/site-packages/airflow/example_dags/example_branch_operator.py
[2024-04-29T06:24:44.216+0000] {logging_mixin.py:150} INFO - [2024-04-29T06:24:44.216+0000] {dag.py:2742} INFO - Sync 1 DAGs
[2024-04-29T06:24:44.232+0000] {logging_mixin.py:150} INFO - [2024-04-29T06:24:44.232+0000] {dag.py:3504} INFO - Setting next_dagrun for example_branch_operator to 2024-04-28T00:00:00+00:00, run_after=2024-04-29T00:00:00+00:00
[2024-04-29T06:24:44.270+0000] {processor.py:179} INFO - Processing /usr/local/python/3.10.13/lib/python3.10/site-packages/airflow/example_dags/example_branch_operator.py took 0.081 seconds
[2024-04-29T06:25:30.807+0000] {processor.py:157} INFO - Started process (PID=12967) to work on /usr/local/python/3.10.13/lib/python3.10/site-packages/airflow/example_dags/example_branch_operator.py
[2024-04-29T06:25:30.807+0000] {processor.py:826} INFO - Processing file /usr/local/python/3.10.13/lib/python3.10/site-packages/airflow/example_dags/example_branch_operator.py for tasks to queue
[2024-04-29T06:25:30.808+0000] {logging_mixin.py:150} INFO - [2024-04-29T06:25:30.808+0000] {dagbag.py:541} INFO - Filling up the DagBag from /usr/local/python/3.10.13/lib/python3.10/site-packages/airflow/example_dags/example_branch_operator.py
[2024-04-29T06:25:30.816+0000] {processor.py:836} INFO - DAG(s) dict_keys(['example_branch_operator']) retrieved from /usr/local/python/3.10.13/lib/python3.10/site-packages/airflow/example_dags/example_branch_operator.py
[2024-04-29T06:25:30.829+0000] {logging_mixin.py:150} INFO - [2024-04-29T06:25:30.829+0000] {dag.py:2742} INFO - Sync 1 DAGs
[2024-04-29T06:25:30.846+0000] {logging_mixin.py:150} INFO - [2024-04-29T06:25:30.846+0000] {dag.py:3504} INFO - Setting next_dagrun for example_branch_operator to 2024-04-28T00:00:00+00:00, run_after=2024-04-29T00:00:00+00:00
[2024-04-29T06:25:30.882+0000] {processor.py:179} INFO - Processing /usr/local/python/3.10.13/lib/python3.10/site-packages/airflow/example_dags/example_branch_operator.py took 0.078 seconds
[2024-04-29T06:26:16.916+0000] {processor.py:157} INFO - Started process (PID=13411) to work on /usr/local/python/3.10.13/lib/python3.10/site-packages/airflow/example_dags/example_branch_operator.py
[2024-04-29T06:26:16.916+0000] {processor.py:826} INFO - Processing file /usr/local/python/3.10.13/lib/python3.10/site-packages/airflow/example_dags/example_branch_operator.py for tasks to queue
[2024-04-29T06:26:16.917+0000] {logging_mixin.py:150} INFO - [2024-04-29T06:26:16.917+0000] {dagbag.py:541} INFO - Filling up the DagBag from /usr/local/python/3.10.13/lib/python3.10/site-packages/airflow/example_dags/example_branch_operator.py
[2024-04-29T06:26:16.925+0000] {processor.py:836} INFO - DAG(s) dict_keys(['example_branch_operator']) retrieved from /usr/local/python/3.10.13/lib/python3.10/site-packages/airflow/example_dags/example_branch_operator.py
[2024-04-29T06:26:16.939+0000] {logging_mixin.py:150} INFO - [2024-04-29T06:26:16.939+0000] {dag.py:2742} INFO - Sync 1 DAGs
[2024-04-29T06:26:16.957+0000] {logging_mixin.py:150} INFO - [2024-04-29T06:26:16.956+0000] {dag.py:3504} INFO - Setting next_dagrun for example_branch_operator to 2024-04-28T00:00:00+00:00, run_after=2024-04-29T00:00:00+00:00
[2024-04-29T06:26:16.992+0000] {processor.py:179} INFO - Processing /usr/local/python/3.10.13/lib/python3.10/site-packages/airflow/example_dags/example_branch_operator.py took 0.078 seconds
[2024-04-29T06:27:52.993+0000] {processor.py:157} INFO - Started process (PID=14268) to work on /usr/local/python/3.10.13/lib/python3.10/site-packages/airflow/example_dags/example_branch_operator.py
[2024-04-29T06:27:52.994+0000] {processor.py:826} INFO - Processing file /usr/local/python/3.10.13/lib/python3.10/site-packages/airflow/example_dags/example_branch_operator.py for tasks to queue
[2024-04-29T06:27:52.994+0000] {logging_mixin.py:150} INFO - [2024-04-29T06:27:52.994+0000] {dagbag.py:541} INFO - Filling up the DagBag from /usr/local/python/3.10.13/lib/python3.10/site-packages/airflow/example_dags/example_branch_operator.py
[2024-04-29T06:27:53.002+0000] {processor.py:836} INFO - DAG(s) dict_keys(['example_branch_operator']) retrieved from /usr/local/python/3.10.13/lib/python3.10/site-packages/airflow/example_dags/example_branch_operator.py
[2024-04-29T06:27:53.016+0000] {logging_mixin.py:150} INFO - [2024-04-29T06:27:53.016+0000] {dag.py:2742} INFO - Sync 1 DAGs
[2024-04-29T06:27:53.035+0000] {logging_mixin.py:150} INFO - [2024-04-29T06:27:53.035+0000] {dag.py:3504} INFO - Setting next_dagrun for example_branch_operator to 2024-04-28T00:00:00+00:00, run_after=2024-04-29T00:00:00+00:00
[2024-04-29T06:27:53.080+0000] {processor.py:179} INFO - Processing /usr/local/python/3.10.13/lib/python3.10/site-packages/airflow/example_dags/example_branch_operator.py took 0.089 seconds
[2024-04-29T06:31:52.116+0000] {processor.py:157} INFO - Started process (PID=16104) to work on /usr/local/python/3.10.13/lib/python3.10/site-packages/airflow/example_dags/example_branch_operator.py
[2024-04-29T06:31:52.117+0000] {processor.py:826} INFO - Processing file /usr/local/python/3.10.13/lib/python3.10/site-packages/airflow/example_dags/example_branch_operator.py for tasks to queue
[2024-04-29T06:31:52.117+0000] {logging_mixin.py:150} INFO - [2024-04-29T06:31:52.117+0000] {dagbag.py:541} INFO - Filling up the DagBag from /usr/local/python/3.10.13/lib/python3.10/site-packages/airflow/example_dags/example_branch_operator.py
[2024-04-29T06:31:52.124+0000] {processor.py:836} INFO - DAG(s) dict_keys(['example_branch_operator']) retrieved from /usr/local/python/3.10.13/lib/python3.10/site-packages/airflow/example_dags/example_branch_operator.py
[2024-04-29T06:31:52.138+0000] {logging_mixin.py:150} INFO - [2024-04-29T06:31:52.138+0000] {dag.py:2742} INFO - Sync 1 DAGs
[2024-04-29T06:31:52.155+0000] {logging_mixin.py:150} INFO - [2024-04-29T06:31:52.154+0000] {dag.py:3504} INFO - Setting next_dagrun for example_branch_operator to 2024-04-28T00:00:00+00:00, run_after=2024-04-29T00:00:00+00:00
[2024-04-29T06:31:52.189+0000] {processor.py:179} INFO - Processing /usr/local/python/3.10.13/lib/python3.10/site-packages/airflow/example_dags/example_branch_operator.py took 0.076 seconds
[2024-04-29T06:32:39.887+0000] {processor.py:157} INFO - Started process (PID=16440) to work on /usr/local/python/3.10.13/lib/python3.10/site-packages/airflow/example_dags/example_branch_operator.py
[2024-04-29T06:32:39.887+0000] {processor.py:826} INFO - Processing file /usr/local/python/3.10.13/lib/python3.10/site-packages/airflow/example_dags/example_branch_operator.py for tasks to queue
[2024-04-29T06:32:39.888+0000] {logging_mixin.py:150} INFO - [2024-04-29T06:32:39.888+0000] {dagbag.py:541} INFO - Filling up the DagBag from /usr/local/python/3.10.13/lib/python3.10/site-packages/airflow/example_dags/example_branch_operator.py
[2024-04-29T06:32:39.895+0000] {processor.py:836} INFO - DAG(s) dict_keys(['example_branch_operator']) retrieved from /usr/local/python/3.10.13/lib/python3.10/site-packages/airflow/example_dags/example_branch_operator.py
[2024-04-29T06:32:39.909+0000] {logging_mixin.py:150} INFO - [2024-04-29T06:32:39.909+0000] {dag.py:2742} INFO - Sync 1 DAGs
[2024-04-29T06:32:39.926+0000] {logging_mixin.py:150} INFO - [2024-04-29T06:32:39.926+0000] {dag.py:3504} INFO - Setting next_dagrun for example_branch_operator to 2024-04-28T00:00:00+00:00, run_after=2024-04-29T00:00:00+00:00
[2024-04-29T06:32:39.961+0000] {processor.py:179} INFO - Processing /usr/local/python/3.10.13/lib/python3.10/site-packages/airflow/example_dags/example_branch_operator.py took 0.077 seconds
