[2024-04-29T07:42:43.662+0000] {processor.py:157} INFO - Started process (PID=5225) to work on /usr/local/python/3.10.13/lib/python3.10/site-packages/airflow/example_dags/example_branch_labels.py
[2024-04-29T07:42:43.662+0000] {processor.py:826} INFO - Processing file /usr/local/python/3.10.13/lib/python3.10/site-packages/airflow/example_dags/example_branch_labels.py for tasks to queue
[2024-04-29T07:42:43.663+0000] {logging_mixin.py:150} INFO - [2024-04-29T07:42:43.663+0000] {dagbag.py:541} INFO - Filling up the DagBag from /usr/local/python/3.10.13/lib/python3.10/site-packages/airflow/example_dags/example_branch_labels.py
[2024-04-29T07:42:43.669+0000] {processor.py:836} INFO - DAG(s) dict_keys(['example_branch_labels']) retrieved from /usr/local/python/3.10.13/lib/python3.10/site-packages/airflow/example_dags/example_branch_labels.py
[2024-04-29T07:42:43.820+0000] {logging_mixin.py:150} INFO - [2024-04-29T07:42:43.820+0000] {manager.py:504} INFO - Created Permission View: can edit on DAG:example_branch_labels
[2024-04-29T07:42:43.851+0000] {logging_mixin.py:150} INFO - [2024-04-29T07:42:43.851+0000] {manager.py:504} INFO - Created Permission View: can read on DAG:example_branch_labels
[2024-04-29T07:42:43.881+0000] {logging_mixin.py:150} INFO - [2024-04-29T07:42:43.881+0000] {manager.py:504} INFO - Created Permission View: can delete on DAG:example_branch_labels
[2024-04-29T07:42:43.889+0000] {logging_mixin.py:150} INFO - [2024-04-29T07:42:43.889+0000] {dag.py:2742} INFO - Sync 1 DAGs
[2024-04-29T07:42:43.897+0000] {logging_mixin.py:150} INFO - [2024-04-29T07:42:43.897+0000] {dag.py:2763} INFO - Creating ORM DAG for example_branch_labels
[2024-04-29T07:42:43.905+0000] {logging_mixin.py:150} INFO - [2024-04-29T07:42:43.905+0000] {dag.py:3504} INFO - Setting next_dagrun for example_branch_labels to 2024-04-28T00:00:00+00:00, run_after=2024-04-29T00:00:00+00:00
[2024-04-29T07:42:43.950+0000] {processor.py:179} INFO - Processing /usr/local/python/3.10.13/lib/python3.10/site-packages/airflow/example_dags/example_branch_labels.py took 0.290 seconds
[2024-04-29T07:43:31.717+0000] {processor.py:157} INFO - Started process (PID=5557) to work on /usr/local/python/3.10.13/lib/python3.10/site-packages/airflow/example_dags/example_branch_labels.py
[2024-04-29T07:43:31.720+0000] {processor.py:826} INFO - Processing file /usr/local/python/3.10.13/lib/python3.10/site-packages/airflow/example_dags/example_branch_labels.py for tasks to queue
[2024-04-29T07:43:31.721+0000] {logging_mixin.py:150} INFO - [2024-04-29T07:43:31.720+0000] {dagbag.py:541} INFO - Filling up the DagBag from /usr/local/python/3.10.13/lib/python3.10/site-packages/airflow/example_dags/example_branch_labels.py
[2024-04-29T07:43:31.730+0000] {processor.py:836} INFO - DAG(s) dict_keys(['example_branch_labels']) retrieved from /usr/local/python/3.10.13/lib/python3.10/site-packages/airflow/example_dags/example_branch_labels.py
[2024-04-29T07:43:31.752+0000] {logging_mixin.py:150} INFO - [2024-04-29T07:43:31.752+0000] {dag.py:2742} INFO - Sync 1 DAGs
[2024-04-29T07:43:31.776+0000] {logging_mixin.py:150} INFO - [2024-04-29T07:43:31.776+0000] {dag.py:3504} INFO - Setting next_dagrun for example_branch_labels to 2024-04-28T00:00:00+00:00, run_after=2024-04-29T00:00:00+00:00
[2024-04-29T07:43:31.816+0000] {processor.py:179} INFO - Processing /usr/local/python/3.10.13/lib/python3.10/site-packages/airflow/example_dags/example_branch_labels.py took 0.101 seconds
[2024-04-29T07:44:18.690+0000] {processor.py:157} INFO - Started process (PID=5865) to work on /usr/local/python/3.10.13/lib/python3.10/site-packages/airflow/example_dags/example_branch_labels.py
[2024-04-29T07:44:18.691+0000] {processor.py:826} INFO - Processing file /usr/local/python/3.10.13/lib/python3.10/site-packages/airflow/example_dags/example_branch_labels.py for tasks to queue
[2024-04-29T07:44:18.692+0000] {logging_mixin.py:150} INFO - [2024-04-29T07:44:18.691+0000] {dagbag.py:541} INFO - Filling up the DagBag from /usr/local/python/3.10.13/lib/python3.10/site-packages/airflow/example_dags/example_branch_labels.py
[2024-04-29T07:44:18.698+0000] {processor.py:836} INFO - DAG(s) dict_keys(['example_branch_labels']) retrieved from /usr/local/python/3.10.13/lib/python3.10/site-packages/airflow/example_dags/example_branch_labels.py
[2024-04-29T07:44:18.711+0000] {logging_mixin.py:150} INFO - [2024-04-29T07:44:18.711+0000] {dag.py:2742} INFO - Sync 1 DAGs
[2024-04-29T07:44:18.728+0000] {logging_mixin.py:150} INFO - [2024-04-29T07:44:18.728+0000] {dag.py:3504} INFO - Setting next_dagrun for example_branch_labels to 2024-04-28T00:00:00+00:00, run_after=2024-04-29T00:00:00+00:00
[2024-04-29T07:44:18.762+0000] {processor.py:179} INFO - Processing /usr/local/python/3.10.13/lib/python3.10/site-packages/airflow/example_dags/example_branch_labels.py took 0.074 seconds
[2024-04-29T07:45:06.466+0000] {processor.py:157} INFO - Started process (PID=6198) to work on /usr/local/python/3.10.13/lib/python3.10/site-packages/airflow/example_dags/example_branch_labels.py
[2024-04-29T07:45:06.467+0000] {processor.py:826} INFO - Processing file /usr/local/python/3.10.13/lib/python3.10/site-packages/airflow/example_dags/example_branch_labels.py for tasks to queue
[2024-04-29T07:45:06.468+0000] {logging_mixin.py:150} INFO - [2024-04-29T07:45:06.467+0000] {dagbag.py:541} INFO - Filling up the DagBag from /usr/local/python/3.10.13/lib/python3.10/site-packages/airflow/example_dags/example_branch_labels.py
[2024-04-29T07:45:06.474+0000] {processor.py:836} INFO - DAG(s) dict_keys(['example_branch_labels']) retrieved from /usr/local/python/3.10.13/lib/python3.10/site-packages/airflow/example_dags/example_branch_labels.py
[2024-04-29T07:45:06.487+0000] {logging_mixin.py:150} INFO - [2024-04-29T07:45:06.487+0000] {dag.py:2742} INFO - Sync 1 DAGs
[2024-04-29T07:45:06.504+0000] {logging_mixin.py:150} INFO - [2024-04-29T07:45:06.504+0000] {dag.py:3504} INFO - Setting next_dagrun for example_branch_labels to 2024-04-28T00:00:00+00:00, run_after=2024-04-29T00:00:00+00:00
[2024-04-29T07:45:06.540+0000] {processor.py:179} INFO - Processing /usr/local/python/3.10.13/lib/python3.10/site-packages/airflow/example_dags/example_branch_labels.py took 0.077 seconds
[2024-04-29T07:45:58.971+0000] {processor.py:157} INFO - Started process (PID=6566) to work on /usr/local/python/3.10.13/lib/python3.10/site-packages/airflow/example_dags/example_branch_labels.py
[2024-04-29T07:45:58.971+0000] {processor.py:826} INFO - Processing file /usr/local/python/3.10.13/lib/python3.10/site-packages/airflow/example_dags/example_branch_labels.py for tasks to queue
[2024-04-29T07:45:58.972+0000] {logging_mixin.py:150} INFO - [2024-04-29T07:45:58.972+0000] {dagbag.py:541} INFO - Filling up the DagBag from /usr/local/python/3.10.13/lib/python3.10/site-packages/airflow/example_dags/example_branch_labels.py
[2024-04-29T07:45:58.978+0000] {processor.py:836} INFO - DAG(s) dict_keys(['example_branch_labels']) retrieved from /usr/local/python/3.10.13/lib/python3.10/site-packages/airflow/example_dags/example_branch_labels.py
[2024-04-29T07:45:58.992+0000] {logging_mixin.py:150} INFO - [2024-04-29T07:45:58.992+0000] {dag.py:2742} INFO - Sync 1 DAGs
[2024-04-29T07:45:59.010+0000] {logging_mixin.py:150} INFO - [2024-04-29T07:45:59.010+0000] {dag.py:3504} INFO - Setting next_dagrun for example_branch_labels to 2024-04-28T00:00:00+00:00, run_after=2024-04-29T00:00:00+00:00
[2024-04-29T07:45:59.045+0000] {processor.py:179} INFO - Processing /usr/local/python/3.10.13/lib/python3.10/site-packages/airflow/example_dags/example_branch_labels.py took 0.077 seconds
