[2024-04-29T06:17:06.697+0000] {processor.py:157} INFO - Started process (PID=9134) to work on /usr/local/python/3.10.13/lib/python3.10/site-packages/airflow/example_dags/example_branch_operator_decorator.py
[2024-04-29T06:17:06.697+0000] {processor.py:826} INFO - Processing file /usr/local/python/3.10.13/lib/python3.10/site-packages/airflow/example_dags/example_branch_operator_decorator.py for tasks to queue
[2024-04-29T06:17:06.698+0000] {logging_mixin.py:150} INFO - [2024-04-29T06:17:06.698+0000] {dagbag.py:541} INFO - Filling up the DagBag from /usr/local/python/3.10.13/lib/python3.10/site-packages/airflow/example_dags/example_branch_operator_decorator.py
[2024-04-29T06:17:06.706+0000] {processor.py:836} INFO - DAG(s) dict_keys(['example_branch_python_operator_decorator']) retrieved from /usr/local/python/3.10.13/lib/python3.10/site-packages/airflow/example_dags/example_branch_operator_decorator.py
[2024-04-29T06:17:06.837+0000] {logging_mixin.py:150} INFO - [2024-04-29T06:17:06.837+0000] {manager.py:504} INFO - Created Permission View: can delete on DAG:example_branch_python_operator_decorator
[2024-04-29T06:17:06.865+0000] {logging_mixin.py:150} INFO - [2024-04-29T06:17:06.865+0000] {manager.py:504} INFO - Created Permission View: can edit on DAG:example_branch_python_operator_decorator
[2024-04-29T06:17:06.890+0000] {logging_mixin.py:150} INFO - [2024-04-29T06:17:06.890+0000] {manager.py:504} INFO - Created Permission View: can read on DAG:example_branch_python_operator_decorator
[2024-04-29T06:17:06.899+0000] {logging_mixin.py:150} INFO - [2024-04-29T06:17:06.899+0000] {dag.py:2742} INFO - Sync 1 DAGs
[2024-04-29T06:17:06.907+0000] {logging_mixin.py:150} INFO - [2024-04-29T06:17:06.906+0000] {dag.py:2763} INFO - Creating ORM DAG for example_branch_python_operator_decorator
[2024-04-29T06:17:06.915+0000] {logging_mixin.py:150} INFO - [2024-04-29T06:17:06.915+0000] {dag.py:3504} INFO - Setting next_dagrun for example_branch_python_operator_decorator to 2024-04-28T00:00:00+00:00, run_after=2024-04-29T00:00:00+00:00
[2024-04-29T06:17:06.956+0000] {processor.py:179} INFO - Processing /usr/local/python/3.10.13/lib/python3.10/site-packages/airflow/example_dags/example_branch_operator_decorator.py took 0.262 seconds
[2024-04-29T06:17:53.680+0000] {processor.py:157} INFO - Started process (PID=9492) to work on /usr/local/python/3.10.13/lib/python3.10/site-packages/airflow/example_dags/example_branch_operator_decorator.py
[2024-04-29T06:17:53.681+0000] {processor.py:826} INFO - Processing file /usr/local/python/3.10.13/lib/python3.10/site-packages/airflow/example_dags/example_branch_operator_decorator.py for tasks to queue
[2024-04-29T06:17:53.682+0000] {logging_mixin.py:150} INFO - [2024-04-29T06:17:53.681+0000] {dagbag.py:541} INFO - Filling up the DagBag from /usr/local/python/3.10.13/lib/python3.10/site-packages/airflow/example_dags/example_branch_operator_decorator.py
[2024-04-29T06:17:53.690+0000] {processor.py:836} INFO - DAG(s) dict_keys(['example_branch_python_operator_decorator']) retrieved from /usr/local/python/3.10.13/lib/python3.10/site-packages/airflow/example_dags/example_branch_operator_decorator.py
[2024-04-29T06:17:53.704+0000] {logging_mixin.py:150} INFO - [2024-04-29T06:17:53.703+0000] {dag.py:2742} INFO - Sync 1 DAGs
[2024-04-29T06:17:53.726+0000] {logging_mixin.py:150} INFO - [2024-04-29T06:17:53.726+0000] {dag.py:3504} INFO - Setting next_dagrun for example_branch_python_operator_decorator to 2024-04-28T00:00:00+00:00, run_after=2024-04-29T00:00:00+00:00
[2024-04-29T06:17:53.783+0000] {processor.py:179} INFO - Processing /usr/local/python/3.10.13/lib/python3.10/site-packages/airflow/example_dags/example_branch_operator_decorator.py took 0.105 seconds
[2024-04-29T06:18:42.517+0000] {processor.py:157} INFO - Started process (PID=9860) to work on /usr/local/python/3.10.13/lib/python3.10/site-packages/airflow/example_dags/example_branch_operator_decorator.py
[2024-04-29T06:18:42.518+0000] {processor.py:826} INFO - Processing file /usr/local/python/3.10.13/lib/python3.10/site-packages/airflow/example_dags/example_branch_operator_decorator.py for tasks to queue
[2024-04-29T06:18:42.519+0000] {logging_mixin.py:150} INFO - [2024-04-29T06:18:42.519+0000] {dagbag.py:541} INFO - Filling up the DagBag from /usr/local/python/3.10.13/lib/python3.10/site-packages/airflow/example_dags/example_branch_operator_decorator.py
[2024-04-29T06:18:42.530+0000] {processor.py:836} INFO - DAG(s) dict_keys(['example_branch_python_operator_decorator']) retrieved from /usr/local/python/3.10.13/lib/python3.10/site-packages/airflow/example_dags/example_branch_operator_decorator.py
[2024-04-29T06:18:42.548+0000] {logging_mixin.py:150} INFO - [2024-04-29T06:18:42.547+0000] {dag.py:2742} INFO - Sync 1 DAGs
[2024-04-29T06:18:42.565+0000] {logging_mixin.py:150} INFO - [2024-04-29T06:18:42.565+0000] {dag.py:3504} INFO - Setting next_dagrun for example_branch_python_operator_decorator to 2024-04-28T00:00:00+00:00, run_after=2024-04-29T00:00:00+00:00
[2024-04-29T06:18:42.611+0000] {processor.py:179} INFO - Processing /usr/local/python/3.10.13/lib/python3.10/site-packages/airflow/example_dags/example_branch_operator_decorator.py took 0.096 seconds
[2024-04-29T06:19:29.127+0000] {processor.py:157} INFO - Started process (PID=10205) to work on /usr/local/python/3.10.13/lib/python3.10/site-packages/airflow/example_dags/example_branch_operator_decorator.py
[2024-04-29T06:19:29.127+0000] {processor.py:826} INFO - Processing file /usr/local/python/3.10.13/lib/python3.10/site-packages/airflow/example_dags/example_branch_operator_decorator.py for tasks to queue
[2024-04-29T06:19:29.128+0000] {logging_mixin.py:150} INFO - [2024-04-29T06:19:29.128+0000] {dagbag.py:541} INFO - Filling up the DagBag from /usr/local/python/3.10.13/lib/python3.10/site-packages/airflow/example_dags/example_branch_operator_decorator.py
[2024-04-29T06:19:29.136+0000] {processor.py:836} INFO - DAG(s) dict_keys(['example_branch_python_operator_decorator']) retrieved from /usr/local/python/3.10.13/lib/python3.10/site-packages/airflow/example_dags/example_branch_operator_decorator.py
[2024-04-29T06:19:29.150+0000] {logging_mixin.py:150} INFO - [2024-04-29T06:19:29.149+0000] {dag.py:2742} INFO - Sync 1 DAGs
[2024-04-29T06:19:29.166+0000] {logging_mixin.py:150} INFO - [2024-04-29T06:19:29.166+0000] {dag.py:3504} INFO - Setting next_dagrun for example_branch_python_operator_decorator to 2024-04-28T00:00:00+00:00, run_after=2024-04-29T00:00:00+00:00
[2024-04-29T06:19:29.203+0000] {processor.py:179} INFO - Processing /usr/local/python/3.10.13/lib/python3.10/site-packages/airflow/example_dags/example_branch_operator_decorator.py took 0.079 seconds
[2024-04-29T06:20:19.890+0000] {processor.py:157} INFO - Started process (PID=10584) to work on /usr/local/python/3.10.13/lib/python3.10/site-packages/airflow/example_dags/example_branch_operator_decorator.py
[2024-04-29T06:20:19.891+0000] {processor.py:826} INFO - Processing file /usr/local/python/3.10.13/lib/python3.10/site-packages/airflow/example_dags/example_branch_operator_decorator.py for tasks to queue
[2024-04-29T06:20:19.891+0000] {logging_mixin.py:150} INFO - [2024-04-29T06:20:19.891+0000] {dagbag.py:541} INFO - Filling up the DagBag from /usr/local/python/3.10.13/lib/python3.10/site-packages/airflow/example_dags/example_branch_operator_decorator.py
[2024-04-29T06:20:19.899+0000] {processor.py:836} INFO - DAG(s) dict_keys(['example_branch_python_operator_decorator']) retrieved from /usr/local/python/3.10.13/lib/python3.10/site-packages/airflow/example_dags/example_branch_operator_decorator.py
[2024-04-29T06:20:19.912+0000] {logging_mixin.py:150} INFO - [2024-04-29T06:20:19.912+0000] {dag.py:2742} INFO - Sync 1 DAGs
[2024-04-29T06:20:19.929+0000] {logging_mixin.py:150} INFO - [2024-04-29T06:20:19.929+0000] {dag.py:3504} INFO - Setting next_dagrun for example_branch_python_operator_decorator to 2024-04-28T00:00:00+00:00, run_after=2024-04-29T00:00:00+00:00
[2024-04-29T06:20:19.964+0000] {processor.py:179} INFO - Processing /usr/local/python/3.10.13/lib/python3.10/site-packages/airflow/example_dags/example_branch_operator_decorator.py took 0.077 seconds
[2024-04-29T06:21:11.731+0000] {processor.py:157} INFO - Started process (PID=10970) to work on /usr/local/python/3.10.13/lib/python3.10/site-packages/airflow/example_dags/example_branch_operator_decorator.py
[2024-04-29T06:21:11.732+0000] {processor.py:826} INFO - Processing file /usr/local/python/3.10.13/lib/python3.10/site-packages/airflow/example_dags/example_branch_operator_decorator.py for tasks to queue
[2024-04-29T06:21:11.732+0000] {logging_mixin.py:150} INFO - [2024-04-29T06:21:11.732+0000] {dagbag.py:541} INFO - Filling up the DagBag from /usr/local/python/3.10.13/lib/python3.10/site-packages/airflow/example_dags/example_branch_operator_decorator.py
[2024-04-29T06:21:11.740+0000] {processor.py:836} INFO - DAG(s) dict_keys(['example_branch_python_operator_decorator']) retrieved from /usr/local/python/3.10.13/lib/python3.10/site-packages/airflow/example_dags/example_branch_operator_decorator.py
[2024-04-29T06:21:11.754+0000] {logging_mixin.py:150} INFO - [2024-04-29T06:21:11.754+0000] {dag.py:2742} INFO - Sync 1 DAGs
[2024-04-29T06:21:11.771+0000] {logging_mixin.py:150} INFO - [2024-04-29T06:21:11.770+0000] {dag.py:3504} INFO - Setting next_dagrun for example_branch_python_operator_decorator to 2024-04-28T00:00:00+00:00, run_after=2024-04-29T00:00:00+00:00
[2024-04-29T06:21:11.808+0000] {processor.py:179} INFO - Processing /usr/local/python/3.10.13/lib/python3.10/site-packages/airflow/example_dags/example_branch_operator_decorator.py took 0.081 seconds
[2024-04-29T06:22:00.927+0000] {processor.py:157} INFO - Started process (PID=11341) to work on /usr/local/python/3.10.13/lib/python3.10/site-packages/airflow/example_dags/example_branch_operator_decorator.py
[2024-04-29T06:22:00.928+0000] {processor.py:826} INFO - Processing file /usr/local/python/3.10.13/lib/python3.10/site-packages/airflow/example_dags/example_branch_operator_decorator.py for tasks to queue
[2024-04-29T06:22:00.929+0000] {logging_mixin.py:150} INFO - [2024-04-29T06:22:00.929+0000] {dagbag.py:541} INFO - Filling up the DagBag from /usr/local/python/3.10.13/lib/python3.10/site-packages/airflow/example_dags/example_branch_operator_decorator.py
[2024-04-29T06:22:00.937+0000] {processor.py:836} INFO - DAG(s) dict_keys(['example_branch_python_operator_decorator']) retrieved from /usr/local/python/3.10.13/lib/python3.10/site-packages/airflow/example_dags/example_branch_operator_decorator.py
[2024-04-29T06:22:00.951+0000] {logging_mixin.py:150} INFO - [2024-04-29T06:22:00.951+0000] {dag.py:2742} INFO - Sync 1 DAGs
[2024-04-29T06:22:00.969+0000] {logging_mixin.py:150} INFO - [2024-04-29T06:22:00.968+0000] {dag.py:3504} INFO - Setting next_dagrun for example_branch_python_operator_decorator to 2024-04-28T00:00:00+00:00, run_after=2024-04-29T00:00:00+00:00
[2024-04-29T06:22:01.013+0000] {processor.py:179} INFO - Processing /usr/local/python/3.10.13/lib/python3.10/site-packages/airflow/example_dags/example_branch_operator_decorator.py took 0.088 seconds
[2024-04-29T06:22:48.354+0000] {processor.py:157} INFO - Started process (PID=11719) to work on /usr/local/python/3.10.13/lib/python3.10/site-packages/airflow/example_dags/example_branch_operator_decorator.py
[2024-04-29T06:22:48.354+0000] {processor.py:826} INFO - Processing file /usr/local/python/3.10.13/lib/python3.10/site-packages/airflow/example_dags/example_branch_operator_decorator.py for tasks to queue
[2024-04-29T06:22:48.355+0000] {logging_mixin.py:150} INFO - [2024-04-29T06:22:48.355+0000] {dagbag.py:541} INFO - Filling up the DagBag from /usr/local/python/3.10.13/lib/python3.10/site-packages/airflow/example_dags/example_branch_operator_decorator.py
[2024-04-29T06:22:48.363+0000] {processor.py:836} INFO - DAG(s) dict_keys(['example_branch_python_operator_decorator']) retrieved from /usr/local/python/3.10.13/lib/python3.10/site-packages/airflow/example_dags/example_branch_operator_decorator.py
[2024-04-29T06:22:48.377+0000] {logging_mixin.py:150} INFO - [2024-04-29T06:22:48.377+0000] {dag.py:2742} INFO - Sync 1 DAGs
[2024-04-29T06:22:48.393+0000] {logging_mixin.py:150} INFO - [2024-04-29T06:22:48.393+0000] {dag.py:3504} INFO - Setting next_dagrun for example_branch_python_operator_decorator to 2024-04-28T00:00:00+00:00, run_after=2024-04-29T00:00:00+00:00
[2024-04-29T06:22:48.430+0000] {processor.py:179} INFO - Processing /usr/local/python/3.10.13/lib/python3.10/site-packages/airflow/example_dags/example_branch_operator_decorator.py took 0.078 seconds
[2024-04-29T06:23:36.557+0000] {processor.py:157} INFO - Started process (PID=12065) to work on /usr/local/python/3.10.13/lib/python3.10/site-packages/airflow/example_dags/example_branch_operator_decorator.py
[2024-04-29T06:23:36.558+0000] {processor.py:826} INFO - Processing file /usr/local/python/3.10.13/lib/python3.10/site-packages/airflow/example_dags/example_branch_operator_decorator.py for tasks to queue
[2024-04-29T06:23:36.559+0000] {logging_mixin.py:150} INFO - [2024-04-29T06:23:36.558+0000] {dagbag.py:541} INFO - Filling up the DagBag from /usr/local/python/3.10.13/lib/python3.10/site-packages/airflow/example_dags/example_branch_operator_decorator.py
[2024-04-29T06:23:36.566+0000] {processor.py:836} INFO - DAG(s) dict_keys(['example_branch_python_operator_decorator']) retrieved from /usr/local/python/3.10.13/lib/python3.10/site-packages/airflow/example_dags/example_branch_operator_decorator.py
[2024-04-29T06:23:36.580+0000] {logging_mixin.py:150} INFO - [2024-04-29T06:23:36.580+0000] {dag.py:2742} INFO - Sync 1 DAGs
[2024-04-29T06:23:36.598+0000] {logging_mixin.py:150} INFO - [2024-04-29T06:23:36.598+0000] {dag.py:3504} INFO - Setting next_dagrun for example_branch_python_operator_decorator to 2024-04-28T00:00:00+00:00, run_after=2024-04-29T00:00:00+00:00
[2024-04-29T06:23:36.634+0000] {processor.py:179} INFO - Processing /usr/local/python/3.10.13/lib/python3.10/site-packages/airflow/example_dags/example_branch_operator_decorator.py took 0.079 seconds
[2024-04-29T06:24:24.743+0000] {processor.py:157} INFO - Started process (PID=12431) to work on /usr/local/python/3.10.13/lib/python3.10/site-packages/airflow/example_dags/example_branch_operator_decorator.py
[2024-04-29T06:24:24.753+0000] {processor.py:826} INFO - Processing file /usr/local/python/3.10.13/lib/python3.10/site-packages/airflow/example_dags/example_branch_operator_decorator.py for tasks to queue
[2024-04-29T06:24:24.772+0000] {logging_mixin.py:150} INFO - [2024-04-29T06:24:24.771+0000] {dagbag.py:541} INFO - Filling up the DagBag from /usr/local/python/3.10.13/lib/python3.10/site-packages/airflow/example_dags/example_branch_operator_decorator.py
[2024-04-29T06:24:24.788+0000] {processor.py:836} INFO - DAG(s) dict_keys(['example_branch_python_operator_decorator']) retrieved from /usr/local/python/3.10.13/lib/python3.10/site-packages/airflow/example_dags/example_branch_operator_decorator.py
[2024-04-29T06:24:24.807+0000] {logging_mixin.py:150} INFO - [2024-04-29T06:24:24.807+0000] {dag.py:2742} INFO - Sync 1 DAGs
[2024-04-29T06:24:24.825+0000] {logging_mixin.py:150} INFO - [2024-04-29T06:24:24.825+0000] {dag.py:3504} INFO - Setting next_dagrun for example_branch_python_operator_decorator to 2024-04-28T00:00:00+00:00, run_after=2024-04-29T00:00:00+00:00
[2024-04-29T06:24:24.862+0000] {processor.py:179} INFO - Processing /usr/local/python/3.10.13/lib/python3.10/site-packages/airflow/example_dags/example_branch_operator_decorator.py took 0.129 seconds
[2024-04-29T06:25:15.751+0000] {processor.py:157} INFO - Started process (PID=12816) to work on /usr/local/python/3.10.13/lib/python3.10/site-packages/airflow/example_dags/example_branch_operator_decorator.py
[2024-04-29T06:25:15.752+0000] {processor.py:826} INFO - Processing file /usr/local/python/3.10.13/lib/python3.10/site-packages/airflow/example_dags/example_branch_operator_decorator.py for tasks to queue
[2024-04-29T06:25:15.753+0000] {logging_mixin.py:150} INFO - [2024-04-29T06:25:15.752+0000] {dagbag.py:541} INFO - Filling up the DagBag from /usr/local/python/3.10.13/lib/python3.10/site-packages/airflow/example_dags/example_branch_operator_decorator.py
[2024-04-29T06:25:15.761+0000] {processor.py:836} INFO - DAG(s) dict_keys(['example_branch_python_operator_decorator']) retrieved from /usr/local/python/3.10.13/lib/python3.10/site-packages/airflow/example_dags/example_branch_operator_decorator.py
[2024-04-29T06:25:15.774+0000] {logging_mixin.py:150} INFO - [2024-04-29T06:25:15.774+0000] {dag.py:2742} INFO - Sync 1 DAGs
[2024-04-29T06:25:15.791+0000] {logging_mixin.py:150} INFO - [2024-04-29T06:25:15.790+0000] {dag.py:3504} INFO - Setting next_dagrun for example_branch_python_operator_decorator to 2024-04-28T00:00:00+00:00, run_after=2024-04-29T00:00:00+00:00
[2024-04-29T06:25:15.829+0000] {processor.py:179} INFO - Processing /usr/local/python/3.10.13/lib/python3.10/site-packages/airflow/example_dags/example_branch_operator_decorator.py took 0.080 seconds
[2024-04-29T06:26:00.150+0000] {processor.py:157} INFO - Started process (PID=13286) to work on /usr/local/python/3.10.13/lib/python3.10/site-packages/airflow/example_dags/example_branch_operator_decorator.py
[2024-04-29T06:26:00.150+0000] {processor.py:826} INFO - Processing file /usr/local/python/3.10.13/lib/python3.10/site-packages/airflow/example_dags/example_branch_operator_decorator.py for tasks to queue
[2024-04-29T06:26:00.151+0000] {logging_mixin.py:150} INFO - [2024-04-29T06:26:00.151+0000] {dagbag.py:541} INFO - Filling up the DagBag from /usr/local/python/3.10.13/lib/python3.10/site-packages/airflow/example_dags/example_branch_operator_decorator.py
[2024-04-29T06:26:00.159+0000] {processor.py:836} INFO - DAG(s) dict_keys(['example_branch_python_operator_decorator']) retrieved from /usr/local/python/3.10.13/lib/python3.10/site-packages/airflow/example_dags/example_branch_operator_decorator.py
[2024-04-29T06:26:00.174+0000] {logging_mixin.py:150} INFO - [2024-04-29T06:26:00.173+0000] {dag.py:2742} INFO - Sync 1 DAGs
[2024-04-29T06:26:00.191+0000] {logging_mixin.py:150} INFO - [2024-04-29T06:26:00.191+0000] {dag.py:3504} INFO - Setting next_dagrun for example_branch_python_operator_decorator to 2024-04-28T00:00:00+00:00, run_after=2024-04-29T00:00:00+00:00
[2024-04-29T06:26:00.228+0000] {processor.py:179} INFO - Processing /usr/local/python/3.10.13/lib/python3.10/site-packages/airflow/example_dags/example_branch_operator_decorator.py took 0.081 seconds
[2024-04-29T06:26:48.079+0000] {processor.py:157} INFO - Started process (PID=13680) to work on /usr/local/python/3.10.13/lib/python3.10/site-packages/airflow/example_dags/example_branch_operator_decorator.py
[2024-04-29T06:26:48.080+0000] {processor.py:826} INFO - Processing file /usr/local/python/3.10.13/lib/python3.10/site-packages/airflow/example_dags/example_branch_operator_decorator.py for tasks to queue
[2024-04-29T06:26:48.081+0000] {logging_mixin.py:150} INFO - [2024-04-29T06:26:48.080+0000] {dagbag.py:541} INFO - Filling up the DagBag from /usr/local/python/3.10.13/lib/python3.10/site-packages/airflow/example_dags/example_branch_operator_decorator.py
[2024-04-29T06:26:48.089+0000] {processor.py:836} INFO - DAG(s) dict_keys(['example_branch_python_operator_decorator']) retrieved from /usr/local/python/3.10.13/lib/python3.10/site-packages/airflow/example_dags/example_branch_operator_decorator.py
[2024-04-29T06:26:48.103+0000] {logging_mixin.py:150} INFO - [2024-04-29T06:26:48.103+0000] {dag.py:2742} INFO - Sync 1 DAGs
[2024-04-29T06:26:48.120+0000] {logging_mixin.py:150} INFO - [2024-04-29T06:26:48.120+0000] {dag.py:3504} INFO - Setting next_dagrun for example_branch_python_operator_decorator to 2024-04-28T00:00:00+00:00, run_after=2024-04-29T00:00:00+00:00
[2024-04-29T06:26:48.155+0000] {processor.py:179} INFO - Processing /usr/local/python/3.10.13/lib/python3.10/site-packages/airflow/example_dags/example_branch_operator_decorator.py took 0.078 seconds
[2024-04-29T06:27:45.506+0000] {processor.py:157} INFO - Started process (PID=14206) to work on /usr/local/python/3.10.13/lib/python3.10/site-packages/airflow/example_dags/example_branch_operator_decorator.py
[2024-04-29T06:27:45.507+0000] {processor.py:826} INFO - Processing file /usr/local/python/3.10.13/lib/python3.10/site-packages/airflow/example_dags/example_branch_operator_decorator.py for tasks to queue
[2024-04-29T06:27:45.507+0000] {logging_mixin.py:150} INFO - [2024-04-29T06:27:45.507+0000] {dagbag.py:541} INFO - Filling up the DagBag from /usr/local/python/3.10.13/lib/python3.10/site-packages/airflow/example_dags/example_branch_operator_decorator.py
[2024-04-29T06:27:45.516+0000] {processor.py:836} INFO - DAG(s) dict_keys(['example_branch_python_operator_decorator']) retrieved from /usr/local/python/3.10.13/lib/python3.10/site-packages/airflow/example_dags/example_branch_operator_decorator.py
[2024-04-29T06:27:45.531+0000] {logging_mixin.py:150} INFO - [2024-04-29T06:27:45.531+0000] {dag.py:2742} INFO - Sync 1 DAGs
[2024-04-29T06:27:45.549+0000] {logging_mixin.py:150} INFO - [2024-04-29T06:27:45.549+0000] {dag.py:3504} INFO - Setting next_dagrun for example_branch_python_operator_decorator to 2024-04-28T00:00:00+00:00, run_after=2024-04-29T00:00:00+00:00
[2024-04-29T06:27:45.589+0000] {processor.py:179} INFO - Processing /usr/local/python/3.10.13/lib/python3.10/site-packages/airflow/example_dags/example_branch_operator_decorator.py took 0.085 seconds
[2024-04-29T06:31:45.687+0000] {processor.py:157} INFO - Started process (PID=16059) to work on /usr/local/python/3.10.13/lib/python3.10/site-packages/airflow/example_dags/example_branch_operator_decorator.py
[2024-04-29T06:31:45.688+0000] {processor.py:826} INFO - Processing file /usr/local/python/3.10.13/lib/python3.10/site-packages/airflow/example_dags/example_branch_operator_decorator.py for tasks to queue
[2024-04-29T06:31:45.688+0000] {logging_mixin.py:150} INFO - [2024-04-29T06:31:45.688+0000] {dagbag.py:541} INFO - Filling up the DagBag from /usr/local/python/3.10.13/lib/python3.10/site-packages/airflow/example_dags/example_branch_operator_decorator.py
[2024-04-29T06:31:45.702+0000] {processor.py:836} INFO - DAG(s) dict_keys(['example_branch_python_operator_decorator']) retrieved from /usr/local/python/3.10.13/lib/python3.10/site-packages/airflow/example_dags/example_branch_operator_decorator.py
[2024-04-29T06:31:45.729+0000] {logging_mixin.py:150} INFO - [2024-04-29T06:31:45.729+0000] {dag.py:2742} INFO - Sync 1 DAGs
[2024-04-29T06:31:45.763+0000] {logging_mixin.py:150} INFO - [2024-04-29T06:31:45.762+0000] {dag.py:3504} INFO - Setting next_dagrun for example_branch_python_operator_decorator to 2024-04-28T00:00:00+00:00, run_after=2024-04-29T00:00:00+00:00
[2024-04-29T06:31:45.813+0000] {processor.py:179} INFO - Processing /usr/local/python/3.10.13/lib/python3.10/site-packages/airflow/example_dags/example_branch_operator_decorator.py took 0.130 seconds
[2024-04-29T06:32:32.376+0000] {processor.py:157} INFO - Started process (PID=16384) to work on /usr/local/python/3.10.13/lib/python3.10/site-packages/airflow/example_dags/example_branch_operator_decorator.py
[2024-04-29T06:32:32.377+0000] {processor.py:826} INFO - Processing file /usr/local/python/3.10.13/lib/python3.10/site-packages/airflow/example_dags/example_branch_operator_decorator.py for tasks to queue
[2024-04-29T06:32:32.378+0000] {logging_mixin.py:150} INFO - [2024-04-29T06:32:32.377+0000] {dagbag.py:541} INFO - Filling up the DagBag from /usr/local/python/3.10.13/lib/python3.10/site-packages/airflow/example_dags/example_branch_operator_decorator.py
[2024-04-29T06:32:32.386+0000] {processor.py:836} INFO - DAG(s) dict_keys(['example_branch_python_operator_decorator']) retrieved from /usr/local/python/3.10.13/lib/python3.10/site-packages/airflow/example_dags/example_branch_operator_decorator.py
[2024-04-29T06:32:32.400+0000] {logging_mixin.py:150} INFO - [2024-04-29T06:32:32.399+0000] {dag.py:2742} INFO - Sync 1 DAGs
[2024-04-29T06:32:32.419+0000] {logging_mixin.py:150} INFO - [2024-04-29T06:32:32.419+0000] {dag.py:3504} INFO - Setting next_dagrun for example_branch_python_operator_decorator to 2024-04-28T00:00:00+00:00, run_after=2024-04-29T00:00:00+00:00
[2024-04-29T06:32:32.457+0000] {processor.py:179} INFO - Processing /usr/local/python/3.10.13/lib/python3.10/site-packages/airflow/example_dags/example_branch_operator_decorator.py took 0.083 seconds
