[2024-04-29T06:44:09.734+0000] {processor.py:157} INFO - Started process (PID=23392) to work on /usr/local/python/3.10.13/lib/python3.10/site-packages/airflow/example_dags/example_branch_datetime_operator.py
[2024-04-29T06:44:09.735+0000] {processor.py:826} INFO - Processing file /usr/local/python/3.10.13/lib/python3.10/site-packages/airflow/example_dags/example_branch_datetime_operator.py for tasks to queue
[2024-04-29T06:44:09.736+0000] {logging_mixin.py:150} INFO - [2024-04-29T06:44:09.735+0000] {dagbag.py:541} INFO - Filling up the DagBag from /usr/local/python/3.10.13/lib/python3.10/site-packages/airflow/example_dags/example_branch_datetime_operator.py
[2024-04-29T06:44:09.745+0000] {processor.py:836} INFO - DAG(s) dict_keys(['example_branch_datetime_operator_2', 'example_branch_datetime_operator_3', 'example_branch_datetime_operator']) retrieved from /usr/local/python/3.10.13/lib/python3.10/site-packages/airflow/example_dags/example_branch_datetime_operator.py
[2024-04-29T06:44:09.873+0000] {logging_mixin.py:150} INFO - [2024-04-29T06:44:09.873+0000] {manager.py:504} INFO - Created Permission View: can delete on DAG:example_branch_datetime_operator_2
[2024-04-29T06:44:09.905+0000] {logging_mixin.py:150} INFO - [2024-04-29T06:44:09.905+0000] {manager.py:504} INFO - Created Permission View: can edit on DAG:example_branch_datetime_operator_2
[2024-04-29T06:44:09.940+0000] {logging_mixin.py:150} INFO - [2024-04-29T06:44:09.939+0000] {manager.py:504} INFO - Created Permission View: can read on DAG:example_branch_datetime_operator_2
[2024-04-29T06:44:10.026+0000] {logging_mixin.py:150} INFO - [2024-04-29T06:44:10.026+0000] {manager.py:504} INFO - Created Permission View: can delete on DAG:example_branch_datetime_operator_3
[2024-04-29T06:44:10.057+0000] {logging_mixin.py:150} INFO - [2024-04-29T06:44:10.057+0000] {manager.py:504} INFO - Created Permission View: can edit on DAG:example_branch_datetime_operator_3
[2024-04-29T06:44:10.087+0000] {logging_mixin.py:150} INFO - [2024-04-29T06:44:10.087+0000] {manager.py:504} INFO - Created Permission View: can read on DAG:example_branch_datetime_operator_3
[2024-04-29T06:44:10.151+0000] {logging_mixin.py:150} INFO - [2024-04-29T06:44:10.151+0000] {manager.py:504} INFO - Created Permission View: can delete on DAG:example_branch_datetime_operator
[2024-04-29T06:44:10.181+0000] {logging_mixin.py:150} INFO - [2024-04-29T06:44:10.181+0000] {manager.py:504} INFO - Created Permission View: can edit on DAG:example_branch_datetime_operator
[2024-04-29T06:44:10.209+0000] {logging_mixin.py:150} INFO - [2024-04-29T06:44:10.209+0000] {manager.py:504} INFO - Created Permission View: can read on DAG:example_branch_datetime_operator
[2024-04-29T06:44:10.213+0000] {logging_mixin.py:150} INFO - [2024-04-29T06:44:10.213+0000] {dag.py:2742} INFO - Sync 3 DAGs
[2024-04-29T06:44:10.222+0000] {logging_mixin.py:150} INFO - [2024-04-29T06:44:10.222+0000] {dag.py:2763} INFO - Creating ORM DAG for example_branch_datetime_operator_2
[2024-04-29T06:44:10.223+0000] {logging_mixin.py:150} INFO - [2024-04-29T06:44:10.222+0000] {dag.py:2763} INFO - Creating ORM DAG for example_branch_datetime_operator_3
[2024-04-29T06:44:10.223+0000] {logging_mixin.py:150} INFO - [2024-04-29T06:44:10.223+0000] {dag.py:2763} INFO - Creating ORM DAG for example_branch_datetime_operator
[2024-04-29T06:44:10.232+0000] {logging_mixin.py:150} INFO - [2024-04-29T06:44:10.232+0000] {dag.py:3504} INFO - Setting next_dagrun for example_branch_datetime_operator to 2024-04-28T00:00:00+00:00, run_after=2024-04-29T00:00:00+00:00
[2024-04-29T06:44:10.234+0000] {logging_mixin.py:150} INFO - [2024-04-29T06:44:10.234+0000] {dag.py:3504} INFO - Setting next_dagrun for example_branch_datetime_operator_2 to 2024-04-28T00:00:00+00:00, run_after=2024-04-29T00:00:00+00:00
[2024-04-29T06:44:10.235+0000] {logging_mixin.py:150} INFO - [2024-04-29T06:44:10.235+0000] {dag.py:3504} INFO - Setting next_dagrun for example_branch_datetime_operator_3 to 2024-04-28T00:00:00+00:00, run_after=2024-04-29T00:00:00+00:00
[2024-04-29T06:44:10.280+0000] {processor.py:179} INFO - Processing /usr/local/python/3.10.13/lib/python3.10/site-packages/airflow/example_dags/example_branch_datetime_operator.py took 0.548 seconds
[2024-04-29T06:45:15.787+0000] {processor.py:157} INFO - Started process (PID=24077) to work on /usr/local/python/3.10.13/lib/python3.10/site-packages/airflow/example_dags/example_branch_datetime_operator.py
[2024-04-29T06:45:15.788+0000] {processor.py:826} INFO - Processing file /usr/local/python/3.10.13/lib/python3.10/site-packages/airflow/example_dags/example_branch_datetime_operator.py for tasks to queue
[2024-04-29T06:45:15.789+0000] {logging_mixin.py:150} INFO - [2024-04-29T06:45:15.788+0000] {dagbag.py:541} INFO - Filling up the DagBag from /usr/local/python/3.10.13/lib/python3.10/site-packages/airflow/example_dags/example_branch_datetime_operator.py
[2024-04-29T06:45:15.797+0000] {processor.py:836} INFO - DAG(s) dict_keys(['example_branch_datetime_operator_2', 'example_branch_datetime_operator', 'example_branch_datetime_operator_3']) retrieved from /usr/local/python/3.10.13/lib/python3.10/site-packages/airflow/example_dags/example_branch_datetime_operator.py
[2024-04-29T06:45:15.814+0000] {logging_mixin.py:150} INFO - [2024-04-29T06:45:15.814+0000] {dag.py:2742} INFO - Sync 3 DAGs
[2024-04-29T06:45:15.831+0000] {logging_mixin.py:150} INFO - [2024-04-29T06:45:15.831+0000] {dag.py:3504} INFO - Setting next_dagrun for example_branch_datetime_operator to 2024-04-28T00:00:00+00:00, run_after=2024-04-29T00:00:00+00:00
[2024-04-29T06:45:15.835+0000] {logging_mixin.py:150} INFO - [2024-04-29T06:45:15.835+0000] {dag.py:3504} INFO - Setting next_dagrun for example_branch_datetime_operator_2 to 2024-04-28T00:00:00+00:00, run_after=2024-04-29T00:00:00+00:00
[2024-04-29T06:45:15.837+0000] {logging_mixin.py:150} INFO - [2024-04-29T06:45:15.837+0000] {dag.py:3504} INFO - Setting next_dagrun for example_branch_datetime_operator_3 to 2024-04-28T00:00:00+00:00, run_after=2024-04-29T00:00:00+00:00
[2024-04-29T06:45:15.876+0000] {processor.py:179} INFO - Processing /usr/local/python/3.10.13/lib/python3.10/site-packages/airflow/example_dags/example_branch_datetime_operator.py took 0.091 seconds
[2024-04-29T06:46:54.474+0000] {processor.py:157} INFO - Started process (PID=25006) to work on /usr/local/python/3.10.13/lib/python3.10/site-packages/airflow/example_dags/example_branch_datetime_operator.py
[2024-04-29T06:46:54.474+0000] {processor.py:826} INFO - Processing file /usr/local/python/3.10.13/lib/python3.10/site-packages/airflow/example_dags/example_branch_datetime_operator.py for tasks to queue
[2024-04-29T06:46:54.475+0000] {logging_mixin.py:150} INFO - [2024-04-29T06:46:54.475+0000] {dagbag.py:541} INFO - Filling up the DagBag from /usr/local/python/3.10.13/lib/python3.10/site-packages/airflow/example_dags/example_branch_datetime_operator.py
[2024-04-29T06:46:54.483+0000] {processor.py:836} INFO - DAG(s) dict_keys(['example_branch_datetime_operator_3', 'example_branch_datetime_operator', 'example_branch_datetime_operator_2']) retrieved from /usr/local/python/3.10.13/lib/python3.10/site-packages/airflow/example_dags/example_branch_datetime_operator.py
[2024-04-29T06:46:54.500+0000] {logging_mixin.py:150} INFO - [2024-04-29T06:46:54.499+0000] {dag.py:2742} INFO - Sync 3 DAGs
[2024-04-29T06:46:54.516+0000] {logging_mixin.py:150} INFO - [2024-04-29T06:46:54.516+0000] {dag.py:3504} INFO - Setting next_dagrun for example_branch_datetime_operator to 2024-04-28T00:00:00+00:00, run_after=2024-04-29T00:00:00+00:00
[2024-04-29T06:46:54.519+0000] {logging_mixin.py:150} INFO - [2024-04-29T06:46:54.519+0000] {dag.py:3504} INFO - Setting next_dagrun for example_branch_datetime_operator_2 to 2024-04-28T00:00:00+00:00, run_after=2024-04-29T00:00:00+00:00
[2024-04-29T06:46:54.521+0000] {logging_mixin.py:150} INFO - [2024-04-29T06:46:54.521+0000] {dag.py:3504} INFO - Setting next_dagrun for example_branch_datetime_operator_3 to 2024-04-28T00:00:00+00:00, run_after=2024-04-29T00:00:00+00:00
[2024-04-29T06:46:54.555+0000] {processor.py:179} INFO - Processing /usr/local/python/3.10.13/lib/python3.10/site-packages/airflow/example_dags/example_branch_datetime_operator.py took 0.083 seconds
