[2024-04-29T06:43:49.316+0000] {processor.py:157} INFO - Started process (PID=23250) to work on /usr/local/python/3.10.13/lib/python3.10/site-packages/airflow/example_dags/example_short_circuit_decorator.py
[2024-04-29T06:43:49.317+0000] {processor.py:826} INFO - Processing file /usr/local/python/3.10.13/lib/python3.10/site-packages/airflow/example_dags/example_short_circuit_decorator.py for tasks to queue
[2024-04-29T06:43:49.318+0000] {logging_mixin.py:150} INFO - [2024-04-29T06:43:49.317+0000] {dagbag.py:541} INFO - Filling up the DagBag from /usr/local/python/3.10.13/lib/python3.10/site-packages/airflow/example_dags/example_short_circuit_decorator.py
[2024-04-29T06:43:49.326+0000] {processor.py:836} INFO - DAG(s) dict_keys(['example_short_circuit_decorator']) retrieved from /usr/local/python/3.10.13/lib/python3.10/site-packages/airflow/example_dags/example_short_circuit_decorator.py
[2024-04-29T06:43:49.947+0000] {logging_mixin.py:150} INFO - [2024-04-29T06:43:49.947+0000] {manager.py:504} INFO - Created Permission View: can delete on DAG:example_short_circuit_decorator
[2024-04-29T06:43:49.982+0000] {logging_mixin.py:150} INFO - [2024-04-29T06:43:49.982+0000] {manager.py:504} INFO - Created Permission View: can edit on DAG:example_short_circuit_decorator
[2024-04-29T06:43:50.012+0000] {logging_mixin.py:150} INFO - [2024-04-29T06:43:50.012+0000] {manager.py:504} INFO - Created Permission View: can read on DAG:example_short_circuit_decorator
[2024-04-29T06:43:50.020+0000] {logging_mixin.py:150} INFO - [2024-04-29T06:43:50.020+0000] {dag.py:2742} INFO - Sync 1 DAGs
[2024-04-29T06:43:50.029+0000] {logging_mixin.py:150} INFO - [2024-04-29T06:43:50.029+0000] {dag.py:2763} INFO - Creating ORM DAG for example_short_circuit_decorator
[2024-04-29T06:43:50.036+0000] {logging_mixin.py:150} INFO - [2024-04-29T06:43:50.036+0000] {dag.py:3504} INFO - Setting next_dagrun for example_short_circuit_decorator to 2024-04-28T06:43:50.035928+00:00, run_after=2024-04-29T06:43:50.035928+00:00
[2024-04-29T06:43:50.080+0000] {processor.py:179} INFO - Processing /usr/local/python/3.10.13/lib/python3.10/site-packages/airflow/example_dags/example_short_circuit_decorator.py took 0.766 seconds
[2024-04-29T06:44:43.637+0000] {processor.py:157} INFO - Started process (PID=23793) to work on /usr/local/python/3.10.13/lib/python3.10/site-packages/airflow/example_dags/example_short_circuit_decorator.py
[2024-04-29T06:44:43.638+0000] {processor.py:826} INFO - Processing file /usr/local/python/3.10.13/lib/python3.10/site-packages/airflow/example_dags/example_short_circuit_decorator.py for tasks to queue
[2024-04-29T06:44:43.639+0000] {logging_mixin.py:150} INFO - [2024-04-29T06:44:43.639+0000] {dagbag.py:541} INFO - Filling up the DagBag from /usr/local/python/3.10.13/lib/python3.10/site-packages/airflow/example_dags/example_short_circuit_decorator.py
[2024-04-29T06:44:43.650+0000] {processor.py:836} INFO - DAG(s) dict_keys(['example_short_circuit_decorator']) retrieved from /usr/local/python/3.10.13/lib/python3.10/site-packages/airflow/example_dags/example_short_circuit_decorator.py
[2024-04-29T06:44:43.658+0000] {logging_mixin.py:150} INFO - [2024-04-29T06:44:43.658+0000] {dag.py:2742} INFO - Sync 1 DAGs
[2024-04-29T06:44:43.682+0000] {logging_mixin.py:150} INFO - [2024-04-29T06:44:43.682+0000] {dag.py:3504} INFO - Setting next_dagrun for example_short_circuit_decorator to 2024-04-28T06:44:43.681886+00:00, run_after=2024-04-29T06:44:43.681886+00:00
[2024-04-29T06:44:43.740+0000] {processor.py:179} INFO - Processing /usr/local/python/3.10.13/lib/python3.10/site-packages/airflow/example_dags/example_short_circuit_decorator.py took 0.106 seconds
[2024-04-29T06:45:28.820+0000] {processor.py:157} INFO - Started process (PID=24190) to work on /usr/local/python/3.10.13/lib/python3.10/site-packages/airflow/example_dags/example_short_circuit_decorator.py
[2024-04-29T06:45:28.821+0000] {processor.py:826} INFO - Processing file /usr/local/python/3.10.13/lib/python3.10/site-packages/airflow/example_dags/example_short_circuit_decorator.py for tasks to queue
[2024-04-29T06:45:28.823+0000] {logging_mixin.py:150} INFO - [2024-04-29T06:45:28.822+0000] {dagbag.py:541} INFO - Filling up the DagBag from /usr/local/python/3.10.13/lib/python3.10/site-packages/airflow/example_dags/example_short_circuit_decorator.py
[2024-04-29T06:45:28.834+0000] {processor.py:836} INFO - DAG(s) dict_keys(['example_short_circuit_decorator']) retrieved from /usr/local/python/3.10.13/lib/python3.10/site-packages/airflow/example_dags/example_short_circuit_decorator.py
[2024-04-29T06:45:28.858+0000] {logging_mixin.py:150} INFO - [2024-04-29T06:45:28.858+0000] {dag.py:2742} INFO - Sync 1 DAGs
[2024-04-29T06:45:28.890+0000] {logging_mixin.py:150} INFO - [2024-04-29T06:45:28.889+0000] {dag.py:3504} INFO - Setting next_dagrun for example_short_circuit_decorator to 2024-04-28T06:45:28.889549+00:00, run_after=2024-04-29T06:45:28.889549+00:00
[2024-04-29T06:45:29.013+0000] {processor.py:179} INFO - Processing /usr/local/python/3.10.13/lib/python3.10/site-packages/airflow/example_dags/example_short_circuit_decorator.py took 0.196 seconds
[2024-04-29T06:46:38.179+0000] {processor.py:157} INFO - Started process (PID=24887) to work on /usr/local/python/3.10.13/lib/python3.10/site-packages/airflow/example_dags/example_short_circuit_decorator.py
[2024-04-29T06:46:38.180+0000] {processor.py:826} INFO - Processing file /usr/local/python/3.10.13/lib/python3.10/site-packages/airflow/example_dags/example_short_circuit_decorator.py for tasks to queue
[2024-04-29T06:46:38.180+0000] {logging_mixin.py:150} INFO - [2024-04-29T06:46:38.180+0000] {dagbag.py:541} INFO - Filling up the DagBag from /usr/local/python/3.10.13/lib/python3.10/site-packages/airflow/example_dags/example_short_circuit_decorator.py
[2024-04-29T06:46:38.188+0000] {processor.py:836} INFO - DAG(s) dict_keys(['example_short_circuit_decorator']) retrieved from /usr/local/python/3.10.13/lib/python3.10/site-packages/airflow/example_dags/example_short_circuit_decorator.py
[2024-04-29T06:46:38.204+0000] {logging_mixin.py:150} INFO - [2024-04-29T06:46:38.203+0000] {dag.py:2742} INFO - Sync 1 DAGs
[2024-04-29T06:46:38.219+0000] {logging_mixin.py:150} INFO - [2024-04-29T06:46:38.219+0000] {dag.py:3504} INFO - Setting next_dagrun for example_short_circuit_decorator to 2024-04-28T06:46:38.219193+00:00, run_after=2024-04-29T06:46:38.219193+00:00
[2024-04-29T06:46:38.264+0000] {processor.py:179} INFO - Processing /usr/local/python/3.10.13/lib/python3.10/site-packages/airflow/example_dags/example_short_circuit_decorator.py took 0.087 seconds
