[2024-04-29T07:42:07.286+0000] {processor.py:157} INFO - Started process (PID=4972) to work on /usr/local/python/3.10.13/lib/python3.10/site-packages/airflow/example_dags/example_task_group_decorator.py
[2024-04-29T07:42:07.286+0000] {processor.py:826} INFO - Processing file /usr/local/python/3.10.13/lib/python3.10/site-packages/airflow/example_dags/example_task_group_decorator.py for tasks to queue
[2024-04-29T07:42:07.287+0000] {logging_mixin.py:150} INFO - [2024-04-29T07:42:07.287+0000] {dagbag.py:541} INFO - Filling up the DagBag from /usr/local/python/3.10.13/lib/python3.10/site-packages/airflow/example_dags/example_task_group_decorator.py
[2024-04-29T07:42:07.304+0000] {processor.py:836} INFO - DAG(s) dict_keys(['example_task_group_decorator']) retrieved from /usr/local/python/3.10.13/lib/python3.10/site-packages/airflow/example_dags/example_task_group_decorator.py
[2024-04-29T07:42:07.451+0000] {logging_mixin.py:150} INFO - [2024-04-29T07:42:07.450+0000] {manager.py:504} INFO - Created Permission View: can edit on DAG:example_task_group_decorator
[2024-04-29T07:42:07.484+0000] {logging_mixin.py:150} INFO - [2024-04-29T07:42:07.484+0000] {manager.py:504} INFO - Created Permission View: can read on DAG:example_task_group_decorator
[2024-04-29T07:42:07.513+0000] {logging_mixin.py:150} INFO - [2024-04-29T07:42:07.513+0000] {manager.py:504} INFO - Created Permission View: can delete on DAG:example_task_group_decorator
[2024-04-29T07:42:07.522+0000] {logging_mixin.py:150} INFO - [2024-04-29T07:42:07.522+0000] {dag.py:2742} INFO - Sync 1 DAGs
[2024-04-29T07:42:07.531+0000] {logging_mixin.py:150} INFO - [2024-04-29T07:42:07.531+0000] {dag.py:2763} INFO - Creating ORM DAG for example_task_group_decorator
[2024-04-29T07:42:07.538+0000] {logging_mixin.py:150} INFO - [2024-04-29T07:42:07.538+0000] {dag.py:3504} INFO - Setting next_dagrun for example_task_group_decorator to 2024-04-28T07:42:07.538060+00:00, run_after=2024-04-29T07:42:07.538060+00:00
[2024-04-29T07:42:07.571+0000] {processor.py:179} INFO - Processing /usr/local/python/3.10.13/lib/python3.10/site-packages/airflow/example_dags/example_task_group_decorator.py took 0.288 seconds
[2024-04-29T07:43:01.726+0000] {processor.py:157} INFO - Started process (PID=5352) to work on /usr/local/python/3.10.13/lib/python3.10/site-packages/airflow/example_dags/example_task_group_decorator.py
[2024-04-29T07:43:01.727+0000] {processor.py:826} INFO - Processing file /usr/local/python/3.10.13/lib/python3.10/site-packages/airflow/example_dags/example_task_group_decorator.py for tasks to queue
[2024-04-29T07:43:01.727+0000] {logging_mixin.py:150} INFO - [2024-04-29T07:43:01.727+0000] {dagbag.py:541} INFO - Filling up the DagBag from /usr/local/python/3.10.13/lib/python3.10/site-packages/airflow/example_dags/example_task_group_decorator.py
[2024-04-29T07:43:01.739+0000] {processor.py:836} INFO - DAG(s) dict_keys(['example_task_group_decorator']) retrieved from /usr/local/python/3.10.13/lib/python3.10/site-packages/airflow/example_dags/example_task_group_decorator.py
[2024-04-29T07:43:01.757+0000] {logging_mixin.py:150} INFO - [2024-04-29T07:43:01.756+0000] {dag.py:2742} INFO - Sync 1 DAGs
[2024-04-29T07:43:01.773+0000] {logging_mixin.py:150} INFO - [2024-04-29T07:43:01.773+0000] {dag.py:3504} INFO - Setting next_dagrun for example_task_group_decorator to 2024-04-28T07:43:01.772988+00:00, run_after=2024-04-29T07:43:01.772988+00:00
[2024-04-29T07:43:01.809+0000] {processor.py:179} INFO - Processing /usr/local/python/3.10.13/lib/python3.10/site-packages/airflow/example_dags/example_task_group_decorator.py took 0.086 seconds
[2024-04-29T07:43:42.322+0000] {processor.py:157} INFO - Started process (PID=5628) to work on /usr/local/python/3.10.13/lib/python3.10/site-packages/airflow/example_dags/example_task_group_decorator.py
[2024-04-29T07:43:42.322+0000] {processor.py:826} INFO - Processing file /usr/local/python/3.10.13/lib/python3.10/site-packages/airflow/example_dags/example_task_group_decorator.py for tasks to queue
[2024-04-29T07:43:42.323+0000] {logging_mixin.py:150} INFO - [2024-04-29T07:43:42.323+0000] {dagbag.py:541} INFO - Filling up the DagBag from /usr/local/python/3.10.13/lib/python3.10/site-packages/airflow/example_dags/example_task_group_decorator.py
[2024-04-29T07:43:42.335+0000] {processor.py:836} INFO - DAG(s) dict_keys(['example_task_group_decorator']) retrieved from /usr/local/python/3.10.13/lib/python3.10/site-packages/airflow/example_dags/example_task_group_decorator.py
[2024-04-29T07:43:42.351+0000] {logging_mixin.py:150} INFO - [2024-04-29T07:43:42.350+0000] {dag.py:2742} INFO - Sync 1 DAGs
[2024-04-29T07:43:42.367+0000] {logging_mixin.py:150} INFO - [2024-04-29T07:43:42.367+0000] {dag.py:3504} INFO - Setting next_dagrun for example_task_group_decorator to 2024-04-28T07:43:42.367076+00:00, run_after=2024-04-29T07:43:42.367076+00:00
[2024-04-29T07:43:42.402+0000] {processor.py:179} INFO - Processing /usr/local/python/3.10.13/lib/python3.10/site-packages/airflow/example_dags/example_task_group_decorator.py took 0.083 seconds
[2024-04-29T07:44:27.713+0000] {processor.py:157} INFO - Started process (PID=5934) to work on /usr/local/python/3.10.13/lib/python3.10/site-packages/airflow/example_dags/example_task_group_decorator.py
[2024-04-29T07:44:27.714+0000] {processor.py:826} INFO - Processing file /usr/local/python/3.10.13/lib/python3.10/site-packages/airflow/example_dags/example_task_group_decorator.py for tasks to queue
[2024-04-29T07:44:27.715+0000] {logging_mixin.py:150} INFO - [2024-04-29T07:44:27.714+0000] {dagbag.py:541} INFO - Filling up the DagBag from /usr/local/python/3.10.13/lib/python3.10/site-packages/airflow/example_dags/example_task_group_decorator.py
[2024-04-29T07:44:27.728+0000] {processor.py:836} INFO - DAG(s) dict_keys(['example_task_group_decorator']) retrieved from /usr/local/python/3.10.13/lib/python3.10/site-packages/airflow/example_dags/example_task_group_decorator.py
[2024-04-29T07:44:27.753+0000] {logging_mixin.py:150} INFO - [2024-04-29T07:44:27.753+0000] {dag.py:2742} INFO - Sync 1 DAGs
[2024-04-29T07:44:27.769+0000] {logging_mixin.py:150} INFO - [2024-04-29T07:44:27.769+0000] {dag.py:3504} INFO - Setting next_dagrun for example_task_group_decorator to 2024-04-28T07:44:27.769551+00:00, run_after=2024-04-29T07:44:27.769551+00:00
[2024-04-29T07:44:27.805+0000] {processor.py:179} INFO - Processing /usr/local/python/3.10.13/lib/python3.10/site-packages/airflow/example_dags/example_task_group_decorator.py took 0.094 seconds
[2024-04-29T07:45:13.014+0000] {processor.py:157} INFO - Started process (PID=6253) to work on /usr/local/python/3.10.13/lib/python3.10/site-packages/airflow/example_dags/example_task_group_decorator.py
[2024-04-29T07:45:13.015+0000] {processor.py:826} INFO - Processing file /usr/local/python/3.10.13/lib/python3.10/site-packages/airflow/example_dags/example_task_group_decorator.py for tasks to queue
[2024-04-29T07:45:13.016+0000] {logging_mixin.py:150} INFO - [2024-04-29T07:45:13.015+0000] {dagbag.py:541} INFO - Filling up the DagBag from /usr/local/python/3.10.13/lib/python3.10/site-packages/airflow/example_dags/example_task_group_decorator.py
[2024-04-29T07:45:13.028+0000] {processor.py:836} INFO - DAG(s) dict_keys(['example_task_group_decorator']) retrieved from /usr/local/python/3.10.13/lib/python3.10/site-packages/airflow/example_dags/example_task_group_decorator.py
[2024-04-29T07:45:13.043+0000] {logging_mixin.py:150} INFO - [2024-04-29T07:45:13.043+0000] {dag.py:2742} INFO - Sync 1 DAGs
[2024-04-29T07:45:13.058+0000] {logging_mixin.py:150} INFO - [2024-04-29T07:45:13.058+0000] {dag.py:3504} INFO - Setting next_dagrun for example_task_group_decorator to 2024-04-28T07:45:13.058596+00:00, run_after=2024-04-29T07:45:13.058596+00:00
[2024-04-29T07:45:13.095+0000] {processor.py:179} INFO - Processing /usr/local/python/3.10.13/lib/python3.10/site-packages/airflow/example_dags/example_task_group_decorator.py took 0.083 seconds
[2024-04-29T07:45:56.965+0000] {processor.py:157} INFO - Started process (PID=6545) to work on /usr/local/python/3.10.13/lib/python3.10/site-packages/airflow/example_dags/example_task_group_decorator.py
[2024-04-29T07:45:56.965+0000] {processor.py:826} INFO - Processing file /usr/local/python/3.10.13/lib/python3.10/site-packages/airflow/example_dags/example_task_group_decorator.py for tasks to queue
[2024-04-29T07:45:56.966+0000] {logging_mixin.py:150} INFO - [2024-04-29T07:45:56.966+0000] {dagbag.py:541} INFO - Filling up the DagBag from /usr/local/python/3.10.13/lib/python3.10/site-packages/airflow/example_dags/example_task_group_decorator.py
[2024-04-29T07:45:56.978+0000] {processor.py:836} INFO - DAG(s) dict_keys(['example_task_group_decorator']) retrieved from /usr/local/python/3.10.13/lib/python3.10/site-packages/airflow/example_dags/example_task_group_decorator.py
[2024-04-29T07:45:56.994+0000] {logging_mixin.py:150} INFO - [2024-04-29T07:45:56.994+0000] {dag.py:2742} INFO - Sync 1 DAGs
[2024-04-29T07:45:57.011+0000] {logging_mixin.py:150} INFO - [2024-04-29T07:45:57.010+0000] {dag.py:3504} INFO - Setting next_dagrun for example_task_group_decorator to 2024-04-28T07:45:57.010723+00:00, run_after=2024-04-29T07:45:57.010723+00:00
[2024-04-29T07:45:57.048+0000] {processor.py:179} INFO - Processing /usr/local/python/3.10.13/lib/python3.10/site-packages/airflow/example_dags/example_task_group_decorator.py took 0.086 seconds
[2024-04-29T07:48:39.972+0000] {processor.py:157} INFO - Started process (PID=8174) to work on /usr/local/python/3.10.13/lib/python3.10/site-packages/airflow/example_dags/example_task_group_decorator.py
[2024-04-29T07:48:39.973+0000] {processor.py:826} INFO - Processing file /usr/local/python/3.10.13/lib/python3.10/site-packages/airflow/example_dags/example_task_group_decorator.py for tasks to queue
[2024-04-29T07:48:39.974+0000] {logging_mixin.py:150} INFO - [2024-04-29T07:48:39.973+0000] {dagbag.py:541} INFO - Filling up the DagBag from /usr/local/python/3.10.13/lib/python3.10/site-packages/airflow/example_dags/example_task_group_decorator.py
[2024-04-29T07:48:39.987+0000] {processor.py:836} INFO - DAG(s) dict_keys(['example_task_group_decorator']) retrieved from /usr/local/python/3.10.13/lib/python3.10/site-packages/airflow/example_dags/example_task_group_decorator.py
[2024-04-29T07:48:40.004+0000] {logging_mixin.py:150} INFO - [2024-04-29T07:48:40.003+0000] {dag.py:2742} INFO - Sync 1 DAGs
[2024-04-29T07:48:40.021+0000] {logging_mixin.py:150} INFO - [2024-04-29T07:48:40.021+0000] {dag.py:3504} INFO - Setting next_dagrun for example_task_group_decorator to 2024-04-28T07:48:40.021185+00:00, run_after=2024-04-29T07:48:40.021185+00:00
[2024-04-29T07:48:40.058+0000] {processor.py:179} INFO - Processing /usr/local/python/3.10.13/lib/python3.10/site-packages/airflow/example_dags/example_task_group_decorator.py took 0.088 seconds
[2024-04-29T07:49:25.050+0000] {processor.py:157} INFO - Started process (PID=8476) to work on /usr/local/python/3.10.13/lib/python3.10/site-packages/airflow/example_dags/example_task_group_decorator.py
[2024-04-29T07:49:25.051+0000] {processor.py:826} INFO - Processing file /usr/local/python/3.10.13/lib/python3.10/site-packages/airflow/example_dags/example_task_group_decorator.py for tasks to queue
[2024-04-29T07:49:25.052+0000] {logging_mixin.py:150} INFO - [2024-04-29T07:49:25.051+0000] {dagbag.py:541} INFO - Filling up the DagBag from /usr/local/python/3.10.13/lib/python3.10/site-packages/airflow/example_dags/example_task_group_decorator.py
[2024-04-29T07:49:25.064+0000] {processor.py:836} INFO - DAG(s) dict_keys(['example_task_group_decorator']) retrieved from /usr/local/python/3.10.13/lib/python3.10/site-packages/airflow/example_dags/example_task_group_decorator.py
[2024-04-29T07:49:25.079+0000] {logging_mixin.py:150} INFO - [2024-04-29T07:49:25.079+0000] {dag.py:2742} INFO - Sync 1 DAGs
[2024-04-29T07:49:25.094+0000] {logging_mixin.py:150} INFO - [2024-04-29T07:49:25.094+0000] {dag.py:3504} INFO - Setting next_dagrun for example_task_group_decorator to 2024-04-28T07:49:25.094402+00:00, run_after=2024-04-29T07:49:25.094402+00:00
[2024-04-29T07:49:25.129+0000] {processor.py:179} INFO - Processing /usr/local/python/3.10.13/lib/python3.10/site-packages/airflow/example_dags/example_task_group_decorator.py took 0.081 seconds
[2024-04-29T07:50:11.563+0000] {processor.py:157} INFO - Started process (PID=8811) to work on /usr/local/python/3.10.13/lib/python3.10/site-packages/airflow/example_dags/example_task_group_decorator.py
[2024-04-29T07:50:11.564+0000] {processor.py:826} INFO - Processing file /usr/local/python/3.10.13/lib/python3.10/site-packages/airflow/example_dags/example_task_group_decorator.py for tasks to queue
[2024-04-29T07:50:11.564+0000] {logging_mixin.py:150} INFO - [2024-04-29T07:50:11.564+0000] {dagbag.py:541} INFO - Filling up the DagBag from /usr/local/python/3.10.13/lib/python3.10/site-packages/airflow/example_dags/example_task_group_decorator.py
[2024-04-29T07:50:11.577+0000] {processor.py:836} INFO - DAG(s) dict_keys(['example_task_group_decorator']) retrieved from /usr/local/python/3.10.13/lib/python3.10/site-packages/airflow/example_dags/example_task_group_decorator.py
[2024-04-29T07:50:11.592+0000] {logging_mixin.py:150} INFO - [2024-04-29T07:50:11.592+0000] {dag.py:2742} INFO - Sync 1 DAGs
[2024-04-29T07:50:11.609+0000] {logging_mixin.py:150} INFO - [2024-04-29T07:50:11.608+0000] {dag.py:3504} INFO - Setting next_dagrun for example_task_group_decorator to 2024-04-28T07:50:11.608630+00:00, run_after=2024-04-29T07:50:11.608630+00:00
[2024-04-29T07:50:11.647+0000] {processor.py:179} INFO - Processing /usr/local/python/3.10.13/lib/python3.10/site-packages/airflow/example_dags/example_task_group_decorator.py took 0.086 seconds
[2024-04-29T07:50:58.129+0000] {processor.py:157} INFO - Started process (PID=9124) to work on /usr/local/python/3.10.13/lib/python3.10/site-packages/airflow/example_dags/example_task_group_decorator.py
[2024-04-29T07:50:58.130+0000] {processor.py:826} INFO - Processing file /usr/local/python/3.10.13/lib/python3.10/site-packages/airflow/example_dags/example_task_group_decorator.py for tasks to queue
[2024-04-29T07:50:58.131+0000] {logging_mixin.py:150} INFO - [2024-04-29T07:50:58.130+0000] {dagbag.py:541} INFO - Filling up the DagBag from /usr/local/python/3.10.13/lib/python3.10/site-packages/airflow/example_dags/example_task_group_decorator.py
[2024-04-29T07:50:58.147+0000] {processor.py:836} INFO - DAG(s) dict_keys(['example_task_group_decorator']) retrieved from /usr/local/python/3.10.13/lib/python3.10/site-packages/airflow/example_dags/example_task_group_decorator.py
[2024-04-29T07:50:58.165+0000] {logging_mixin.py:150} INFO - [2024-04-29T07:50:58.165+0000] {dag.py:2742} INFO - Sync 1 DAGs
[2024-04-29T07:50:58.184+0000] {logging_mixin.py:150} INFO - [2024-04-29T07:50:58.184+0000] {dag.py:3504} INFO - Setting next_dagrun for example_task_group_decorator to 2024-04-28T07:50:58.184291+00:00, run_after=2024-04-29T07:50:58.184291+00:00
[2024-04-29T07:50:58.249+0000] {processor.py:179} INFO - Processing /usr/local/python/3.10.13/lib/python3.10/site-packages/airflow/example_dags/example_task_group_decorator.py took 0.122 seconds
[2024-04-29T07:51:37.709+0000] {processor.py:157} INFO - Started process (PID=9850) to work on /usr/local/python/3.10.13/lib/python3.10/site-packages/airflow/example_dags/example_task_group_decorator.py
[2024-04-29T07:51:37.710+0000] {processor.py:826} INFO - Processing file /usr/local/python/3.10.13/lib/python3.10/site-packages/airflow/example_dags/example_task_group_decorator.py for tasks to queue
[2024-04-29T07:51:37.710+0000] {logging_mixin.py:150} INFO - [2024-04-29T07:51:37.710+0000] {dagbag.py:541} INFO - Filling up the DagBag from /usr/local/python/3.10.13/lib/python3.10/site-packages/airflow/example_dags/example_task_group_decorator.py
[2024-04-29T07:51:37.723+0000] {processor.py:836} INFO - DAG(s) dict_keys(['example_task_group_decorator']) retrieved from /usr/local/python/3.10.13/lib/python3.10/site-packages/airflow/example_dags/example_task_group_decorator.py
[2024-04-29T07:51:37.738+0000] {logging_mixin.py:150} INFO - [2024-04-29T07:51:37.738+0000] {dag.py:2742} INFO - Sync 1 DAGs
[2024-04-29T07:51:37.754+0000] {logging_mixin.py:150} INFO - [2024-04-29T07:51:37.754+0000] {dag.py:3504} INFO - Setting next_dagrun for example_task_group_decorator to 2024-04-28T07:51:37.754413+00:00, run_after=2024-04-29T07:51:37.754413+00:00
[2024-04-29T07:51:37.792+0000] {processor.py:179} INFO - Processing /usr/local/python/3.10.13/lib/python3.10/site-packages/airflow/example_dags/example_task_group_decorator.py took 0.085 seconds
[2024-04-29T07:52:18.214+0000] {processor.py:157} INFO - Started process (PID=10289) to work on /usr/local/python/3.10.13/lib/python3.10/site-packages/airflow/example_dags/example_task_group_decorator.py
[2024-04-29T07:52:18.215+0000] {processor.py:826} INFO - Processing file /usr/local/python/3.10.13/lib/python3.10/site-packages/airflow/example_dags/example_task_group_decorator.py for tasks to queue
[2024-04-29T07:52:18.216+0000] {logging_mixin.py:150} INFO - [2024-04-29T07:52:18.216+0000] {dagbag.py:541} INFO - Filling up the DagBag from /usr/local/python/3.10.13/lib/python3.10/site-packages/airflow/example_dags/example_task_group_decorator.py
[2024-04-29T07:52:18.228+0000] {processor.py:836} INFO - DAG(s) dict_keys(['example_task_group_decorator']) retrieved from /usr/local/python/3.10.13/lib/python3.10/site-packages/airflow/example_dags/example_task_group_decorator.py
[2024-04-29T07:52:18.243+0000] {logging_mixin.py:150} INFO - [2024-04-29T07:52:18.243+0000] {dag.py:2742} INFO - Sync 1 DAGs
[2024-04-29T07:52:18.260+0000] {logging_mixin.py:150} INFO - [2024-04-29T07:52:18.259+0000] {dag.py:3504} INFO - Setting next_dagrun for example_task_group_decorator to 2024-04-28T07:52:18.259693+00:00, run_after=2024-04-29T07:52:18.259693+00:00
[2024-04-29T07:52:18.299+0000] {processor.py:179} INFO - Processing /usr/local/python/3.10.13/lib/python3.10/site-packages/airflow/example_dags/example_task_group_decorator.py took 0.086 seconds
[2024-04-29T07:53:01.882+0000] {processor.py:157} INFO - Started process (PID=10707) to work on /usr/local/python/3.10.13/lib/python3.10/site-packages/airflow/example_dags/example_task_group_decorator.py
[2024-04-29T07:53:01.883+0000] {processor.py:826} INFO - Processing file /usr/local/python/3.10.13/lib/python3.10/site-packages/airflow/example_dags/example_task_group_decorator.py for tasks to queue
[2024-04-29T07:53:01.883+0000] {logging_mixin.py:150} INFO - [2024-04-29T07:53:01.883+0000] {dagbag.py:541} INFO - Filling up the DagBag from /usr/local/python/3.10.13/lib/python3.10/site-packages/airflow/example_dags/example_task_group_decorator.py
[2024-04-29T07:53:01.895+0000] {processor.py:836} INFO - DAG(s) dict_keys(['example_task_group_decorator']) retrieved from /usr/local/python/3.10.13/lib/python3.10/site-packages/airflow/example_dags/example_task_group_decorator.py
[2024-04-29T07:53:01.910+0000] {logging_mixin.py:150} INFO - [2024-04-29T07:53:01.910+0000] {dag.py:2742} INFO - Sync 1 DAGs
[2024-04-29T07:53:01.927+0000] {logging_mixin.py:150} INFO - [2024-04-29T07:53:01.926+0000] {dag.py:3504} INFO - Setting next_dagrun for example_task_group_decorator to 2024-04-28T07:53:01.926702+00:00, run_after=2024-04-29T07:53:01.926702+00:00
[2024-04-29T07:53:01.972+0000] {processor.py:179} INFO - Processing /usr/local/python/3.10.13/lib/python3.10/site-packages/airflow/example_dags/example_task_group_decorator.py took 0.092 seconds
[2024-04-29T07:53:48.782+0000] {processor.py:157} INFO - Started process (PID=11041) to work on /usr/local/python/3.10.13/lib/python3.10/site-packages/airflow/example_dags/example_task_group_decorator.py
[2024-04-29T07:53:48.787+0000] {processor.py:826} INFO - Processing file /usr/local/python/3.10.13/lib/python3.10/site-packages/airflow/example_dags/example_task_group_decorator.py for tasks to queue
[2024-04-29T07:53:48.788+0000] {logging_mixin.py:150} INFO - [2024-04-29T07:53:48.788+0000] {dagbag.py:541} INFO - Filling up the DagBag from /usr/local/python/3.10.13/lib/python3.10/site-packages/airflow/example_dags/example_task_group_decorator.py
[2024-04-29T07:53:48.819+0000] {processor.py:836} INFO - DAG(s) dict_keys(['example_task_group_decorator']) retrieved from /usr/local/python/3.10.13/lib/python3.10/site-packages/airflow/example_dags/example_task_group_decorator.py
[2024-04-29T07:53:48.848+0000] {logging_mixin.py:150} INFO - [2024-04-29T07:53:48.848+0000] {dag.py:2742} INFO - Sync 1 DAGs
[2024-04-29T07:53:48.888+0000] {logging_mixin.py:150} INFO - [2024-04-29T07:53:48.888+0000] {dag.py:3504} INFO - Setting next_dagrun for example_task_group_decorator to 2024-04-28T07:53:48.887750+00:00, run_after=2024-04-29T07:53:48.887750+00:00
[2024-04-29T07:53:48.931+0000] {processor.py:179} INFO - Processing /usr/local/python/3.10.13/lib/python3.10/site-packages/airflow/example_dags/example_task_group_decorator.py took 0.152 seconds
[2024-04-29T07:54:26.807+0000] {processor.py:157} INFO - Started process (PID=11354) to work on /usr/local/python/3.10.13/lib/python3.10/site-packages/airflow/example_dags/example_task_group_decorator.py
[2024-04-29T07:54:26.807+0000] {processor.py:826} INFO - Processing file /usr/local/python/3.10.13/lib/python3.10/site-packages/airflow/example_dags/example_task_group_decorator.py for tasks to queue
[2024-04-29T07:54:26.808+0000] {logging_mixin.py:150} INFO - [2024-04-29T07:54:26.808+0000] {dagbag.py:541} INFO - Filling up the DagBag from /usr/local/python/3.10.13/lib/python3.10/site-packages/airflow/example_dags/example_task_group_decorator.py
[2024-04-29T07:54:26.820+0000] {processor.py:836} INFO - DAG(s) dict_keys(['example_task_group_decorator']) retrieved from /usr/local/python/3.10.13/lib/python3.10/site-packages/airflow/example_dags/example_task_group_decorator.py
[2024-04-29T07:54:26.835+0000] {logging_mixin.py:150} INFO - [2024-04-29T07:54:26.835+0000] {dag.py:2742} INFO - Sync 1 DAGs
[2024-04-29T07:54:26.850+0000] {logging_mixin.py:150} INFO - [2024-04-29T07:54:26.850+0000] {dag.py:3504} INFO - Setting next_dagrun for example_task_group_decorator to 2024-04-28T07:54:26.850156+00:00, run_after=2024-04-29T07:54:26.850156+00:00
[2024-04-29T07:54:26.887+0000] {processor.py:179} INFO - Processing /usr/local/python/3.10.13/lib/python3.10/site-packages/airflow/example_dags/example_task_group_decorator.py took 0.083 seconds
[2024-04-29T07:55:18.532+0000] {processor.py:157} INFO - Started process (PID=11728) to work on /usr/local/python/3.10.13/lib/python3.10/site-packages/airflow/example_dags/example_task_group_decorator.py
[2024-04-29T07:55:18.533+0000] {processor.py:826} INFO - Processing file /usr/local/python/3.10.13/lib/python3.10/site-packages/airflow/example_dags/example_task_group_decorator.py for tasks to queue
[2024-04-29T07:55:18.534+0000] {logging_mixin.py:150} INFO - [2024-04-29T07:55:18.534+0000] {dagbag.py:541} INFO - Filling up the DagBag from /usr/local/python/3.10.13/lib/python3.10/site-packages/airflow/example_dags/example_task_group_decorator.py
[2024-04-29T07:55:18.559+0000] {processor.py:836} INFO - DAG(s) dict_keys(['example_task_group_decorator']) retrieved from /usr/local/python/3.10.13/lib/python3.10/site-packages/airflow/example_dags/example_task_group_decorator.py
[2024-04-29T07:55:18.581+0000] {logging_mixin.py:150} INFO - [2024-04-29T07:55:18.581+0000] {dag.py:2742} INFO - Sync 1 DAGs
[2024-04-29T07:55:18.603+0000] {logging_mixin.py:150} INFO - [2024-04-29T07:55:18.603+0000] {dag.py:3504} INFO - Setting next_dagrun for example_task_group_decorator to 2024-04-28T07:55:18.603399+00:00, run_after=2024-04-29T07:55:18.603399+00:00
[2024-04-29T07:55:18.641+0000] {processor.py:179} INFO - Processing /usr/local/python/3.10.13/lib/python3.10/site-packages/airflow/example_dags/example_task_group_decorator.py took 0.112 seconds
[2024-04-29T07:56:10.261+0000] {processor.py:157} INFO - Started process (PID=12113) to work on /usr/local/python/3.10.13/lib/python3.10/site-packages/airflow/example_dags/example_task_group_decorator.py
[2024-04-29T07:56:10.265+0000] {processor.py:826} INFO - Processing file /usr/local/python/3.10.13/lib/python3.10/site-packages/airflow/example_dags/example_task_group_decorator.py for tasks to queue
[2024-04-29T07:56:10.266+0000] {logging_mixin.py:150} INFO - [2024-04-29T07:56:10.265+0000] {dagbag.py:541} INFO - Filling up the DagBag from /usr/local/python/3.10.13/lib/python3.10/site-packages/airflow/example_dags/example_task_group_decorator.py
[2024-04-29T07:56:10.298+0000] {processor.py:836} INFO - DAG(s) dict_keys(['example_task_group_decorator']) retrieved from /usr/local/python/3.10.13/lib/python3.10/site-packages/airflow/example_dags/example_task_group_decorator.py
[2024-04-29T07:56:10.356+0000] {logging_mixin.py:150} INFO - [2024-04-29T07:56:10.356+0000] {dag.py:2742} INFO - Sync 1 DAGs
[2024-04-29T07:56:10.435+0000] {logging_mixin.py:150} INFO - [2024-04-29T07:56:10.434+0000] {dag.py:3504} INFO - Setting next_dagrun for example_task_group_decorator to 2024-04-28T07:56:10.434562+00:00, run_after=2024-04-29T07:56:10.434562+00:00
[2024-04-29T07:56:10.515+0000] {processor.py:179} INFO - Processing /usr/local/python/3.10.13/lib/python3.10/site-packages/airflow/example_dags/example_task_group_decorator.py took 0.258 seconds
[2024-04-29T07:56:51.234+0000] {processor.py:157} INFO - Started process (PID=12412) to work on /usr/local/python/3.10.13/lib/python3.10/site-packages/airflow/example_dags/example_task_group_decorator.py
[2024-04-29T07:56:51.234+0000] {processor.py:826} INFO - Processing file /usr/local/python/3.10.13/lib/python3.10/site-packages/airflow/example_dags/example_task_group_decorator.py for tasks to queue
[2024-04-29T07:56:51.235+0000] {logging_mixin.py:150} INFO - [2024-04-29T07:56:51.235+0000] {dagbag.py:541} INFO - Filling up the DagBag from /usr/local/python/3.10.13/lib/python3.10/site-packages/airflow/example_dags/example_task_group_decorator.py
[2024-04-29T07:56:51.247+0000] {processor.py:836} INFO - DAG(s) dict_keys(['example_task_group_decorator']) retrieved from /usr/local/python/3.10.13/lib/python3.10/site-packages/airflow/example_dags/example_task_group_decorator.py
[2024-04-29T07:56:51.262+0000] {logging_mixin.py:150} INFO - [2024-04-29T07:56:51.262+0000] {dag.py:2742} INFO - Sync 1 DAGs
[2024-04-29T07:56:51.281+0000] {logging_mixin.py:150} INFO - [2024-04-29T07:56:51.281+0000] {dag.py:3504} INFO - Setting next_dagrun for example_task_group_decorator to 2024-04-28T07:56:51.280981+00:00, run_after=2024-04-29T07:56:51.280981+00:00
[2024-04-29T07:56:51.322+0000] {processor.py:179} INFO - Processing /usr/local/python/3.10.13/lib/python3.10/site-packages/airflow/example_dags/example_task_group_decorator.py took 0.090 seconds
[2024-04-29T07:57:33.344+0000] {processor.py:157} INFO - Started process (PID=12731) to work on /usr/local/python/3.10.13/lib/python3.10/site-packages/airflow/example_dags/example_task_group_decorator.py
[2024-04-29T07:57:33.344+0000] {processor.py:826} INFO - Processing file /usr/local/python/3.10.13/lib/python3.10/site-packages/airflow/example_dags/example_task_group_decorator.py for tasks to queue
[2024-04-29T07:57:33.345+0000] {logging_mixin.py:150} INFO - [2024-04-29T07:57:33.345+0000] {dagbag.py:541} INFO - Filling up the DagBag from /usr/local/python/3.10.13/lib/python3.10/site-packages/airflow/example_dags/example_task_group_decorator.py
[2024-04-29T07:57:33.360+0000] {processor.py:836} INFO - DAG(s) dict_keys(['example_task_group_decorator']) retrieved from /usr/local/python/3.10.13/lib/python3.10/site-packages/airflow/example_dags/example_task_group_decorator.py
[2024-04-29T07:57:33.375+0000] {logging_mixin.py:150} INFO - [2024-04-29T07:57:33.375+0000] {dag.py:2742} INFO - Sync 1 DAGs
[2024-04-29T07:57:33.392+0000] {logging_mixin.py:150} INFO - [2024-04-29T07:57:33.392+0000] {dag.py:3504} INFO - Setting next_dagrun for example_task_group_decorator to 2024-04-28T07:57:33.392243+00:00, run_after=2024-04-29T07:57:33.392243+00:00
[2024-04-29T07:57:33.427+0000] {processor.py:179} INFO - Processing /usr/local/python/3.10.13/lib/python3.10/site-packages/airflow/example_dags/example_task_group_decorator.py took 0.086 seconds
[2024-04-29T07:58:15.359+0000] {processor.py:157} INFO - Started process (PID=13040) to work on /usr/local/python/3.10.13/lib/python3.10/site-packages/airflow/example_dags/example_task_group_decorator.py
[2024-04-29T07:58:15.360+0000] {processor.py:826} INFO - Processing file /usr/local/python/3.10.13/lib/python3.10/site-packages/airflow/example_dags/example_task_group_decorator.py for tasks to queue
[2024-04-29T07:58:15.360+0000] {logging_mixin.py:150} INFO - [2024-04-29T07:58:15.360+0000] {dagbag.py:541} INFO - Filling up the DagBag from /usr/local/python/3.10.13/lib/python3.10/site-packages/airflow/example_dags/example_task_group_decorator.py
[2024-04-29T07:58:15.375+0000] {processor.py:836} INFO - DAG(s) dict_keys(['example_task_group_decorator']) retrieved from /usr/local/python/3.10.13/lib/python3.10/site-packages/airflow/example_dags/example_task_group_decorator.py
[2024-04-29T07:58:15.390+0000] {logging_mixin.py:150} INFO - [2024-04-29T07:58:15.390+0000] {dag.py:2742} INFO - Sync 1 DAGs
[2024-04-29T07:58:15.407+0000] {logging_mixin.py:150} INFO - [2024-04-29T07:58:15.407+0000] {dag.py:3504} INFO - Setting next_dagrun for example_task_group_decorator to 2024-04-28T07:58:15.407428+00:00, run_after=2024-04-29T07:58:15.407428+00:00
[2024-04-29T07:58:15.442+0000] {processor.py:179} INFO - Processing /usr/local/python/3.10.13/lib/python3.10/site-packages/airflow/example_dags/example_task_group_decorator.py took 0.085 seconds
[2024-04-29T07:58:54.849+0000] {processor.py:157} INFO - Started process (PID=13331) to work on /usr/local/python/3.10.13/lib/python3.10/site-packages/airflow/example_dags/example_task_group_decorator.py
[2024-04-29T07:58:54.850+0000] {processor.py:826} INFO - Processing file /usr/local/python/3.10.13/lib/python3.10/site-packages/airflow/example_dags/example_task_group_decorator.py for tasks to queue
[2024-04-29T07:58:54.851+0000] {logging_mixin.py:150} INFO - [2024-04-29T07:58:54.851+0000] {dagbag.py:541} INFO - Filling up the DagBag from /usr/local/python/3.10.13/lib/python3.10/site-packages/airflow/example_dags/example_task_group_decorator.py
[2024-04-29T07:58:54.873+0000] {processor.py:836} INFO - DAG(s) dict_keys(['example_task_group_decorator']) retrieved from /usr/local/python/3.10.13/lib/python3.10/site-packages/airflow/example_dags/example_task_group_decorator.py
[2024-04-29T07:58:54.899+0000] {logging_mixin.py:150} INFO - [2024-04-29T07:58:54.899+0000] {dag.py:2742} INFO - Sync 1 DAGs
[2024-04-29T07:58:54.925+0000] {logging_mixin.py:150} INFO - [2024-04-29T07:58:54.925+0000] {dag.py:3504} INFO - Setting next_dagrun for example_task_group_decorator to 2024-04-28T07:58:54.925423+00:00, run_after=2024-04-29T07:58:54.925423+00:00
[2024-04-29T07:58:54.964+0000] {processor.py:179} INFO - Processing /usr/local/python/3.10.13/lib/python3.10/site-packages/airflow/example_dags/example_task_group_decorator.py took 0.118 seconds
[2024-04-29T07:59:29.572+0000] {processor.py:157} INFO - Started process (PID=13578) to work on /usr/local/python/3.10.13/lib/python3.10/site-packages/airflow/example_dags/example_task_group_decorator.py
[2024-04-29T07:59:29.572+0000] {processor.py:826} INFO - Processing file /usr/local/python/3.10.13/lib/python3.10/site-packages/airflow/example_dags/example_task_group_decorator.py for tasks to queue
[2024-04-29T07:59:29.573+0000] {logging_mixin.py:150} INFO - [2024-04-29T07:59:29.573+0000] {dagbag.py:541} INFO - Filling up the DagBag from /usr/local/python/3.10.13/lib/python3.10/site-packages/airflow/example_dags/example_task_group_decorator.py
[2024-04-29T07:59:29.586+0000] {processor.py:836} INFO - DAG(s) dict_keys(['example_task_group_decorator']) retrieved from /usr/local/python/3.10.13/lib/python3.10/site-packages/airflow/example_dags/example_task_group_decorator.py
[2024-04-29T07:59:29.602+0000] {logging_mixin.py:150} INFO - [2024-04-29T07:59:29.601+0000] {dag.py:2742} INFO - Sync 1 DAGs
[2024-04-29T07:59:29.617+0000] {logging_mixin.py:150} INFO - [2024-04-29T07:59:29.617+0000] {dag.py:3504} INFO - Setting next_dagrun for example_task_group_decorator to 2024-04-28T07:59:29.617557+00:00, run_after=2024-04-29T07:59:29.617557+00:00
[2024-04-29T07:59:29.653+0000] {processor.py:179} INFO - Processing /usr/local/python/3.10.13/lib/python3.10/site-packages/airflow/example_dags/example_task_group_decorator.py took 0.084 seconds
[2024-04-29T08:00:04.800+0000] {processor.py:157} INFO - Started process (PID=13811) to work on /usr/local/python/3.10.13/lib/python3.10/site-packages/airflow/example_dags/example_task_group_decorator.py
[2024-04-29T08:00:04.801+0000] {processor.py:826} INFO - Processing file /usr/local/python/3.10.13/lib/python3.10/site-packages/airflow/example_dags/example_task_group_decorator.py for tasks to queue
[2024-04-29T08:00:04.801+0000] {logging_mixin.py:150} INFO - [2024-04-29T08:00:04.801+0000] {dagbag.py:541} INFO - Filling up the DagBag from /usr/local/python/3.10.13/lib/python3.10/site-packages/airflow/example_dags/example_task_group_decorator.py
[2024-04-29T08:00:04.815+0000] {processor.py:836} INFO - DAG(s) dict_keys(['example_task_group_decorator']) retrieved from /usr/local/python/3.10.13/lib/python3.10/site-packages/airflow/example_dags/example_task_group_decorator.py
[2024-04-29T08:00:04.830+0000] {logging_mixin.py:150} INFO - [2024-04-29T08:00:04.830+0000] {dag.py:2742} INFO - Sync 1 DAGs
[2024-04-29T08:00:04.848+0000] {logging_mixin.py:150} INFO - [2024-04-29T08:00:04.848+0000] {dag.py:3504} INFO - Setting next_dagrun for example_task_group_decorator to 2024-04-28T08:00:04.847875+00:00, run_after=2024-04-29T08:00:04.847875+00:00
[2024-04-29T08:00:04.889+0000] {processor.py:179} INFO - Processing /usr/local/python/3.10.13/lib/python3.10/site-packages/airflow/example_dags/example_task_group_decorator.py took 0.091 seconds
[2024-04-29T08:00:54.944+0000] {processor.py:157} INFO - Started process (PID=14177) to work on /usr/local/python/3.10.13/lib/python3.10/site-packages/airflow/example_dags/example_task_group_decorator.py
[2024-04-29T08:00:54.944+0000] {processor.py:826} INFO - Processing file /usr/local/python/3.10.13/lib/python3.10/site-packages/airflow/example_dags/example_task_group_decorator.py for tasks to queue
[2024-04-29T08:00:54.945+0000] {logging_mixin.py:150} INFO - [2024-04-29T08:00:54.945+0000] {dagbag.py:541} INFO - Filling up the DagBag from /usr/local/python/3.10.13/lib/python3.10/site-packages/airflow/example_dags/example_task_group_decorator.py
[2024-04-29T08:00:54.960+0000] {processor.py:836} INFO - DAG(s) dict_keys(['example_task_group_decorator']) retrieved from /usr/local/python/3.10.13/lib/python3.10/site-packages/airflow/example_dags/example_task_group_decorator.py
[2024-04-29T08:00:54.976+0000] {logging_mixin.py:150} INFO - [2024-04-29T08:00:54.976+0000] {dag.py:2742} INFO - Sync 1 DAGs
[2024-04-29T08:00:54.993+0000] {logging_mixin.py:150} INFO - [2024-04-29T08:00:54.993+0000] {dag.py:3504} INFO - Setting next_dagrun for example_task_group_decorator to 2024-04-28T08:00:54.992921+00:00, run_after=2024-04-29T08:00:54.992921+00:00
[2024-04-29T08:00:55.028+0000] {processor.py:179} INFO - Processing /usr/local/python/3.10.13/lib/python3.10/site-packages/airflow/example_dags/example_task_group_decorator.py took 0.086 seconds
[2024-04-29T08:01:31.084+0000] {processor.py:157} INFO - Started process (PID=14439) to work on /usr/local/python/3.10.13/lib/python3.10/site-packages/airflow/example_dags/example_task_group_decorator.py
[2024-04-29T08:01:31.085+0000] {processor.py:826} INFO - Processing file /usr/local/python/3.10.13/lib/python3.10/site-packages/airflow/example_dags/example_task_group_decorator.py for tasks to queue
[2024-04-29T08:01:31.086+0000] {logging_mixin.py:150} INFO - [2024-04-29T08:01:31.085+0000] {dagbag.py:541} INFO - Filling up the DagBag from /usr/local/python/3.10.13/lib/python3.10/site-packages/airflow/example_dags/example_task_group_decorator.py
[2024-04-29T08:01:31.098+0000] {processor.py:836} INFO - DAG(s) dict_keys(['example_task_group_decorator']) retrieved from /usr/local/python/3.10.13/lib/python3.10/site-packages/airflow/example_dags/example_task_group_decorator.py
[2024-04-29T08:01:31.114+0000] {logging_mixin.py:150} INFO - [2024-04-29T08:01:31.114+0000] {dag.py:2742} INFO - Sync 1 DAGs
[2024-04-29T08:01:31.135+0000] {logging_mixin.py:150} INFO - [2024-04-29T08:01:31.135+0000] {dag.py:3504} INFO - Setting next_dagrun for example_task_group_decorator to 2024-04-28T08:01:31.135044+00:00, run_after=2024-04-29T08:01:31.135044+00:00
[2024-04-29T08:01:31.182+0000] {processor.py:179} INFO - Processing /usr/local/python/3.10.13/lib/python3.10/site-packages/airflow/example_dags/example_task_group_decorator.py took 0.100 seconds
[2024-04-29T08:02:07.765+0000] {processor.py:157} INFO - Started process (PID=14670) to work on /usr/local/python/3.10.13/lib/python3.10/site-packages/airflow/example_dags/example_task_group_decorator.py
[2024-04-29T08:02:07.765+0000] {processor.py:826} INFO - Processing file /usr/local/python/3.10.13/lib/python3.10/site-packages/airflow/example_dags/example_task_group_decorator.py for tasks to queue
[2024-04-29T08:02:07.766+0000] {logging_mixin.py:150} INFO - [2024-04-29T08:02:07.766+0000] {dagbag.py:541} INFO - Filling up the DagBag from /usr/local/python/3.10.13/lib/python3.10/site-packages/airflow/example_dags/example_task_group_decorator.py
[2024-04-29T08:02:07.778+0000] {processor.py:836} INFO - DAG(s) dict_keys(['example_task_group_decorator']) retrieved from /usr/local/python/3.10.13/lib/python3.10/site-packages/airflow/example_dags/example_task_group_decorator.py
[2024-04-29T08:02:07.793+0000] {logging_mixin.py:150} INFO - [2024-04-29T08:02:07.793+0000] {dag.py:2742} INFO - Sync 1 DAGs
[2024-04-29T08:02:07.809+0000] {logging_mixin.py:150} INFO - [2024-04-29T08:02:07.809+0000] {dag.py:3504} INFO - Setting next_dagrun for example_task_group_decorator to 2024-04-28T08:02:07.809461+00:00, run_after=2024-04-29T08:02:07.809461+00:00
[2024-04-29T08:02:07.845+0000] {processor.py:179} INFO - Processing /usr/local/python/3.10.13/lib/python3.10/site-packages/airflow/example_dags/example_task_group_decorator.py took 0.083 seconds
[2024-04-29T08:02:55.017+0000] {processor.py:157} INFO - Started process (PID=15007) to work on /usr/local/python/3.10.13/lib/python3.10/site-packages/airflow/example_dags/example_task_group_decorator.py
[2024-04-29T08:02:55.018+0000] {processor.py:826} INFO - Processing file /usr/local/python/3.10.13/lib/python3.10/site-packages/airflow/example_dags/example_task_group_decorator.py for tasks to queue
[2024-04-29T08:02:55.018+0000] {logging_mixin.py:150} INFO - [2024-04-29T08:02:55.018+0000] {dagbag.py:541} INFO - Filling up the DagBag from /usr/local/python/3.10.13/lib/python3.10/site-packages/airflow/example_dags/example_task_group_decorator.py
[2024-04-29T08:02:55.032+0000] {processor.py:836} INFO - DAG(s) dict_keys(['example_task_group_decorator']) retrieved from /usr/local/python/3.10.13/lib/python3.10/site-packages/airflow/example_dags/example_task_group_decorator.py
[2024-04-29T08:02:55.048+0000] {logging_mixin.py:150} INFO - [2024-04-29T08:02:55.048+0000] {dag.py:2742} INFO - Sync 1 DAGs
[2024-04-29T08:02:55.065+0000] {logging_mixin.py:150} INFO - [2024-04-29T08:02:55.065+0000] {dag.py:3504} INFO - Setting next_dagrun for example_task_group_decorator to 2024-04-28T08:02:55.065000+00:00, run_after=2024-04-29T08:02:55.065000+00:00
[2024-04-29T08:02:55.112+0000] {processor.py:179} INFO - Processing /usr/local/python/3.10.13/lib/python3.10/site-packages/airflow/example_dags/example_task_group_decorator.py took 0.097 seconds
[2024-04-29T08:03:46.029+0000] {processor.py:157} INFO - Started process (PID=15362) to work on /usr/local/python/3.10.13/lib/python3.10/site-packages/airflow/example_dags/example_task_group_decorator.py
[2024-04-29T08:03:46.030+0000] {processor.py:826} INFO - Processing file /usr/local/python/3.10.13/lib/python3.10/site-packages/airflow/example_dags/example_task_group_decorator.py for tasks to queue
[2024-04-29T08:03:46.031+0000] {logging_mixin.py:150} INFO - [2024-04-29T08:03:46.030+0000] {dagbag.py:541} INFO - Filling up the DagBag from /usr/local/python/3.10.13/lib/python3.10/site-packages/airflow/example_dags/example_task_group_decorator.py
[2024-04-29T08:03:46.047+0000] {processor.py:836} INFO - DAG(s) dict_keys(['example_task_group_decorator']) retrieved from /usr/local/python/3.10.13/lib/python3.10/site-packages/airflow/example_dags/example_task_group_decorator.py
[2024-04-29T08:03:46.063+0000] {logging_mixin.py:150} INFO - [2024-04-29T08:03:46.062+0000] {dag.py:2742} INFO - Sync 1 DAGs
[2024-04-29T08:03:46.078+0000] {logging_mixin.py:150} INFO - [2024-04-29T08:03:46.078+0000] {dag.py:3504} INFO - Setting next_dagrun for example_task_group_decorator to 2024-04-28T08:03:46.077818+00:00, run_after=2024-04-29T08:03:46.077818+00:00
[2024-04-29T08:03:46.113+0000] {processor.py:179} INFO - Processing /usr/local/python/3.10.13/lib/python3.10/site-packages/airflow/example_dags/example_task_group_decorator.py took 0.087 seconds
[2024-04-29T08:04:22.064+0000] {processor.py:157} INFO - Started process (PID=15594) to work on /usr/local/python/3.10.13/lib/python3.10/site-packages/airflow/example_dags/example_task_group_decorator.py
[2024-04-29T08:04:22.065+0000] {processor.py:826} INFO - Processing file /usr/local/python/3.10.13/lib/python3.10/site-packages/airflow/example_dags/example_task_group_decorator.py for tasks to queue
[2024-04-29T08:04:22.066+0000] {logging_mixin.py:150} INFO - [2024-04-29T08:04:22.065+0000] {dagbag.py:541} INFO - Filling up the DagBag from /usr/local/python/3.10.13/lib/python3.10/site-packages/airflow/example_dags/example_task_group_decorator.py
[2024-04-29T08:04:22.080+0000] {processor.py:836} INFO - DAG(s) dict_keys(['example_task_group_decorator']) retrieved from /usr/local/python/3.10.13/lib/python3.10/site-packages/airflow/example_dags/example_task_group_decorator.py
[2024-04-29T08:04:22.095+0000] {logging_mixin.py:150} INFO - [2024-04-29T08:04:22.095+0000] {dag.py:2742} INFO - Sync 1 DAGs
[2024-04-29T08:04:22.112+0000] {logging_mixin.py:150} INFO - [2024-04-29T08:04:22.111+0000] {dag.py:3504} INFO - Setting next_dagrun for example_task_group_decorator to 2024-04-28T08:04:22.111776+00:00, run_after=2024-04-29T08:04:22.111776+00:00
[2024-04-29T08:04:22.147+0000] {processor.py:179} INFO - Processing /usr/local/python/3.10.13/lib/python3.10/site-packages/airflow/example_dags/example_task_group_decorator.py took 0.085 seconds
[2024-04-29T08:04:57.519+0000] {processor.py:157} INFO - Started process (PID=15849) to work on /usr/local/python/3.10.13/lib/python3.10/site-packages/airflow/example_dags/example_task_group_decorator.py
[2024-04-29T08:04:57.520+0000] {processor.py:826} INFO - Processing file /usr/local/python/3.10.13/lib/python3.10/site-packages/airflow/example_dags/example_task_group_decorator.py for tasks to queue
[2024-04-29T08:04:57.520+0000] {logging_mixin.py:150} INFO - [2024-04-29T08:04:57.520+0000] {dagbag.py:541} INFO - Filling up the DagBag from /usr/local/python/3.10.13/lib/python3.10/site-packages/airflow/example_dags/example_task_group_decorator.py
[2024-04-29T08:04:57.533+0000] {processor.py:836} INFO - DAG(s) dict_keys(['example_task_group_decorator']) retrieved from /usr/local/python/3.10.13/lib/python3.10/site-packages/airflow/example_dags/example_task_group_decorator.py
[2024-04-29T08:04:57.551+0000] {logging_mixin.py:150} INFO - [2024-04-29T08:04:57.551+0000] {dag.py:2742} INFO - Sync 1 DAGs
[2024-04-29T08:04:57.569+0000] {logging_mixin.py:150} INFO - [2024-04-29T08:04:57.569+0000] {dag.py:3504} INFO - Setting next_dagrun for example_task_group_decorator to 2024-04-28T08:04:57.569072+00:00, run_after=2024-04-29T08:04:57.569072+00:00
[2024-04-29T08:04:57.604+0000] {processor.py:179} INFO - Processing /usr/local/python/3.10.13/lib/python3.10/site-packages/airflow/example_dags/example_task_group_decorator.py took 0.087 seconds
[2024-04-29T08:05:32.114+0000] {processor.py:157} INFO - Started process (PID=16081) to work on /usr/local/python/3.10.13/lib/python3.10/site-packages/airflow/example_dags/example_task_group_decorator.py
[2024-04-29T08:05:32.115+0000] {processor.py:826} INFO - Processing file /usr/local/python/3.10.13/lib/python3.10/site-packages/airflow/example_dags/example_task_group_decorator.py for tasks to queue
[2024-04-29T08:05:32.115+0000] {logging_mixin.py:150} INFO - [2024-04-29T08:05:32.115+0000] {dagbag.py:541} INFO - Filling up the DagBag from /usr/local/python/3.10.13/lib/python3.10/site-packages/airflow/example_dags/example_task_group_decorator.py
[2024-04-29T08:05:32.128+0000] {processor.py:836} INFO - DAG(s) dict_keys(['example_task_group_decorator']) retrieved from /usr/local/python/3.10.13/lib/python3.10/site-packages/airflow/example_dags/example_task_group_decorator.py
[2024-04-29T08:05:32.143+0000] {logging_mixin.py:150} INFO - [2024-04-29T08:05:32.143+0000] {dag.py:2742} INFO - Sync 1 DAGs
[2024-04-29T08:05:32.159+0000] {logging_mixin.py:150} INFO - [2024-04-29T08:05:32.159+0000] {dag.py:3504} INFO - Setting next_dagrun for example_task_group_decorator to 2024-04-28T08:05:32.158946+00:00, run_after=2024-04-29T08:05:32.158946+00:00
[2024-04-29T08:05:32.193+0000] {processor.py:179} INFO - Processing /usr/local/python/3.10.13/lib/python3.10/site-packages/airflow/example_dags/example_task_group_decorator.py took 0.082 seconds
[2024-04-29T08:06:07.800+0000] {processor.py:157} INFO - Started process (PID=16339) to work on /usr/local/python/3.10.13/lib/python3.10/site-packages/airflow/example_dags/example_task_group_decorator.py
[2024-04-29T08:06:07.801+0000] {processor.py:826} INFO - Processing file /usr/local/python/3.10.13/lib/python3.10/site-packages/airflow/example_dags/example_task_group_decorator.py for tasks to queue
[2024-04-29T08:06:07.802+0000] {logging_mixin.py:150} INFO - [2024-04-29T08:06:07.801+0000] {dagbag.py:541} INFO - Filling up the DagBag from /usr/local/python/3.10.13/lib/python3.10/site-packages/airflow/example_dags/example_task_group_decorator.py
[2024-04-29T08:06:07.820+0000] {processor.py:836} INFO - DAG(s) dict_keys(['example_task_group_decorator']) retrieved from /usr/local/python/3.10.13/lib/python3.10/site-packages/airflow/example_dags/example_task_group_decorator.py
[2024-04-29T08:06:07.843+0000] {logging_mixin.py:150} INFO - [2024-04-29T08:06:07.843+0000] {dag.py:2742} INFO - Sync 1 DAGs
[2024-04-29T08:06:07.865+0000] {logging_mixin.py:150} INFO - [2024-04-29T08:06:07.864+0000] {dag.py:3504} INFO - Setting next_dagrun for example_task_group_decorator to 2024-04-28T08:06:07.864629+00:00, run_after=2024-04-29T08:06:07.864629+00:00
[2024-04-29T08:06:07.912+0000] {processor.py:179} INFO - Processing /usr/local/python/3.10.13/lib/python3.10/site-packages/airflow/example_dags/example_task_group_decorator.py took 0.114 seconds
[2024-04-29T08:06:43.837+0000] {processor.py:157} INFO - Started process (PID=16570) to work on /usr/local/python/3.10.13/lib/python3.10/site-packages/airflow/example_dags/example_task_group_decorator.py
[2024-04-29T08:06:43.838+0000] {processor.py:826} INFO - Processing file /usr/local/python/3.10.13/lib/python3.10/site-packages/airflow/example_dags/example_task_group_decorator.py for tasks to queue
[2024-04-29T08:06:43.839+0000] {logging_mixin.py:150} INFO - [2024-04-29T08:06:43.839+0000] {dagbag.py:541} INFO - Filling up the DagBag from /usr/local/python/3.10.13/lib/python3.10/site-packages/airflow/example_dags/example_task_group_decorator.py
[2024-04-29T08:06:43.851+0000] {processor.py:836} INFO - DAG(s) dict_keys(['example_task_group_decorator']) retrieved from /usr/local/python/3.10.13/lib/python3.10/site-packages/airflow/example_dags/example_task_group_decorator.py
[2024-04-29T08:06:43.867+0000] {logging_mixin.py:150} INFO - [2024-04-29T08:06:43.867+0000] {dag.py:2742} INFO - Sync 1 DAGs
[2024-04-29T08:06:43.885+0000] {logging_mixin.py:150} INFO - [2024-04-29T08:06:43.884+0000] {dag.py:3504} INFO - Setting next_dagrun for example_task_group_decorator to 2024-04-28T08:06:43.884790+00:00, run_after=2024-04-29T08:06:43.884790+00:00
[2024-04-29T08:06:43.920+0000] {processor.py:179} INFO - Processing /usr/local/python/3.10.13/lib/python3.10/site-packages/airflow/example_dags/example_task_group_decorator.py took 0.085 seconds
[2024-04-29T08:07:33.618+0000] {processor.py:157} INFO - Started process (PID=16913) to work on /usr/local/python/3.10.13/lib/python3.10/site-packages/airflow/example_dags/example_task_group_decorator.py
[2024-04-29T08:07:33.619+0000] {processor.py:826} INFO - Processing file /usr/local/python/3.10.13/lib/python3.10/site-packages/airflow/example_dags/example_task_group_decorator.py for tasks to queue
[2024-04-29T08:07:33.619+0000] {logging_mixin.py:150} INFO - [2024-04-29T08:07:33.619+0000] {dagbag.py:541} INFO - Filling up the DagBag from /usr/local/python/3.10.13/lib/python3.10/site-packages/airflow/example_dags/example_task_group_decorator.py
[2024-04-29T08:07:33.631+0000] {processor.py:836} INFO - DAG(s) dict_keys(['example_task_group_decorator']) retrieved from /usr/local/python/3.10.13/lib/python3.10/site-packages/airflow/example_dags/example_task_group_decorator.py
[2024-04-29T08:07:33.646+0000] {logging_mixin.py:150} INFO - [2024-04-29T08:07:33.645+0000] {dag.py:2742} INFO - Sync 1 DAGs
[2024-04-29T08:07:33.663+0000] {logging_mixin.py:150} INFO - [2024-04-29T08:07:33.663+0000] {dag.py:3504} INFO - Setting next_dagrun for example_task_group_decorator to 2024-04-28T08:07:33.663344+00:00, run_after=2024-04-29T08:07:33.663344+00:00
[2024-04-29T08:07:33.698+0000] {processor.py:179} INFO - Processing /usr/local/python/3.10.13/lib/python3.10/site-packages/airflow/example_dags/example_task_group_decorator.py took 0.082 seconds
[2024-04-29T08:08:09.280+0000] {processor.py:157} INFO - Started process (PID=17174) to work on /usr/local/python/3.10.13/lib/python3.10/site-packages/airflow/example_dags/example_task_group_decorator.py
[2024-04-29T08:08:09.280+0000] {processor.py:826} INFO - Processing file /usr/local/python/3.10.13/lib/python3.10/site-packages/airflow/example_dags/example_task_group_decorator.py for tasks to queue
[2024-04-29T08:08:09.281+0000] {logging_mixin.py:150} INFO - [2024-04-29T08:08:09.281+0000] {dagbag.py:541} INFO - Filling up the DagBag from /usr/local/python/3.10.13/lib/python3.10/site-packages/airflow/example_dags/example_task_group_decorator.py
[2024-04-29T08:08:09.293+0000] {processor.py:836} INFO - DAG(s) dict_keys(['example_task_group_decorator']) retrieved from /usr/local/python/3.10.13/lib/python3.10/site-packages/airflow/example_dags/example_task_group_decorator.py
[2024-04-29T08:08:09.310+0000] {logging_mixin.py:150} INFO - [2024-04-29T08:08:09.310+0000] {dag.py:2742} INFO - Sync 1 DAGs
[2024-04-29T08:08:09.327+0000] {logging_mixin.py:150} INFO - [2024-04-29T08:08:09.327+0000] {dag.py:3504} INFO - Setting next_dagrun for example_task_group_decorator to 2024-04-28T08:08:09.327036+00:00, run_after=2024-04-29T08:08:09.327036+00:00
[2024-04-29T08:08:09.362+0000] {processor.py:179} INFO - Processing /usr/local/python/3.10.13/lib/python3.10/site-packages/airflow/example_dags/example_task_group_decorator.py took 0.085 seconds
[2024-04-29T08:08:56.461+0000] {processor.py:157} INFO - Started process (PID=17483) to work on /usr/local/python/3.10.13/lib/python3.10/site-packages/airflow/example_dags/example_task_group_decorator.py
[2024-04-29T08:08:56.462+0000] {processor.py:826} INFO - Processing file /usr/local/python/3.10.13/lib/python3.10/site-packages/airflow/example_dags/example_task_group_decorator.py for tasks to queue
[2024-04-29T08:08:56.463+0000] {logging_mixin.py:150} INFO - [2024-04-29T08:08:56.462+0000] {dagbag.py:541} INFO - Filling up the DagBag from /usr/local/python/3.10.13/lib/python3.10/site-packages/airflow/example_dags/example_task_group_decorator.py
[2024-04-29T08:08:56.475+0000] {processor.py:836} INFO - DAG(s) dict_keys(['example_task_group_decorator']) retrieved from /usr/local/python/3.10.13/lib/python3.10/site-packages/airflow/example_dags/example_task_group_decorator.py
[2024-04-29T08:08:56.489+0000] {logging_mixin.py:150} INFO - [2024-04-29T08:08:56.489+0000] {dag.py:2742} INFO - Sync 1 DAGs
[2024-04-29T08:08:56.504+0000] {logging_mixin.py:150} INFO - [2024-04-29T08:08:56.504+0000] {dag.py:3504} INFO - Setting next_dagrun for example_task_group_decorator to 2024-04-28T08:08:56.504194+00:00, run_after=2024-04-29T08:08:56.504194+00:00
[2024-04-29T08:08:56.538+0000] {processor.py:179} INFO - Processing /usr/local/python/3.10.13/lib/python3.10/site-packages/airflow/example_dags/example_task_group_decorator.py took 0.079 seconds
[2024-04-29T08:09:33.465+0000] {processor.py:157} INFO - Started process (PID=17741) to work on /usr/local/python/3.10.13/lib/python3.10/site-packages/airflow/example_dags/example_task_group_decorator.py
[2024-04-29T08:09:33.466+0000] {processor.py:826} INFO - Processing file /usr/local/python/3.10.13/lib/python3.10/site-packages/airflow/example_dags/example_task_group_decorator.py for tasks to queue
[2024-04-29T08:09:33.467+0000] {logging_mixin.py:150} INFO - [2024-04-29T08:09:33.467+0000] {dagbag.py:541} INFO - Filling up the DagBag from /usr/local/python/3.10.13/lib/python3.10/site-packages/airflow/example_dags/example_task_group_decorator.py
[2024-04-29T08:09:33.479+0000] {processor.py:836} INFO - DAG(s) dict_keys(['example_task_group_decorator']) retrieved from /usr/local/python/3.10.13/lib/python3.10/site-packages/airflow/example_dags/example_task_group_decorator.py
[2024-04-29T08:09:33.495+0000] {logging_mixin.py:150} INFO - [2024-04-29T08:09:33.495+0000] {dag.py:2742} INFO - Sync 1 DAGs
[2024-04-29T08:09:33.511+0000] {logging_mixin.py:150} INFO - [2024-04-29T08:09:33.511+0000] {dag.py:3504} INFO - Setting next_dagrun for example_task_group_decorator to 2024-04-28T08:09:33.511161+00:00, run_after=2024-04-29T08:09:33.511161+00:00
[2024-04-29T08:09:33.546+0000] {processor.py:179} INFO - Processing /usr/local/python/3.10.13/lib/python3.10/site-packages/airflow/example_dags/example_task_group_decorator.py took 0.083 seconds
[2024-04-29T08:10:12.275+0000] {processor.py:157} INFO - Started process (PID=18018) to work on /usr/local/python/3.10.13/lib/python3.10/site-packages/airflow/example_dags/example_task_group_decorator.py
[2024-04-29T08:10:12.275+0000] {processor.py:826} INFO - Processing file /usr/local/python/3.10.13/lib/python3.10/site-packages/airflow/example_dags/example_task_group_decorator.py for tasks to queue
[2024-04-29T08:10:12.276+0000] {logging_mixin.py:150} INFO - [2024-04-29T08:10:12.276+0000] {dagbag.py:541} INFO - Filling up the DagBag from /usr/local/python/3.10.13/lib/python3.10/site-packages/airflow/example_dags/example_task_group_decorator.py
[2024-04-29T08:10:12.288+0000] {processor.py:836} INFO - DAG(s) dict_keys(['example_task_group_decorator']) retrieved from /usr/local/python/3.10.13/lib/python3.10/site-packages/airflow/example_dags/example_task_group_decorator.py
[2024-04-29T08:10:12.303+0000] {logging_mixin.py:150} INFO - [2024-04-29T08:10:12.303+0000] {dag.py:2742} INFO - Sync 1 DAGs
[2024-04-29T08:10:12.319+0000] {logging_mixin.py:150} INFO - [2024-04-29T08:10:12.319+0000] {dag.py:3504} INFO - Setting next_dagrun for example_task_group_decorator to 2024-04-28T08:10:12.318901+00:00, run_after=2024-04-29T08:10:12.318901+00:00
[2024-04-29T08:10:12.355+0000] {processor.py:179} INFO - Processing /usr/local/python/3.10.13/lib/python3.10/site-packages/airflow/example_dags/example_task_group_decorator.py took 0.082 seconds
[2024-04-29T08:10:58.336+0000] {processor.py:157} INFO - Started process (PID=18322) to work on /usr/local/python/3.10.13/lib/python3.10/site-packages/airflow/example_dags/example_task_group_decorator.py
[2024-04-29T08:10:58.336+0000] {processor.py:826} INFO - Processing file /usr/local/python/3.10.13/lib/python3.10/site-packages/airflow/example_dags/example_task_group_decorator.py for tasks to queue
[2024-04-29T08:10:58.337+0000] {logging_mixin.py:150} INFO - [2024-04-29T08:10:58.337+0000] {dagbag.py:541} INFO - Filling up the DagBag from /usr/local/python/3.10.13/lib/python3.10/site-packages/airflow/example_dags/example_task_group_decorator.py
[2024-04-29T08:10:58.349+0000] {processor.py:836} INFO - DAG(s) dict_keys(['example_task_group_decorator']) retrieved from /usr/local/python/3.10.13/lib/python3.10/site-packages/airflow/example_dags/example_task_group_decorator.py
[2024-04-29T08:10:58.364+0000] {logging_mixin.py:150} INFO - [2024-04-29T08:10:58.363+0000] {dag.py:2742} INFO - Sync 1 DAGs
[2024-04-29T08:10:58.379+0000] {logging_mixin.py:150} INFO - [2024-04-29T08:10:58.379+0000] {dag.py:3504} INFO - Setting next_dagrun for example_task_group_decorator to 2024-04-28T08:10:58.378925+00:00, run_after=2024-04-29T08:10:58.378925+00:00
[2024-04-29T08:10:58.414+0000] {processor.py:179} INFO - Processing /usr/local/python/3.10.13/lib/python3.10/site-packages/airflow/example_dags/example_task_group_decorator.py took 0.081 seconds
[2024-04-29T08:11:49.292+0000] {processor.py:157} INFO - Started process (PID=18672) to work on /usr/local/python/3.10.13/lib/python3.10/site-packages/airflow/example_dags/example_task_group_decorator.py
[2024-04-29T08:11:49.293+0000] {processor.py:826} INFO - Processing file /usr/local/python/3.10.13/lib/python3.10/site-packages/airflow/example_dags/example_task_group_decorator.py for tasks to queue
[2024-04-29T08:11:49.294+0000] {logging_mixin.py:150} INFO - [2024-04-29T08:11:49.293+0000] {dagbag.py:541} INFO - Filling up the DagBag from /usr/local/python/3.10.13/lib/python3.10/site-packages/airflow/example_dags/example_task_group_decorator.py
[2024-04-29T08:11:49.306+0000] {processor.py:836} INFO - DAG(s) dict_keys(['example_task_group_decorator']) retrieved from /usr/local/python/3.10.13/lib/python3.10/site-packages/airflow/example_dags/example_task_group_decorator.py
[2024-04-29T08:11:49.322+0000] {logging_mixin.py:150} INFO - [2024-04-29T08:11:49.321+0000] {dag.py:2742} INFO - Sync 1 DAGs
[2024-04-29T08:11:49.338+0000] {logging_mixin.py:150} INFO - [2024-04-29T08:11:49.338+0000] {dag.py:3504} INFO - Setting next_dagrun for example_task_group_decorator to 2024-04-28T08:11:49.338535+00:00, run_after=2024-04-29T08:11:49.338535+00:00
[2024-04-29T08:11:49.374+0000] {processor.py:179} INFO - Processing /usr/local/python/3.10.13/lib/python3.10/site-packages/airflow/example_dags/example_task_group_decorator.py took 0.084 seconds
[2024-04-29T08:12:27.265+0000] {processor.py:157} INFO - Started process (PID=18936) to work on /usr/local/python/3.10.13/lib/python3.10/site-packages/airflow/example_dags/example_task_group_decorator.py
[2024-04-29T08:12:27.265+0000] {processor.py:826} INFO - Processing file /usr/local/python/3.10.13/lib/python3.10/site-packages/airflow/example_dags/example_task_group_decorator.py for tasks to queue
[2024-04-29T08:12:27.266+0000] {logging_mixin.py:150} INFO - [2024-04-29T08:12:27.266+0000] {dagbag.py:541} INFO - Filling up the DagBag from /usr/local/python/3.10.13/lib/python3.10/site-packages/airflow/example_dags/example_task_group_decorator.py
[2024-04-29T08:12:27.279+0000] {processor.py:836} INFO - DAG(s) dict_keys(['example_task_group_decorator']) retrieved from /usr/local/python/3.10.13/lib/python3.10/site-packages/airflow/example_dags/example_task_group_decorator.py
[2024-04-29T08:12:27.294+0000] {logging_mixin.py:150} INFO - [2024-04-29T08:12:27.294+0000] {dag.py:2742} INFO - Sync 1 DAGs
[2024-04-29T08:12:27.312+0000] {logging_mixin.py:150} INFO - [2024-04-29T08:12:27.312+0000] {dag.py:3504} INFO - Setting next_dagrun for example_task_group_decorator to 2024-04-28T08:12:27.312389+00:00, run_after=2024-04-29T08:12:27.312389+00:00
[2024-04-29T08:12:27.357+0000] {processor.py:179} INFO - Processing /usr/local/python/3.10.13/lib/python3.10/site-packages/airflow/example_dags/example_task_group_decorator.py took 0.095 seconds
[2024-04-29T08:13:01.784+0000] {processor.py:157} INFO - Started process (PID=19165) to work on /usr/local/python/3.10.13/lib/python3.10/site-packages/airflow/example_dags/example_task_group_decorator.py
[2024-04-29T08:13:01.785+0000] {processor.py:826} INFO - Processing file /usr/local/python/3.10.13/lib/python3.10/site-packages/airflow/example_dags/example_task_group_decorator.py for tasks to queue
[2024-04-29T08:13:01.786+0000] {logging_mixin.py:150} INFO - [2024-04-29T08:13:01.786+0000] {dagbag.py:541} INFO - Filling up the DagBag from /usr/local/python/3.10.13/lib/python3.10/site-packages/airflow/example_dags/example_task_group_decorator.py
[2024-04-29T08:13:01.808+0000] {processor.py:836} INFO - DAG(s) dict_keys(['example_task_group_decorator']) retrieved from /usr/local/python/3.10.13/lib/python3.10/site-packages/airflow/example_dags/example_task_group_decorator.py
[2024-04-29T08:13:01.832+0000] {logging_mixin.py:150} INFO - [2024-04-29T08:13:01.832+0000] {dag.py:2742} INFO - Sync 1 DAGs
[2024-04-29T08:13:01.853+0000] {logging_mixin.py:150} INFO - [2024-04-29T08:13:01.853+0000] {dag.py:3504} INFO - Setting next_dagrun for example_task_group_decorator to 2024-04-28T08:13:01.852946+00:00, run_after=2024-04-29T08:13:01.852946+00:00
[2024-04-29T08:13:01.902+0000] {processor.py:179} INFO - Processing /usr/local/python/3.10.13/lib/python3.10/site-packages/airflow/example_dags/example_task_group_decorator.py took 0.120 seconds
[2024-04-29T08:13:36.751+0000] {processor.py:157} INFO - Started process (PID=19414) to work on /usr/local/python/3.10.13/lib/python3.10/site-packages/airflow/example_dags/example_task_group_decorator.py
[2024-04-29T08:13:36.752+0000] {processor.py:826} INFO - Processing file /usr/local/python/3.10.13/lib/python3.10/site-packages/airflow/example_dags/example_task_group_decorator.py for tasks to queue
[2024-04-29T08:13:36.752+0000] {logging_mixin.py:150} INFO - [2024-04-29T08:13:36.752+0000] {dagbag.py:541} INFO - Filling up the DagBag from /usr/local/python/3.10.13/lib/python3.10/site-packages/airflow/example_dags/example_task_group_decorator.py
[2024-04-29T08:13:36.765+0000] {processor.py:836} INFO - DAG(s) dict_keys(['example_task_group_decorator']) retrieved from /usr/local/python/3.10.13/lib/python3.10/site-packages/airflow/example_dags/example_task_group_decorator.py
[2024-04-29T08:13:36.781+0000] {logging_mixin.py:150} INFO - [2024-04-29T08:13:36.781+0000] {dag.py:2742} INFO - Sync 1 DAGs
[2024-04-29T08:13:36.796+0000] {logging_mixin.py:150} INFO - [2024-04-29T08:13:36.796+0000] {dag.py:3504} INFO - Setting next_dagrun for example_task_group_decorator to 2024-04-28T08:13:36.796364+00:00, run_after=2024-04-29T08:13:36.796364+00:00
[2024-04-29T08:13:36.833+0000] {processor.py:179} INFO - Processing /usr/local/python/3.10.13/lib/python3.10/site-packages/airflow/example_dags/example_task_group_decorator.py took 0.084 seconds
[2024-04-29T08:14:31.533+0000] {processor.py:157} INFO - Started process (PID=19784) to work on /usr/local/python/3.10.13/lib/python3.10/site-packages/airflow/example_dags/example_task_group_decorator.py
[2024-04-29T08:14:31.534+0000] {processor.py:826} INFO - Processing file /usr/local/python/3.10.13/lib/python3.10/site-packages/airflow/example_dags/example_task_group_decorator.py for tasks to queue
[2024-04-29T08:14:31.535+0000] {logging_mixin.py:150} INFO - [2024-04-29T08:14:31.535+0000] {dagbag.py:541} INFO - Filling up the DagBag from /usr/local/python/3.10.13/lib/python3.10/site-packages/airflow/example_dags/example_task_group_decorator.py
[2024-04-29T08:14:31.547+0000] {processor.py:836} INFO - DAG(s) dict_keys(['example_task_group_decorator']) retrieved from /usr/local/python/3.10.13/lib/python3.10/site-packages/airflow/example_dags/example_task_group_decorator.py
[2024-04-29T08:14:31.565+0000] {logging_mixin.py:150} INFO - [2024-04-29T08:14:31.565+0000] {dag.py:2742} INFO - Sync 1 DAGs
[2024-04-29T08:14:31.581+0000] {logging_mixin.py:150} INFO - [2024-04-29T08:14:31.581+0000] {dag.py:3504} INFO - Setting next_dagrun for example_task_group_decorator to 2024-04-28T08:14:31.580815+00:00, run_after=2024-04-29T08:14:31.580815+00:00
[2024-04-29T08:14:31.617+0000] {processor.py:179} INFO - Processing /usr/local/python/3.10.13/lib/python3.10/site-packages/airflow/example_dags/example_task_group_decorator.py took 0.085 seconds
[2024-04-29T08:15:09.047+0000] {processor.py:157} INFO - Started process (PID=20083) to work on /usr/local/python/3.10.13/lib/python3.10/site-packages/airflow/example_dags/example_task_group_decorator.py
[2024-04-29T08:15:09.047+0000] {processor.py:826} INFO - Processing file /usr/local/python/3.10.13/lib/python3.10/site-packages/airflow/example_dags/example_task_group_decorator.py for tasks to queue
[2024-04-29T08:15:09.048+0000] {logging_mixin.py:150} INFO - [2024-04-29T08:15:09.048+0000] {dagbag.py:541} INFO - Filling up the DagBag from /usr/local/python/3.10.13/lib/python3.10/site-packages/airflow/example_dags/example_task_group_decorator.py
[2024-04-29T08:15:09.066+0000] {processor.py:836} INFO - DAG(s) dict_keys(['example_task_group_decorator']) retrieved from /usr/local/python/3.10.13/lib/python3.10/site-packages/airflow/example_dags/example_task_group_decorator.py
[2024-04-29T08:15:09.084+0000] {logging_mixin.py:150} INFO - [2024-04-29T08:15:09.084+0000] {dag.py:2742} INFO - Sync 1 DAGs
[2024-04-29T08:15:09.100+0000] {logging_mixin.py:150} INFO - [2024-04-29T08:15:09.100+0000] {dag.py:3504} INFO - Setting next_dagrun for example_task_group_decorator to 2024-04-28T08:15:09.100226+00:00, run_after=2024-04-29T08:15:09.100226+00:00
[2024-04-29T08:15:09.137+0000] {processor.py:179} INFO - Processing /usr/local/python/3.10.13/lib/python3.10/site-packages/airflow/example_dags/example_task_group_decorator.py took 0.094 seconds
[2024-04-29T08:15:46.481+0000] {processor.py:157} INFO - Started process (PID=20367) to work on /usr/local/python/3.10.13/lib/python3.10/site-packages/airflow/example_dags/example_task_group_decorator.py
[2024-04-29T08:15:46.482+0000] {processor.py:826} INFO - Processing file /usr/local/python/3.10.13/lib/python3.10/site-packages/airflow/example_dags/example_task_group_decorator.py for tasks to queue
[2024-04-29T08:15:46.483+0000] {logging_mixin.py:150} INFO - [2024-04-29T08:15:46.482+0000] {dagbag.py:541} INFO - Filling up the DagBag from /usr/local/python/3.10.13/lib/python3.10/site-packages/airflow/example_dags/example_task_group_decorator.py
[2024-04-29T08:15:46.496+0000] {processor.py:836} INFO - DAG(s) dict_keys(['example_task_group_decorator']) retrieved from /usr/local/python/3.10.13/lib/python3.10/site-packages/airflow/example_dags/example_task_group_decorator.py
[2024-04-29T08:15:46.511+0000] {logging_mixin.py:150} INFO - [2024-04-29T08:15:46.511+0000] {dag.py:2742} INFO - Sync 1 DAGs
[2024-04-29T08:15:46.527+0000] {logging_mixin.py:150} INFO - [2024-04-29T08:15:46.527+0000] {dag.py:3504} INFO - Setting next_dagrun for example_task_group_decorator to 2024-04-28T08:15:46.527109+00:00, run_after=2024-04-29T08:15:46.527109+00:00
[2024-04-29T08:15:46.565+0000] {processor.py:179} INFO - Processing /usr/local/python/3.10.13/lib/python3.10/site-packages/airflow/example_dags/example_task_group_decorator.py took 0.087 seconds
[2024-04-29T08:16:22.329+0000] {processor.py:157} INFO - Started process (PID=20807) to work on /usr/local/python/3.10.13/lib/python3.10/site-packages/airflow/example_dags/example_task_group_decorator.py
[2024-04-29T08:16:22.330+0000] {processor.py:826} INFO - Processing file /usr/local/python/3.10.13/lib/python3.10/site-packages/airflow/example_dags/example_task_group_decorator.py for tasks to queue
[2024-04-29T08:16:22.331+0000] {logging_mixin.py:150} INFO - [2024-04-29T08:16:22.330+0000] {dagbag.py:541} INFO - Filling up the DagBag from /usr/local/python/3.10.13/lib/python3.10/site-packages/airflow/example_dags/example_task_group_decorator.py
[2024-04-29T08:16:22.343+0000] {processor.py:836} INFO - DAG(s) dict_keys(['example_task_group_decorator']) retrieved from /usr/local/python/3.10.13/lib/python3.10/site-packages/airflow/example_dags/example_task_group_decorator.py
[2024-04-29T08:16:22.358+0000] {logging_mixin.py:150} INFO - [2024-04-29T08:16:22.358+0000] {dag.py:2742} INFO - Sync 1 DAGs
[2024-04-29T08:16:22.373+0000] {logging_mixin.py:150} INFO - [2024-04-29T08:16:22.373+0000] {dag.py:3504} INFO - Setting next_dagrun for example_task_group_decorator to 2024-04-28T08:16:22.373601+00:00, run_after=2024-04-29T08:16:22.373601+00:00
[2024-04-29T08:16:22.502+0000] {processor.py:179} INFO - Processing /usr/local/python/3.10.13/lib/python3.10/site-packages/airflow/example_dags/example_task_group_decorator.py took 0.175 seconds
[2024-04-29T08:17:14.394+0000] {processor.py:157} INFO - Started process (PID=21239) to work on /usr/local/python/3.10.13/lib/python3.10/site-packages/airflow/example_dags/example_task_group_decorator.py
[2024-04-29T08:17:14.395+0000] {processor.py:826} INFO - Processing file /usr/local/python/3.10.13/lib/python3.10/site-packages/airflow/example_dags/example_task_group_decorator.py for tasks to queue
[2024-04-29T08:17:14.396+0000] {logging_mixin.py:150} INFO - [2024-04-29T08:17:14.395+0000] {dagbag.py:541} INFO - Filling up the DagBag from /usr/local/python/3.10.13/lib/python3.10/site-packages/airflow/example_dags/example_task_group_decorator.py
[2024-04-29T08:17:14.410+0000] {processor.py:836} INFO - DAG(s) dict_keys(['example_task_group_decorator']) retrieved from /usr/local/python/3.10.13/lib/python3.10/site-packages/airflow/example_dags/example_task_group_decorator.py
[2024-04-29T08:17:14.425+0000] {logging_mixin.py:150} INFO - [2024-04-29T08:17:14.425+0000] {dag.py:2742} INFO - Sync 1 DAGs
[2024-04-29T08:17:14.440+0000] {logging_mixin.py:150} INFO - [2024-04-29T08:17:14.440+0000] {dag.py:3504} INFO - Setting next_dagrun for example_task_group_decorator to 2024-04-28T08:17:14.440580+00:00, run_after=2024-04-29T08:17:14.440580+00:00
[2024-04-29T08:17:14.487+0000] {processor.py:179} INFO - Processing /usr/local/python/3.10.13/lib/python3.10/site-packages/airflow/example_dags/example_task_group_decorator.py took 0.095 seconds
