[2024-04-29T07:42:45.932+0000] {processor.py:157} INFO - Started process (PID=5233) to work on /usr/local/python/3.10.13/lib/python3.10/site-packages/airflow/example_dags/example_complex.py
[2024-04-29T07:42:45.933+0000] {processor.py:826} INFO - Processing file /usr/local/python/3.10.13/lib/python3.10/site-packages/airflow/example_dags/example_complex.py for tasks to queue
[2024-04-29T07:42:45.934+0000] {logging_mixin.py:150} INFO - [2024-04-29T07:42:45.933+0000] {dagbag.py:541} INFO - Filling up the DagBag from /usr/local/python/3.10.13/lib/python3.10/site-packages/airflow/example_dags/example_complex.py
[2024-04-29T07:42:45.942+0000] {processor.py:836} INFO - DAG(s) dict_keys(['example_complex']) retrieved from /usr/local/python/3.10.13/lib/python3.10/site-packages/airflow/example_dags/example_complex.py
[2024-04-29T07:42:46.078+0000] {logging_mixin.py:150} INFO - [2024-04-29T07:42:46.078+0000] {manager.py:504} INFO - Created Permission View: can edit on DAG:example_complex
[2024-04-29T07:42:46.112+0000] {logging_mixin.py:150} INFO - [2024-04-29T07:42:46.112+0000] {manager.py:504} INFO - Created Permission View: can read on DAG:example_complex
[2024-04-29T07:42:46.140+0000] {logging_mixin.py:150} INFO - [2024-04-29T07:42:46.140+0000] {manager.py:504} INFO - Created Permission View: can delete on DAG:example_complex
[2024-04-29T07:42:46.158+0000] {logging_mixin.py:150} INFO - [2024-04-29T07:42:46.157+0000] {dag.py:2742} INFO - Sync 1 DAGs
[2024-04-29T07:42:46.166+0000] {logging_mixin.py:150} INFO - [2024-04-29T07:42:46.166+0000] {dag.py:2763} INFO - Creating ORM DAG for example_complex
[2024-04-29T07:42:46.176+0000] {logging_mixin.py:150} INFO - [2024-04-29T07:42:46.175+0000] {dag.py:3504} INFO - Setting next_dagrun for example_complex to None, run_after=None
[2024-04-29T07:42:46.221+0000] {processor.py:179} INFO - Processing /usr/local/python/3.10.13/lib/python3.10/site-packages/airflow/example_dags/example_complex.py took 0.291 seconds
[2024-04-29T07:43:44.616+0000] {processor.py:157} INFO - Started process (PID=5642) to work on /usr/local/python/3.10.13/lib/python3.10/site-packages/airflow/example_dags/example_complex.py
[2024-04-29T07:43:44.617+0000] {processor.py:826} INFO - Processing file /usr/local/python/3.10.13/lib/python3.10/site-packages/airflow/example_dags/example_complex.py for tasks to queue
[2024-04-29T07:43:44.617+0000] {logging_mixin.py:150} INFO - [2024-04-29T07:43:44.617+0000] {dagbag.py:541} INFO - Filling up the DagBag from /usr/local/python/3.10.13/lib/python3.10/site-packages/airflow/example_dags/example_complex.py
[2024-04-29T07:43:44.627+0000] {processor.py:836} INFO - DAG(s) dict_keys(['example_complex']) retrieved from /usr/local/python/3.10.13/lib/python3.10/site-packages/airflow/example_dags/example_complex.py
[2024-04-29T07:43:44.658+0000] {logging_mixin.py:150} INFO - [2024-04-29T07:43:44.657+0000] {dag.py:2742} INFO - Sync 1 DAGs
[2024-04-29T07:43:44.681+0000] {logging_mixin.py:150} INFO - [2024-04-29T07:43:44.681+0000] {dag.py:3504} INFO - Setting next_dagrun for example_complex to None, run_after=None
[2024-04-29T07:43:44.720+0000] {processor.py:179} INFO - Processing /usr/local/python/3.10.13/lib/python3.10/site-packages/airflow/example_dags/example_complex.py took 0.106 seconds
[2024-04-29T07:44:31.178+0000] {processor.py:157} INFO - Started process (PID=5943) to work on /usr/local/python/3.10.13/lib/python3.10/site-packages/airflow/example_dags/example_complex.py
[2024-04-29T07:44:31.178+0000] {processor.py:826} INFO - Processing file /usr/local/python/3.10.13/lib/python3.10/site-packages/airflow/example_dags/example_complex.py for tasks to queue
[2024-04-29T07:44:31.179+0000] {logging_mixin.py:150} INFO - [2024-04-29T07:44:31.179+0000] {dagbag.py:541} INFO - Filling up the DagBag from /usr/local/python/3.10.13/lib/python3.10/site-packages/airflow/example_dags/example_complex.py
[2024-04-29T07:44:31.188+0000] {processor.py:836} INFO - DAG(s) dict_keys(['example_complex']) retrieved from /usr/local/python/3.10.13/lib/python3.10/site-packages/airflow/example_dags/example_complex.py
[2024-04-29T07:44:31.212+0000] {logging_mixin.py:150} INFO - [2024-04-29T07:44:31.212+0000] {dag.py:2742} INFO - Sync 1 DAGs
[2024-04-29T07:44:31.228+0000] {logging_mixin.py:150} INFO - [2024-04-29T07:44:31.228+0000] {dag.py:3504} INFO - Setting next_dagrun for example_complex to None, run_after=None
[2024-04-29T07:44:31.266+0000] {processor.py:179} INFO - Processing /usr/local/python/3.10.13/lib/python3.10/site-packages/airflow/example_dags/example_complex.py took 0.091 seconds
[2024-04-29T07:45:15.545+0000] {processor.py:157} INFO - Started process (PID=6262) to work on /usr/local/python/3.10.13/lib/python3.10/site-packages/airflow/example_dags/example_complex.py
[2024-04-29T07:45:15.546+0000] {processor.py:826} INFO - Processing file /usr/local/python/3.10.13/lib/python3.10/site-packages/airflow/example_dags/example_complex.py for tasks to queue
[2024-04-29T07:45:15.546+0000] {logging_mixin.py:150} INFO - [2024-04-29T07:45:15.546+0000] {dagbag.py:541} INFO - Filling up the DagBag from /usr/local/python/3.10.13/lib/python3.10/site-packages/airflow/example_dags/example_complex.py
[2024-04-29T07:45:15.555+0000] {processor.py:836} INFO - DAG(s) dict_keys(['example_complex']) retrieved from /usr/local/python/3.10.13/lib/python3.10/site-packages/airflow/example_dags/example_complex.py
[2024-04-29T07:45:15.577+0000] {logging_mixin.py:150} INFO - [2024-04-29T07:45:15.576+0000] {dag.py:2742} INFO - Sync 1 DAGs
[2024-04-29T07:45:15.592+0000] {logging_mixin.py:150} INFO - [2024-04-29T07:45:15.592+0000] {dag.py:3504} INFO - Setting next_dagrun for example_complex to None, run_after=None
[2024-04-29T07:45:15.629+0000] {processor.py:179} INFO - Processing /usr/local/python/3.10.13/lib/python3.10/site-packages/airflow/example_dags/example_complex.py took 0.086 seconds
[2024-04-29T07:46:00.963+0000] {processor.py:157} INFO - Started process (PID=6583) to work on /usr/local/python/3.10.13/lib/python3.10/site-packages/airflow/example_dags/example_complex.py
[2024-04-29T07:46:00.964+0000] {processor.py:826} INFO - Processing file /usr/local/python/3.10.13/lib/python3.10/site-packages/airflow/example_dags/example_complex.py for tasks to queue
[2024-04-29T07:46:00.965+0000] {logging_mixin.py:150} INFO - [2024-04-29T07:46:00.964+0000] {dagbag.py:541} INFO - Filling up the DagBag from /usr/local/python/3.10.13/lib/python3.10/site-packages/airflow/example_dags/example_complex.py
[2024-04-29T07:46:00.974+0000] {processor.py:836} INFO - DAG(s) dict_keys(['example_complex']) retrieved from /usr/local/python/3.10.13/lib/python3.10/site-packages/airflow/example_dags/example_complex.py
[2024-04-29T07:46:00.994+0000] {logging_mixin.py:150} INFO - [2024-04-29T07:46:00.994+0000] {dag.py:2742} INFO - Sync 1 DAGs
[2024-04-29T07:46:01.010+0000] {logging_mixin.py:150} INFO - [2024-04-29T07:46:01.010+0000] {dag.py:3504} INFO - Setting next_dagrun for example_complex to None, run_after=None
[2024-04-29T07:46:01.046+0000] {processor.py:179} INFO - Processing /usr/local/python/3.10.13/lib/python3.10/site-packages/airflow/example_dags/example_complex.py took 0.085 seconds
