[2024-04-29T06:44:11.423+0000] {processor.py:157} INFO - Started process (PID=23403) to work on /usr/local/python/3.10.13/lib/python3.10/site-packages/airflow/example_dags/example_branch_day_of_week_operator.py
[2024-04-29T06:44:11.424+0000] {processor.py:826} INFO - Processing file /usr/local/python/3.10.13/lib/python3.10/site-packages/airflow/example_dags/example_branch_day_of_week_operator.py for tasks to queue
[2024-04-29T06:44:11.424+0000] {logging_mixin.py:150} INFO - [2024-04-29T06:44:11.424+0000] {dagbag.py:541} INFO - Filling up the DagBag from /usr/local/python/3.10.13/lib/python3.10/site-packages/airflow/example_dags/example_branch_day_of_week_operator.py
[2024-04-29T06:44:11.430+0000] {processor.py:836} INFO - DAG(s) dict_keys(['example_weekday_branch_operator']) retrieved from /usr/local/python/3.10.13/lib/python3.10/site-packages/airflow/example_dags/example_branch_day_of_week_operator.py
[2024-04-29T06:44:11.574+0000] {logging_mixin.py:150} INFO - [2024-04-29T06:44:11.573+0000] {manager.py:504} INFO - Created Permission View: can delete on DAG:example_weekday_branch_operator
[2024-04-29T06:44:11.620+0000] {logging_mixin.py:150} INFO - [2024-04-29T06:44:11.620+0000] {manager.py:504} INFO - Created Permission View: can edit on DAG:example_weekday_branch_operator
[2024-04-29T06:44:11.656+0000] {logging_mixin.py:150} INFO - [2024-04-29T06:44:11.655+0000] {manager.py:504} INFO - Created Permission View: can read on DAG:example_weekday_branch_operator
[2024-04-29T06:44:11.691+0000] {logging_mixin.py:150} INFO - [2024-04-29T06:44:11.691+0000] {dag.py:2742} INFO - Sync 1 DAGs
[2024-04-29T06:44:11.741+0000] {logging_mixin.py:150} INFO - [2024-04-29T06:44:11.741+0000] {dag.py:2763} INFO - Creating ORM DAG for example_weekday_branch_operator
[2024-04-29T06:44:11.774+0000] {logging_mixin.py:150} INFO - [2024-04-29T06:44:11.774+0000] {dag.py:3504} INFO - Setting next_dagrun for example_weekday_branch_operator to 2024-04-28T00:00:00+00:00, run_after=2024-04-29T00:00:00+00:00
[2024-04-29T06:44:11.828+0000] {processor.py:179} INFO - Processing /usr/local/python/3.10.13/lib/python3.10/site-packages/airflow/example_dags/example_branch_day_of_week_operator.py took 0.407 seconds
[2024-04-29T06:45:16.950+0000] {processor.py:157} INFO - Started process (PID=24087) to work on /usr/local/python/3.10.13/lib/python3.10/site-packages/airflow/example_dags/example_branch_day_of_week_operator.py
[2024-04-29T06:45:16.951+0000] {processor.py:826} INFO - Processing file /usr/local/python/3.10.13/lib/python3.10/site-packages/airflow/example_dags/example_branch_day_of_week_operator.py for tasks to queue
[2024-04-29T06:45:16.952+0000] {logging_mixin.py:150} INFO - [2024-04-29T06:45:16.951+0000] {dagbag.py:541} INFO - Filling up the DagBag from /usr/local/python/3.10.13/lib/python3.10/site-packages/airflow/example_dags/example_branch_day_of_week_operator.py
[2024-04-29T06:45:16.958+0000] {processor.py:836} INFO - DAG(s) dict_keys(['example_weekday_branch_operator']) retrieved from /usr/local/python/3.10.13/lib/python3.10/site-packages/airflow/example_dags/example_branch_day_of_week_operator.py
[2024-04-29T06:45:16.971+0000] {logging_mixin.py:150} INFO - [2024-04-29T06:45:16.971+0000] {dag.py:2742} INFO - Sync 1 DAGs
[2024-04-29T06:45:16.990+0000] {logging_mixin.py:150} INFO - [2024-04-29T06:45:16.989+0000] {dag.py:3504} INFO - Setting next_dagrun for example_weekday_branch_operator to 2024-04-28T00:00:00+00:00, run_after=2024-04-29T00:00:00+00:00
[2024-04-29T06:45:17.025+0000] {processor.py:179} INFO - Processing /usr/local/python/3.10.13/lib/python3.10/site-packages/airflow/example_dags/example_branch_day_of_week_operator.py took 0.077 seconds
[2024-04-29T06:46:55.211+0000] {processor.py:157} INFO - Started process (PID=25007) to work on /usr/local/python/3.10.13/lib/python3.10/site-packages/airflow/example_dags/example_branch_day_of_week_operator.py
[2024-04-29T06:46:55.212+0000] {processor.py:826} INFO - Processing file /usr/local/python/3.10.13/lib/python3.10/site-packages/airflow/example_dags/example_branch_day_of_week_operator.py for tasks to queue
[2024-04-29T06:46:55.213+0000] {logging_mixin.py:150} INFO - [2024-04-29T06:46:55.212+0000] {dagbag.py:541} INFO - Filling up the DagBag from /usr/local/python/3.10.13/lib/python3.10/site-packages/airflow/example_dags/example_branch_day_of_week_operator.py
[2024-04-29T06:46:55.219+0000] {processor.py:836} INFO - DAG(s) dict_keys(['example_weekday_branch_operator']) retrieved from /usr/local/python/3.10.13/lib/python3.10/site-packages/airflow/example_dags/example_branch_day_of_week_operator.py
[2024-04-29T06:46:55.233+0000] {logging_mixin.py:150} INFO - [2024-04-29T06:46:55.233+0000] {dag.py:2742} INFO - Sync 1 DAGs
[2024-04-29T06:46:55.256+0000] {logging_mixin.py:150} INFO - [2024-04-29T06:46:55.256+0000] {dag.py:3504} INFO - Setting next_dagrun for example_weekday_branch_operator to 2024-04-28T00:00:00+00:00, run_after=2024-04-29T00:00:00+00:00
[2024-04-29T06:46:55.293+0000] {processor.py:179} INFO - Processing /usr/local/python/3.10.13/lib/python3.10/site-packages/airflow/example_dags/example_branch_day_of_week_operator.py took 0.084 seconds
