[2024-04-29T06:16:48.580+0000] {processor.py:157} INFO - Started process (PID=9001) to work on /usr/local/python/3.10.13/lib/python3.10/site-packages/airflow/example_dags/example_nested_branch_dag.py
[2024-04-29T06:16:48.580+0000] {processor.py:826} INFO - Processing file /usr/local/python/3.10.13/lib/python3.10/site-packages/airflow/example_dags/example_nested_branch_dag.py for tasks to queue
[2024-04-29T06:16:48.581+0000] {logging_mixin.py:150} INFO - [2024-04-29T06:16:48.581+0000] {dagbag.py:541} INFO - Filling up the DagBag from /usr/local/python/3.10.13/lib/python3.10/site-packages/airflow/example_dags/example_nested_branch_dag.py
[2024-04-29T06:16:48.588+0000] {processor.py:836} INFO - DAG(s) dict_keys(['example_nested_branch_dag']) retrieved from /usr/local/python/3.10.13/lib/python3.10/site-packages/airflow/example_dags/example_nested_branch_dag.py
[2024-04-29T06:16:48.730+0000] {logging_mixin.py:150} INFO - [2024-04-29T06:16:48.730+0000] {manager.py:504} INFO - Created Permission View: can delete on DAG:example_nested_branch_dag
[2024-04-29T06:16:48.764+0000] {logging_mixin.py:150} INFO - [2024-04-29T06:16:48.763+0000] {manager.py:504} INFO - Created Permission View: can edit on DAG:example_nested_branch_dag
[2024-04-29T06:16:48.807+0000] {logging_mixin.py:150} INFO - [2024-04-29T06:16:48.807+0000] {manager.py:504} INFO - Created Permission View: can read on DAG:example_nested_branch_dag
[2024-04-29T06:16:48.818+0000] {logging_mixin.py:150} INFO - [2024-04-29T06:16:48.818+0000] {dag.py:2742} INFO - Sync 1 DAGs
[2024-04-29T06:16:48.836+0000] {logging_mixin.py:150} INFO - [2024-04-29T06:16:48.836+0000] {dag.py:2763} INFO - Creating ORM DAG for example_nested_branch_dag
[2024-04-29T06:16:48.849+0000] {logging_mixin.py:150} INFO - [2024-04-29T06:16:48.849+0000] {dag.py:3504} INFO - Setting next_dagrun for example_nested_branch_dag to 2024-04-28T00:00:00+00:00, run_after=2024-04-29T00:00:00+00:00
[2024-04-29T06:16:48.903+0000] {processor.py:179} INFO - Processing /usr/local/python/3.10.13/lib/python3.10/site-packages/airflow/example_dags/example_nested_branch_dag.py took 0.326 seconds
[2024-04-29T06:17:40.234+0000] {processor.py:157} INFO - Started process (PID=9375) to work on /usr/local/python/3.10.13/lib/python3.10/site-packages/airflow/example_dags/example_nested_branch_dag.py
[2024-04-29T06:17:40.234+0000] {processor.py:826} INFO - Processing file /usr/local/python/3.10.13/lib/python3.10/site-packages/airflow/example_dags/example_nested_branch_dag.py for tasks to queue
[2024-04-29T06:17:40.235+0000] {logging_mixin.py:150} INFO - [2024-04-29T06:17:40.235+0000] {dagbag.py:541} INFO - Filling up the DagBag from /usr/local/python/3.10.13/lib/python3.10/site-packages/airflow/example_dags/example_nested_branch_dag.py
[2024-04-29T06:17:40.243+0000] {processor.py:836} INFO - DAG(s) dict_keys(['example_nested_branch_dag']) retrieved from /usr/local/python/3.10.13/lib/python3.10/site-packages/airflow/example_dags/example_nested_branch_dag.py
[2024-04-29T06:17:40.256+0000] {logging_mixin.py:150} INFO - [2024-04-29T06:17:40.256+0000] {dag.py:2742} INFO - Sync 1 DAGs
[2024-04-29T06:17:40.273+0000] {logging_mixin.py:150} INFO - [2024-04-29T06:17:40.273+0000] {dag.py:3504} INFO - Setting next_dagrun for example_nested_branch_dag to 2024-04-28T00:00:00+00:00, run_after=2024-04-29T00:00:00+00:00
[2024-04-29T06:17:40.319+0000] {processor.py:179} INFO - Processing /usr/local/python/3.10.13/lib/python3.10/site-packages/airflow/example_dags/example_nested_branch_dag.py took 0.087 seconds
[2024-04-29T06:18:25.383+0000] {processor.py:157} INFO - Started process (PID=9726) to work on /usr/local/python/3.10.13/lib/python3.10/site-packages/airflow/example_dags/example_nested_branch_dag.py
[2024-04-29T06:18:25.384+0000] {processor.py:826} INFO - Processing file /usr/local/python/3.10.13/lib/python3.10/site-packages/airflow/example_dags/example_nested_branch_dag.py for tasks to queue
[2024-04-29T06:18:25.385+0000] {logging_mixin.py:150} INFO - [2024-04-29T06:18:25.385+0000] {dagbag.py:541} INFO - Filling up the DagBag from /usr/local/python/3.10.13/lib/python3.10/site-packages/airflow/example_dags/example_nested_branch_dag.py
[2024-04-29T06:18:25.393+0000] {processor.py:836} INFO - DAG(s) dict_keys(['example_nested_branch_dag']) retrieved from /usr/local/python/3.10.13/lib/python3.10/site-packages/airflow/example_dags/example_nested_branch_dag.py
[2024-04-29T06:18:25.406+0000] {logging_mixin.py:150} INFO - [2024-04-29T06:18:25.406+0000] {dag.py:2742} INFO - Sync 1 DAGs
[2024-04-29T06:18:25.422+0000] {logging_mixin.py:150} INFO - [2024-04-29T06:18:25.422+0000] {dag.py:3504} INFO - Setting next_dagrun for example_nested_branch_dag to 2024-04-28T00:00:00+00:00, run_after=2024-04-29T00:00:00+00:00
[2024-04-29T06:18:25.459+0000] {processor.py:179} INFO - Processing /usr/local/python/3.10.13/lib/python3.10/site-packages/airflow/example_dags/example_nested_branch_dag.py took 0.078 seconds
[2024-04-29T06:19:13.633+0000] {processor.py:157} INFO - Started process (PID=10084) to work on /usr/local/python/3.10.13/lib/python3.10/site-packages/airflow/example_dags/example_nested_branch_dag.py
[2024-04-29T06:19:13.634+0000] {processor.py:826} INFO - Processing file /usr/local/python/3.10.13/lib/python3.10/site-packages/airflow/example_dags/example_nested_branch_dag.py for tasks to queue
[2024-04-29T06:19:13.635+0000] {logging_mixin.py:150} INFO - [2024-04-29T06:19:13.635+0000] {dagbag.py:541} INFO - Filling up the DagBag from /usr/local/python/3.10.13/lib/python3.10/site-packages/airflow/example_dags/example_nested_branch_dag.py
[2024-04-29T06:19:13.646+0000] {processor.py:836} INFO - DAG(s) dict_keys(['example_nested_branch_dag']) retrieved from /usr/local/python/3.10.13/lib/python3.10/site-packages/airflow/example_dags/example_nested_branch_dag.py
[2024-04-29T06:19:13.659+0000] {logging_mixin.py:150} INFO - [2024-04-29T06:19:13.659+0000] {dag.py:2742} INFO - Sync 1 DAGs
[2024-04-29T06:19:13.677+0000] {logging_mixin.py:150} INFO - [2024-04-29T06:19:13.677+0000] {dag.py:3504} INFO - Setting next_dagrun for example_nested_branch_dag to 2024-04-28T00:00:00+00:00, run_after=2024-04-29T00:00:00+00:00
[2024-04-29T06:19:13.713+0000] {processor.py:179} INFO - Processing /usr/local/python/3.10.13/lib/python3.10/site-packages/airflow/example_dags/example_nested_branch_dag.py took 0.083 seconds
[2024-04-29T06:20:01.496+0000] {processor.py:157} INFO - Started process (PID=10449) to work on /usr/local/python/3.10.13/lib/python3.10/site-packages/airflow/example_dags/example_nested_branch_dag.py
[2024-04-29T06:20:01.496+0000] {processor.py:826} INFO - Processing file /usr/local/python/3.10.13/lib/python3.10/site-packages/airflow/example_dags/example_nested_branch_dag.py for tasks to queue
[2024-04-29T06:20:01.497+0000] {logging_mixin.py:150} INFO - [2024-04-29T06:20:01.497+0000] {dagbag.py:541} INFO - Filling up the DagBag from /usr/local/python/3.10.13/lib/python3.10/site-packages/airflow/example_dags/example_nested_branch_dag.py
[2024-04-29T06:20:01.505+0000] {processor.py:836} INFO - DAG(s) dict_keys(['example_nested_branch_dag']) retrieved from /usr/local/python/3.10.13/lib/python3.10/site-packages/airflow/example_dags/example_nested_branch_dag.py
[2024-04-29T06:20:01.519+0000] {logging_mixin.py:150} INFO - [2024-04-29T06:20:01.518+0000] {dag.py:2742} INFO - Sync 1 DAGs
[2024-04-29T06:20:01.536+0000] {logging_mixin.py:150} INFO - [2024-04-29T06:20:01.536+0000] {dag.py:3504} INFO - Setting next_dagrun for example_nested_branch_dag to 2024-04-28T00:00:00+00:00, run_after=2024-04-29T00:00:00+00:00
[2024-04-29T06:20:01.576+0000] {processor.py:179} INFO - Processing /usr/local/python/3.10.13/lib/python3.10/site-packages/airflow/example_dags/example_nested_branch_dag.py took 0.083 seconds
[2024-04-29T06:20:52.251+0000] {processor.py:157} INFO - Started process (PID=10823) to work on /usr/local/python/3.10.13/lib/python3.10/site-packages/airflow/example_dags/example_nested_branch_dag.py
[2024-04-29T06:20:52.252+0000] {processor.py:826} INFO - Processing file /usr/local/python/3.10.13/lib/python3.10/site-packages/airflow/example_dags/example_nested_branch_dag.py for tasks to queue
[2024-04-29T06:20:52.253+0000] {logging_mixin.py:150} INFO - [2024-04-29T06:20:52.252+0000] {dagbag.py:541} INFO - Filling up the DagBag from /usr/local/python/3.10.13/lib/python3.10/site-packages/airflow/example_dags/example_nested_branch_dag.py
[2024-04-29T06:20:52.264+0000] {processor.py:836} INFO - DAG(s) dict_keys(['example_nested_branch_dag']) retrieved from /usr/local/python/3.10.13/lib/python3.10/site-packages/airflow/example_dags/example_nested_branch_dag.py
[2024-04-29T06:20:52.285+0000] {logging_mixin.py:150} INFO - [2024-04-29T06:20:52.284+0000] {dag.py:2742} INFO - Sync 1 DAGs
[2024-04-29T06:20:52.310+0000] {logging_mixin.py:150} INFO - [2024-04-29T06:20:52.310+0000] {dag.py:3504} INFO - Setting next_dagrun for example_nested_branch_dag to 2024-04-28T00:00:00+00:00, run_after=2024-04-29T00:00:00+00:00
[2024-04-29T06:20:52.357+0000] {processor.py:179} INFO - Processing /usr/local/python/3.10.13/lib/python3.10/site-packages/airflow/example_dags/example_nested_branch_dag.py took 0.108 seconds
[2024-04-29T06:21:40.449+0000] {processor.py:157} INFO - Started process (PID=11186) to work on /usr/local/python/3.10.13/lib/python3.10/site-packages/airflow/example_dags/example_nested_branch_dag.py
[2024-04-29T06:21:40.450+0000] {processor.py:826} INFO - Processing file /usr/local/python/3.10.13/lib/python3.10/site-packages/airflow/example_dags/example_nested_branch_dag.py for tasks to queue
[2024-04-29T06:21:40.451+0000] {logging_mixin.py:150} INFO - [2024-04-29T06:21:40.450+0000] {dagbag.py:541} INFO - Filling up the DagBag from /usr/local/python/3.10.13/lib/python3.10/site-packages/airflow/example_dags/example_nested_branch_dag.py
[2024-04-29T06:21:40.458+0000] {processor.py:836} INFO - DAG(s) dict_keys(['example_nested_branch_dag']) retrieved from /usr/local/python/3.10.13/lib/python3.10/site-packages/airflow/example_dags/example_nested_branch_dag.py
[2024-04-29T06:21:40.471+0000] {logging_mixin.py:150} INFO - [2024-04-29T06:21:40.471+0000] {dag.py:2742} INFO - Sync 1 DAGs
[2024-04-29T06:21:40.488+0000] {logging_mixin.py:150} INFO - [2024-04-29T06:21:40.487+0000] {dag.py:3504} INFO - Setting next_dagrun for example_nested_branch_dag to 2024-04-28T00:00:00+00:00, run_after=2024-04-29T00:00:00+00:00
[2024-04-29T06:21:40.530+0000] {processor.py:179} INFO - Processing /usr/local/python/3.10.13/lib/python3.10/site-packages/airflow/example_dags/example_nested_branch_dag.py took 0.083 seconds
[2024-04-29T06:22:27.857+0000] {processor.py:157} INFO - Started process (PID=11563) to work on /usr/local/python/3.10.13/lib/python3.10/site-packages/airflow/example_dags/example_nested_branch_dag.py
[2024-04-29T06:22:27.858+0000] {processor.py:826} INFO - Processing file /usr/local/python/3.10.13/lib/python3.10/site-packages/airflow/example_dags/example_nested_branch_dag.py for tasks to queue
[2024-04-29T06:22:27.858+0000] {logging_mixin.py:150} INFO - [2024-04-29T06:22:27.858+0000] {dagbag.py:541} INFO - Filling up the DagBag from /usr/local/python/3.10.13/lib/python3.10/site-packages/airflow/example_dags/example_nested_branch_dag.py
[2024-04-29T06:22:27.866+0000] {processor.py:836} INFO - DAG(s) dict_keys(['example_nested_branch_dag']) retrieved from /usr/local/python/3.10.13/lib/python3.10/site-packages/airflow/example_dags/example_nested_branch_dag.py
[2024-04-29T06:22:27.879+0000] {logging_mixin.py:150} INFO - [2024-04-29T06:22:27.879+0000] {dag.py:2742} INFO - Sync 1 DAGs
[2024-04-29T06:22:27.897+0000] {logging_mixin.py:150} INFO - [2024-04-29T06:22:27.896+0000] {dag.py:3504} INFO - Setting next_dagrun for example_nested_branch_dag to 2024-04-28T00:00:00+00:00, run_after=2024-04-29T00:00:00+00:00
[2024-04-29T06:22:27.932+0000] {processor.py:179} INFO - Processing /usr/local/python/3.10.13/lib/python3.10/site-packages/airflow/example_dags/example_nested_branch_dag.py took 0.078 seconds
[2024-04-29T06:23:17.034+0000] {processor.py:157} INFO - Started process (PID=11919) to work on /usr/local/python/3.10.13/lib/python3.10/site-packages/airflow/example_dags/example_nested_branch_dag.py
[2024-04-29T06:23:17.035+0000] {processor.py:826} INFO - Processing file /usr/local/python/3.10.13/lib/python3.10/site-packages/airflow/example_dags/example_nested_branch_dag.py for tasks to queue
[2024-04-29T06:23:17.036+0000] {logging_mixin.py:150} INFO - [2024-04-29T06:23:17.036+0000] {dagbag.py:541} INFO - Filling up the DagBag from /usr/local/python/3.10.13/lib/python3.10/site-packages/airflow/example_dags/example_nested_branch_dag.py
[2024-04-29T06:23:17.050+0000] {processor.py:836} INFO - DAG(s) dict_keys(['example_nested_branch_dag']) retrieved from /usr/local/python/3.10.13/lib/python3.10/site-packages/airflow/example_dags/example_nested_branch_dag.py
[2024-04-29T06:23:17.072+0000] {logging_mixin.py:150} INFO - [2024-04-29T06:23:17.071+0000] {dag.py:2742} INFO - Sync 1 DAGs
[2024-04-29T06:23:17.099+0000] {logging_mixin.py:150} INFO - [2024-04-29T06:23:17.098+0000] {dag.py:3504} INFO - Setting next_dagrun for example_nested_branch_dag to 2024-04-28T00:00:00+00:00, run_after=2024-04-29T00:00:00+00:00
[2024-04-29T06:23:17.144+0000] {processor.py:179} INFO - Processing /usr/local/python/3.10.13/lib/python3.10/site-packages/airflow/example_dags/example_nested_branch_dag.py took 0.114 seconds
[2024-04-29T06:24:04.730+0000] {processor.py:157} INFO - Started process (PID=12285) to work on /usr/local/python/3.10.13/lib/python3.10/site-packages/airflow/example_dags/example_nested_branch_dag.py
[2024-04-29T06:24:04.731+0000] {processor.py:826} INFO - Processing file /usr/local/python/3.10.13/lib/python3.10/site-packages/airflow/example_dags/example_nested_branch_dag.py for tasks to queue
[2024-04-29T06:24:04.731+0000] {logging_mixin.py:150} INFO - [2024-04-29T06:24:04.731+0000] {dagbag.py:541} INFO - Filling up the DagBag from /usr/local/python/3.10.13/lib/python3.10/site-packages/airflow/example_dags/example_nested_branch_dag.py
[2024-04-29T06:24:04.739+0000] {processor.py:836} INFO - DAG(s) dict_keys(['example_nested_branch_dag']) retrieved from /usr/local/python/3.10.13/lib/python3.10/site-packages/airflow/example_dags/example_nested_branch_dag.py
[2024-04-29T06:24:04.753+0000] {logging_mixin.py:150} INFO - [2024-04-29T06:24:04.753+0000] {dag.py:2742} INFO - Sync 1 DAGs
[2024-04-29T06:24:04.770+0000] {logging_mixin.py:150} INFO - [2024-04-29T06:24:04.770+0000] {dag.py:3504} INFO - Setting next_dagrun for example_nested_branch_dag to 2024-04-28T00:00:00+00:00, run_after=2024-04-29T00:00:00+00:00
[2024-04-29T06:24:04.807+0000] {processor.py:179} INFO - Processing /usr/local/python/3.10.13/lib/python3.10/site-packages/airflow/example_dags/example_nested_branch_dag.py took 0.079 seconds
[2024-04-29T06:24:57.978+0000] {processor.py:157} INFO - Started process (PID=12676) to work on /usr/local/python/3.10.13/lib/python3.10/site-packages/airflow/example_dags/example_nested_branch_dag.py
[2024-04-29T06:24:57.979+0000] {processor.py:826} INFO - Processing file /usr/local/python/3.10.13/lib/python3.10/site-packages/airflow/example_dags/example_nested_branch_dag.py for tasks to queue
[2024-04-29T06:24:57.979+0000] {logging_mixin.py:150} INFO - [2024-04-29T06:24:57.979+0000] {dagbag.py:541} INFO - Filling up the DagBag from /usr/local/python/3.10.13/lib/python3.10/site-packages/airflow/example_dags/example_nested_branch_dag.py
[2024-04-29T06:24:57.987+0000] {processor.py:836} INFO - DAG(s) dict_keys(['example_nested_branch_dag']) retrieved from /usr/local/python/3.10.13/lib/python3.10/site-packages/airflow/example_dags/example_nested_branch_dag.py
[2024-04-29T06:24:58.001+0000] {logging_mixin.py:150} INFO - [2024-04-29T06:24:58.001+0000] {dag.py:2742} INFO - Sync 1 DAGs
[2024-04-29T06:24:58.019+0000] {logging_mixin.py:150} INFO - [2024-04-29T06:24:58.019+0000] {dag.py:3504} INFO - Setting next_dagrun for example_nested_branch_dag to 2024-04-28T00:00:00+00:00, run_after=2024-04-29T00:00:00+00:00
[2024-04-29T06:24:58.055+0000] {processor.py:179} INFO - Processing /usr/local/python/3.10.13/lib/python3.10/site-packages/airflow/example_dags/example_nested_branch_dag.py took 0.079 seconds
[2024-04-29T06:25:40.756+0000] {processor.py:157} INFO - Started process (PID=13066) to work on /usr/local/python/3.10.13/lib/python3.10/site-packages/airflow/example_dags/example_nested_branch_dag.py
[2024-04-29T06:25:40.757+0000] {processor.py:826} INFO - Processing file /usr/local/python/3.10.13/lib/python3.10/site-packages/airflow/example_dags/example_nested_branch_dag.py for tasks to queue
[2024-04-29T06:25:40.758+0000] {logging_mixin.py:150} INFO - [2024-04-29T06:25:40.757+0000] {dagbag.py:541} INFO - Filling up the DagBag from /usr/local/python/3.10.13/lib/python3.10/site-packages/airflow/example_dags/example_nested_branch_dag.py
[2024-04-29T06:25:40.765+0000] {processor.py:836} INFO - DAG(s) dict_keys(['example_nested_branch_dag']) retrieved from /usr/local/python/3.10.13/lib/python3.10/site-packages/airflow/example_dags/example_nested_branch_dag.py
[2024-04-29T06:25:40.778+0000] {logging_mixin.py:150} INFO - [2024-04-29T06:25:40.778+0000] {dag.py:2742} INFO - Sync 1 DAGs
[2024-04-29T06:25:40.794+0000] {logging_mixin.py:150} INFO - [2024-04-29T06:25:40.794+0000] {dag.py:3504} INFO - Setting next_dagrun for example_nested_branch_dag to 2024-04-28T00:00:00+00:00, run_after=2024-04-29T00:00:00+00:00
[2024-04-29T06:25:40.833+0000] {processor.py:179} INFO - Processing /usr/local/python/3.10.13/lib/python3.10/site-packages/airflow/example_dags/example_nested_branch_dag.py took 0.079 seconds
[2024-04-29T06:26:26.167+0000] {processor.py:157} INFO - Started process (PID=13493) to work on /usr/local/python/3.10.13/lib/python3.10/site-packages/airflow/example_dags/example_nested_branch_dag.py
[2024-04-29T06:26:26.167+0000] {processor.py:826} INFO - Processing file /usr/local/python/3.10.13/lib/python3.10/site-packages/airflow/example_dags/example_nested_branch_dag.py for tasks to queue
[2024-04-29T06:26:26.168+0000] {logging_mixin.py:150} INFO - [2024-04-29T06:26:26.168+0000] {dagbag.py:541} INFO - Filling up the DagBag from /usr/local/python/3.10.13/lib/python3.10/site-packages/airflow/example_dags/example_nested_branch_dag.py
[2024-04-29T06:26:26.176+0000] {processor.py:836} INFO - DAG(s) dict_keys(['example_nested_branch_dag']) retrieved from /usr/local/python/3.10.13/lib/python3.10/site-packages/airflow/example_dags/example_nested_branch_dag.py
[2024-04-29T06:26:26.189+0000] {logging_mixin.py:150} INFO - [2024-04-29T06:26:26.189+0000] {dag.py:2742} INFO - Sync 1 DAGs
[2024-04-29T06:26:26.210+0000] {logging_mixin.py:150} INFO - [2024-04-29T06:26:26.210+0000] {dag.py:3504} INFO - Setting next_dagrun for example_nested_branch_dag to 2024-04-28T00:00:00+00:00, run_after=2024-04-29T00:00:00+00:00
[2024-04-29T06:26:26.252+0000] {processor.py:179} INFO - Processing /usr/local/python/3.10.13/lib/python3.10/site-packages/airflow/example_dags/example_nested_branch_dag.py took 0.087 seconds
[2024-04-29T06:27:29.887+0000] {processor.py:157} INFO - Started process (PID=14099) to work on /usr/local/python/3.10.13/lib/python3.10/site-packages/airflow/example_dags/example_nested_branch_dag.py
[2024-04-29T06:27:29.888+0000] {processor.py:826} INFO - Processing file /usr/local/python/3.10.13/lib/python3.10/site-packages/airflow/example_dags/example_nested_branch_dag.py for tasks to queue
[2024-04-29T06:27:29.889+0000] {logging_mixin.py:150} INFO - [2024-04-29T06:27:29.888+0000] {dagbag.py:541} INFO - Filling up the DagBag from /usr/local/python/3.10.13/lib/python3.10/site-packages/airflow/example_dags/example_nested_branch_dag.py
[2024-04-29T06:27:29.897+0000] {processor.py:836} INFO - DAG(s) dict_keys(['example_nested_branch_dag']) retrieved from /usr/local/python/3.10.13/lib/python3.10/site-packages/airflow/example_dags/example_nested_branch_dag.py
[2024-04-29T06:27:29.912+0000] {logging_mixin.py:150} INFO - [2024-04-29T06:27:29.912+0000] {dag.py:2742} INFO - Sync 1 DAGs
[2024-04-29T06:27:29.938+0000] {logging_mixin.py:150} INFO - [2024-04-29T06:27:29.937+0000] {dag.py:3504} INFO - Setting next_dagrun for example_nested_branch_dag to 2024-04-28T00:00:00+00:00, run_after=2024-04-29T00:00:00+00:00
[2024-04-29T06:27:29.979+0000] {processor.py:179} INFO - Processing /usr/local/python/3.10.13/lib/python3.10/site-packages/airflow/example_dags/example_nested_branch_dag.py took 0.094 seconds
[2024-04-29T06:31:30.030+0000] {processor.py:157} INFO - Started process (PID=15942) to work on /usr/local/python/3.10.13/lib/python3.10/site-packages/airflow/example_dags/example_nested_branch_dag.py
[2024-04-29T06:31:30.030+0000] {processor.py:826} INFO - Processing file /usr/local/python/3.10.13/lib/python3.10/site-packages/airflow/example_dags/example_nested_branch_dag.py for tasks to queue
[2024-04-29T06:31:30.031+0000] {logging_mixin.py:150} INFO - [2024-04-29T06:31:30.031+0000] {dagbag.py:541} INFO - Filling up the DagBag from /usr/local/python/3.10.13/lib/python3.10/site-packages/airflow/example_dags/example_nested_branch_dag.py
[2024-04-29T06:31:30.039+0000] {processor.py:836} INFO - DAG(s) dict_keys(['example_nested_branch_dag']) retrieved from /usr/local/python/3.10.13/lib/python3.10/site-packages/airflow/example_dags/example_nested_branch_dag.py
[2024-04-29T06:31:30.054+0000] {logging_mixin.py:150} INFO - [2024-04-29T06:31:30.053+0000] {dag.py:2742} INFO - Sync 1 DAGs
[2024-04-29T06:31:30.070+0000] {logging_mixin.py:150} INFO - [2024-04-29T06:31:30.070+0000] {dag.py:3504} INFO - Setting next_dagrun for example_nested_branch_dag to 2024-04-28T00:00:00+00:00, run_after=2024-04-29T00:00:00+00:00
[2024-04-29T06:31:30.112+0000] {processor.py:179} INFO - Processing /usr/local/python/3.10.13/lib/python3.10/site-packages/airflow/example_dags/example_nested_branch_dag.py took 0.084 seconds
[2024-04-29T06:32:16.450+0000] {processor.py:157} INFO - Started process (PID=16281) to work on /usr/local/python/3.10.13/lib/python3.10/site-packages/airflow/example_dags/example_nested_branch_dag.py
[2024-04-29T06:32:16.451+0000] {processor.py:826} INFO - Processing file /usr/local/python/3.10.13/lib/python3.10/site-packages/airflow/example_dags/example_nested_branch_dag.py for tasks to queue
[2024-04-29T06:32:16.452+0000] {logging_mixin.py:150} INFO - [2024-04-29T06:32:16.451+0000] {dagbag.py:541} INFO - Filling up the DagBag from /usr/local/python/3.10.13/lib/python3.10/site-packages/airflow/example_dags/example_nested_branch_dag.py
[2024-04-29T06:32:16.459+0000] {processor.py:836} INFO - DAG(s) dict_keys(['example_nested_branch_dag']) retrieved from /usr/local/python/3.10.13/lib/python3.10/site-packages/airflow/example_dags/example_nested_branch_dag.py
[2024-04-29T06:32:16.475+0000] {logging_mixin.py:150} INFO - [2024-04-29T06:32:16.475+0000] {dag.py:2742} INFO - Sync 1 DAGs
[2024-04-29T06:32:16.492+0000] {logging_mixin.py:150} INFO - [2024-04-29T06:32:16.492+0000] {dag.py:3504} INFO - Setting next_dagrun for example_nested_branch_dag to 2024-04-28T00:00:00+00:00, run_after=2024-04-29T00:00:00+00:00
[2024-04-29T06:32:16.536+0000] {processor.py:179} INFO - Processing /usr/local/python/3.10.13/lib/python3.10/site-packages/airflow/example_dags/example_nested_branch_dag.py took 0.088 seconds
[2024-04-29T06:33:02.749+0000] {processor.py:157} INFO - Started process (PID=16618) to work on /usr/local/python/3.10.13/lib/python3.10/site-packages/airflow/example_dags/example_nested_branch_dag.py
[2024-04-29T06:33:02.750+0000] {processor.py:826} INFO - Processing file /usr/local/python/3.10.13/lib/python3.10/site-packages/airflow/example_dags/example_nested_branch_dag.py for tasks to queue
[2024-04-29T06:33:02.751+0000] {logging_mixin.py:150} INFO - [2024-04-29T06:33:02.750+0000] {dagbag.py:541} INFO - Filling up the DagBag from /usr/local/python/3.10.13/lib/python3.10/site-packages/airflow/example_dags/example_nested_branch_dag.py
[2024-04-29T06:33:02.759+0000] {processor.py:836} INFO - DAG(s) dict_keys(['example_nested_branch_dag']) retrieved from /usr/local/python/3.10.13/lib/python3.10/site-packages/airflow/example_dags/example_nested_branch_dag.py
[2024-04-29T06:33:02.772+0000] {logging_mixin.py:150} INFO - [2024-04-29T06:33:02.772+0000] {dag.py:2742} INFO - Sync 1 DAGs
[2024-04-29T06:33:02.790+0000] {logging_mixin.py:150} INFO - [2024-04-29T06:33:02.790+0000] {dag.py:3504} INFO - Setting next_dagrun for example_nested_branch_dag to 2024-04-28T00:00:00+00:00, run_after=2024-04-29T00:00:00+00:00
[2024-04-29T06:33:02.830+0000] {processor.py:179} INFO - Processing /usr/local/python/3.10.13/lib/python3.10/site-packages/airflow/example_dags/example_nested_branch_dag.py took 0.083 seconds
