[2024-04-29T07:42:05.244+0000] {processor.py:157} INFO - Started process (PID=4959) to work on /usr/local/python/3.10.13/lib/python3.10/site-packages/airflow/example_dags/example_trigger_controller_dag.py
[2024-04-29T07:42:05.244+0000] {processor.py:826} INFO - Processing file /usr/local/python/3.10.13/lib/python3.10/site-packages/airflow/example_dags/example_trigger_controller_dag.py for tasks to queue
[2024-04-29T07:42:05.245+0000] {logging_mixin.py:150} INFO - [2024-04-29T07:42:05.245+0000] {dagbag.py:541} INFO - Filling up the DagBag from /usr/local/python/3.10.13/lib/python3.10/site-packages/airflow/example_dags/example_trigger_controller_dag.py
[2024-04-29T07:42:05.251+0000] {processor.py:836} INFO - DAG(s) dict_keys(['example_trigger_controller_dag']) retrieved from /usr/local/python/3.10.13/lib/python3.10/site-packages/airflow/example_dags/example_trigger_controller_dag.py
[2024-04-29T07:42:05.412+0000] {logging_mixin.py:150} INFO - [2024-04-29T07:42:05.411+0000] {manager.py:504} INFO - Created Permission View: can edit on DAG:example_trigger_controller_dag
[2024-04-29T07:42:05.494+0000] {logging_mixin.py:150} INFO - [2024-04-29T07:42:05.494+0000] {manager.py:504} INFO - Created Permission View: can read on DAG:example_trigger_controller_dag
[2024-04-29T07:42:05.534+0000] {logging_mixin.py:150} INFO - [2024-04-29T07:42:05.534+0000] {manager.py:504} INFO - Created Permission View: can delete on DAG:example_trigger_controller_dag
[2024-04-29T07:42:05.547+0000] {logging_mixin.py:150} INFO - [2024-04-29T07:42:05.547+0000] {dag.py:2742} INFO - Sync 1 DAGs
[2024-04-29T07:42:05.559+0000] {logging_mixin.py:150} INFO - [2024-04-29T07:42:05.559+0000] {dag.py:2763} INFO - Creating ORM DAG for example_trigger_controller_dag
[2024-04-29T07:42:05.569+0000] {logging_mixin.py:150} INFO - [2024-04-29T07:42:05.569+0000] {dag.py:3504} INFO - Setting next_dagrun for example_trigger_controller_dag to 2021-01-01T00:00:00+00:00, run_after=2021-01-01T00:00:00+00:00
[2024-04-29T07:42:05.621+0000] {processor.py:179} INFO - Processing /usr/local/python/3.10.13/lib/python3.10/site-packages/airflow/example_dags/example_trigger_controller_dag.py took 0.380 seconds
[2024-04-29T07:43:00.495+0000] {processor.py:157} INFO - Started process (PID=5346) to work on /usr/local/python/3.10.13/lib/python3.10/site-packages/airflow/example_dags/example_trigger_controller_dag.py
[2024-04-29T07:43:00.495+0000] {processor.py:826} INFO - Processing file /usr/local/python/3.10.13/lib/python3.10/site-packages/airflow/example_dags/example_trigger_controller_dag.py for tasks to queue
[2024-04-29T07:43:00.496+0000] {logging_mixin.py:150} INFO - [2024-04-29T07:43:00.496+0000] {dagbag.py:541} INFO - Filling up the DagBag from /usr/local/python/3.10.13/lib/python3.10/site-packages/airflow/example_dags/example_trigger_controller_dag.py
[2024-04-29T07:43:00.501+0000] {processor.py:836} INFO - DAG(s) dict_keys(['example_trigger_controller_dag']) retrieved from /usr/local/python/3.10.13/lib/python3.10/site-packages/airflow/example_dags/example_trigger_controller_dag.py
[2024-04-29T07:43:00.519+0000] {logging_mixin.py:150} INFO - [2024-04-29T07:43:00.519+0000] {dag.py:2742} INFO - Sync 1 DAGs
[2024-04-29T07:43:00.543+0000] {logging_mixin.py:150} INFO - [2024-04-29T07:43:00.543+0000] {dag.py:3504} INFO - Setting next_dagrun for example_trigger_controller_dag to 2021-01-01T00:00:00+00:00, run_after=2021-01-01T00:00:00+00:00
[2024-04-29T07:43:00.597+0000] {processor.py:179} INFO - Processing /usr/local/python/3.10.13/lib/python3.10/site-packages/airflow/example_dags/example_trigger_controller_dag.py took 0.106 seconds
[2024-04-29T07:43:41.130+0000] {processor.py:157} INFO - Started process (PID=5621) to work on /usr/local/python/3.10.13/lib/python3.10/site-packages/airflow/example_dags/example_trigger_controller_dag.py
[2024-04-29T07:43:41.130+0000] {processor.py:826} INFO - Processing file /usr/local/python/3.10.13/lib/python3.10/site-packages/airflow/example_dags/example_trigger_controller_dag.py for tasks to queue
[2024-04-29T07:43:41.131+0000] {logging_mixin.py:150} INFO - [2024-04-29T07:43:41.131+0000] {dagbag.py:541} INFO - Filling up the DagBag from /usr/local/python/3.10.13/lib/python3.10/site-packages/airflow/example_dags/example_trigger_controller_dag.py
[2024-04-29T07:43:41.134+0000] {processor.py:836} INFO - DAG(s) dict_keys(['example_trigger_controller_dag']) retrieved from /usr/local/python/3.10.13/lib/python3.10/site-packages/airflow/example_dags/example_trigger_controller_dag.py
[2024-04-29T07:43:41.148+0000] {logging_mixin.py:150} INFO - [2024-04-29T07:43:41.148+0000] {dag.py:2742} INFO - Sync 1 DAGs
[2024-04-29T07:43:41.169+0000] {logging_mixin.py:150} INFO - [2024-04-29T07:43:41.169+0000] {dag.py:3504} INFO - Setting next_dagrun for example_trigger_controller_dag to 2021-01-01T00:00:00+00:00, run_after=2021-01-01T00:00:00+00:00
[2024-04-29T07:43:41.208+0000] {processor.py:179} INFO - Processing /usr/local/python/3.10.13/lib/python3.10/site-packages/airflow/example_dags/example_trigger_controller_dag.py took 0.080 seconds
[2024-04-29T07:44:26.583+0000] {processor.py:157} INFO - Started process (PID=5921) to work on /usr/local/python/3.10.13/lib/python3.10/site-packages/airflow/example_dags/example_trigger_controller_dag.py
[2024-04-29T07:44:26.584+0000] {processor.py:826} INFO - Processing file /usr/local/python/3.10.13/lib/python3.10/site-packages/airflow/example_dags/example_trigger_controller_dag.py for tasks to queue
[2024-04-29T07:44:26.585+0000] {logging_mixin.py:150} INFO - [2024-04-29T07:44:26.584+0000] {dagbag.py:541} INFO - Filling up the DagBag from /usr/local/python/3.10.13/lib/python3.10/site-packages/airflow/example_dags/example_trigger_controller_dag.py
[2024-04-29T07:44:26.589+0000] {processor.py:836} INFO - DAG(s) dict_keys(['example_trigger_controller_dag']) retrieved from /usr/local/python/3.10.13/lib/python3.10/site-packages/airflow/example_dags/example_trigger_controller_dag.py
[2024-04-29T07:44:26.602+0000] {logging_mixin.py:150} INFO - [2024-04-29T07:44:26.602+0000] {dag.py:2742} INFO - Sync 1 DAGs
[2024-04-29T07:44:26.618+0000] {logging_mixin.py:150} INFO - [2024-04-29T07:44:26.618+0000] {dag.py:3504} INFO - Setting next_dagrun for example_trigger_controller_dag to 2021-01-01T00:00:00+00:00, run_after=2021-01-01T00:00:00+00:00
[2024-04-29T07:44:26.652+0000] {processor.py:179} INFO - Processing /usr/local/python/3.10.13/lib/python3.10/site-packages/airflow/example_dags/example_trigger_controller_dag.py took 0.071 seconds
[2024-04-29T07:45:11.879+0000] {processor.py:157} INFO - Started process (PID=6228) to work on /usr/local/python/3.10.13/lib/python3.10/site-packages/airflow/example_dags/example_trigger_controller_dag.py
[2024-04-29T07:45:11.880+0000] {processor.py:826} INFO - Processing file /usr/local/python/3.10.13/lib/python3.10/site-packages/airflow/example_dags/example_trigger_controller_dag.py for tasks to queue
[2024-04-29T07:45:11.880+0000] {logging_mixin.py:150} INFO - [2024-04-29T07:45:11.880+0000] {dagbag.py:541} INFO - Filling up the DagBag from /usr/local/python/3.10.13/lib/python3.10/site-packages/airflow/example_dags/example_trigger_controller_dag.py
[2024-04-29T07:45:11.884+0000] {processor.py:836} INFO - DAG(s) dict_keys(['example_trigger_controller_dag']) retrieved from /usr/local/python/3.10.13/lib/python3.10/site-packages/airflow/example_dags/example_trigger_controller_dag.py
[2024-04-29T07:45:11.897+0000] {logging_mixin.py:150} INFO - [2024-04-29T07:45:11.897+0000] {dag.py:2742} INFO - Sync 1 DAGs
[2024-04-29T07:45:11.913+0000] {logging_mixin.py:150} INFO - [2024-04-29T07:45:11.912+0000] {dag.py:3504} INFO - Setting next_dagrun for example_trigger_controller_dag to 2021-01-01T00:00:00+00:00, run_after=2021-01-01T00:00:00+00:00
[2024-04-29T07:45:11.947+0000] {processor.py:179} INFO - Processing /usr/local/python/3.10.13/lib/python3.10/site-packages/airflow/example_dags/example_trigger_controller_dag.py took 0.071 seconds
[2024-04-29T07:45:55.804+0000] {processor.py:157} INFO - Started process (PID=6538) to work on /usr/local/python/3.10.13/lib/python3.10/site-packages/airflow/example_dags/example_trigger_controller_dag.py
[2024-04-29T07:45:55.805+0000] {processor.py:826} INFO - Processing file /usr/local/python/3.10.13/lib/python3.10/site-packages/airflow/example_dags/example_trigger_controller_dag.py for tasks to queue
[2024-04-29T07:45:55.805+0000] {logging_mixin.py:150} INFO - [2024-04-29T07:45:55.805+0000] {dagbag.py:541} INFO - Filling up the DagBag from /usr/local/python/3.10.13/lib/python3.10/site-packages/airflow/example_dags/example_trigger_controller_dag.py
[2024-04-29T07:45:55.809+0000] {processor.py:836} INFO - DAG(s) dict_keys(['example_trigger_controller_dag']) retrieved from /usr/local/python/3.10.13/lib/python3.10/site-packages/airflow/example_dags/example_trigger_controller_dag.py
[2024-04-29T07:45:55.821+0000] {logging_mixin.py:150} INFO - [2024-04-29T07:45:55.821+0000] {dag.py:2742} INFO - Sync 1 DAGs
[2024-04-29T07:45:55.836+0000] {logging_mixin.py:150} INFO - [2024-04-29T07:45:55.836+0000] {dag.py:3504} INFO - Setting next_dagrun for example_trigger_controller_dag to 2021-01-01T00:00:00+00:00, run_after=2021-01-01T00:00:00+00:00
[2024-04-29T07:45:55.869+0000] {processor.py:179} INFO - Processing /usr/local/python/3.10.13/lib/python3.10/site-packages/airflow/example_dags/example_trigger_controller_dag.py took 0.068 seconds
[2024-04-29T07:48:38.388+0000] {processor.py:157} INFO - Started process (PID=8172) to work on /usr/local/python/3.10.13/lib/python3.10/site-packages/airflow/example_dags/example_trigger_controller_dag.py
[2024-04-29T07:48:38.389+0000] {processor.py:826} INFO - Processing file /usr/local/python/3.10.13/lib/python3.10/site-packages/airflow/example_dags/example_trigger_controller_dag.py for tasks to queue
[2024-04-29T07:48:38.390+0000] {logging_mixin.py:150} INFO - [2024-04-29T07:48:38.390+0000] {dagbag.py:541} INFO - Filling up the DagBag from /usr/local/python/3.10.13/lib/python3.10/site-packages/airflow/example_dags/example_trigger_controller_dag.py
[2024-04-29T07:48:38.396+0000] {processor.py:836} INFO - DAG(s) dict_keys(['example_trigger_controller_dag']) retrieved from /usr/local/python/3.10.13/lib/python3.10/site-packages/airflow/example_dags/example_trigger_controller_dag.py
[2024-04-29T07:48:38.451+0000] {logging_mixin.py:150} INFO - [2024-04-29T07:48:38.451+0000] {dag.py:2742} INFO - Sync 1 DAGs
[2024-04-29T07:48:38.533+0000] {logging_mixin.py:150} INFO - [2024-04-29T07:48:38.533+0000] {dag.py:3504} INFO - Setting next_dagrun for example_trigger_controller_dag to 2021-01-01T00:00:00+00:00, run_after=2021-01-01T00:00:00+00:00
[2024-04-29T07:48:38.873+0000] {processor.py:179} INFO - Processing /usr/local/python/3.10.13/lib/python3.10/site-packages/airflow/example_dags/example_trigger_controller_dag.py took 0.488 seconds
[2024-04-29T07:49:24.527+0000] {processor.py:157} INFO - Started process (PID=8475) to work on /usr/local/python/3.10.13/lib/python3.10/site-packages/airflow/example_dags/example_trigger_controller_dag.py
[2024-04-29T07:49:24.528+0000] {processor.py:826} INFO - Processing file /usr/local/python/3.10.13/lib/python3.10/site-packages/airflow/example_dags/example_trigger_controller_dag.py for tasks to queue
[2024-04-29T07:49:24.528+0000] {logging_mixin.py:150} INFO - [2024-04-29T07:49:24.528+0000] {dagbag.py:541} INFO - Filling up the DagBag from /usr/local/python/3.10.13/lib/python3.10/site-packages/airflow/example_dags/example_trigger_controller_dag.py
[2024-04-29T07:49:24.532+0000] {processor.py:836} INFO - DAG(s) dict_keys(['example_trigger_controller_dag']) retrieved from /usr/local/python/3.10.13/lib/python3.10/site-packages/airflow/example_dags/example_trigger_controller_dag.py
[2024-04-29T07:49:24.544+0000] {logging_mixin.py:150} INFO - [2024-04-29T07:49:24.544+0000] {dag.py:2742} INFO - Sync 1 DAGs
[2024-04-29T07:49:24.560+0000] {logging_mixin.py:150} INFO - [2024-04-29T07:49:24.559+0000] {dag.py:3504} INFO - Setting next_dagrun for example_trigger_controller_dag to 2021-01-01T00:00:00+00:00, run_after=2021-01-01T00:00:00+00:00
[2024-04-29T07:49:24.594+0000] {processor.py:179} INFO - Processing /usr/local/python/3.10.13/lib/python3.10/site-packages/airflow/example_dags/example_trigger_controller_dag.py took 0.069 seconds
[2024-04-29T07:50:10.405+0000] {processor.py:157} INFO - Started process (PID=8804) to work on /usr/local/python/3.10.13/lib/python3.10/site-packages/airflow/example_dags/example_trigger_controller_dag.py
[2024-04-29T07:50:10.406+0000] {processor.py:826} INFO - Processing file /usr/local/python/3.10.13/lib/python3.10/site-packages/airflow/example_dags/example_trigger_controller_dag.py for tasks to queue
[2024-04-29T07:50:10.406+0000] {logging_mixin.py:150} INFO - [2024-04-29T07:50:10.406+0000] {dagbag.py:541} INFO - Filling up the DagBag from /usr/local/python/3.10.13/lib/python3.10/site-packages/airflow/example_dags/example_trigger_controller_dag.py
[2024-04-29T07:50:10.410+0000] {processor.py:836} INFO - DAG(s) dict_keys(['example_trigger_controller_dag']) retrieved from /usr/local/python/3.10.13/lib/python3.10/site-packages/airflow/example_dags/example_trigger_controller_dag.py
[2024-04-29T07:50:10.422+0000] {logging_mixin.py:150} INFO - [2024-04-29T07:50:10.422+0000] {dag.py:2742} INFO - Sync 1 DAGs
[2024-04-29T07:50:10.439+0000] {logging_mixin.py:150} INFO - [2024-04-29T07:50:10.439+0000] {dag.py:3504} INFO - Setting next_dagrun for example_trigger_controller_dag to 2021-01-01T00:00:00+00:00, run_after=2021-01-01T00:00:00+00:00
[2024-04-29T07:50:10.476+0000] {processor.py:179} INFO - Processing /usr/local/python/3.10.13/lib/python3.10/site-packages/airflow/example_dags/example_trigger_controller_dag.py took 0.074 seconds
[2024-04-29T07:50:57.580+0000] {processor.py:157} INFO - Started process (PID=9123) to work on /usr/local/python/3.10.13/lib/python3.10/site-packages/airflow/example_dags/example_trigger_controller_dag.py
[2024-04-29T07:50:57.581+0000] {processor.py:826} INFO - Processing file /usr/local/python/3.10.13/lib/python3.10/site-packages/airflow/example_dags/example_trigger_controller_dag.py for tasks to queue
[2024-04-29T07:50:57.582+0000] {logging_mixin.py:150} INFO - [2024-04-29T07:50:57.581+0000] {dagbag.py:541} INFO - Filling up the DagBag from /usr/local/python/3.10.13/lib/python3.10/site-packages/airflow/example_dags/example_trigger_controller_dag.py
[2024-04-29T07:50:57.585+0000] {processor.py:836} INFO - DAG(s) dict_keys(['example_trigger_controller_dag']) retrieved from /usr/local/python/3.10.13/lib/python3.10/site-packages/airflow/example_dags/example_trigger_controller_dag.py
[2024-04-29T07:50:57.599+0000] {logging_mixin.py:150} INFO - [2024-04-29T07:50:57.599+0000] {dag.py:2742} INFO - Sync 1 DAGs
[2024-04-29T07:50:57.615+0000] {logging_mixin.py:150} INFO - [2024-04-29T07:50:57.615+0000] {dag.py:3504} INFO - Setting next_dagrun for example_trigger_controller_dag to 2021-01-01T00:00:00+00:00, run_after=2021-01-01T00:00:00+00:00
[2024-04-29T07:50:57.650+0000] {processor.py:179} INFO - Processing /usr/local/python/3.10.13/lib/python3.10/site-packages/airflow/example_dags/example_trigger_controller_dag.py took 0.072 seconds
[2024-04-29T07:51:36.552+0000] {processor.py:157} INFO - Started process (PID=9843) to work on /usr/local/python/3.10.13/lib/python3.10/site-packages/airflow/example_dags/example_trigger_controller_dag.py
[2024-04-29T07:51:36.553+0000] {processor.py:826} INFO - Processing file /usr/local/python/3.10.13/lib/python3.10/site-packages/airflow/example_dags/example_trigger_controller_dag.py for tasks to queue
[2024-04-29T07:51:36.554+0000] {logging_mixin.py:150} INFO - [2024-04-29T07:51:36.553+0000] {dagbag.py:541} INFO - Filling up the DagBag from /usr/local/python/3.10.13/lib/python3.10/site-packages/airflow/example_dags/example_trigger_controller_dag.py
[2024-04-29T07:51:36.558+0000] {processor.py:836} INFO - DAG(s) dict_keys(['example_trigger_controller_dag']) retrieved from /usr/local/python/3.10.13/lib/python3.10/site-packages/airflow/example_dags/example_trigger_controller_dag.py
[2024-04-29T07:51:36.570+0000] {logging_mixin.py:150} INFO - [2024-04-29T07:51:36.570+0000] {dag.py:2742} INFO - Sync 1 DAGs
[2024-04-29T07:51:36.585+0000] {logging_mixin.py:150} INFO - [2024-04-29T07:51:36.585+0000] {dag.py:3504} INFO - Setting next_dagrun for example_trigger_controller_dag to 2021-01-01T00:00:00+00:00, run_after=2021-01-01T00:00:00+00:00
[2024-04-29T07:51:36.620+0000] {processor.py:179} INFO - Processing /usr/local/python/3.10.13/lib/python3.10/site-packages/airflow/example_dags/example_trigger_controller_dag.py took 0.070 seconds
[2024-04-29T07:52:17.025+0000] {processor.py:157} INFO - Started process (PID=10279) to work on /usr/local/python/3.10.13/lib/python3.10/site-packages/airflow/example_dags/example_trigger_controller_dag.py
[2024-04-29T07:52:17.025+0000] {processor.py:826} INFO - Processing file /usr/local/python/3.10.13/lib/python3.10/site-packages/airflow/example_dags/example_trigger_controller_dag.py for tasks to queue
[2024-04-29T07:52:17.026+0000] {logging_mixin.py:150} INFO - [2024-04-29T07:52:17.026+0000] {dagbag.py:541} INFO - Filling up the DagBag from /usr/local/python/3.10.13/lib/python3.10/site-packages/airflow/example_dags/example_trigger_controller_dag.py
[2024-04-29T07:52:17.029+0000] {processor.py:836} INFO - DAG(s) dict_keys(['example_trigger_controller_dag']) retrieved from /usr/local/python/3.10.13/lib/python3.10/site-packages/airflow/example_dags/example_trigger_controller_dag.py
[2024-04-29T07:52:17.042+0000] {logging_mixin.py:150} INFO - [2024-04-29T07:52:17.041+0000] {dag.py:2742} INFO - Sync 1 DAGs
[2024-04-29T07:52:17.057+0000] {logging_mixin.py:150} INFO - [2024-04-29T07:52:17.056+0000] {dag.py:3504} INFO - Setting next_dagrun for example_trigger_controller_dag to 2021-01-01T00:00:00+00:00, run_after=2021-01-01T00:00:00+00:00
[2024-04-29T07:52:17.092+0000] {processor.py:179} INFO - Processing /usr/local/python/3.10.13/lib/python3.10/site-packages/airflow/example_dags/example_trigger_controller_dag.py took 0.071 seconds
[2024-04-29T07:53:00.749+0000] {processor.py:157} INFO - Started process (PID=10678) to work on /usr/local/python/3.10.13/lib/python3.10/site-packages/airflow/example_dags/example_trigger_controller_dag.py
[2024-04-29T07:53:00.749+0000] {processor.py:826} INFO - Processing file /usr/local/python/3.10.13/lib/python3.10/site-packages/airflow/example_dags/example_trigger_controller_dag.py for tasks to queue
[2024-04-29T07:53:00.750+0000] {logging_mixin.py:150} INFO - [2024-04-29T07:53:00.750+0000] {dagbag.py:541} INFO - Filling up the DagBag from /usr/local/python/3.10.13/lib/python3.10/site-packages/airflow/example_dags/example_trigger_controller_dag.py
[2024-04-29T07:53:00.753+0000] {processor.py:836} INFO - DAG(s) dict_keys(['example_trigger_controller_dag']) retrieved from /usr/local/python/3.10.13/lib/python3.10/site-packages/airflow/example_dags/example_trigger_controller_dag.py
[2024-04-29T07:53:00.767+0000] {logging_mixin.py:150} INFO - [2024-04-29T07:53:00.767+0000] {dag.py:2742} INFO - Sync 1 DAGs
[2024-04-29T07:53:00.788+0000] {logging_mixin.py:150} INFO - [2024-04-29T07:53:00.788+0000] {dag.py:3504} INFO - Setting next_dagrun for example_trigger_controller_dag to 2021-01-01T00:00:00+00:00, run_after=2021-01-01T00:00:00+00:00
[2024-04-29T07:53:00.823+0000] {processor.py:179} INFO - Processing /usr/local/python/3.10.13/lib/python3.10/site-packages/airflow/example_dags/example_trigger_controller_dag.py took 0.077 seconds
[2024-04-29T07:53:47.505+0000] {processor.py:157} INFO - Started process (PID=11034) to work on /usr/local/python/3.10.13/lib/python3.10/site-packages/airflow/example_dags/example_trigger_controller_dag.py
[2024-04-29T07:53:47.506+0000] {processor.py:826} INFO - Processing file /usr/local/python/3.10.13/lib/python3.10/site-packages/airflow/example_dags/example_trigger_controller_dag.py for tasks to queue
[2024-04-29T07:53:47.507+0000] {logging_mixin.py:150} INFO - [2024-04-29T07:53:47.506+0000] {dagbag.py:541} INFO - Filling up the DagBag from /usr/local/python/3.10.13/lib/python3.10/site-packages/airflow/example_dags/example_trigger_controller_dag.py
[2024-04-29T07:53:47.510+0000] {processor.py:836} INFO - DAG(s) dict_keys(['example_trigger_controller_dag']) retrieved from /usr/local/python/3.10.13/lib/python3.10/site-packages/airflow/example_dags/example_trigger_controller_dag.py
[2024-04-29T07:53:47.523+0000] {logging_mixin.py:150} INFO - [2024-04-29T07:53:47.523+0000] {dag.py:2742} INFO - Sync 1 DAGs
[2024-04-29T07:53:47.540+0000] {logging_mixin.py:150} INFO - [2024-04-29T07:53:47.540+0000] {dag.py:3504} INFO - Setting next_dagrun for example_trigger_controller_dag to 2021-01-01T00:00:00+00:00, run_after=2021-01-01T00:00:00+00:00
[2024-04-29T07:53:47.603+0000] {processor.py:179} INFO - Processing /usr/local/python/3.10.13/lib/python3.10/site-packages/airflow/example_dags/example_trigger_controller_dag.py took 0.100 seconds
[2024-04-29T07:54:26.508+0000] {processor.py:157} INFO - Started process (PID=11347) to work on /usr/local/python/3.10.13/lib/python3.10/site-packages/airflow/example_dags/example_trigger_controller_dag.py
[2024-04-29T07:54:26.509+0000] {processor.py:826} INFO - Processing file /usr/local/python/3.10.13/lib/python3.10/site-packages/airflow/example_dags/example_trigger_controller_dag.py for tasks to queue
[2024-04-29T07:54:26.509+0000] {logging_mixin.py:150} INFO - [2024-04-29T07:54:26.509+0000] {dagbag.py:541} INFO - Filling up the DagBag from /usr/local/python/3.10.13/lib/python3.10/site-packages/airflow/example_dags/example_trigger_controller_dag.py
[2024-04-29T07:54:26.513+0000] {processor.py:836} INFO - DAG(s) dict_keys(['example_trigger_controller_dag']) retrieved from /usr/local/python/3.10.13/lib/python3.10/site-packages/airflow/example_dags/example_trigger_controller_dag.py
[2024-04-29T07:54:26.525+0000] {logging_mixin.py:150} INFO - [2024-04-29T07:54:26.525+0000] {dag.py:2742} INFO - Sync 1 DAGs
[2024-04-29T07:54:26.540+0000] {logging_mixin.py:150} INFO - [2024-04-29T07:54:26.540+0000] {dag.py:3504} INFO - Setting next_dagrun for example_trigger_controller_dag to 2021-01-01T00:00:00+00:00, run_after=2021-01-01T00:00:00+00:00
[2024-04-29T07:54:26.582+0000] {processor.py:179} INFO - Processing /usr/local/python/3.10.13/lib/python3.10/site-packages/airflow/example_dags/example_trigger_controller_dag.py took 0.076 seconds
[2024-04-29T07:55:17.537+0000] {processor.py:157} INFO - Started process (PID=11726) to work on /usr/local/python/3.10.13/lib/python3.10/site-packages/airflow/example_dags/example_trigger_controller_dag.py
[2024-04-29T07:55:17.537+0000] {processor.py:826} INFO - Processing file /usr/local/python/3.10.13/lib/python3.10/site-packages/airflow/example_dags/example_trigger_controller_dag.py for tasks to queue
[2024-04-29T07:55:17.538+0000] {logging_mixin.py:150} INFO - [2024-04-29T07:55:17.538+0000] {dagbag.py:541} INFO - Filling up the DagBag from /usr/local/python/3.10.13/lib/python3.10/site-packages/airflow/example_dags/example_trigger_controller_dag.py
[2024-04-29T07:55:17.542+0000] {processor.py:836} INFO - DAG(s) dict_keys(['example_trigger_controller_dag']) retrieved from /usr/local/python/3.10.13/lib/python3.10/site-packages/airflow/example_dags/example_trigger_controller_dag.py
[2024-04-29T07:55:17.560+0000] {logging_mixin.py:150} INFO - [2024-04-29T07:55:17.560+0000] {dag.py:2742} INFO - Sync 1 DAGs
[2024-04-29T07:55:17.576+0000] {logging_mixin.py:150} INFO - [2024-04-29T07:55:17.576+0000] {dag.py:3504} INFO - Setting next_dagrun for example_trigger_controller_dag to 2021-01-01T00:00:00+00:00, run_after=2021-01-01T00:00:00+00:00
[2024-04-29T07:55:17.611+0000] {processor.py:179} INFO - Processing /usr/local/python/3.10.13/lib/python3.10/site-packages/airflow/example_dags/example_trigger_controller_dag.py took 0.077 seconds
[2024-04-29T07:56:09.737+0000] {processor.py:157} INFO - Started process (PID=12112) to work on /usr/local/python/3.10.13/lib/python3.10/site-packages/airflow/example_dags/example_trigger_controller_dag.py
[2024-04-29T07:56:09.738+0000] {processor.py:826} INFO - Processing file /usr/local/python/3.10.13/lib/python3.10/site-packages/airflow/example_dags/example_trigger_controller_dag.py for tasks to queue
[2024-04-29T07:56:09.739+0000] {logging_mixin.py:150} INFO - [2024-04-29T07:56:09.739+0000] {dagbag.py:541} INFO - Filling up the DagBag from /usr/local/python/3.10.13/lib/python3.10/site-packages/airflow/example_dags/example_trigger_controller_dag.py
[2024-04-29T07:56:09.743+0000] {processor.py:836} INFO - DAG(s) dict_keys(['example_trigger_controller_dag']) retrieved from /usr/local/python/3.10.13/lib/python3.10/site-packages/airflow/example_dags/example_trigger_controller_dag.py
[2024-04-29T07:56:09.764+0000] {logging_mixin.py:150} INFO - [2024-04-29T07:56:09.764+0000] {dag.py:2742} INFO - Sync 1 DAGs
[2024-04-29T07:56:09.811+0000] {logging_mixin.py:150} INFO - [2024-04-29T07:56:09.811+0000] {dag.py:3504} INFO - Setting next_dagrun for example_trigger_controller_dag to 2021-01-01T00:00:00+00:00, run_after=2021-01-01T00:00:00+00:00
[2024-04-29T07:56:09.906+0000] {processor.py:179} INFO - Processing /usr/local/python/3.10.13/lib/python3.10/site-packages/airflow/example_dags/example_trigger_controller_dag.py took 0.174 seconds
[2024-04-29T07:56:50.066+0000] {processor.py:157} INFO - Started process (PID=12405) to work on /usr/local/python/3.10.13/lib/python3.10/site-packages/airflow/example_dags/example_trigger_controller_dag.py
[2024-04-29T07:56:50.066+0000] {processor.py:826} INFO - Processing file /usr/local/python/3.10.13/lib/python3.10/site-packages/airflow/example_dags/example_trigger_controller_dag.py for tasks to queue
[2024-04-29T07:56:50.067+0000] {logging_mixin.py:150} INFO - [2024-04-29T07:56:50.067+0000] {dagbag.py:541} INFO - Filling up the DagBag from /usr/local/python/3.10.13/lib/python3.10/site-packages/airflow/example_dags/example_trigger_controller_dag.py
[2024-04-29T07:56:50.070+0000] {processor.py:836} INFO - DAG(s) dict_keys(['example_trigger_controller_dag']) retrieved from /usr/local/python/3.10.13/lib/python3.10/site-packages/airflow/example_dags/example_trigger_controller_dag.py
[2024-04-29T07:56:50.082+0000] {logging_mixin.py:150} INFO - [2024-04-29T07:56:50.082+0000] {dag.py:2742} INFO - Sync 1 DAGs
[2024-04-29T07:56:50.097+0000] {logging_mixin.py:150} INFO - [2024-04-29T07:56:50.097+0000] {dag.py:3504} INFO - Setting next_dagrun for example_trigger_controller_dag to 2021-01-01T00:00:00+00:00, run_after=2021-01-01T00:00:00+00:00
[2024-04-29T07:56:50.132+0000] {processor.py:179} INFO - Processing /usr/local/python/3.10.13/lib/python3.10/site-packages/airflow/example_dags/example_trigger_controller_dag.py took 0.068 seconds
[2024-04-29T07:57:32.204+0000] {processor.py:157} INFO - Started process (PID=12724) to work on /usr/local/python/3.10.13/lib/python3.10/site-packages/airflow/example_dags/example_trigger_controller_dag.py
[2024-04-29T07:57:32.205+0000] {processor.py:826} INFO - Processing file /usr/local/python/3.10.13/lib/python3.10/site-packages/airflow/example_dags/example_trigger_controller_dag.py for tasks to queue
[2024-04-29T07:57:32.206+0000] {logging_mixin.py:150} INFO - [2024-04-29T07:57:32.205+0000] {dagbag.py:541} INFO - Filling up the DagBag from /usr/local/python/3.10.13/lib/python3.10/site-packages/airflow/example_dags/example_trigger_controller_dag.py
[2024-04-29T07:57:32.209+0000] {processor.py:836} INFO - DAG(s) dict_keys(['example_trigger_controller_dag']) retrieved from /usr/local/python/3.10.13/lib/python3.10/site-packages/airflow/example_dags/example_trigger_controller_dag.py
[2024-04-29T07:57:32.222+0000] {logging_mixin.py:150} INFO - [2024-04-29T07:57:32.222+0000] {dag.py:2742} INFO - Sync 1 DAGs
[2024-04-29T07:57:32.237+0000] {logging_mixin.py:150} INFO - [2024-04-29T07:57:32.237+0000] {dag.py:3504} INFO - Setting next_dagrun for example_trigger_controller_dag to 2021-01-01T00:00:00+00:00, run_after=2021-01-01T00:00:00+00:00
[2024-04-29T07:57:32.280+0000] {processor.py:179} INFO - Processing /usr/local/python/3.10.13/lib/python3.10/site-packages/airflow/example_dags/example_trigger_controller_dag.py took 0.078 seconds
[2024-04-29T07:58:14.201+0000] {processor.py:157} INFO - Started process (PID=13027) to work on /usr/local/python/3.10.13/lib/python3.10/site-packages/airflow/example_dags/example_trigger_controller_dag.py
[2024-04-29T07:58:14.202+0000] {processor.py:826} INFO - Processing file /usr/local/python/3.10.13/lib/python3.10/site-packages/airflow/example_dags/example_trigger_controller_dag.py for tasks to queue
[2024-04-29T07:58:14.202+0000] {logging_mixin.py:150} INFO - [2024-04-29T07:58:14.202+0000] {dagbag.py:541} INFO - Filling up the DagBag from /usr/local/python/3.10.13/lib/python3.10/site-packages/airflow/example_dags/example_trigger_controller_dag.py
[2024-04-29T07:58:14.206+0000] {processor.py:836} INFO - DAG(s) dict_keys(['example_trigger_controller_dag']) retrieved from /usr/local/python/3.10.13/lib/python3.10/site-packages/airflow/example_dags/example_trigger_controller_dag.py
[2024-04-29T07:58:14.217+0000] {logging_mixin.py:150} INFO - [2024-04-29T07:58:14.217+0000] {dag.py:2742} INFO - Sync 1 DAGs
[2024-04-29T07:58:14.234+0000] {logging_mixin.py:150} INFO - [2024-04-29T07:58:14.234+0000] {dag.py:3504} INFO - Setting next_dagrun for example_trigger_controller_dag to 2021-01-01T00:00:00+00:00, run_after=2021-01-01T00:00:00+00:00
[2024-04-29T07:58:14.269+0000] {processor.py:179} INFO - Processing /usr/local/python/3.10.13/lib/python3.10/site-packages/airflow/example_dags/example_trigger_controller_dag.py took 0.071 seconds
[2024-04-29T07:58:53.660+0000] {processor.py:157} INFO - Started process (PID=13324) to work on /usr/local/python/3.10.13/lib/python3.10/site-packages/airflow/example_dags/example_trigger_controller_dag.py
[2024-04-29T07:58:53.661+0000] {processor.py:826} INFO - Processing file /usr/local/python/3.10.13/lib/python3.10/site-packages/airflow/example_dags/example_trigger_controller_dag.py for tasks to queue
[2024-04-29T07:58:53.662+0000] {logging_mixin.py:150} INFO - [2024-04-29T07:58:53.661+0000] {dagbag.py:541} INFO - Filling up the DagBag from /usr/local/python/3.10.13/lib/python3.10/site-packages/airflow/example_dags/example_trigger_controller_dag.py
[2024-04-29T07:58:53.665+0000] {processor.py:836} INFO - DAG(s) dict_keys(['example_trigger_controller_dag']) retrieved from /usr/local/python/3.10.13/lib/python3.10/site-packages/airflow/example_dags/example_trigger_controller_dag.py
[2024-04-29T07:58:53.678+0000] {logging_mixin.py:150} INFO - [2024-04-29T07:58:53.677+0000] {dag.py:2742} INFO - Sync 1 DAGs
[2024-04-29T07:58:53.693+0000] {logging_mixin.py:150} INFO - [2024-04-29T07:58:53.693+0000] {dag.py:3504} INFO - Setting next_dagrun for example_trigger_controller_dag to 2021-01-01T00:00:00+00:00, run_after=2021-01-01T00:00:00+00:00
[2024-04-29T07:58:53.727+0000] {processor.py:179} INFO - Processing /usr/local/python/3.10.13/lib/python3.10/site-packages/airflow/example_dags/example_trigger_controller_dag.py took 0.069 seconds
[2024-04-29T07:59:29.138+0000] {processor.py:157} INFO - Started process (PID=13574) to work on /usr/local/python/3.10.13/lib/python3.10/site-packages/airflow/example_dags/example_trigger_controller_dag.py
[2024-04-29T07:59:29.138+0000] {processor.py:826} INFO - Processing file /usr/local/python/3.10.13/lib/python3.10/site-packages/airflow/example_dags/example_trigger_controller_dag.py for tasks to queue
[2024-04-29T07:59:29.139+0000] {logging_mixin.py:150} INFO - [2024-04-29T07:59:29.139+0000] {dagbag.py:541} INFO - Filling up the DagBag from /usr/local/python/3.10.13/lib/python3.10/site-packages/airflow/example_dags/example_trigger_controller_dag.py
[2024-04-29T07:59:29.142+0000] {processor.py:836} INFO - DAG(s) dict_keys(['example_trigger_controller_dag']) retrieved from /usr/local/python/3.10.13/lib/python3.10/site-packages/airflow/example_dags/example_trigger_controller_dag.py
[2024-04-29T07:59:29.154+0000] {logging_mixin.py:150} INFO - [2024-04-29T07:59:29.154+0000] {dag.py:2742} INFO - Sync 1 DAGs
[2024-04-29T07:59:29.169+0000] {logging_mixin.py:150} INFO - [2024-04-29T07:59:29.168+0000] {dag.py:3504} INFO - Setting next_dagrun for example_trigger_controller_dag to 2021-01-01T00:00:00+00:00, run_after=2021-01-01T00:00:00+00:00
[2024-04-29T07:59:29.203+0000] {processor.py:179} INFO - Processing /usr/local/python/3.10.13/lib/python3.10/site-packages/airflow/example_dags/example_trigger_controller_dag.py took 0.067 seconds
[2024-04-29T08:00:03.639+0000] {processor.py:157} INFO - Started process (PID=13810) to work on /usr/local/python/3.10.13/lib/python3.10/site-packages/airflow/example_dags/example_trigger_controller_dag.py
[2024-04-29T08:00:03.640+0000] {processor.py:826} INFO - Processing file /usr/local/python/3.10.13/lib/python3.10/site-packages/airflow/example_dags/example_trigger_controller_dag.py for tasks to queue
[2024-04-29T08:00:03.641+0000] {logging_mixin.py:150} INFO - [2024-04-29T08:00:03.640+0000] {dagbag.py:541} INFO - Filling up the DagBag from /usr/local/python/3.10.13/lib/python3.10/site-packages/airflow/example_dags/example_trigger_controller_dag.py
[2024-04-29T08:00:03.645+0000] {processor.py:836} INFO - DAG(s) dict_keys(['example_trigger_controller_dag']) retrieved from /usr/local/python/3.10.13/lib/python3.10/site-packages/airflow/example_dags/example_trigger_controller_dag.py
[2024-04-29T08:00:03.663+0000] {logging_mixin.py:150} INFO - [2024-04-29T08:00:03.663+0000] {dag.py:2742} INFO - Sync 1 DAGs
[2024-04-29T08:00:03.678+0000] {logging_mixin.py:150} INFO - [2024-04-29T08:00:03.678+0000] {dag.py:3504} INFO - Setting next_dagrun for example_trigger_controller_dag to 2021-01-01T00:00:00+00:00, run_after=2021-01-01T00:00:00+00:00
[2024-04-29T08:00:03.714+0000] {processor.py:179} INFO - Processing /usr/local/python/3.10.13/lib/python3.10/site-packages/airflow/example_dags/example_trigger_controller_dag.py took 0.080 seconds
[2024-04-29T08:00:53.785+0000] {processor.py:157} INFO - Started process (PID=14176) to work on /usr/local/python/3.10.13/lib/python3.10/site-packages/airflow/example_dags/example_trigger_controller_dag.py
[2024-04-29T08:00:53.786+0000] {processor.py:826} INFO - Processing file /usr/local/python/3.10.13/lib/python3.10/site-packages/airflow/example_dags/example_trigger_controller_dag.py for tasks to queue
[2024-04-29T08:00:53.787+0000] {logging_mixin.py:150} INFO - [2024-04-29T08:00:53.786+0000] {dagbag.py:541} INFO - Filling up the DagBag from /usr/local/python/3.10.13/lib/python3.10/site-packages/airflow/example_dags/example_trigger_controller_dag.py
[2024-04-29T08:00:53.790+0000] {processor.py:836} INFO - DAG(s) dict_keys(['example_trigger_controller_dag']) retrieved from /usr/local/python/3.10.13/lib/python3.10/site-packages/airflow/example_dags/example_trigger_controller_dag.py
[2024-04-29T08:00:53.802+0000] {logging_mixin.py:150} INFO - [2024-04-29T08:00:53.802+0000] {dag.py:2742} INFO - Sync 1 DAGs
[2024-04-29T08:00:53.817+0000] {logging_mixin.py:150} INFO - [2024-04-29T08:00:53.817+0000] {dag.py:3504} INFO - Setting next_dagrun for example_trigger_controller_dag to 2021-01-01T00:00:00+00:00, run_after=2021-01-01T00:00:00+00:00
[2024-04-29T08:00:53.855+0000] {processor.py:179} INFO - Processing /usr/local/python/3.10.13/lib/python3.10/site-packages/airflow/example_dags/example_trigger_controller_dag.py took 0.072 seconds
[2024-04-29T08:01:30.476+0000] {processor.py:157} INFO - Started process (PID=14413) to work on /usr/local/python/3.10.13/lib/python3.10/site-packages/airflow/example_dags/example_trigger_controller_dag.py
[2024-04-29T08:01:30.476+0000] {processor.py:826} INFO - Processing file /usr/local/python/3.10.13/lib/python3.10/site-packages/airflow/example_dags/example_trigger_controller_dag.py for tasks to queue
[2024-04-29T08:01:30.477+0000] {logging_mixin.py:150} INFO - [2024-04-29T08:01:30.477+0000] {dagbag.py:541} INFO - Filling up the DagBag from /usr/local/python/3.10.13/lib/python3.10/site-packages/airflow/example_dags/example_trigger_controller_dag.py
[2024-04-29T08:01:30.481+0000] {processor.py:836} INFO - DAG(s) dict_keys(['example_trigger_controller_dag']) retrieved from /usr/local/python/3.10.13/lib/python3.10/site-packages/airflow/example_dags/example_trigger_controller_dag.py
[2024-04-29T08:01:30.494+0000] {logging_mixin.py:150} INFO - [2024-04-29T08:01:30.493+0000] {dag.py:2742} INFO - Sync 1 DAGs
[2024-04-29T08:01:30.510+0000] {logging_mixin.py:150} INFO - [2024-04-29T08:01:30.510+0000] {dag.py:3504} INFO - Setting next_dagrun for example_trigger_controller_dag to 2021-01-01T00:00:00+00:00, run_after=2021-01-01T00:00:00+00:00
[2024-04-29T08:01:30.545+0000] {processor.py:179} INFO - Processing /usr/local/python/3.10.13/lib/python3.10/site-packages/airflow/example_dags/example_trigger_controller_dag.py took 0.072 seconds
[2024-04-29T08:02:06.631+0000] {processor.py:157} INFO - Started process (PID=14669) to work on /usr/local/python/3.10.13/lib/python3.10/site-packages/airflow/example_dags/example_trigger_controller_dag.py
[2024-04-29T08:02:06.632+0000] {processor.py:826} INFO - Processing file /usr/local/python/3.10.13/lib/python3.10/site-packages/airflow/example_dags/example_trigger_controller_dag.py for tasks to queue
[2024-04-29T08:02:06.633+0000] {logging_mixin.py:150} INFO - [2024-04-29T08:02:06.632+0000] {dagbag.py:541} INFO - Filling up the DagBag from /usr/local/python/3.10.13/lib/python3.10/site-packages/airflow/example_dags/example_trigger_controller_dag.py
[2024-04-29T08:02:06.636+0000] {processor.py:836} INFO - DAG(s) dict_keys(['example_trigger_controller_dag']) retrieved from /usr/local/python/3.10.13/lib/python3.10/site-packages/airflow/example_dags/example_trigger_controller_dag.py
[2024-04-29T08:02:06.648+0000] {logging_mixin.py:150} INFO - [2024-04-29T08:02:06.648+0000] {dag.py:2742} INFO - Sync 1 DAGs
[2024-04-29T08:02:06.664+0000] {logging_mixin.py:150} INFO - [2024-04-29T08:02:06.664+0000] {dag.py:3504} INFO - Setting next_dagrun for example_trigger_controller_dag to 2021-01-01T00:00:00+00:00, run_after=2021-01-01T00:00:00+00:00
[2024-04-29T08:02:06.701+0000] {processor.py:179} INFO - Processing /usr/local/python/3.10.13/lib/python3.10/site-packages/airflow/example_dags/example_trigger_controller_dag.py took 0.072 seconds
[2024-04-29T08:02:53.857+0000] {processor.py:157} INFO - Started process (PID=15006) to work on /usr/local/python/3.10.13/lib/python3.10/site-packages/airflow/example_dags/example_trigger_controller_dag.py
[2024-04-29T08:02:53.858+0000] {processor.py:826} INFO - Processing file /usr/local/python/3.10.13/lib/python3.10/site-packages/airflow/example_dags/example_trigger_controller_dag.py for tasks to queue
[2024-04-29T08:02:53.859+0000] {logging_mixin.py:150} INFO - [2024-04-29T08:02:53.858+0000] {dagbag.py:541} INFO - Filling up the DagBag from /usr/local/python/3.10.13/lib/python3.10/site-packages/airflow/example_dags/example_trigger_controller_dag.py
[2024-04-29T08:02:53.862+0000] {processor.py:836} INFO - DAG(s) dict_keys(['example_trigger_controller_dag']) retrieved from /usr/local/python/3.10.13/lib/python3.10/site-packages/airflow/example_dags/example_trigger_controller_dag.py
[2024-04-29T08:02:53.875+0000] {logging_mixin.py:150} INFO - [2024-04-29T08:02:53.874+0000] {dag.py:2742} INFO - Sync 1 DAGs
[2024-04-29T08:02:53.890+0000] {logging_mixin.py:150} INFO - [2024-04-29T08:02:53.890+0000] {dag.py:3504} INFO - Setting next_dagrun for example_trigger_controller_dag to 2021-01-01T00:00:00+00:00, run_after=2021-01-01T00:00:00+00:00
[2024-04-29T08:02:53.924+0000] {processor.py:179} INFO - Processing /usr/local/python/3.10.13/lib/python3.10/site-packages/airflow/example_dags/example_trigger_controller_dag.py took 0.069 seconds
[2024-04-29T08:03:28.059+0000] {processor.py:157} INFO - Started process (PID=15229) to work on /usr/local/python/3.10.13/lib/python3.10/site-packages/airflow/example_dags/example_trigger_controller_dag.py
[2024-04-29T08:03:28.060+0000] {processor.py:826} INFO - Processing file /usr/local/python/3.10.13/lib/python3.10/site-packages/airflow/example_dags/example_trigger_controller_dag.py for tasks to queue
[2024-04-29T08:03:28.060+0000] {logging_mixin.py:150} INFO - [2024-04-29T08:03:28.060+0000] {dagbag.py:541} INFO - Filling up the DagBag from /usr/local/python/3.10.13/lib/python3.10/site-packages/airflow/example_dags/example_trigger_controller_dag.py
[2024-04-29T08:03:28.064+0000] {processor.py:836} INFO - DAG(s) dict_keys(['example_trigger_controller_dag']) retrieved from /usr/local/python/3.10.13/lib/python3.10/site-packages/airflow/example_dags/example_trigger_controller_dag.py
[2024-04-29T08:03:28.076+0000] {logging_mixin.py:150} INFO - [2024-04-29T08:03:28.076+0000] {dag.py:2742} INFO - Sync 1 DAGs
[2024-04-29T08:03:28.092+0000] {logging_mixin.py:150} INFO - [2024-04-29T08:03:28.092+0000] {dag.py:3504} INFO - Setting next_dagrun for example_trigger_controller_dag to 2021-01-01T00:00:00+00:00, run_after=2021-01-01T00:00:00+00:00
[2024-04-29T08:03:28.129+0000] {processor.py:179} INFO - Processing /usr/local/python/3.10.13/lib/python3.10/site-packages/airflow/example_dags/example_trigger_controller_dag.py took 0.072 seconds
[2024-04-29T08:04:04.035+0000] {processor.py:157} INFO - Started process (PID=15484) to work on /usr/local/python/3.10.13/lib/python3.10/site-packages/airflow/example_dags/example_trigger_controller_dag.py
[2024-04-29T08:04:04.036+0000] {processor.py:826} INFO - Processing file /usr/local/python/3.10.13/lib/python3.10/site-packages/airflow/example_dags/example_trigger_controller_dag.py for tasks to queue
[2024-04-29T08:04:04.037+0000] {logging_mixin.py:150} INFO - [2024-04-29T08:04:04.036+0000] {dagbag.py:541} INFO - Filling up the DagBag from /usr/local/python/3.10.13/lib/python3.10/site-packages/airflow/example_dags/example_trigger_controller_dag.py
[2024-04-29T08:04:04.040+0000] {processor.py:836} INFO - DAG(s) dict_keys(['example_trigger_controller_dag']) retrieved from /usr/local/python/3.10.13/lib/python3.10/site-packages/airflow/example_dags/example_trigger_controller_dag.py
[2024-04-29T08:04:04.053+0000] {logging_mixin.py:150} INFO - [2024-04-29T08:04:04.052+0000] {dag.py:2742} INFO - Sync 1 DAGs
[2024-04-29T08:04:04.071+0000] {logging_mixin.py:150} INFO - [2024-04-29T08:04:04.070+0000] {dag.py:3504} INFO - Setting next_dagrun for example_trigger_controller_dag to 2021-01-01T00:00:00+00:00, run_after=2021-01-01T00:00:00+00:00
[2024-04-29T08:04:04.106+0000] {processor.py:179} INFO - Processing /usr/local/python/3.10.13/lib/python3.10/site-packages/airflow/example_dags/example_trigger_controller_dag.py took 0.073 seconds
[2024-04-29T08:04:40.999+0000] {processor.py:157} INFO - Started process (PID=15729) to work on /usr/local/python/3.10.13/lib/python3.10/site-packages/airflow/example_dags/example_trigger_controller_dag.py
[2024-04-29T08:04:41.000+0000] {processor.py:826} INFO - Processing file /usr/local/python/3.10.13/lib/python3.10/site-packages/airflow/example_dags/example_trigger_controller_dag.py for tasks to queue
[2024-04-29T08:04:41.001+0000] {logging_mixin.py:150} INFO - [2024-04-29T08:04:41.000+0000] {dagbag.py:541} INFO - Filling up the DagBag from /usr/local/python/3.10.13/lib/python3.10/site-packages/airflow/example_dags/example_trigger_controller_dag.py
[2024-04-29T08:04:41.004+0000] {processor.py:836} INFO - DAG(s) dict_keys(['example_trigger_controller_dag']) retrieved from /usr/local/python/3.10.13/lib/python3.10/site-packages/airflow/example_dags/example_trigger_controller_dag.py
[2024-04-29T08:04:41.017+0000] {logging_mixin.py:150} INFO - [2024-04-29T08:04:41.017+0000] {dag.py:2742} INFO - Sync 1 DAGs
[2024-04-29T08:04:41.032+0000] {logging_mixin.py:150} INFO - [2024-04-29T08:04:41.032+0000] {dag.py:3504} INFO - Setting next_dagrun for example_trigger_controller_dag to 2021-01-01T00:00:00+00:00, run_after=2021-01-01T00:00:00+00:00
[2024-04-29T08:04:41.068+0000] {processor.py:179} INFO - Processing /usr/local/python/3.10.13/lib/python3.10/site-packages/airflow/example_dags/example_trigger_controller_dag.py took 0.071 seconds
[2024-04-29T08:05:15.488+0000] {processor.py:157} INFO - Started process (PID=15979) to work on /usr/local/python/3.10.13/lib/python3.10/site-packages/airflow/example_dags/example_trigger_controller_dag.py
[2024-04-29T08:05:15.489+0000] {processor.py:826} INFO - Processing file /usr/local/python/3.10.13/lib/python3.10/site-packages/airflow/example_dags/example_trigger_controller_dag.py for tasks to queue
[2024-04-29T08:05:15.489+0000] {logging_mixin.py:150} INFO - [2024-04-29T08:05:15.489+0000] {dagbag.py:541} INFO - Filling up the DagBag from /usr/local/python/3.10.13/lib/python3.10/site-packages/airflow/example_dags/example_trigger_controller_dag.py
[2024-04-29T08:05:15.493+0000] {processor.py:836} INFO - DAG(s) dict_keys(['example_trigger_controller_dag']) retrieved from /usr/local/python/3.10.13/lib/python3.10/site-packages/airflow/example_dags/example_trigger_controller_dag.py
[2024-04-29T08:05:15.505+0000] {logging_mixin.py:150} INFO - [2024-04-29T08:05:15.505+0000] {dag.py:2742} INFO - Sync 1 DAGs
[2024-04-29T08:05:15.520+0000] {logging_mixin.py:150} INFO - [2024-04-29T08:05:15.520+0000] {dag.py:3504} INFO - Setting next_dagrun for example_trigger_controller_dag to 2021-01-01T00:00:00+00:00, run_after=2021-01-01T00:00:00+00:00
[2024-04-29T08:05:15.556+0000] {processor.py:179} INFO - Processing /usr/local/python/3.10.13/lib/python3.10/site-packages/airflow/example_dags/example_trigger_controller_dag.py took 0.071 seconds
[2024-04-29T08:06:06.483+0000] {processor.py:157} INFO - Started process (PID=16326) to work on /usr/local/python/3.10.13/lib/python3.10/site-packages/airflow/example_dags/example_trigger_controller_dag.py
[2024-04-29T08:06:06.483+0000] {processor.py:826} INFO - Processing file /usr/local/python/3.10.13/lib/python3.10/site-packages/airflow/example_dags/example_trigger_controller_dag.py for tasks to queue
[2024-04-29T08:06:06.484+0000] {logging_mixin.py:150} INFO - [2024-04-29T08:06:06.484+0000] {dagbag.py:541} INFO - Filling up the DagBag from /usr/local/python/3.10.13/lib/python3.10/site-packages/airflow/example_dags/example_trigger_controller_dag.py
[2024-04-29T08:06:06.490+0000] {processor.py:836} INFO - DAG(s) dict_keys(['example_trigger_controller_dag']) retrieved from /usr/local/python/3.10.13/lib/python3.10/site-packages/airflow/example_dags/example_trigger_controller_dag.py
[2024-04-29T08:06:06.509+0000] {logging_mixin.py:150} INFO - [2024-04-29T08:06:06.509+0000] {dag.py:2742} INFO - Sync 1 DAGs
[2024-04-29T08:06:06.535+0000] {logging_mixin.py:150} INFO - [2024-04-29T08:06:06.535+0000] {dag.py:3504} INFO - Setting next_dagrun for example_trigger_controller_dag to 2021-01-01T00:00:00+00:00, run_after=2021-01-01T00:00:00+00:00
[2024-04-29T08:06:06.602+0000] {processor.py:179} INFO - Processing /usr/local/python/3.10.13/lib/python3.10/site-packages/airflow/example_dags/example_trigger_controller_dag.py took 0.123 seconds
[2024-04-29T08:06:42.645+0000] {processor.py:157} INFO - Started process (PID=16569) to work on /usr/local/python/3.10.13/lib/python3.10/site-packages/airflow/example_dags/example_trigger_controller_dag.py
[2024-04-29T08:06:42.646+0000] {processor.py:826} INFO - Processing file /usr/local/python/3.10.13/lib/python3.10/site-packages/airflow/example_dags/example_trigger_controller_dag.py for tasks to queue
[2024-04-29T08:06:42.647+0000] {logging_mixin.py:150} INFO - [2024-04-29T08:06:42.646+0000] {dagbag.py:541} INFO - Filling up the DagBag from /usr/local/python/3.10.13/lib/python3.10/site-packages/airflow/example_dags/example_trigger_controller_dag.py
[2024-04-29T08:06:42.650+0000] {processor.py:836} INFO - DAG(s) dict_keys(['example_trigger_controller_dag']) retrieved from /usr/local/python/3.10.13/lib/python3.10/site-packages/airflow/example_dags/example_trigger_controller_dag.py
[2024-04-29T08:06:42.662+0000] {logging_mixin.py:150} INFO - [2024-04-29T08:06:42.662+0000] {dag.py:2742} INFO - Sync 1 DAGs
[2024-04-29T08:06:42.676+0000] {logging_mixin.py:150} INFO - [2024-04-29T08:06:42.676+0000] {dag.py:3504} INFO - Setting next_dagrun for example_trigger_controller_dag to 2021-01-01T00:00:00+00:00, run_after=2021-01-01T00:00:00+00:00
[2024-04-29T08:06:42.712+0000] {processor.py:179} INFO - Processing /usr/local/python/3.10.13/lib/python3.10/site-packages/airflow/example_dags/example_trigger_controller_dag.py took 0.068 seconds
[2024-04-29T08:07:17.096+0000] {processor.py:157} INFO - Started process (PID=16811) to work on /usr/local/python/3.10.13/lib/python3.10/site-packages/airflow/example_dags/example_trigger_controller_dag.py
[2024-04-29T08:07:17.097+0000] {processor.py:826} INFO - Processing file /usr/local/python/3.10.13/lib/python3.10/site-packages/airflow/example_dags/example_trigger_controller_dag.py for tasks to queue
[2024-04-29T08:07:17.098+0000] {logging_mixin.py:150} INFO - [2024-04-29T08:07:17.097+0000] {dagbag.py:541} INFO - Filling up the DagBag from /usr/local/python/3.10.13/lib/python3.10/site-packages/airflow/example_dags/example_trigger_controller_dag.py
[2024-04-29T08:07:17.101+0000] {processor.py:836} INFO - DAG(s) dict_keys(['example_trigger_controller_dag']) retrieved from /usr/local/python/3.10.13/lib/python3.10/site-packages/airflow/example_dags/example_trigger_controller_dag.py
[2024-04-29T08:07:17.113+0000] {logging_mixin.py:150} INFO - [2024-04-29T08:07:17.113+0000] {dag.py:2742} INFO - Sync 1 DAGs
[2024-04-29T08:07:17.129+0000] {logging_mixin.py:150} INFO - [2024-04-29T08:07:17.129+0000] {dag.py:3504} INFO - Setting next_dagrun for example_trigger_controller_dag to 2021-01-01T00:00:00+00:00, run_after=2021-01-01T00:00:00+00:00
[2024-04-29T08:07:17.165+0000] {processor.py:179} INFO - Processing /usr/local/python/3.10.13/lib/python3.10/site-packages/airflow/example_dags/example_trigger_controller_dag.py took 0.071 seconds
[2024-04-29T08:08:08.096+0000] {processor.py:157} INFO - Started process (PID=17167) to work on /usr/local/python/3.10.13/lib/python3.10/site-packages/airflow/example_dags/example_trigger_controller_dag.py
[2024-04-29T08:08:08.097+0000] {processor.py:826} INFO - Processing file /usr/local/python/3.10.13/lib/python3.10/site-packages/airflow/example_dags/example_trigger_controller_dag.py for tasks to queue
[2024-04-29T08:08:08.097+0000] {logging_mixin.py:150} INFO - [2024-04-29T08:08:08.097+0000] {dagbag.py:541} INFO - Filling up the DagBag from /usr/local/python/3.10.13/lib/python3.10/site-packages/airflow/example_dags/example_trigger_controller_dag.py
[2024-04-29T08:08:08.100+0000] {processor.py:836} INFO - DAG(s) dict_keys(['example_trigger_controller_dag']) retrieved from /usr/local/python/3.10.13/lib/python3.10/site-packages/airflow/example_dags/example_trigger_controller_dag.py
[2024-04-29T08:08:08.112+0000] {logging_mixin.py:150} INFO - [2024-04-29T08:08:08.112+0000] {dag.py:2742} INFO - Sync 1 DAGs
[2024-04-29T08:08:08.128+0000] {logging_mixin.py:150} INFO - [2024-04-29T08:08:08.127+0000] {dag.py:3504} INFO - Setting next_dagrun for example_trigger_controller_dag to 2021-01-01T00:00:00+00:00, run_after=2021-01-01T00:00:00+00:00
[2024-04-29T08:08:08.162+0000] {processor.py:179} INFO - Processing /usr/local/python/3.10.13/lib/python3.10/site-packages/airflow/example_dags/example_trigger_controller_dag.py took 0.069 seconds
[2024-04-29T08:08:55.328+0000] {processor.py:157} INFO - Started process (PID=17476) to work on /usr/local/python/3.10.13/lib/python3.10/site-packages/airflow/example_dags/example_trigger_controller_dag.py
[2024-04-29T08:08:55.329+0000] {processor.py:826} INFO - Processing file /usr/local/python/3.10.13/lib/python3.10/site-packages/airflow/example_dags/example_trigger_controller_dag.py for tasks to queue
[2024-04-29T08:08:55.330+0000] {logging_mixin.py:150} INFO - [2024-04-29T08:08:55.329+0000] {dagbag.py:541} INFO - Filling up the DagBag from /usr/local/python/3.10.13/lib/python3.10/site-packages/airflow/example_dags/example_trigger_controller_dag.py
[2024-04-29T08:08:55.333+0000] {processor.py:836} INFO - DAG(s) dict_keys(['example_trigger_controller_dag']) retrieved from /usr/local/python/3.10.13/lib/python3.10/site-packages/airflow/example_dags/example_trigger_controller_dag.py
[2024-04-29T08:08:55.345+0000] {logging_mixin.py:150} INFO - [2024-04-29T08:08:55.345+0000] {dag.py:2742} INFO - Sync 1 DAGs
[2024-04-29T08:08:55.360+0000] {logging_mixin.py:150} INFO - [2024-04-29T08:08:55.360+0000] {dag.py:3504} INFO - Setting next_dagrun for example_trigger_controller_dag to 2021-01-01T00:00:00+00:00, run_after=2021-01-01T00:00:00+00:00
[2024-04-29T08:08:55.395+0000] {processor.py:179} INFO - Processing /usr/local/python/3.10.13/lib/python3.10/site-packages/airflow/example_dags/example_trigger_controller_dag.py took 0.069 seconds
[2024-04-29T08:09:32.740+0000] {processor.py:157} INFO - Started process (PID=17740) to work on /usr/local/python/3.10.13/lib/python3.10/site-packages/airflow/example_dags/example_trigger_controller_dag.py
[2024-04-29T08:09:32.742+0000] {processor.py:826} INFO - Processing file /usr/local/python/3.10.13/lib/python3.10/site-packages/airflow/example_dags/example_trigger_controller_dag.py for tasks to queue
[2024-04-29T08:09:32.742+0000] {logging_mixin.py:150} INFO - [2024-04-29T08:09:32.742+0000] {dagbag.py:541} INFO - Filling up the DagBag from /usr/local/python/3.10.13/lib/python3.10/site-packages/airflow/example_dags/example_trigger_controller_dag.py
[2024-04-29T08:09:32.745+0000] {processor.py:836} INFO - DAG(s) dict_keys(['example_trigger_controller_dag']) retrieved from /usr/local/python/3.10.13/lib/python3.10/site-packages/airflow/example_dags/example_trigger_controller_dag.py
[2024-04-29T08:09:32.758+0000] {logging_mixin.py:150} INFO - [2024-04-29T08:09:32.757+0000] {dag.py:2742} INFO - Sync 1 DAGs
[2024-04-29T08:09:32.773+0000] {logging_mixin.py:150} INFO - [2024-04-29T08:09:32.773+0000] {dag.py:3504} INFO - Setting next_dagrun for example_trigger_controller_dag to 2021-01-01T00:00:00+00:00, run_after=2021-01-01T00:00:00+00:00
[2024-04-29T08:09:32.815+0000] {processor.py:179} INFO - Processing /usr/local/python/3.10.13/lib/python3.10/site-packages/airflow/example_dags/example_trigger_controller_dag.py took 0.078 seconds
[2024-04-29T08:10:11.142+0000] {processor.py:157} INFO - Started process (PID=18005) to work on /usr/local/python/3.10.13/lib/python3.10/site-packages/airflow/example_dags/example_trigger_controller_dag.py
[2024-04-29T08:10:11.142+0000] {processor.py:826} INFO - Processing file /usr/local/python/3.10.13/lib/python3.10/site-packages/airflow/example_dags/example_trigger_controller_dag.py for tasks to queue
[2024-04-29T08:10:11.143+0000] {logging_mixin.py:150} INFO - [2024-04-29T08:10:11.143+0000] {dagbag.py:541} INFO - Filling up the DagBag from /usr/local/python/3.10.13/lib/python3.10/site-packages/airflow/example_dags/example_trigger_controller_dag.py
[2024-04-29T08:10:11.146+0000] {processor.py:836} INFO - DAG(s) dict_keys(['example_trigger_controller_dag']) retrieved from /usr/local/python/3.10.13/lib/python3.10/site-packages/airflow/example_dags/example_trigger_controller_dag.py
[2024-04-29T08:10:11.159+0000] {logging_mixin.py:150} INFO - [2024-04-29T08:10:11.159+0000] {dag.py:2742} INFO - Sync 1 DAGs
[2024-04-29T08:10:11.182+0000] {logging_mixin.py:150} INFO - [2024-04-29T08:10:11.182+0000] {dag.py:3504} INFO - Setting next_dagrun for example_trigger_controller_dag to 2021-01-01T00:00:00+00:00, run_after=2021-01-01T00:00:00+00:00
[2024-04-29T08:10:11.218+0000] {processor.py:179} INFO - Processing /usr/local/python/3.10.13/lib/python3.10/site-packages/airflow/example_dags/example_trigger_controller_dag.py took 0.078 seconds
[2024-04-29T08:10:57.205+0000] {processor.py:157} INFO - Started process (PID=18318) to work on /usr/local/python/3.10.13/lib/python3.10/site-packages/airflow/example_dags/example_trigger_controller_dag.py
[2024-04-29T08:10:57.206+0000] {processor.py:826} INFO - Processing file /usr/local/python/3.10.13/lib/python3.10/site-packages/airflow/example_dags/example_trigger_controller_dag.py for tasks to queue
[2024-04-29T08:10:57.207+0000] {logging_mixin.py:150} INFO - [2024-04-29T08:10:57.207+0000] {dagbag.py:541} INFO - Filling up the DagBag from /usr/local/python/3.10.13/lib/python3.10/site-packages/airflow/example_dags/example_trigger_controller_dag.py
[2024-04-29T08:10:57.212+0000] {processor.py:836} INFO - DAG(s) dict_keys(['example_trigger_controller_dag']) retrieved from /usr/local/python/3.10.13/lib/python3.10/site-packages/airflow/example_dags/example_trigger_controller_dag.py
[2024-04-29T08:10:57.231+0000] {logging_mixin.py:150} INFO - [2024-04-29T08:10:57.231+0000] {dag.py:2742} INFO - Sync 1 DAGs
[2024-04-29T08:10:57.255+0000] {logging_mixin.py:150} INFO - [2024-04-29T08:10:57.255+0000] {dag.py:3504} INFO - Setting next_dagrun for example_trigger_controller_dag to 2021-01-01T00:00:00+00:00, run_after=2021-01-01T00:00:00+00:00
[2024-04-29T08:10:57.293+0000] {processor.py:179} INFO - Processing /usr/local/python/3.10.13/lib/python3.10/site-packages/airflow/example_dags/example_trigger_controller_dag.py took 0.091 seconds
[2024-04-29T08:11:31.871+0000] {processor.py:157} INFO - Started process (PID=18564) to work on /usr/local/python/3.10.13/lib/python3.10/site-packages/airflow/example_dags/example_trigger_controller_dag.py
[2024-04-29T08:11:31.871+0000] {processor.py:826} INFO - Processing file /usr/local/python/3.10.13/lib/python3.10/site-packages/airflow/example_dags/example_trigger_controller_dag.py for tasks to queue
[2024-04-29T08:11:31.872+0000] {logging_mixin.py:150} INFO - [2024-04-29T08:11:31.872+0000] {dagbag.py:541} INFO - Filling up the DagBag from /usr/local/python/3.10.13/lib/python3.10/site-packages/airflow/example_dags/example_trigger_controller_dag.py
[2024-04-29T08:11:31.875+0000] {processor.py:836} INFO - DAG(s) dict_keys(['example_trigger_controller_dag']) retrieved from /usr/local/python/3.10.13/lib/python3.10/site-packages/airflow/example_dags/example_trigger_controller_dag.py
[2024-04-29T08:11:31.888+0000] {logging_mixin.py:150} INFO - [2024-04-29T08:11:31.888+0000] {dag.py:2742} INFO - Sync 1 DAGs
[2024-04-29T08:11:31.903+0000] {logging_mixin.py:150} INFO - [2024-04-29T08:11:31.903+0000] {dag.py:3504} INFO - Setting next_dagrun for example_trigger_controller_dag to 2021-01-01T00:00:00+00:00, run_after=2021-01-01T00:00:00+00:00
[2024-04-29T08:11:31.938+0000] {processor.py:179} INFO - Processing /usr/local/python/3.10.13/lib/python3.10/site-packages/airflow/example_dags/example_trigger_controller_dag.py took 0.069 seconds
[2024-04-29T08:12:08.434+0000] {processor.py:157} INFO - Started process (PID=18806) to work on /usr/local/python/3.10.13/lib/python3.10/site-packages/airflow/example_dags/example_trigger_controller_dag.py
[2024-04-29T08:12:08.434+0000] {processor.py:826} INFO - Processing file /usr/local/python/3.10.13/lib/python3.10/site-packages/airflow/example_dags/example_trigger_controller_dag.py for tasks to queue
[2024-04-29T08:12:08.435+0000] {logging_mixin.py:150} INFO - [2024-04-29T08:12:08.435+0000] {dagbag.py:541} INFO - Filling up the DagBag from /usr/local/python/3.10.13/lib/python3.10/site-packages/airflow/example_dags/example_trigger_controller_dag.py
[2024-04-29T08:12:08.438+0000] {processor.py:836} INFO - DAG(s) dict_keys(['example_trigger_controller_dag']) retrieved from /usr/local/python/3.10.13/lib/python3.10/site-packages/airflow/example_dags/example_trigger_controller_dag.py
[2024-04-29T08:12:08.450+0000] {logging_mixin.py:150} INFO - [2024-04-29T08:12:08.450+0000] {dag.py:2742} INFO - Sync 1 DAGs
[2024-04-29T08:12:08.466+0000] {logging_mixin.py:150} INFO - [2024-04-29T08:12:08.465+0000] {dag.py:3504} INFO - Setting next_dagrun for example_trigger_controller_dag to 2021-01-01T00:00:00+00:00, run_after=2021-01-01T00:00:00+00:00
[2024-04-29T08:12:08.500+0000] {processor.py:179} INFO - Processing /usr/local/python/3.10.13/lib/python3.10/site-packages/airflow/example_dags/example_trigger_controller_dag.py took 0.069 seconds
[2024-04-29T08:12:45.033+0000] {processor.py:157} INFO - Started process (PID=19063) to work on /usr/local/python/3.10.13/lib/python3.10/site-packages/airflow/example_dags/example_trigger_controller_dag.py
[2024-04-29T08:12:45.034+0000] {processor.py:826} INFO - Processing file /usr/local/python/3.10.13/lib/python3.10/site-packages/airflow/example_dags/example_trigger_controller_dag.py for tasks to queue
[2024-04-29T08:12:45.034+0000] {logging_mixin.py:150} INFO - [2024-04-29T08:12:45.034+0000] {dagbag.py:541} INFO - Filling up the DagBag from /usr/local/python/3.10.13/lib/python3.10/site-packages/airflow/example_dags/example_trigger_controller_dag.py
[2024-04-29T08:12:45.037+0000] {processor.py:836} INFO - DAG(s) dict_keys(['example_trigger_controller_dag']) retrieved from /usr/local/python/3.10.13/lib/python3.10/site-packages/airflow/example_dags/example_trigger_controller_dag.py
[2024-04-29T08:12:45.050+0000] {logging_mixin.py:150} INFO - [2024-04-29T08:12:45.050+0000] {dag.py:2742} INFO - Sync 1 DAGs
[2024-04-29T08:12:45.065+0000] {logging_mixin.py:150} INFO - [2024-04-29T08:12:45.065+0000] {dag.py:3504} INFO - Setting next_dagrun for example_trigger_controller_dag to 2021-01-01T00:00:00+00:00, run_after=2021-01-01T00:00:00+00:00
[2024-04-29T08:12:45.106+0000] {processor.py:179} INFO - Processing /usr/local/python/3.10.13/lib/python3.10/site-packages/airflow/example_dags/example_trigger_controller_dag.py took 0.076 seconds
[2024-04-29T08:13:20.748+0000] {processor.py:157} INFO - Started process (PID=19298) to work on /usr/local/python/3.10.13/lib/python3.10/site-packages/airflow/example_dags/example_trigger_controller_dag.py
[2024-04-29T08:13:20.749+0000] {processor.py:826} INFO - Processing file /usr/local/python/3.10.13/lib/python3.10/site-packages/airflow/example_dags/example_trigger_controller_dag.py for tasks to queue
[2024-04-29T08:13:20.750+0000] {logging_mixin.py:150} INFO - [2024-04-29T08:13:20.749+0000] {dagbag.py:541} INFO - Filling up the DagBag from /usr/local/python/3.10.13/lib/python3.10/site-packages/airflow/example_dags/example_trigger_controller_dag.py
[2024-04-29T08:13:20.753+0000] {processor.py:836} INFO - DAG(s) dict_keys(['example_trigger_controller_dag']) retrieved from /usr/local/python/3.10.13/lib/python3.10/site-packages/airflow/example_dags/example_trigger_controller_dag.py
[2024-04-29T08:13:20.765+0000] {logging_mixin.py:150} INFO - [2024-04-29T08:13:20.764+0000] {dag.py:2742} INFO - Sync 1 DAGs
[2024-04-29T08:13:20.780+0000] {logging_mixin.py:150} INFO - [2024-04-29T08:13:20.780+0000] {dag.py:3504} INFO - Setting next_dagrun for example_trigger_controller_dag to 2021-01-01T00:00:00+00:00, run_after=2021-01-01T00:00:00+00:00
[2024-04-29T08:13:20.815+0000] {processor.py:179} INFO - Processing /usr/local/python/3.10.13/lib/python3.10/site-packages/airflow/example_dags/example_trigger_controller_dag.py took 0.069 seconds
[2024-04-29T08:14:11.576+0000] {processor.py:157} INFO - Started process (PID=19649) to work on /usr/local/python/3.10.13/lib/python3.10/site-packages/airflow/example_dags/example_trigger_controller_dag.py
[2024-04-29T08:14:11.576+0000] {processor.py:826} INFO - Processing file /usr/local/python/3.10.13/lib/python3.10/site-packages/airflow/example_dags/example_trigger_controller_dag.py for tasks to queue
[2024-04-29T08:14:11.577+0000] {logging_mixin.py:150} INFO - [2024-04-29T08:14:11.577+0000] {dagbag.py:541} INFO - Filling up the DagBag from /usr/local/python/3.10.13/lib/python3.10/site-packages/airflow/example_dags/example_trigger_controller_dag.py
[2024-04-29T08:14:11.580+0000] {processor.py:836} INFO - DAG(s) dict_keys(['example_trigger_controller_dag']) retrieved from /usr/local/python/3.10.13/lib/python3.10/site-packages/airflow/example_dags/example_trigger_controller_dag.py
[2024-04-29T08:14:11.593+0000] {logging_mixin.py:150} INFO - [2024-04-29T08:14:11.592+0000] {dag.py:2742} INFO - Sync 1 DAGs
[2024-04-29T08:14:11.609+0000] {logging_mixin.py:150} INFO - [2024-04-29T08:14:11.609+0000] {dag.py:3504} INFO - Setting next_dagrun for example_trigger_controller_dag to 2021-01-01T00:00:00+00:00, run_after=2021-01-01T00:00:00+00:00
[2024-04-29T08:14:11.643+0000] {processor.py:179} INFO - Processing /usr/local/python/3.10.13/lib/python3.10/site-packages/airflow/example_dags/example_trigger_controller_dag.py took 0.070 seconds
[2024-04-29T08:14:48.435+0000] {processor.py:157} INFO - Started process (PID=19929) to work on /usr/local/python/3.10.13/lib/python3.10/site-packages/airflow/example_dags/example_trigger_controller_dag.py
[2024-04-29T08:14:48.436+0000] {processor.py:826} INFO - Processing file /usr/local/python/3.10.13/lib/python3.10/site-packages/airflow/example_dags/example_trigger_controller_dag.py for tasks to queue
[2024-04-29T08:14:48.436+0000] {logging_mixin.py:150} INFO - [2024-04-29T08:14:48.436+0000] {dagbag.py:541} INFO - Filling up the DagBag from /usr/local/python/3.10.13/lib/python3.10/site-packages/airflow/example_dags/example_trigger_controller_dag.py
[2024-04-29T08:14:48.439+0000] {processor.py:836} INFO - DAG(s) dict_keys(['example_trigger_controller_dag']) retrieved from /usr/local/python/3.10.13/lib/python3.10/site-packages/airflow/example_dags/example_trigger_controller_dag.py
[2024-04-29T08:14:48.452+0000] {logging_mixin.py:150} INFO - [2024-04-29T08:14:48.452+0000] {dag.py:2742} INFO - Sync 1 DAGs
[2024-04-29T08:14:48.467+0000] {logging_mixin.py:150} INFO - [2024-04-29T08:14:48.467+0000] {dag.py:3504} INFO - Setting next_dagrun for example_trigger_controller_dag to 2021-01-01T00:00:00+00:00, run_after=2021-01-01T00:00:00+00:00
[2024-04-29T08:14:48.502+0000] {processor.py:179} INFO - Processing /usr/local/python/3.10.13/lib/python3.10/site-packages/airflow/example_dags/example_trigger_controller_dag.py took 0.069 seconds
[2024-04-29T08:15:25.861+0000] {processor.py:157} INFO - Started process (PID=20200) to work on /usr/local/python/3.10.13/lib/python3.10/site-packages/airflow/example_dags/example_trigger_controller_dag.py
[2024-04-29T08:15:25.862+0000] {processor.py:826} INFO - Processing file /usr/local/python/3.10.13/lib/python3.10/site-packages/airflow/example_dags/example_trigger_controller_dag.py for tasks to queue
[2024-04-29T08:15:25.864+0000] {logging_mixin.py:150} INFO - [2024-04-29T08:15:25.862+0000] {dagbag.py:541} INFO - Filling up the DagBag from /usr/local/python/3.10.13/lib/python3.10/site-packages/airflow/example_dags/example_trigger_controller_dag.py
[2024-04-29T08:15:25.869+0000] {processor.py:836} INFO - DAG(s) dict_keys(['example_trigger_controller_dag']) retrieved from /usr/local/python/3.10.13/lib/python3.10/site-packages/airflow/example_dags/example_trigger_controller_dag.py
[2024-04-29T08:15:25.889+0000] {logging_mixin.py:150} INFO - [2024-04-29T08:15:25.889+0000] {dag.py:2742} INFO - Sync 1 DAGs
[2024-04-29T08:15:25.913+0000] {logging_mixin.py:150} INFO - [2024-04-29T08:15:25.912+0000] {dag.py:3504} INFO - Setting next_dagrun for example_trigger_controller_dag to 2021-01-01T00:00:00+00:00, run_after=2021-01-01T00:00:00+00:00
[2024-04-29T08:15:25.958+0000] {processor.py:179} INFO - Processing /usr/local/python/3.10.13/lib/python3.10/site-packages/airflow/example_dags/example_trigger_controller_dag.py took 0.101 seconds
[2024-04-29T08:16:01.718+0000] {processor.py:157} INFO - Started process (PID=20552) to work on /usr/local/python/3.10.13/lib/python3.10/site-packages/airflow/example_dags/example_trigger_controller_dag.py
[2024-04-29T08:16:01.719+0000] {processor.py:826} INFO - Processing file /usr/local/python/3.10.13/lib/python3.10/site-packages/airflow/example_dags/example_trigger_controller_dag.py for tasks to queue
[2024-04-29T08:16:01.719+0000] {logging_mixin.py:150} INFO - [2024-04-29T08:16:01.719+0000] {dagbag.py:541} INFO - Filling up the DagBag from /usr/local/python/3.10.13/lib/python3.10/site-packages/airflow/example_dags/example_trigger_controller_dag.py
[2024-04-29T08:16:01.723+0000] {processor.py:836} INFO - DAG(s) dict_keys(['example_trigger_controller_dag']) retrieved from /usr/local/python/3.10.13/lib/python3.10/site-packages/airflow/example_dags/example_trigger_controller_dag.py
[2024-04-29T08:16:01.735+0000] {logging_mixin.py:150} INFO - [2024-04-29T08:16:01.735+0000] {dag.py:2742} INFO - Sync 1 DAGs
[2024-04-29T08:16:01.751+0000] {logging_mixin.py:150} INFO - [2024-04-29T08:16:01.751+0000] {dag.py:3504} INFO - Setting next_dagrun for example_trigger_controller_dag to 2021-01-01T00:00:00+00:00, run_after=2021-01-01T00:00:00+00:00
[2024-04-29T08:16:01.789+0000] {processor.py:179} INFO - Processing /usr/local/python/3.10.13/lib/python3.10/site-packages/airflow/example_dags/example_trigger_controller_dag.py took 0.073 seconds
[2024-04-29T08:16:38.997+0000] {processor.py:157} INFO - Started process (PID=20951) to work on /usr/local/python/3.10.13/lib/python3.10/site-packages/airflow/example_dags/example_trigger_controller_dag.py
[2024-04-29T08:16:38.998+0000] {processor.py:826} INFO - Processing file /usr/local/python/3.10.13/lib/python3.10/site-packages/airflow/example_dags/example_trigger_controller_dag.py for tasks to queue
[2024-04-29T08:16:38.999+0000] {logging_mixin.py:150} INFO - [2024-04-29T08:16:38.998+0000] {dagbag.py:541} INFO - Filling up the DagBag from /usr/local/python/3.10.13/lib/python3.10/site-packages/airflow/example_dags/example_trigger_controller_dag.py
[2024-04-29T08:16:39.004+0000] {processor.py:836} INFO - DAG(s) dict_keys(['example_trigger_controller_dag']) retrieved from /usr/local/python/3.10.13/lib/python3.10/site-packages/airflow/example_dags/example_trigger_controller_dag.py
[2024-04-29T08:16:39.023+0000] {logging_mixin.py:150} INFO - [2024-04-29T08:16:39.023+0000] {dag.py:2742} INFO - Sync 1 DAGs
[2024-04-29T08:16:39.048+0000] {logging_mixin.py:150} INFO - [2024-04-29T08:16:39.047+0000] {dag.py:3504} INFO - Setting next_dagrun for example_trigger_controller_dag to 2021-01-01T00:00:00+00:00, run_after=2021-01-01T00:00:00+00:00
[2024-04-29T08:16:39.112+0000] {processor.py:179} INFO - Processing /usr/local/python/3.10.13/lib/python3.10/site-packages/airflow/example_dags/example_trigger_controller_dag.py took 0.117 seconds
