[2024-04-29T08:44:18.329+0000] {processor.py:157} INFO - Started process (PID=32442) to work on /usr/local/python/3.10.13/lib/python3.10/site-packages/airflow/example_dags/example_latest_only.py
[2024-04-29T08:44:18.329+0000] {processor.py:826} INFO - Processing file /usr/local/python/3.10.13/lib/python3.10/site-packages/airflow/example_dags/example_latest_only.py for tasks to queue
[2024-04-29T08:44:18.330+0000] {logging_mixin.py:150} INFO - [2024-04-29T08:44:18.330+0000] {dagbag.py:541} INFO - Filling up the DagBag from /usr/local/python/3.10.13/lib/python3.10/site-packages/airflow/example_dags/example_latest_only.py
[2024-04-29T08:44:18.346+0000] {processor.py:836} INFO - DAG(s) dict_keys(['latest_only']) retrieved from /usr/local/python/3.10.13/lib/python3.10/site-packages/airflow/example_dags/example_latest_only.py
[2024-04-29T08:44:18.484+0000] {logging_mixin.py:150} INFO - [2024-04-29T08:44:18.484+0000] {manager.py:504} INFO - Created Permission View: can read on DAG:latest_only
[2024-04-29T08:44:18.514+0000] {logging_mixin.py:150} INFO - [2024-04-29T08:44:18.514+0000] {manager.py:504} INFO - Created Permission View: can delete on DAG:latest_only
[2024-04-29T08:44:18.540+0000] {logging_mixin.py:150} INFO - [2024-04-29T08:44:18.539+0000] {manager.py:504} INFO - Created Permission View: can edit on DAG:latest_only
[2024-04-29T08:44:18.549+0000] {logging_mixin.py:150} INFO - [2024-04-29T08:44:18.549+0000] {dag.py:2742} INFO - Sync 1 DAGs
[2024-04-29T08:44:18.569+0000] {logging_mixin.py:150} INFO - [2024-04-29T08:44:18.569+0000] {dag.py:2763} INFO - Creating ORM DAG for latest_only
[2024-04-29T08:44:18.580+0000] {logging_mixin.py:150} INFO - [2024-04-29T08:44:18.579+0000] {dag.py:3504} INFO - Setting next_dagrun for latest_only to 2024-04-29T04:44:18.579625+00:00, run_after=2024-04-29T08:44:18.579625+00:00
[2024-04-29T08:44:18.620+0000] {processor.py:179} INFO - Processing /usr/local/python/3.10.13/lib/python3.10/site-packages/airflow/example_dags/example_latest_only.py took 0.295 seconds
[2024-04-29T08:46:55.520+0000] {processor.py:157} INFO - Started process (PID=33749) to work on /usr/local/python/3.10.13/lib/python3.10/site-packages/airflow/example_dags/example_latest_only.py
[2024-04-29T08:46:55.521+0000] {processor.py:826} INFO - Processing file /usr/local/python/3.10.13/lib/python3.10/site-packages/airflow/example_dags/example_latest_only.py for tasks to queue
[2024-04-29T08:46:55.522+0000] {logging_mixin.py:150} INFO - [2024-04-29T08:46:55.521+0000] {dagbag.py:541} INFO - Filling up the DagBag from /usr/local/python/3.10.13/lib/python3.10/site-packages/airflow/example_dags/example_latest_only.py
[2024-04-29T08:46:55.526+0000] {processor.py:836} INFO - DAG(s) dict_keys(['latest_only']) retrieved from /usr/local/python/3.10.13/lib/python3.10/site-packages/airflow/example_dags/example_latest_only.py
[2024-04-29T08:46:55.539+0000] {logging_mixin.py:150} INFO - [2024-04-29T08:46:55.539+0000] {dag.py:2742} INFO - Sync 1 DAGs
[2024-04-29T08:46:55.561+0000] {logging_mixin.py:150} INFO - [2024-04-29T08:46:55.560+0000] {dag.py:3504} INFO - Setting next_dagrun for latest_only to 2024-04-29T04:46:55.560606+00:00, run_after=2024-04-29T08:46:55.560606+00:00
[2024-04-29T08:46:55.596+0000] {processor.py:179} INFO - Processing /usr/local/python/3.10.13/lib/python3.10/site-packages/airflow/example_dags/example_latest_only.py took 0.079 seconds
[2024-04-29T08:47:52.196+0000] {processor.py:157} INFO - Started process (PID=34145) to work on /usr/local/python/3.10.13/lib/python3.10/site-packages/airflow/example_dags/example_latest_only.py
[2024-04-29T08:47:52.197+0000] {processor.py:826} INFO - Processing file /usr/local/python/3.10.13/lib/python3.10/site-packages/airflow/example_dags/example_latest_only.py for tasks to queue
[2024-04-29T08:47:52.197+0000] {logging_mixin.py:150} INFO - [2024-04-29T08:47:52.197+0000] {dagbag.py:541} INFO - Filling up the DagBag from /usr/local/python/3.10.13/lib/python3.10/site-packages/airflow/example_dags/example_latest_only.py
[2024-04-29T08:47:52.202+0000] {processor.py:836} INFO - DAG(s) dict_keys(['latest_only']) retrieved from /usr/local/python/3.10.13/lib/python3.10/site-packages/airflow/example_dags/example_latest_only.py
[2024-04-29T08:47:52.215+0000] {logging_mixin.py:150} INFO - [2024-04-29T08:47:52.214+0000] {dag.py:2742} INFO - Sync 1 DAGs
[2024-04-29T08:47:52.230+0000] {logging_mixin.py:150} INFO - [2024-04-29T08:47:52.230+0000] {dag.py:3504} INFO - Setting next_dagrun for latest_only to 2024-04-29T04:47:52.230543+00:00, run_after=2024-04-29T08:47:52.230543+00:00
[2024-04-29T08:47:52.267+0000] {processor.py:179} INFO - Processing /usr/local/python/3.10.13/lib/python3.10/site-packages/airflow/example_dags/example_latest_only.py took 0.074 seconds
