[2024-04-29T07:42:42.879+0000] {processor.py:157} INFO - Started process (PID=5217) to work on /usr/local/python/3.10.13/lib/python3.10/site-packages/airflow/example_dags/example_dag_decorator.py
[2024-04-29T07:42:42.880+0000] {processor.py:826} INFO - Processing file /usr/local/python/3.10.13/lib/python3.10/site-packages/airflow/example_dags/example_dag_decorator.py for tasks to queue
[2024-04-29T07:42:42.881+0000] {logging_mixin.py:150} INFO - [2024-04-29T07:42:42.880+0000] {dagbag.py:541} INFO - Filling up the DagBag from /usr/local/python/3.10.13/lib/python3.10/site-packages/airflow/example_dags/example_dag_decorator.py
[2024-04-29T07:42:42.890+0000] {processor.py:836} INFO - DAG(s) dict_keys(['example_dag_decorator']) retrieved from /usr/local/python/3.10.13/lib/python3.10/site-packages/airflow/example_dags/example_dag_decorator.py
[2024-04-29T07:42:43.019+0000] {logging_mixin.py:150} INFO - [2024-04-29T07:42:43.019+0000] {manager.py:504} INFO - Created Permission View: can edit on DAG:example_dag_decorator
[2024-04-29T07:42:43.048+0000] {logging_mixin.py:150} INFO - [2024-04-29T07:42:43.048+0000] {manager.py:504} INFO - Created Permission View: can read on DAG:example_dag_decorator
[2024-04-29T07:42:43.073+0000] {logging_mixin.py:150} INFO - [2024-04-29T07:42:43.073+0000] {manager.py:504} INFO - Created Permission View: can delete on DAG:example_dag_decorator
[2024-04-29T07:42:43.082+0000] {logging_mixin.py:150} INFO - [2024-04-29T07:42:43.082+0000] {dag.py:2742} INFO - Sync 1 DAGs
[2024-04-29T07:42:43.089+0000] {logging_mixin.py:150} INFO - [2024-04-29T07:42:43.089+0000] {dag.py:2763} INFO - Creating ORM DAG for example_dag_decorator
[2024-04-29T07:42:43.097+0000] {logging_mixin.py:150} INFO - [2024-04-29T07:42:43.097+0000] {dag.py:3504} INFO - Setting next_dagrun for example_dag_decorator to None, run_after=None
[2024-04-29T07:42:43.140+0000] {processor.py:179} INFO - Processing /usr/local/python/3.10.13/lib/python3.10/site-packages/airflow/example_dags/example_dag_decorator.py took 0.263 seconds
[2024-04-29T07:43:30.395+0000] {processor.py:157} INFO - Started process (PID=5550) to work on /usr/local/python/3.10.13/lib/python3.10/site-packages/airflow/example_dags/example_dag_decorator.py
[2024-04-29T07:43:30.396+0000] {processor.py:826} INFO - Processing file /usr/local/python/3.10.13/lib/python3.10/site-packages/airflow/example_dags/example_dag_decorator.py for tasks to queue
[2024-04-29T07:43:30.396+0000] {logging_mixin.py:150} INFO - [2024-04-29T07:43:30.396+0000] {dagbag.py:541} INFO - Filling up the DagBag from /usr/local/python/3.10.13/lib/python3.10/site-packages/airflow/example_dags/example_dag_decorator.py
[2024-04-29T07:43:30.407+0000] {processor.py:836} INFO - DAG(s) dict_keys(['example_dag_decorator']) retrieved from /usr/local/python/3.10.13/lib/python3.10/site-packages/airflow/example_dags/example_dag_decorator.py
[2024-04-29T07:43:30.497+0000] {logging_mixin.py:150} INFO - [2024-04-29T07:43:30.497+0000] {dag.py:2742} INFO - Sync 1 DAGs
[2024-04-29T07:43:30.512+0000] {logging_mixin.py:150} INFO - [2024-04-29T07:43:30.512+0000] {dag.py:3504} INFO - Setting next_dagrun for example_dag_decorator to None, run_after=None
[2024-04-29T07:43:30.548+0000] {processor.py:179} INFO - Processing /usr/local/python/3.10.13/lib/python3.10/site-packages/airflow/example_dags/example_dag_decorator.py took 0.155 seconds
[2024-04-29T07:44:17.427+0000] {processor.py:157} INFO - Started process (PID=5864) to work on /usr/local/python/3.10.13/lib/python3.10/site-packages/airflow/example_dags/example_dag_decorator.py
[2024-04-29T07:44:17.427+0000] {processor.py:826} INFO - Processing file /usr/local/python/3.10.13/lib/python3.10/site-packages/airflow/example_dags/example_dag_decorator.py for tasks to queue
[2024-04-29T07:44:17.428+0000] {logging_mixin.py:150} INFO - [2024-04-29T07:44:17.428+0000] {dagbag.py:541} INFO - Filling up the DagBag from /usr/local/python/3.10.13/lib/python3.10/site-packages/airflow/example_dags/example_dag_decorator.py
[2024-04-29T07:44:17.437+0000] {processor.py:836} INFO - DAG(s) dict_keys(['example_dag_decorator']) retrieved from /usr/local/python/3.10.13/lib/python3.10/site-packages/airflow/example_dags/example_dag_decorator.py
[2024-04-29T07:44:17.521+0000] {logging_mixin.py:150} INFO - [2024-04-29T07:44:17.521+0000] {dag.py:2742} INFO - Sync 1 DAGs
[2024-04-29T07:44:17.535+0000] {logging_mixin.py:150} INFO - [2024-04-29T07:44:17.535+0000] {dag.py:3504} INFO - Setting next_dagrun for example_dag_decorator to None, run_after=None
[2024-04-29T07:44:17.572+0000] {processor.py:179} INFO - Processing /usr/local/python/3.10.13/lib/python3.10/site-packages/airflow/example_dags/example_dag_decorator.py took 0.147 seconds
[2024-04-29T07:45:05.206+0000] {processor.py:157} INFO - Started process (PID=6197) to work on /usr/local/python/3.10.13/lib/python3.10/site-packages/airflow/example_dags/example_dag_decorator.py
[2024-04-29T07:45:05.207+0000] {processor.py:826} INFO - Processing file /usr/local/python/3.10.13/lib/python3.10/site-packages/airflow/example_dags/example_dag_decorator.py for tasks to queue
[2024-04-29T07:45:05.208+0000] {logging_mixin.py:150} INFO - [2024-04-29T07:45:05.208+0000] {dagbag.py:541} INFO - Filling up the DagBag from /usr/local/python/3.10.13/lib/python3.10/site-packages/airflow/example_dags/example_dag_decorator.py
[2024-04-29T07:45:05.226+0000] {processor.py:836} INFO - DAG(s) dict_keys(['example_dag_decorator']) retrieved from /usr/local/python/3.10.13/lib/python3.10/site-packages/airflow/example_dags/example_dag_decorator.py
[2024-04-29T07:45:05.316+0000] {logging_mixin.py:150} INFO - [2024-04-29T07:45:05.316+0000] {dag.py:2742} INFO - Sync 1 DAGs
[2024-04-29T07:45:05.331+0000] {logging_mixin.py:150} INFO - [2024-04-29T07:45:05.331+0000] {dag.py:3504} INFO - Setting next_dagrun for example_dag_decorator to None, run_after=None
[2024-04-29T07:45:05.368+0000] {processor.py:179} INFO - Processing /usr/local/python/3.10.13/lib/python3.10/site-packages/airflow/example_dags/example_dag_decorator.py took 0.167 seconds
[2024-04-29T07:45:50.543+0000] {processor.py:157} INFO - Started process (PID=6496) to work on /usr/local/python/3.10.13/lib/python3.10/site-packages/airflow/example_dags/example_dag_decorator.py
[2024-04-29T07:45:50.544+0000] {processor.py:826} INFO - Processing file /usr/local/python/3.10.13/lib/python3.10/site-packages/airflow/example_dags/example_dag_decorator.py for tasks to queue
[2024-04-29T07:45:50.544+0000] {logging_mixin.py:150} INFO - [2024-04-29T07:45:50.544+0000] {dagbag.py:541} INFO - Filling up the DagBag from /usr/local/python/3.10.13/lib/python3.10/site-packages/airflow/example_dags/example_dag_decorator.py
[2024-04-29T07:45:50.553+0000] {processor.py:836} INFO - DAG(s) dict_keys(['example_dag_decorator']) retrieved from /usr/local/python/3.10.13/lib/python3.10/site-packages/airflow/example_dags/example_dag_decorator.py
[2024-04-29T07:45:50.636+0000] {logging_mixin.py:150} INFO - [2024-04-29T07:45:50.636+0000] {dag.py:2742} INFO - Sync 1 DAGs
[2024-04-29T07:45:50.650+0000] {logging_mixin.py:150} INFO - [2024-04-29T07:45:50.650+0000] {dag.py:3504} INFO - Setting next_dagrun for example_dag_decorator to None, run_after=None
[2024-04-29T07:45:50.687+0000] {processor.py:179} INFO - Processing /usr/local/python/3.10.13/lib/python3.10/site-packages/airflow/example_dags/example_dag_decorator.py took 0.146 seconds
[2024-04-29T07:49:09.031+0000] {processor.py:157} INFO - Started process (PID=8373) to work on /usr/local/python/3.10.13/lib/python3.10/site-packages/airflow/example_dags/example_dag_decorator.py
[2024-04-29T07:49:09.031+0000] {processor.py:826} INFO - Processing file /usr/local/python/3.10.13/lib/python3.10/site-packages/airflow/example_dags/example_dag_decorator.py for tasks to queue
[2024-04-29T07:49:09.032+0000] {logging_mixin.py:150} INFO - [2024-04-29T07:49:09.032+0000] {dagbag.py:541} INFO - Filling up the DagBag from /usr/local/python/3.10.13/lib/python3.10/site-packages/airflow/example_dags/example_dag_decorator.py
[2024-04-29T07:49:09.041+0000] {processor.py:836} INFO - DAG(s) dict_keys(['example_dag_decorator']) retrieved from /usr/local/python/3.10.13/lib/python3.10/site-packages/airflow/example_dags/example_dag_decorator.py
[2024-04-29T07:49:09.127+0000] {logging_mixin.py:150} INFO - [2024-04-29T07:49:09.127+0000] {dag.py:2742} INFO - Sync 1 DAGs
[2024-04-29T07:49:09.141+0000] {logging_mixin.py:150} INFO - [2024-04-29T07:49:09.141+0000] {dag.py:3504} INFO - Setting next_dagrun for example_dag_decorator to None, run_after=None
[2024-04-29T07:49:09.177+0000] {processor.py:179} INFO - Processing /usr/local/python/3.10.13/lib/python3.10/site-packages/airflow/example_dags/example_dag_decorator.py took 0.149 seconds
[2024-04-29T07:49:55.471+0000] {processor.py:157} INFO - Started process (PID=8689) to work on /usr/local/python/3.10.13/lib/python3.10/site-packages/airflow/example_dags/example_dag_decorator.py
[2024-04-29T07:49:55.472+0000] {processor.py:826} INFO - Processing file /usr/local/python/3.10.13/lib/python3.10/site-packages/airflow/example_dags/example_dag_decorator.py for tasks to queue
[2024-04-29T07:49:55.473+0000] {logging_mixin.py:150} INFO - [2024-04-29T07:49:55.472+0000] {dagbag.py:541} INFO - Filling up the DagBag from /usr/local/python/3.10.13/lib/python3.10/site-packages/airflow/example_dags/example_dag_decorator.py
[2024-04-29T07:49:55.482+0000] {processor.py:836} INFO - DAG(s) dict_keys(['example_dag_decorator']) retrieved from /usr/local/python/3.10.13/lib/python3.10/site-packages/airflow/example_dags/example_dag_decorator.py
[2024-04-29T07:49:55.566+0000] {logging_mixin.py:150} INFO - [2024-04-29T07:49:55.566+0000] {dag.py:2742} INFO - Sync 1 DAGs
[2024-04-29T07:49:55.580+0000] {logging_mixin.py:150} INFO - [2024-04-29T07:49:55.580+0000] {dag.py:3504} INFO - Setting next_dagrun for example_dag_decorator to None, run_after=None
[2024-04-29T07:49:55.616+0000] {processor.py:179} INFO - Processing /usr/local/python/3.10.13/lib/python3.10/site-packages/airflow/example_dags/example_dag_decorator.py took 0.147 seconds
[2024-04-29T07:50:44.899+0000] {processor.py:157} INFO - Started process (PID=9032) to work on /usr/local/python/3.10.13/lib/python3.10/site-packages/airflow/example_dags/example_dag_decorator.py
[2024-04-29T07:50:44.899+0000] {processor.py:826} INFO - Processing file /usr/local/python/3.10.13/lib/python3.10/site-packages/airflow/example_dags/example_dag_decorator.py for tasks to queue
[2024-04-29T07:50:44.900+0000] {logging_mixin.py:150} INFO - [2024-04-29T07:50:44.900+0000] {dagbag.py:541} INFO - Filling up the DagBag from /usr/local/python/3.10.13/lib/python3.10/site-packages/airflow/example_dags/example_dag_decorator.py
[2024-04-29T07:50:44.909+0000] {processor.py:836} INFO - DAG(s) dict_keys(['example_dag_decorator']) retrieved from /usr/local/python/3.10.13/lib/python3.10/site-packages/airflow/example_dags/example_dag_decorator.py
[2024-04-29T07:50:44.992+0000] {logging_mixin.py:150} INFO - [2024-04-29T07:50:44.992+0000] {dag.py:2742} INFO - Sync 1 DAGs
[2024-04-29T07:50:45.006+0000] {logging_mixin.py:150} INFO - [2024-04-29T07:50:45.006+0000] {dag.py:3504} INFO - Setting next_dagrun for example_dag_decorator to None, run_after=None
[2024-04-29T07:50:45.041+0000] {processor.py:179} INFO - Processing /usr/local/python/3.10.13/lib/python3.10/site-packages/airflow/example_dags/example_dag_decorator.py took 0.145 seconds
[2024-04-29T07:51:45.508+0000] {processor.py:157} INFO - Started process (PID=9925) to work on /usr/local/python/3.10.13/lib/python3.10/site-packages/airflow/example_dags/example_dag_decorator.py
[2024-04-29T07:51:45.509+0000] {processor.py:826} INFO - Processing file /usr/local/python/3.10.13/lib/python3.10/site-packages/airflow/example_dags/example_dag_decorator.py for tasks to queue
[2024-04-29T07:51:45.510+0000] {logging_mixin.py:150} INFO - [2024-04-29T07:51:45.509+0000] {dagbag.py:541} INFO - Filling up the DagBag from /usr/local/python/3.10.13/lib/python3.10/site-packages/airflow/example_dags/example_dag_decorator.py
[2024-04-29T07:51:45.519+0000] {processor.py:836} INFO - DAG(s) dict_keys(['example_dag_decorator']) retrieved from /usr/local/python/3.10.13/lib/python3.10/site-packages/airflow/example_dags/example_dag_decorator.py
[2024-04-29T07:51:45.611+0000] {logging_mixin.py:150} INFO - [2024-04-29T07:51:45.611+0000] {dag.py:2742} INFO - Sync 1 DAGs
[2024-04-29T07:51:45.626+0000] {logging_mixin.py:150} INFO - [2024-04-29T07:51:45.625+0000] {dag.py:3504} INFO - Setting next_dagrun for example_dag_decorator to None, run_after=None
[2024-04-29T07:51:45.661+0000] {processor.py:179} INFO - Processing /usr/local/python/3.10.13/lib/python3.10/site-packages/airflow/example_dags/example_dag_decorator.py took 0.155 seconds
[2024-04-29T07:52:36.215+0000] {processor.py:157} INFO - Started process (PID=10512) to work on /usr/local/python/3.10.13/lib/python3.10/site-packages/airflow/example_dags/example_dag_decorator.py
[2024-04-29T07:52:36.216+0000] {processor.py:826} INFO - Processing file /usr/local/python/3.10.13/lib/python3.10/site-packages/airflow/example_dags/example_dag_decorator.py for tasks to queue
[2024-04-29T07:52:36.217+0000] {logging_mixin.py:150} INFO - [2024-04-29T07:52:36.216+0000] {dagbag.py:541} INFO - Filling up the DagBag from /usr/local/python/3.10.13/lib/python3.10/site-packages/airflow/example_dags/example_dag_decorator.py
[2024-04-29T07:52:36.226+0000] {processor.py:836} INFO - DAG(s) dict_keys(['example_dag_decorator']) retrieved from /usr/local/python/3.10.13/lib/python3.10/site-packages/airflow/example_dags/example_dag_decorator.py
[2024-04-29T07:52:36.312+0000] {logging_mixin.py:150} INFO - [2024-04-29T07:52:36.311+0000] {dag.py:2742} INFO - Sync 1 DAGs
[2024-04-29T07:52:36.326+0000] {logging_mixin.py:150} INFO - [2024-04-29T07:52:36.326+0000] {dag.py:3504} INFO - Setting next_dagrun for example_dag_decorator to None, run_after=None
[2024-04-29T07:52:36.360+0000] {processor.py:179} INFO - Processing /usr/local/python/3.10.13/lib/python3.10/site-packages/airflow/example_dags/example_dag_decorator.py took 0.147 seconds
[2024-04-29T07:53:20.345+0000] {processor.py:157} INFO - Started process (PID=10826) to work on /usr/local/python/3.10.13/lib/python3.10/site-packages/airflow/example_dags/example_dag_decorator.py
[2024-04-29T07:53:20.346+0000] {processor.py:826} INFO - Processing file /usr/local/python/3.10.13/lib/python3.10/site-packages/airflow/example_dags/example_dag_decorator.py for tasks to queue
[2024-04-29T07:53:20.346+0000] {logging_mixin.py:150} INFO - [2024-04-29T07:53:20.346+0000] {dagbag.py:541} INFO - Filling up the DagBag from /usr/local/python/3.10.13/lib/python3.10/site-packages/airflow/example_dags/example_dag_decorator.py
[2024-04-29T07:53:20.361+0000] {processor.py:836} INFO - DAG(s) dict_keys(['example_dag_decorator']) retrieved from /usr/local/python/3.10.13/lib/python3.10/site-packages/airflow/example_dags/example_dag_decorator.py
[2024-04-29T07:53:20.465+0000] {logging_mixin.py:150} INFO - [2024-04-29T07:53:20.465+0000] {dag.py:2742} INFO - Sync 1 DAGs
[2024-04-29T07:53:20.480+0000] {logging_mixin.py:150} INFO - [2024-04-29T07:53:20.480+0000] {dag.py:3504} INFO - Setting next_dagrun for example_dag_decorator to None, run_after=None
[2024-04-29T07:53:20.530+0000] {processor.py:179} INFO - Processing /usr/local/python/3.10.13/lib/python3.10/site-packages/airflow/example_dags/example_dag_decorator.py took 0.189 seconds
[2024-04-29T07:54:16.379+0000] {processor.py:157} INFO - Started process (PID=11275) to work on /usr/local/python/3.10.13/lib/python3.10/site-packages/airflow/example_dags/example_dag_decorator.py
[2024-04-29T07:54:16.380+0000] {processor.py:826} INFO - Processing file /usr/local/python/3.10.13/lib/python3.10/site-packages/airflow/example_dags/example_dag_decorator.py for tasks to queue
[2024-04-29T07:54:16.380+0000] {logging_mixin.py:150} INFO - [2024-04-29T07:54:16.380+0000] {dagbag.py:541} INFO - Filling up the DagBag from /usr/local/python/3.10.13/lib/python3.10/site-packages/airflow/example_dags/example_dag_decorator.py
[2024-04-29T07:54:16.389+0000] {processor.py:836} INFO - DAG(s) dict_keys(['example_dag_decorator']) retrieved from /usr/local/python/3.10.13/lib/python3.10/site-packages/airflow/example_dags/example_dag_decorator.py
[2024-04-29T07:54:16.482+0000] {logging_mixin.py:150} INFO - [2024-04-29T07:54:16.482+0000] {dag.py:2742} INFO - Sync 1 DAGs
[2024-04-29T07:54:16.497+0000] {logging_mixin.py:150} INFO - [2024-04-29T07:54:16.497+0000] {dag.py:3504} INFO - Setting next_dagrun for example_dag_decorator to None, run_after=None
[2024-04-29T07:54:16.534+0000] {processor.py:179} INFO - Processing /usr/local/python/3.10.13/lib/python3.10/site-packages/airflow/example_dags/example_dag_decorator.py took 0.157 seconds
[2024-04-29T07:55:06.261+0000] {processor.py:157} INFO - Started process (PID=11648) to work on /usr/local/python/3.10.13/lib/python3.10/site-packages/airflow/example_dags/example_dag_decorator.py
[2024-04-29T07:55:06.262+0000] {processor.py:826} INFO - Processing file /usr/local/python/3.10.13/lib/python3.10/site-packages/airflow/example_dags/example_dag_decorator.py for tasks to queue
[2024-04-29T07:55:06.262+0000] {logging_mixin.py:150} INFO - [2024-04-29T07:55:06.262+0000] {dagbag.py:541} INFO - Filling up the DagBag from /usr/local/python/3.10.13/lib/python3.10/site-packages/airflow/example_dags/example_dag_decorator.py
[2024-04-29T07:55:06.272+0000] {processor.py:836} INFO - DAG(s) dict_keys(['example_dag_decorator']) retrieved from /usr/local/python/3.10.13/lib/python3.10/site-packages/airflow/example_dags/example_dag_decorator.py
[2024-04-29T07:55:06.358+0000] {logging_mixin.py:150} INFO - [2024-04-29T07:55:06.358+0000] {dag.py:2742} INFO - Sync 1 DAGs
[2024-04-29T07:55:06.374+0000] {logging_mixin.py:150} INFO - [2024-04-29T07:55:06.374+0000] {dag.py:3504} INFO - Setting next_dagrun for example_dag_decorator to None, run_after=None
[2024-04-29T07:55:06.409+0000] {processor.py:179} INFO - Processing /usr/local/python/3.10.13/lib/python3.10/site-packages/airflow/example_dags/example_dag_decorator.py took 0.150 seconds
[2024-04-29T07:56:01.107+0000] {processor.py:157} INFO - Started process (PID=12045) to work on /usr/local/python/3.10.13/lib/python3.10/site-packages/airflow/example_dags/example_dag_decorator.py
[2024-04-29T07:56:01.108+0000] {processor.py:826} INFO - Processing file /usr/local/python/3.10.13/lib/python3.10/site-packages/airflow/example_dags/example_dag_decorator.py for tasks to queue
[2024-04-29T07:56:01.108+0000] {logging_mixin.py:150} INFO - [2024-04-29T07:56:01.108+0000] {dagbag.py:541} INFO - Filling up the DagBag from /usr/local/python/3.10.13/lib/python3.10/site-packages/airflow/example_dags/example_dag_decorator.py
[2024-04-29T07:56:01.118+0000] {processor.py:836} INFO - DAG(s) dict_keys(['example_dag_decorator']) retrieved from /usr/local/python/3.10.13/lib/python3.10/site-packages/airflow/example_dags/example_dag_decorator.py
[2024-04-29T07:56:01.216+0000] {logging_mixin.py:150} INFO - [2024-04-29T07:56:01.216+0000] {dag.py:2742} INFO - Sync 1 DAGs
[2024-04-29T07:56:01.241+0000] {logging_mixin.py:150} INFO - [2024-04-29T07:56:01.241+0000] {dag.py:3504} INFO - Setting next_dagrun for example_dag_decorator to None, run_after=None
[2024-04-29T07:56:01.290+0000] {processor.py:179} INFO - Processing /usr/local/python/3.10.13/lib/python3.10/site-packages/airflow/example_dags/example_dag_decorator.py took 0.186 seconds
[2024-04-29T07:57:02.685+0000] {processor.py:157} INFO - Started process (PID=12500) to work on /usr/local/python/3.10.13/lib/python3.10/site-packages/airflow/example_dags/example_dag_decorator.py
[2024-04-29T07:57:02.685+0000] {processor.py:826} INFO - Processing file /usr/local/python/3.10.13/lib/python3.10/site-packages/airflow/example_dags/example_dag_decorator.py for tasks to queue
[2024-04-29T07:57:02.686+0000] {logging_mixin.py:150} INFO - [2024-04-29T07:57:02.685+0000] {dagbag.py:541} INFO - Filling up the DagBag from /usr/local/python/3.10.13/lib/python3.10/site-packages/airflow/example_dags/example_dag_decorator.py
[2024-04-29T07:57:02.695+0000] {processor.py:836} INFO - DAG(s) dict_keys(['example_dag_decorator']) retrieved from /usr/local/python/3.10.13/lib/python3.10/site-packages/airflow/example_dags/example_dag_decorator.py
[2024-04-29T07:57:02.784+0000] {logging_mixin.py:150} INFO - [2024-04-29T07:57:02.783+0000] {dag.py:2742} INFO - Sync 1 DAGs
[2024-04-29T07:57:02.798+0000] {logging_mixin.py:150} INFO - [2024-04-29T07:57:02.798+0000] {dag.py:3504} INFO - Setting next_dagrun for example_dag_decorator to None, run_after=None
[2024-04-29T07:57:02.834+0000] {processor.py:179} INFO - Processing /usr/local/python/3.10.13/lib/python3.10/site-packages/airflow/example_dags/example_dag_decorator.py took 0.152 seconds
[2024-04-29T07:58:05.259+0000] {processor.py:157} INFO - Started process (PID=12964) to work on /usr/local/python/3.10.13/lib/python3.10/site-packages/airflow/example_dags/example_dag_decorator.py
[2024-04-29T07:58:05.259+0000] {processor.py:826} INFO - Processing file /usr/local/python/3.10.13/lib/python3.10/site-packages/airflow/example_dags/example_dag_decorator.py for tasks to queue
[2024-04-29T07:58:05.260+0000] {logging_mixin.py:150} INFO - [2024-04-29T07:58:05.260+0000] {dagbag.py:541} INFO - Filling up the DagBag from /usr/local/python/3.10.13/lib/python3.10/site-packages/airflow/example_dags/example_dag_decorator.py
[2024-04-29T07:58:05.294+0000] {processor.py:836} INFO - DAG(s) dict_keys(['example_dag_decorator']) retrieved from /usr/local/python/3.10.13/lib/python3.10/site-packages/airflow/example_dags/example_dag_decorator.py
[2024-04-29T07:58:05.405+0000] {logging_mixin.py:150} INFO - [2024-04-29T07:58:05.405+0000] {dag.py:2742} INFO - Sync 1 DAGs
[2024-04-29T07:58:05.419+0000] {logging_mixin.py:150} INFO - [2024-04-29T07:58:05.419+0000] {dag.py:3504} INFO - Setting next_dagrun for example_dag_decorator to None, run_after=None
[2024-04-29T07:58:05.469+0000] {processor.py:179} INFO - Processing /usr/local/python/3.10.13/lib/python3.10/site-packages/airflow/example_dags/example_dag_decorator.py took 0.214 seconds
[2024-04-29T07:59:02.839+0000] {processor.py:157} INFO - Started process (PID=13385) to work on /usr/local/python/3.10.13/lib/python3.10/site-packages/airflow/example_dags/example_dag_decorator.py
[2024-04-29T07:59:02.843+0000] {processor.py:826} INFO - Processing file /usr/local/python/3.10.13/lib/python3.10/site-packages/airflow/example_dags/example_dag_decorator.py for tasks to queue
[2024-04-29T07:59:02.844+0000] {logging_mixin.py:150} INFO - [2024-04-29T07:59:02.844+0000] {dagbag.py:541} INFO - Filling up the DagBag from /usr/local/python/3.10.13/lib/python3.10/site-packages/airflow/example_dags/example_dag_decorator.py
[2024-04-29T07:59:02.872+0000] {processor.py:836} INFO - DAG(s) dict_keys(['example_dag_decorator']) retrieved from /usr/local/python/3.10.13/lib/python3.10/site-packages/airflow/example_dags/example_dag_decorator.py
[2024-04-29T07:59:02.972+0000] {logging_mixin.py:150} INFO - [2024-04-29T07:59:02.972+0000] {dag.py:2742} INFO - Sync 1 DAGs
[2024-04-29T07:59:02.986+0000] {logging_mixin.py:150} INFO - [2024-04-29T07:59:02.986+0000] {dag.py:3504} INFO - Setting next_dagrun for example_dag_decorator to None, run_after=None
[2024-04-29T07:59:03.027+0000] {processor.py:179} INFO - Processing /usr/local/python/3.10.13/lib/python3.10/site-packages/airflow/example_dags/example_dag_decorator.py took 0.191 seconds
[2024-04-29T07:59:57.334+0000] {processor.py:157} INFO - Started process (PID=13755) to work on /usr/local/python/3.10.13/lib/python3.10/site-packages/airflow/example_dags/example_dag_decorator.py
[2024-04-29T07:59:57.335+0000] {processor.py:826} INFO - Processing file /usr/local/python/3.10.13/lib/python3.10/site-packages/airflow/example_dags/example_dag_decorator.py for tasks to queue
[2024-04-29T07:59:57.336+0000] {logging_mixin.py:150} INFO - [2024-04-29T07:59:57.335+0000] {dagbag.py:541} INFO - Filling up the DagBag from /usr/local/python/3.10.13/lib/python3.10/site-packages/airflow/example_dags/example_dag_decorator.py
[2024-04-29T07:59:57.345+0000] {processor.py:836} INFO - DAG(s) dict_keys(['example_dag_decorator']) retrieved from /usr/local/python/3.10.13/lib/python3.10/site-packages/airflow/example_dags/example_dag_decorator.py
[2024-04-29T07:59:57.433+0000] {logging_mixin.py:150} INFO - [2024-04-29T07:59:57.433+0000] {dag.py:2742} INFO - Sync 1 DAGs
[2024-04-29T07:59:57.446+0000] {logging_mixin.py:150} INFO - [2024-04-29T07:59:57.446+0000] {dag.py:3504} INFO - Setting next_dagrun for example_dag_decorator to None, run_after=None
[2024-04-29T07:59:57.494+0000] {processor.py:179} INFO - Processing /usr/local/python/3.10.13/lib/python3.10/site-packages/airflow/example_dags/example_dag_decorator.py took 0.162 seconds
[2024-04-29T08:00:46.519+0000] {processor.py:157} INFO - Started process (PID=14114) to work on /usr/local/python/3.10.13/lib/python3.10/site-packages/airflow/example_dags/example_dag_decorator.py
[2024-04-29T08:00:46.520+0000] {processor.py:826} INFO - Processing file /usr/local/python/3.10.13/lib/python3.10/site-packages/airflow/example_dags/example_dag_decorator.py for tasks to queue
[2024-04-29T08:00:46.520+0000] {logging_mixin.py:150} INFO - [2024-04-29T08:00:46.520+0000] {dagbag.py:541} INFO - Filling up the DagBag from /usr/local/python/3.10.13/lib/python3.10/site-packages/airflow/example_dags/example_dag_decorator.py
[2024-04-29T08:00:46.529+0000] {processor.py:836} INFO - DAG(s) dict_keys(['example_dag_decorator']) retrieved from /usr/local/python/3.10.13/lib/python3.10/site-packages/airflow/example_dags/example_dag_decorator.py
[2024-04-29T08:00:46.615+0000] {logging_mixin.py:150} INFO - [2024-04-29T08:00:46.615+0000] {dag.py:2742} INFO - Sync 1 DAGs
[2024-04-29T08:00:46.629+0000] {logging_mixin.py:150} INFO - [2024-04-29T08:00:46.629+0000] {dag.py:3504} INFO - Setting next_dagrun for example_dag_decorator to None, run_after=None
[2024-04-29T08:00:46.679+0000] {processor.py:179} INFO - Processing /usr/local/python/3.10.13/lib/python3.10/site-packages/airflow/example_dags/example_dag_decorator.py took 0.162 seconds
[2024-04-29T08:01:41.324+0000] {processor.py:157} INFO - Started process (PID=14509) to work on /usr/local/python/3.10.13/lib/python3.10/site-packages/airflow/example_dags/example_dag_decorator.py
[2024-04-29T08:01:41.325+0000] {processor.py:826} INFO - Processing file /usr/local/python/3.10.13/lib/python3.10/site-packages/airflow/example_dags/example_dag_decorator.py for tasks to queue
[2024-04-29T08:01:41.325+0000] {logging_mixin.py:150} INFO - [2024-04-29T08:01:41.325+0000] {dagbag.py:541} INFO - Filling up the DagBag from /usr/local/python/3.10.13/lib/python3.10/site-packages/airflow/example_dags/example_dag_decorator.py
[2024-04-29T08:01:41.337+0000] {processor.py:836} INFO - DAG(s) dict_keys(['example_dag_decorator']) retrieved from /usr/local/python/3.10.13/lib/python3.10/site-packages/airflow/example_dags/example_dag_decorator.py
[2024-04-29T08:01:41.425+0000] {logging_mixin.py:150} INFO - [2024-04-29T08:01:41.425+0000] {dag.py:2742} INFO - Sync 1 DAGs
[2024-04-29T08:01:41.441+0000] {logging_mixin.py:150} INFO - [2024-04-29T08:01:41.441+0000] {dag.py:3504} INFO - Setting next_dagrun for example_dag_decorator to None, run_after=None
[2024-04-29T08:01:41.480+0000] {processor.py:179} INFO - Processing /usr/local/python/3.10.13/lib/python3.10/site-packages/airflow/example_dags/example_dag_decorator.py took 0.158 seconds
[2024-04-29T08:02:32.162+0000] {processor.py:157} INFO - Started process (PID=14855) to work on /usr/local/python/3.10.13/lib/python3.10/site-packages/airflow/example_dags/example_dag_decorator.py
[2024-04-29T08:02:32.163+0000] {processor.py:826} INFO - Processing file /usr/local/python/3.10.13/lib/python3.10/site-packages/airflow/example_dags/example_dag_decorator.py for tasks to queue
[2024-04-29T08:02:32.163+0000] {logging_mixin.py:150} INFO - [2024-04-29T08:02:32.163+0000] {dagbag.py:541} INFO - Filling up the DagBag from /usr/local/python/3.10.13/lib/python3.10/site-packages/airflow/example_dags/example_dag_decorator.py
[2024-04-29T08:02:32.172+0000] {processor.py:836} INFO - DAG(s) dict_keys(['example_dag_decorator']) retrieved from /usr/local/python/3.10.13/lib/python3.10/site-packages/airflow/example_dags/example_dag_decorator.py
[2024-04-29T08:02:32.255+0000] {logging_mixin.py:150} INFO - [2024-04-29T08:02:32.255+0000] {dag.py:2742} INFO - Sync 1 DAGs
[2024-04-29T08:02:32.269+0000] {logging_mixin.py:150} INFO - [2024-04-29T08:02:32.269+0000] {dag.py:3504} INFO - Setting next_dagrun for example_dag_decorator to None, run_after=None
[2024-04-29T08:02:32.304+0000] {processor.py:179} INFO - Processing /usr/local/python/3.10.13/lib/python3.10/site-packages/airflow/example_dags/example_dag_decorator.py took 0.144 seconds
[2024-04-29T08:03:21.170+0000] {processor.py:157} INFO - Started process (PID=15178) to work on /usr/local/python/3.10.13/lib/python3.10/site-packages/airflow/example_dags/example_dag_decorator.py
[2024-04-29T08:03:21.171+0000] {processor.py:826} INFO - Processing file /usr/local/python/3.10.13/lib/python3.10/site-packages/airflow/example_dags/example_dag_decorator.py for tasks to queue
[2024-04-29T08:03:21.171+0000] {logging_mixin.py:150} INFO - [2024-04-29T08:03:21.171+0000] {dagbag.py:541} INFO - Filling up the DagBag from /usr/local/python/3.10.13/lib/python3.10/site-packages/airflow/example_dags/example_dag_decorator.py
[2024-04-29T08:03:21.180+0000] {processor.py:836} INFO - DAG(s) dict_keys(['example_dag_decorator']) retrieved from /usr/local/python/3.10.13/lib/python3.10/site-packages/airflow/example_dags/example_dag_decorator.py
[2024-04-29T08:03:21.268+0000] {logging_mixin.py:150} INFO - [2024-04-29T08:03:21.268+0000] {dag.py:2742} INFO - Sync 1 DAGs
[2024-04-29T08:03:21.281+0000] {logging_mixin.py:150} INFO - [2024-04-29T08:03:21.281+0000] {dag.py:3504} INFO - Setting next_dagrun for example_dag_decorator to None, run_after=None
[2024-04-29T08:03:21.316+0000] {processor.py:179} INFO - Processing /usr/local/python/3.10.13/lib/python3.10/site-packages/airflow/example_dags/example_dag_decorator.py took 0.148 seconds
[2024-04-29T08:04:12.990+0000] {processor.py:157} INFO - Started process (PID=15529) to work on /usr/local/python/3.10.13/lib/python3.10/site-packages/airflow/example_dags/example_dag_decorator.py
[2024-04-29T08:04:12.991+0000] {processor.py:826} INFO - Processing file /usr/local/python/3.10.13/lib/python3.10/site-packages/airflow/example_dags/example_dag_decorator.py for tasks to queue
[2024-04-29T08:04:12.991+0000] {logging_mixin.py:150} INFO - [2024-04-29T08:04:12.991+0000] {dagbag.py:541} INFO - Filling up the DagBag from /usr/local/python/3.10.13/lib/python3.10/site-packages/airflow/example_dags/example_dag_decorator.py
[2024-04-29T08:04:13.000+0000] {processor.py:836} INFO - DAG(s) dict_keys(['example_dag_decorator']) retrieved from /usr/local/python/3.10.13/lib/python3.10/site-packages/airflow/example_dags/example_dag_decorator.py
[2024-04-29T08:04:13.085+0000] {logging_mixin.py:150} INFO - [2024-04-29T08:04:13.085+0000] {dag.py:2742} INFO - Sync 1 DAGs
[2024-04-29T08:04:13.099+0000] {logging_mixin.py:150} INFO - [2024-04-29T08:04:13.098+0000] {dag.py:3504} INFO - Setting next_dagrun for example_dag_decorator to None, run_after=None
[2024-04-29T08:04:13.139+0000] {processor.py:179} INFO - Processing /usr/local/python/3.10.13/lib/python3.10/site-packages/airflow/example_dags/example_dag_decorator.py took 0.152 seconds
[2024-04-29T08:05:07.652+0000] {processor.py:157} INFO - Started process (PID=15920) to work on /usr/local/python/3.10.13/lib/python3.10/site-packages/airflow/example_dags/example_dag_decorator.py
[2024-04-29T08:05:07.653+0000] {processor.py:826} INFO - Processing file /usr/local/python/3.10.13/lib/python3.10/site-packages/airflow/example_dags/example_dag_decorator.py for tasks to queue
[2024-04-29T08:05:07.654+0000] {logging_mixin.py:150} INFO - [2024-04-29T08:05:07.654+0000] {dagbag.py:541} INFO - Filling up the DagBag from /usr/local/python/3.10.13/lib/python3.10/site-packages/airflow/example_dags/example_dag_decorator.py
[2024-04-29T08:05:07.663+0000] {processor.py:836} INFO - DAG(s) dict_keys(['example_dag_decorator']) retrieved from /usr/local/python/3.10.13/lib/python3.10/site-packages/airflow/example_dags/example_dag_decorator.py
[2024-04-29T08:05:07.749+0000] {logging_mixin.py:150} INFO - [2024-04-29T08:05:07.749+0000] {dag.py:2742} INFO - Sync 1 DAGs
[2024-04-29T08:05:07.763+0000] {logging_mixin.py:150} INFO - [2024-04-29T08:05:07.763+0000] {dag.py:3504} INFO - Setting next_dagrun for example_dag_decorator to None, run_after=None
[2024-04-29T08:05:07.797+0000] {processor.py:179} INFO - Processing /usr/local/python/3.10.13/lib/python3.10/site-packages/airflow/example_dags/example_dag_decorator.py took 0.147 seconds
[2024-04-29T08:05:58.476+0000] {processor.py:157} INFO - Started process (PID=16274) to work on /usr/local/python/3.10.13/lib/python3.10/site-packages/airflow/example_dags/example_dag_decorator.py
[2024-04-29T08:05:58.477+0000] {processor.py:826} INFO - Processing file /usr/local/python/3.10.13/lib/python3.10/site-packages/airflow/example_dags/example_dag_decorator.py for tasks to queue
[2024-04-29T08:05:58.477+0000] {logging_mixin.py:150} INFO - [2024-04-29T08:05:58.477+0000] {dagbag.py:541} INFO - Filling up the DagBag from /usr/local/python/3.10.13/lib/python3.10/site-packages/airflow/example_dags/example_dag_decorator.py
[2024-04-29T08:05:58.487+0000] {processor.py:836} INFO - DAG(s) dict_keys(['example_dag_decorator']) retrieved from /usr/local/python/3.10.13/lib/python3.10/site-packages/airflow/example_dags/example_dag_decorator.py
[2024-04-29T08:05:58.597+0000] {logging_mixin.py:150} INFO - [2024-04-29T08:05:58.597+0000] {dag.py:2742} INFO - Sync 1 DAGs
[2024-04-29T08:05:58.618+0000] {logging_mixin.py:150} INFO - [2024-04-29T08:05:58.618+0000] {dag.py:3504} INFO - Setting next_dagrun for example_dag_decorator to None, run_after=None
[2024-04-29T08:05:58.657+0000] {processor.py:179} INFO - Processing /usr/local/python/3.10.13/lib/python3.10/site-packages/airflow/example_dags/example_dag_decorator.py took 0.184 seconds
[2024-04-29T08:06:52.406+0000] {processor.py:157} INFO - Started process (PID=16633) to work on /usr/local/python/3.10.13/lib/python3.10/site-packages/airflow/example_dags/example_dag_decorator.py
[2024-04-29T08:06:52.407+0000] {processor.py:826} INFO - Processing file /usr/local/python/3.10.13/lib/python3.10/site-packages/airflow/example_dags/example_dag_decorator.py for tasks to queue
[2024-04-29T08:06:52.407+0000] {logging_mixin.py:150} INFO - [2024-04-29T08:06:52.407+0000] {dagbag.py:541} INFO - Filling up the DagBag from /usr/local/python/3.10.13/lib/python3.10/site-packages/airflow/example_dags/example_dag_decorator.py
[2024-04-29T08:06:52.418+0000] {processor.py:836} INFO - DAG(s) dict_keys(['example_dag_decorator']) retrieved from /usr/local/python/3.10.13/lib/python3.10/site-packages/airflow/example_dags/example_dag_decorator.py
[2024-04-29T08:06:52.546+0000] {logging_mixin.py:150} INFO - [2024-04-29T08:06:52.546+0000] {dag.py:2742} INFO - Sync 1 DAGs
[2024-04-29T08:06:52.560+0000] {logging_mixin.py:150} INFO - [2024-04-29T08:06:52.560+0000] {dag.py:3504} INFO - Setting next_dagrun for example_dag_decorator to None, run_after=None
[2024-04-29T08:06:52.594+0000] {processor.py:179} INFO - Processing /usr/local/python/3.10.13/lib/python3.10/site-packages/airflow/example_dags/example_dag_decorator.py took 0.191 seconds
[2024-04-29T08:07:41.832+0000] {processor.py:157} INFO - Started process (PID=16974) to work on /usr/local/python/3.10.13/lib/python3.10/site-packages/airflow/example_dags/example_dag_decorator.py
[2024-04-29T08:07:41.833+0000] {processor.py:826} INFO - Processing file /usr/local/python/3.10.13/lib/python3.10/site-packages/airflow/example_dags/example_dag_decorator.py for tasks to queue
[2024-04-29T08:07:41.834+0000] {logging_mixin.py:150} INFO - [2024-04-29T08:07:41.833+0000] {dagbag.py:541} INFO - Filling up the DagBag from /usr/local/python/3.10.13/lib/python3.10/site-packages/airflow/example_dags/example_dag_decorator.py
[2024-04-29T08:07:41.842+0000] {processor.py:836} INFO - DAG(s) dict_keys(['example_dag_decorator']) retrieved from /usr/local/python/3.10.13/lib/python3.10/site-packages/airflow/example_dags/example_dag_decorator.py
[2024-04-29T08:07:41.925+0000] {logging_mixin.py:150} INFO - [2024-04-29T08:07:41.925+0000] {dag.py:2742} INFO - Sync 1 DAGs
[2024-04-29T08:07:41.940+0000] {logging_mixin.py:150} INFO - [2024-04-29T08:07:41.939+0000] {dag.py:3504} INFO - Setting next_dagrun for example_dag_decorator to None, run_after=None
[2024-04-29T08:07:41.976+0000] {processor.py:179} INFO - Processing /usr/local/python/3.10.13/lib/python3.10/site-packages/airflow/example_dags/example_dag_decorator.py took 0.146 seconds
[2024-04-29T08:08:33.751+0000] {processor.py:157} INFO - Started process (PID=17329) to work on /usr/local/python/3.10.13/lib/python3.10/site-packages/airflow/example_dags/example_dag_decorator.py
[2024-04-29T08:08:33.751+0000] {processor.py:826} INFO - Processing file /usr/local/python/3.10.13/lib/python3.10/site-packages/airflow/example_dags/example_dag_decorator.py for tasks to queue
[2024-04-29T08:08:33.752+0000] {logging_mixin.py:150} INFO - [2024-04-29T08:08:33.752+0000] {dagbag.py:541} INFO - Filling up the DagBag from /usr/local/python/3.10.13/lib/python3.10/site-packages/airflow/example_dags/example_dag_decorator.py
[2024-04-29T08:08:33.761+0000] {processor.py:836} INFO - DAG(s) dict_keys(['example_dag_decorator']) retrieved from /usr/local/python/3.10.13/lib/python3.10/site-packages/airflow/example_dags/example_dag_decorator.py
[2024-04-29T08:08:33.843+0000] {logging_mixin.py:150} INFO - [2024-04-29T08:08:33.843+0000] {dag.py:2742} INFO - Sync 1 DAGs
[2024-04-29T08:08:33.857+0000] {logging_mixin.py:150} INFO - [2024-04-29T08:08:33.857+0000] {dag.py:3504} INFO - Setting next_dagrun for example_dag_decorator to None, run_after=None
[2024-04-29T08:08:33.891+0000] {processor.py:179} INFO - Processing /usr/local/python/3.10.13/lib/python3.10/site-packages/airflow/example_dags/example_dag_decorator.py took 0.142 seconds
[2024-04-29T08:09:24.323+0000] {processor.py:157} INFO - Started process (PID=17683) to work on /usr/local/python/3.10.13/lib/python3.10/site-packages/airflow/example_dags/example_dag_decorator.py
[2024-04-29T08:09:24.324+0000] {processor.py:826} INFO - Processing file /usr/local/python/3.10.13/lib/python3.10/site-packages/airflow/example_dags/example_dag_decorator.py for tasks to queue
[2024-04-29T08:09:24.325+0000] {logging_mixin.py:150} INFO - [2024-04-29T08:09:24.324+0000] {dagbag.py:541} INFO - Filling up the DagBag from /usr/local/python/3.10.13/lib/python3.10/site-packages/airflow/example_dags/example_dag_decorator.py
[2024-04-29T08:09:24.334+0000] {processor.py:836} INFO - DAG(s) dict_keys(['example_dag_decorator']) retrieved from /usr/local/python/3.10.13/lib/python3.10/site-packages/airflow/example_dags/example_dag_decorator.py
[2024-04-29T08:09:24.420+0000] {logging_mixin.py:150} INFO - [2024-04-29T08:09:24.420+0000] {dag.py:2742} INFO - Sync 1 DAGs
[2024-04-29T08:09:24.434+0000] {logging_mixin.py:150} INFO - [2024-04-29T08:09:24.434+0000] {dag.py:3504} INFO - Setting next_dagrun for example_dag_decorator to None, run_after=None
[2024-04-29T08:09:24.468+0000] {processor.py:179} INFO - Processing /usr/local/python/3.10.13/lib/python3.10/site-packages/airflow/example_dags/example_dag_decorator.py took 0.148 seconds
[2024-04-29T08:10:21.158+0000] {processor.py:157} INFO - Started process (PID=18076) to work on /usr/local/python/3.10.13/lib/python3.10/site-packages/airflow/example_dags/example_dag_decorator.py
[2024-04-29T08:10:21.159+0000] {processor.py:826} INFO - Processing file /usr/local/python/3.10.13/lib/python3.10/site-packages/airflow/example_dags/example_dag_decorator.py for tasks to queue
[2024-04-29T08:10:21.159+0000] {logging_mixin.py:150} INFO - [2024-04-29T08:10:21.159+0000] {dagbag.py:541} INFO - Filling up the DagBag from /usr/local/python/3.10.13/lib/python3.10/site-packages/airflow/example_dags/example_dag_decorator.py
[2024-04-29T08:10:21.169+0000] {processor.py:836} INFO - DAG(s) dict_keys(['example_dag_decorator']) retrieved from /usr/local/python/3.10.13/lib/python3.10/site-packages/airflow/example_dags/example_dag_decorator.py
[2024-04-29T08:10:21.258+0000] {logging_mixin.py:150} INFO - [2024-04-29T08:10:21.257+0000] {dag.py:2742} INFO - Sync 1 DAGs
[2024-04-29T08:10:21.271+0000] {logging_mixin.py:150} INFO - [2024-04-29T08:10:21.271+0000] {dag.py:3504} INFO - Setting next_dagrun for example_dag_decorator to None, run_after=None
[2024-04-29T08:10:21.311+0000] {processor.py:179} INFO - Processing /usr/local/python/3.10.13/lib/python3.10/site-packages/airflow/example_dags/example_dag_decorator.py took 0.155 seconds
[2024-04-29T08:11:06.326+0000] {processor.py:157} INFO - Started process (PID=18383) to work on /usr/local/python/3.10.13/lib/python3.10/site-packages/airflow/example_dags/example_dag_decorator.py
[2024-04-29T08:11:06.327+0000] {processor.py:826} INFO - Processing file /usr/local/python/3.10.13/lib/python3.10/site-packages/airflow/example_dags/example_dag_decorator.py for tasks to queue
[2024-04-29T08:11:06.327+0000] {logging_mixin.py:150} INFO - [2024-04-29T08:11:06.327+0000] {dagbag.py:541} INFO - Filling up the DagBag from /usr/local/python/3.10.13/lib/python3.10/site-packages/airflow/example_dags/example_dag_decorator.py
[2024-04-29T08:11:06.336+0000] {processor.py:836} INFO - DAG(s) dict_keys(['example_dag_decorator']) retrieved from /usr/local/python/3.10.13/lib/python3.10/site-packages/airflow/example_dags/example_dag_decorator.py
[2024-04-29T08:11:06.420+0000] {logging_mixin.py:150} INFO - [2024-04-29T08:11:06.420+0000] {dag.py:2742} INFO - Sync 1 DAGs
[2024-04-29T08:11:06.434+0000] {logging_mixin.py:150} INFO - [2024-04-29T08:11:06.434+0000] {dag.py:3504} INFO - Setting next_dagrun for example_dag_decorator to None, run_after=None
[2024-04-29T08:11:06.471+0000] {processor.py:179} INFO - Processing /usr/local/python/3.10.13/lib/python3.10/site-packages/airflow/example_dags/example_dag_decorator.py took 0.147 seconds
[2024-04-29T08:11:58.529+0000] {processor.py:157} INFO - Started process (PID=18737) to work on /usr/local/python/3.10.13/lib/python3.10/site-packages/airflow/example_dags/example_dag_decorator.py
[2024-04-29T08:11:58.529+0000] {processor.py:826} INFO - Processing file /usr/local/python/3.10.13/lib/python3.10/site-packages/airflow/example_dags/example_dag_decorator.py for tasks to queue
[2024-04-29T08:11:58.530+0000] {logging_mixin.py:150} INFO - [2024-04-29T08:11:58.530+0000] {dagbag.py:541} INFO - Filling up the DagBag from /usr/local/python/3.10.13/lib/python3.10/site-packages/airflow/example_dags/example_dag_decorator.py
[2024-04-29T08:11:58.539+0000] {processor.py:836} INFO - DAG(s) dict_keys(['example_dag_decorator']) retrieved from /usr/local/python/3.10.13/lib/python3.10/site-packages/airflow/example_dags/example_dag_decorator.py
[2024-04-29T08:11:58.630+0000] {logging_mixin.py:150} INFO - [2024-04-29T08:11:58.629+0000] {dag.py:2742} INFO - Sync 1 DAGs
[2024-04-29T08:11:58.644+0000] {logging_mixin.py:150} INFO - [2024-04-29T08:11:58.644+0000] {dag.py:3504} INFO - Setting next_dagrun for example_dag_decorator to None, run_after=None
[2024-04-29T08:11:58.679+0000] {processor.py:179} INFO - Processing /usr/local/python/3.10.13/lib/python3.10/site-packages/airflow/example_dags/example_dag_decorator.py took 0.153 seconds
[2024-04-29T08:12:52.884+0000] {processor.py:157} INFO - Started process (PID=19101) to work on /usr/local/python/3.10.13/lib/python3.10/site-packages/airflow/example_dags/example_dag_decorator.py
[2024-04-29T08:12:52.885+0000] {processor.py:826} INFO - Processing file /usr/local/python/3.10.13/lib/python3.10/site-packages/airflow/example_dags/example_dag_decorator.py for tasks to queue
[2024-04-29T08:12:52.885+0000] {logging_mixin.py:150} INFO - [2024-04-29T08:12:52.885+0000] {dagbag.py:541} INFO - Filling up the DagBag from /usr/local/python/3.10.13/lib/python3.10/site-packages/airflow/example_dags/example_dag_decorator.py
[2024-04-29T08:12:52.902+0000] {processor.py:836} INFO - DAG(s) dict_keys(['example_dag_decorator']) retrieved from /usr/local/python/3.10.13/lib/python3.10/site-packages/airflow/example_dags/example_dag_decorator.py
[2024-04-29T08:12:53.032+0000] {logging_mixin.py:150} INFO - [2024-04-29T08:12:53.032+0000] {dag.py:2742} INFO - Sync 1 DAGs
[2024-04-29T08:12:53.047+0000] {logging_mixin.py:150} INFO - [2024-04-29T08:12:53.047+0000] {dag.py:3504} INFO - Setting next_dagrun for example_dag_decorator to None, run_after=None
[2024-04-29T08:12:53.085+0000] {processor.py:179} INFO - Processing /usr/local/python/3.10.13/lib/python3.10/site-packages/airflow/example_dags/example_dag_decorator.py took 0.204 seconds
[2024-04-29T08:13:46.065+0000] {processor.py:157} INFO - Started process (PID=19483) to work on /usr/local/python/3.10.13/lib/python3.10/site-packages/airflow/example_dags/example_dag_decorator.py
[2024-04-29T08:13:46.065+0000] {processor.py:826} INFO - Processing file /usr/local/python/3.10.13/lib/python3.10/site-packages/airflow/example_dags/example_dag_decorator.py for tasks to queue
[2024-04-29T08:13:46.066+0000] {logging_mixin.py:150} INFO - [2024-04-29T08:13:46.066+0000] {dagbag.py:541} INFO - Filling up the DagBag from /usr/local/python/3.10.13/lib/python3.10/site-packages/airflow/example_dags/example_dag_decorator.py
[2024-04-29T08:13:46.076+0000] {processor.py:836} INFO - DAG(s) dict_keys(['example_dag_decorator']) retrieved from /usr/local/python/3.10.13/lib/python3.10/site-packages/airflow/example_dags/example_dag_decorator.py
[2024-04-29T08:13:46.160+0000] {logging_mixin.py:150} INFO - [2024-04-29T08:13:46.160+0000] {dag.py:2742} INFO - Sync 1 DAGs
[2024-04-29T08:13:46.266+0000] {logging_mixin.py:150} INFO - [2024-04-29T08:13:46.266+0000] {dag.py:3504} INFO - Setting next_dagrun for example_dag_decorator to None, run_after=None
[2024-04-29T08:13:46.301+0000] {processor.py:179} INFO - Processing /usr/local/python/3.10.13/lib/python3.10/site-packages/airflow/example_dags/example_dag_decorator.py took 0.239 seconds
[2024-04-29T08:14:40.688+0000] {processor.py:157} INFO - Started process (PID=19867) to work on /usr/local/python/3.10.13/lib/python3.10/site-packages/airflow/example_dags/example_dag_decorator.py
[2024-04-29T08:14:40.688+0000] {processor.py:826} INFO - Processing file /usr/local/python/3.10.13/lib/python3.10/site-packages/airflow/example_dags/example_dag_decorator.py for tasks to queue
[2024-04-29T08:14:40.689+0000] {logging_mixin.py:150} INFO - [2024-04-29T08:14:40.689+0000] {dagbag.py:541} INFO - Filling up the DagBag from /usr/local/python/3.10.13/lib/python3.10/site-packages/airflow/example_dags/example_dag_decorator.py
[2024-04-29T08:14:40.698+0000] {processor.py:836} INFO - DAG(s) dict_keys(['example_dag_decorator']) retrieved from /usr/local/python/3.10.13/lib/python3.10/site-packages/airflow/example_dags/example_dag_decorator.py
[2024-04-29T08:14:40.792+0000] {logging_mixin.py:150} INFO - [2024-04-29T08:14:40.792+0000] {dag.py:2742} INFO - Sync 1 DAGs
[2024-04-29T08:14:40.947+0000] {logging_mixin.py:150} INFO - [2024-04-29T08:14:40.947+0000] {dag.py:3504} INFO - Setting next_dagrun for example_dag_decorator to None, run_after=None
[2024-04-29T08:14:41.004+0000] {processor.py:179} INFO - Processing /usr/local/python/3.10.13/lib/python3.10/site-packages/airflow/example_dags/example_dag_decorator.py took 0.318 seconds
[2024-04-29T08:15:36.140+0000] {processor.py:157} INFO - Started process (PID=20284) to work on /usr/local/python/3.10.13/lib/python3.10/site-packages/airflow/example_dags/example_dag_decorator.py
[2024-04-29T08:15:36.141+0000] {processor.py:826} INFO - Processing file /usr/local/python/3.10.13/lib/python3.10/site-packages/airflow/example_dags/example_dag_decorator.py for tasks to queue
[2024-04-29T08:15:36.142+0000] {logging_mixin.py:150} INFO - [2024-04-29T08:15:36.142+0000] {dagbag.py:541} INFO - Filling up the DagBag from /usr/local/python/3.10.13/lib/python3.10/site-packages/airflow/example_dags/example_dag_decorator.py
[2024-04-29T08:15:36.154+0000] {processor.py:836} INFO - DAG(s) dict_keys(['example_dag_decorator']) retrieved from /usr/local/python/3.10.13/lib/python3.10/site-packages/airflow/example_dags/example_dag_decorator.py
[2024-04-29T08:15:36.344+0000] {logging_mixin.py:150} INFO - [2024-04-29T08:15:36.344+0000] {dag.py:2742} INFO - Sync 1 DAGs
[2024-04-29T08:15:36.358+0000] {logging_mixin.py:150} INFO - [2024-04-29T08:15:36.358+0000] {dag.py:3504} INFO - Setting next_dagrun for example_dag_decorator to None, run_after=None
[2024-04-29T08:15:36.403+0000] {processor.py:179} INFO - Processing /usr/local/python/3.10.13/lib/python3.10/site-packages/airflow/example_dags/example_dag_decorator.py took 0.266 seconds
[2024-04-29T08:16:31.667+0000] {processor.py:157} INFO - Started process (PID=20883) to work on /usr/local/python/3.10.13/lib/python3.10/site-packages/airflow/example_dags/example_dag_decorator.py
[2024-04-29T08:16:31.668+0000] {processor.py:826} INFO - Processing file /usr/local/python/3.10.13/lib/python3.10/site-packages/airflow/example_dags/example_dag_decorator.py for tasks to queue
[2024-04-29T08:16:31.668+0000] {logging_mixin.py:150} INFO - [2024-04-29T08:16:31.668+0000] {dagbag.py:541} INFO - Filling up the DagBag from /usr/local/python/3.10.13/lib/python3.10/site-packages/airflow/example_dags/example_dag_decorator.py
[2024-04-29T08:16:31.677+0000] {processor.py:836} INFO - DAG(s) dict_keys(['example_dag_decorator']) retrieved from /usr/local/python/3.10.13/lib/python3.10/site-packages/airflow/example_dags/example_dag_decorator.py
[2024-04-29T08:16:31.887+0000] {logging_mixin.py:150} INFO - [2024-04-29T08:16:31.887+0000] {dag.py:2742} INFO - Sync 1 DAGs
[2024-04-29T08:16:31.902+0000] {logging_mixin.py:150} INFO - [2024-04-29T08:16:31.902+0000] {dag.py:3504} INFO - Setting next_dagrun for example_dag_decorator to None, run_after=None
[2024-04-29T08:16:31.940+0000] {processor.py:179} INFO - Processing /usr/local/python/3.10.13/lib/python3.10/site-packages/airflow/example_dags/example_dag_decorator.py took 0.275 seconds
