[2024-04-29T08:43:58.396+0000] {processor.py:157} INFO - Started process (PID=32292) to work on /usr/local/python/3.10.13/lib/python3.10/site-packages/airflow/example_dags/example_params_trigger_ui.py
[2024-04-29T08:43:58.396+0000] {processor.py:826} INFO - Processing file /usr/local/python/3.10.13/lib/python3.10/site-packages/airflow/example_dags/example_params_trigger_ui.py for tasks to queue
[2024-04-29T08:43:58.397+0000] {logging_mixin.py:150} INFO - [2024-04-29T08:43:58.397+0000] {dagbag.py:541} INFO - Filling up the DagBag from /usr/local/python/3.10.13/lib/python3.10/site-packages/airflow/example_dags/example_params_trigger_ui.py
[2024-04-29T08:43:58.411+0000] {processor.py:836} INFO - DAG(s) dict_keys(['example_params_trigger_ui']) retrieved from /usr/local/python/3.10.13/lib/python3.10/site-packages/airflow/example_dags/example_params_trigger_ui.py
[2024-04-29T08:43:58.575+0000] {logging_mixin.py:150} INFO - [2024-04-29T08:43:58.575+0000] {manager.py:504} INFO - Created Permission View: can read on DAG:example_params_trigger_ui
[2024-04-29T08:43:58.608+0000] {logging_mixin.py:150} INFO - [2024-04-29T08:43:58.608+0000] {manager.py:504} INFO - Created Permission View: can delete on DAG:example_params_trigger_ui
[2024-04-29T08:43:58.637+0000] {logging_mixin.py:150} INFO - [2024-04-29T08:43:58.637+0000] {manager.py:504} INFO - Created Permission View: can edit on DAG:example_params_trigger_ui
[2024-04-29T08:43:58.645+0000] {logging_mixin.py:150} INFO - [2024-04-29T08:43:58.645+0000] {dag.py:2742} INFO - Sync 1 DAGs
[2024-04-29T08:43:58.652+0000] {logging_mixin.py:150} INFO - [2024-04-29T08:43:58.652+0000] {dag.py:2763} INFO - Creating ORM DAG for example_params_trigger_ui
[2024-04-29T08:43:58.659+0000] {logging_mixin.py:150} INFO - [2024-04-29T08:43:58.659+0000] {dag.py:3504} INFO - Setting next_dagrun for example_params_trigger_ui to None, run_after=None
[2024-04-29T08:43:58.706+0000] {processor.py:179} INFO - Processing /usr/local/python/3.10.13/lib/python3.10/site-packages/airflow/example_dags/example_params_trigger_ui.py took 0.313 seconds
[2024-04-29T08:46:38.212+0000] {processor.py:157} INFO - Started process (PID=33630) to work on /usr/local/python/3.10.13/lib/python3.10/site-packages/airflow/example_dags/example_params_trigger_ui.py
[2024-04-29T08:46:38.213+0000] {processor.py:826} INFO - Processing file /usr/local/python/3.10.13/lib/python3.10/site-packages/airflow/example_dags/example_params_trigger_ui.py for tasks to queue
[2024-04-29T08:46:38.213+0000] {logging_mixin.py:150} INFO - [2024-04-29T08:46:38.213+0000] {dagbag.py:541} INFO - Filling up the DagBag from /usr/local/python/3.10.13/lib/python3.10/site-packages/airflow/example_dags/example_params_trigger_ui.py
[2024-04-29T08:46:38.228+0000] {processor.py:836} INFO - DAG(s) dict_keys(['example_params_trigger_ui']) retrieved from /usr/local/python/3.10.13/lib/python3.10/site-packages/airflow/example_dags/example_params_trigger_ui.py
[2024-04-29T08:46:38.269+0000] {logging_mixin.py:150} INFO - [2024-04-29T08:46:38.269+0000] {dag.py:2742} INFO - Sync 1 DAGs
[2024-04-29T08:46:38.284+0000] {logging_mixin.py:150} INFO - [2024-04-29T08:46:38.284+0000] {dag.py:3504} INFO - Setting next_dagrun for example_params_trigger_ui to None, run_after=None
[2024-04-29T08:46:38.320+0000] {processor.py:179} INFO - Processing /usr/local/python/3.10.13/lib/python3.10/site-packages/airflow/example_dags/example_params_trigger_ui.py took 0.111 seconds
[2024-04-29T08:47:25.293+0000] {processor.py:157} INFO - Started process (PID=33957) to work on /usr/local/python/3.10.13/lib/python3.10/site-packages/airflow/example_dags/example_params_trigger_ui.py
[2024-04-29T08:47:25.294+0000] {processor.py:826} INFO - Processing file /usr/local/python/3.10.13/lib/python3.10/site-packages/airflow/example_dags/example_params_trigger_ui.py for tasks to queue
[2024-04-29T08:47:25.294+0000] {logging_mixin.py:150} INFO - [2024-04-29T08:47:25.294+0000] {dagbag.py:541} INFO - Filling up the DagBag from /usr/local/python/3.10.13/lib/python3.10/site-packages/airflow/example_dags/example_params_trigger_ui.py
[2024-04-29T08:47:25.307+0000] {processor.py:836} INFO - DAG(s) dict_keys(['example_params_trigger_ui']) retrieved from /usr/local/python/3.10.13/lib/python3.10/site-packages/airflow/example_dags/example_params_trigger_ui.py
[2024-04-29T08:47:25.342+0000] {logging_mixin.py:150} INFO - [2024-04-29T08:47:25.342+0000] {dag.py:2742} INFO - Sync 1 DAGs
[2024-04-29T08:47:25.358+0000] {logging_mixin.py:150} INFO - [2024-04-29T08:47:25.358+0000] {dag.py:3504} INFO - Setting next_dagrun for example_params_trigger_ui to None, run_after=None
[2024-04-29T08:47:25.394+0000] {processor.py:179} INFO - Processing /usr/local/python/3.10.13/lib/python3.10/site-packages/airflow/example_dags/example_params_trigger_ui.py took 0.103 seconds
