[2024-04-29T07:42:32.500+0000] {processor.py:157} INFO - Started process (PID=5148) to work on /usr/local/python/3.10.13/lib/python3.10/site-packages/airflow/example_dags/example_datasets.py
[2024-04-29T07:42:32.501+0000] {processor.py:826} INFO - Processing file /usr/local/python/3.10.13/lib/python3.10/site-packages/airflow/example_dags/example_datasets.py for tasks to queue
[2024-04-29T07:42:32.502+0000] {logging_mixin.py:150} INFO - [2024-04-29T07:42:32.501+0000] {dagbag.py:541} INFO - Filling up the DagBag from /usr/local/python/3.10.13/lib/python3.10/site-packages/airflow/example_dags/example_datasets.py
[2024-04-29T07:42:32.509+0000] {processor.py:836} INFO - DAG(s) dict_keys(['dataset_produces_2', 'dataset_consumes_1_and_2', 'dataset_consumes_1_never_scheduled', 'dataset_produces_1', 'dataset_consumes_unknown_never_scheduled', 'dataset_consumes_1']) retrieved from /usr/local/python/3.10.13/lib/python3.10/site-packages/airflow/example_dags/example_datasets.py
[2024-04-29T07:42:32.636+0000] {logging_mixin.py:150} INFO - [2024-04-29T07:42:32.635+0000] {manager.py:504} INFO - Created Permission View: can edit on DAG:dataset_produces_2
[2024-04-29T07:42:32.666+0000] {logging_mixin.py:150} INFO - [2024-04-29T07:42:32.665+0000] {manager.py:504} INFO - Created Permission View: can read on DAG:dataset_produces_2
[2024-04-29T07:42:32.699+0000] {logging_mixin.py:150} INFO - [2024-04-29T07:42:32.698+0000] {manager.py:504} INFO - Created Permission View: can delete on DAG:dataset_produces_2
[2024-04-29T07:42:32.774+0000] {logging_mixin.py:150} INFO - [2024-04-29T07:42:32.774+0000] {manager.py:504} INFO - Created Permission View: can edit on DAG:dataset_consumes_1_and_2
[2024-04-29T07:42:32.801+0000] {logging_mixin.py:150} INFO - [2024-04-29T07:42:32.801+0000] {manager.py:504} INFO - Created Permission View: can read on DAG:dataset_consumes_1_and_2
[2024-04-29T07:42:32.838+0000] {logging_mixin.py:150} INFO - [2024-04-29T07:42:32.837+0000] {manager.py:504} INFO - Created Permission View: can delete on DAG:dataset_consumes_1_and_2
[2024-04-29T07:42:32.900+0000] {logging_mixin.py:150} INFO - [2024-04-29T07:42:32.900+0000] {manager.py:504} INFO - Created Permission View: can edit on DAG:dataset_consumes_1_never_scheduled
[2024-04-29T07:42:32.933+0000] {logging_mixin.py:150} INFO - [2024-04-29T07:42:32.933+0000] {manager.py:504} INFO - Created Permission View: can read on DAG:dataset_consumes_1_never_scheduled
[2024-04-29T07:42:32.959+0000] {logging_mixin.py:150} INFO - [2024-04-29T07:42:32.958+0000] {manager.py:504} INFO - Created Permission View: can delete on DAG:dataset_consumes_1_never_scheduled
[2024-04-29T07:42:33.011+0000] {logging_mixin.py:150} INFO - [2024-04-29T07:42:33.011+0000] {manager.py:504} INFO - Created Permission View: can edit on DAG:dataset_produces_1
[2024-04-29T07:42:33.045+0000] {logging_mixin.py:150} INFO - [2024-04-29T07:42:33.045+0000] {manager.py:504} INFO - Created Permission View: can read on DAG:dataset_produces_1
[2024-04-29T07:42:33.073+0000] {logging_mixin.py:150} INFO - [2024-04-29T07:42:33.073+0000] {manager.py:504} INFO - Created Permission View: can delete on DAG:dataset_produces_1
[2024-04-29T07:42:33.137+0000] {logging_mixin.py:150} INFO - [2024-04-29T07:42:33.137+0000] {manager.py:504} INFO - Created Permission View: can edit on DAG:dataset_consumes_unknown_never_scheduled
[2024-04-29T07:42:33.163+0000] {logging_mixin.py:150} INFO - [2024-04-29T07:42:33.162+0000] {manager.py:504} INFO - Created Permission View: can read on DAG:dataset_consumes_unknown_never_scheduled
[2024-04-29T07:42:33.191+0000] {logging_mixin.py:150} INFO - [2024-04-29T07:42:33.191+0000] {manager.py:504} INFO - Created Permission View: can delete on DAG:dataset_consumes_unknown_never_scheduled
[2024-04-29T07:42:33.250+0000] {logging_mixin.py:150} INFO - [2024-04-29T07:42:33.250+0000] {manager.py:504} INFO - Created Permission View: can edit on DAG:dataset_consumes_1
[2024-04-29T07:42:33.275+0000] {logging_mixin.py:150} INFO - [2024-04-29T07:42:33.275+0000] {manager.py:504} INFO - Created Permission View: can read on DAG:dataset_consumes_1
[2024-04-29T07:42:33.301+0000] {logging_mixin.py:150} INFO - [2024-04-29T07:42:33.301+0000] {manager.py:504} INFO - Created Permission View: can delete on DAG:dataset_consumes_1
[2024-04-29T07:42:33.304+0000] {logging_mixin.py:150} INFO - [2024-04-29T07:42:33.304+0000] {dag.py:2742} INFO - Sync 6 DAGs
[2024-04-29T07:42:33.312+0000] {logging_mixin.py:150} INFO - [2024-04-29T07:42:33.312+0000] {dag.py:2763} INFO - Creating ORM DAG for dataset_produces_2
[2024-04-29T07:42:33.313+0000] {logging_mixin.py:150} INFO - [2024-04-29T07:42:33.313+0000] {dag.py:2763} INFO - Creating ORM DAG for dataset_consumes_1_and_2
[2024-04-29T07:42:33.313+0000] {logging_mixin.py:150} INFO - [2024-04-29T07:42:33.313+0000] {dag.py:2763} INFO - Creating ORM DAG for dataset_consumes_1
[2024-04-29T07:42:33.313+0000] {logging_mixin.py:150} INFO - [2024-04-29T07:42:33.313+0000] {dag.py:2763} INFO - Creating ORM DAG for dataset_produces_1
[2024-04-29T07:42:33.314+0000] {logging_mixin.py:150} INFO - [2024-04-29T07:42:33.314+0000] {dag.py:2763} INFO - Creating ORM DAG for dataset_consumes_1_never_scheduled
[2024-04-29T07:42:33.314+0000] {logging_mixin.py:150} INFO - [2024-04-29T07:42:33.314+0000] {dag.py:2763} INFO - Creating ORM DAG for dataset_consumes_unknown_never_scheduled
[2024-04-29T07:42:33.321+0000] {logging_mixin.py:150} INFO - [2024-04-29T07:42:33.321+0000] {dag.py:3504} INFO - Setting next_dagrun for dataset_consumes_1 to None, run_after=None
[2024-04-29T07:42:33.322+0000] {logging_mixin.py:150} INFO - [2024-04-29T07:42:33.322+0000] {dag.py:3504} INFO - Setting next_dagrun for dataset_consumes_1_and_2 to None, run_after=None
[2024-04-29T07:42:33.322+0000] {logging_mixin.py:150} INFO - [2024-04-29T07:42:33.322+0000] {dag.py:3504} INFO - Setting next_dagrun for dataset_consumes_1_never_scheduled to None, run_after=None
[2024-04-29T07:42:33.323+0000] {logging_mixin.py:150} INFO - [2024-04-29T07:42:33.323+0000] {dag.py:3504} INFO - Setting next_dagrun for dataset_consumes_unknown_never_scheduled to None, run_after=None
[2024-04-29T07:42:33.325+0000] {logging_mixin.py:150} INFO - [2024-04-29T07:42:33.324+0000] {dag.py:3504} INFO - Setting next_dagrun for dataset_produces_1 to 2024-04-28T00:00:00+00:00, run_after=2024-04-29T00:00:00+00:00
[2024-04-29T07:42:33.325+0000] {logging_mixin.py:150} INFO - [2024-04-29T07:42:33.325+0000] {dag.py:3504} INFO - Setting next_dagrun for dataset_produces_2 to None, run_after=None
[2024-04-29T07:42:33.377+0000] {processor.py:179} INFO - Processing /usr/local/python/3.10.13/lib/python3.10/site-packages/airflow/example_dags/example_datasets.py took 0.879 seconds
[2024-04-29T07:43:23.638+0000] {processor.py:157} INFO - Started process (PID=5499) to work on /usr/local/python/3.10.13/lib/python3.10/site-packages/airflow/example_dags/example_datasets.py
[2024-04-29T07:43:23.639+0000] {processor.py:826} INFO - Processing file /usr/local/python/3.10.13/lib/python3.10/site-packages/airflow/example_dags/example_datasets.py for tasks to queue
[2024-04-29T07:43:23.640+0000] {logging_mixin.py:150} INFO - [2024-04-29T07:43:23.639+0000] {dagbag.py:541} INFO - Filling up the DagBag from /usr/local/python/3.10.13/lib/python3.10/site-packages/airflow/example_dags/example_datasets.py
[2024-04-29T07:43:23.647+0000] {processor.py:836} INFO - DAG(s) dict_keys(['dataset_consumes_unknown_never_scheduled', 'dataset_produces_2', 'dataset_consumes_1_and_2', 'dataset_consumes_1', 'dataset_consumes_1_never_scheduled', 'dataset_produces_1']) retrieved from /usr/local/python/3.10.13/lib/python3.10/site-packages/airflow/example_dags/example_datasets.py
[2024-04-29T07:43:23.669+0000] {logging_mixin.py:150} INFO - [2024-04-29T07:43:23.669+0000] {dag.py:2742} INFO - Sync 6 DAGs
[2024-04-29T07:43:23.687+0000] {logging_mixin.py:150} INFO - [2024-04-29T07:43:23.687+0000] {dag.py:3504} INFO - Setting next_dagrun for dataset_consumes_1 to None, run_after=None
[2024-04-29T07:43:23.690+0000] {logging_mixin.py:150} INFO - [2024-04-29T07:43:23.690+0000] {dag.py:3504} INFO - Setting next_dagrun for dataset_consumes_1_and_2 to None, run_after=None
[2024-04-29T07:43:23.690+0000] {logging_mixin.py:150} INFO - [2024-04-29T07:43:23.690+0000] {dag.py:3504} INFO - Setting next_dagrun for dataset_consumes_1_never_scheduled to None, run_after=None
[2024-04-29T07:43:23.691+0000] {logging_mixin.py:150} INFO - [2024-04-29T07:43:23.691+0000] {dag.py:3504} INFO - Setting next_dagrun for dataset_consumes_unknown_never_scheduled to None, run_after=None
[2024-04-29T07:43:23.693+0000] {logging_mixin.py:150} INFO - [2024-04-29T07:43:23.693+0000] {dag.py:3504} INFO - Setting next_dagrun for dataset_produces_1 to 2024-04-28T00:00:00+00:00, run_after=2024-04-29T00:00:00+00:00
[2024-04-29T07:43:23.694+0000] {logging_mixin.py:150} INFO - [2024-04-29T07:43:23.694+0000] {dag.py:3504} INFO - Setting next_dagrun for dataset_produces_2 to None, run_after=None
[2024-04-29T07:43:23.736+0000] {processor.py:179} INFO - Processing /usr/local/python/3.10.13/lib/python3.10/site-packages/airflow/example_dags/example_datasets.py took 0.100 seconds
[2024-04-29T07:44:09.800+0000] {processor.py:157} INFO - Started process (PID=5801) to work on /usr/local/python/3.10.13/lib/python3.10/site-packages/airflow/example_dags/example_datasets.py
[2024-04-29T07:44:09.801+0000] {processor.py:826} INFO - Processing file /usr/local/python/3.10.13/lib/python3.10/site-packages/airflow/example_dags/example_datasets.py for tasks to queue
[2024-04-29T07:44:09.802+0000] {logging_mixin.py:150} INFO - [2024-04-29T07:44:09.802+0000] {dagbag.py:541} INFO - Filling up the DagBag from /usr/local/python/3.10.13/lib/python3.10/site-packages/airflow/example_dags/example_datasets.py
[2024-04-29T07:44:09.810+0000] {processor.py:836} INFO - DAG(s) dict_keys(['dataset_consumes_unknown_never_scheduled', 'dataset_produces_1', 'dataset_consumes_1_never_scheduled', 'dataset_produces_2', 'dataset_consumes_1', 'dataset_consumes_1_and_2']) retrieved from /usr/local/python/3.10.13/lib/python3.10/site-packages/airflow/example_dags/example_datasets.py
[2024-04-29T07:44:09.833+0000] {logging_mixin.py:150} INFO - [2024-04-29T07:44:09.832+0000] {dag.py:2742} INFO - Sync 6 DAGs
[2024-04-29T07:44:09.850+0000] {logging_mixin.py:150} INFO - [2024-04-29T07:44:09.850+0000] {dag.py:3504} INFO - Setting next_dagrun for dataset_consumes_1 to None, run_after=None
[2024-04-29T07:44:09.853+0000] {logging_mixin.py:150} INFO - [2024-04-29T07:44:09.853+0000] {dag.py:3504} INFO - Setting next_dagrun for dataset_consumes_1_and_2 to None, run_after=None
[2024-04-29T07:44:09.853+0000] {logging_mixin.py:150} INFO - [2024-04-29T07:44:09.853+0000] {dag.py:3504} INFO - Setting next_dagrun for dataset_consumes_1_never_scheduled to None, run_after=None
[2024-04-29T07:44:09.854+0000] {logging_mixin.py:150} INFO - [2024-04-29T07:44:09.854+0000] {dag.py:3504} INFO - Setting next_dagrun for dataset_consumes_unknown_never_scheduled to None, run_after=None
[2024-04-29T07:44:09.856+0000] {logging_mixin.py:150} INFO - [2024-04-29T07:44:09.856+0000] {dag.py:3504} INFO - Setting next_dagrun for dataset_produces_1 to 2024-04-28T00:00:00+00:00, run_after=2024-04-29T00:00:00+00:00
[2024-04-29T07:44:09.857+0000] {logging_mixin.py:150} INFO - [2024-04-29T07:44:09.857+0000] {dag.py:3504} INFO - Setting next_dagrun for dataset_produces_2 to None, run_after=None
[2024-04-29T07:44:09.897+0000] {processor.py:179} INFO - Processing /usr/local/python/3.10.13/lib/python3.10/site-packages/airflow/example_dags/example_datasets.py took 0.100 seconds
[2024-04-29T07:44:57.879+0000] {processor.py:157} INFO - Started process (PID=6135) to work on /usr/local/python/3.10.13/lib/python3.10/site-packages/airflow/example_dags/example_datasets.py
[2024-04-29T07:44:57.880+0000] {processor.py:826} INFO - Processing file /usr/local/python/3.10.13/lib/python3.10/site-packages/airflow/example_dags/example_datasets.py for tasks to queue
[2024-04-29T07:44:57.881+0000] {logging_mixin.py:150} INFO - [2024-04-29T07:44:57.880+0000] {dagbag.py:541} INFO - Filling up the DagBag from /usr/local/python/3.10.13/lib/python3.10/site-packages/airflow/example_dags/example_datasets.py
[2024-04-29T07:44:57.888+0000] {processor.py:836} INFO - DAG(s) dict_keys(['dataset_consumes_1', 'dataset_consumes_unknown_never_scheduled', 'dataset_consumes_1_and_2', 'dataset_produces_2', 'dataset_produces_1', 'dataset_consumes_1_never_scheduled']) retrieved from /usr/local/python/3.10.13/lib/python3.10/site-packages/airflow/example_dags/example_datasets.py
[2024-04-29T07:44:57.910+0000] {logging_mixin.py:150} INFO - [2024-04-29T07:44:57.909+0000] {dag.py:2742} INFO - Sync 6 DAGs
[2024-04-29T07:44:57.926+0000] {logging_mixin.py:150} INFO - [2024-04-29T07:44:57.926+0000] {dag.py:3504} INFO - Setting next_dagrun for dataset_consumes_1 to None, run_after=None
[2024-04-29T07:44:57.928+0000] {logging_mixin.py:150} INFO - [2024-04-29T07:44:57.928+0000] {dag.py:3504} INFO - Setting next_dagrun for dataset_consumes_1_and_2 to None, run_after=None
[2024-04-29T07:44:57.929+0000] {logging_mixin.py:150} INFO - [2024-04-29T07:44:57.929+0000] {dag.py:3504} INFO - Setting next_dagrun for dataset_consumes_1_never_scheduled to None, run_after=None
[2024-04-29T07:44:57.929+0000] {logging_mixin.py:150} INFO - [2024-04-29T07:44:57.929+0000] {dag.py:3504} INFO - Setting next_dagrun for dataset_consumes_unknown_never_scheduled to None, run_after=None
[2024-04-29T07:44:57.931+0000] {logging_mixin.py:150} INFO - [2024-04-29T07:44:57.931+0000] {dag.py:3504} INFO - Setting next_dagrun for dataset_produces_1 to 2024-04-28T00:00:00+00:00, run_after=2024-04-29T00:00:00+00:00
[2024-04-29T07:44:57.932+0000] {logging_mixin.py:150} INFO - [2024-04-29T07:44:57.932+0000] {dag.py:3504} INFO - Setting next_dagrun for dataset_produces_2 to None, run_after=None
[2024-04-29T07:44:57.973+0000] {processor.py:179} INFO - Processing /usr/local/python/3.10.13/lib/python3.10/site-packages/airflow/example_dags/example_datasets.py took 0.095 seconds
[2024-04-29T07:45:42.202+0000] {processor.py:157} INFO - Started process (PID=6434) to work on /usr/local/python/3.10.13/lib/python3.10/site-packages/airflow/example_dags/example_datasets.py
[2024-04-29T07:45:42.202+0000] {processor.py:826} INFO - Processing file /usr/local/python/3.10.13/lib/python3.10/site-packages/airflow/example_dags/example_datasets.py for tasks to queue
[2024-04-29T07:45:42.203+0000] {logging_mixin.py:150} INFO - [2024-04-29T07:45:42.203+0000] {dagbag.py:541} INFO - Filling up the DagBag from /usr/local/python/3.10.13/lib/python3.10/site-packages/airflow/example_dags/example_datasets.py
[2024-04-29T07:45:42.212+0000] {processor.py:836} INFO - DAG(s) dict_keys(['dataset_consumes_1', 'dataset_produces_2', 'dataset_consumes_1_never_scheduled', 'dataset_produces_1', 'dataset_consumes_1_and_2', 'dataset_consumes_unknown_never_scheduled']) retrieved from /usr/local/python/3.10.13/lib/python3.10/site-packages/airflow/example_dags/example_datasets.py
[2024-04-29T07:45:42.236+0000] {logging_mixin.py:150} INFO - [2024-04-29T07:45:42.236+0000] {dag.py:2742} INFO - Sync 6 DAGs
[2024-04-29T07:45:42.254+0000] {logging_mixin.py:150} INFO - [2024-04-29T07:45:42.253+0000] {dag.py:3504} INFO - Setting next_dagrun for dataset_consumes_1 to None, run_after=None
[2024-04-29T07:45:42.256+0000] {logging_mixin.py:150} INFO - [2024-04-29T07:45:42.256+0000] {dag.py:3504} INFO - Setting next_dagrun for dataset_consumes_1_and_2 to None, run_after=None
[2024-04-29T07:45:42.257+0000] {logging_mixin.py:150} INFO - [2024-04-29T07:45:42.256+0000] {dag.py:3504} INFO - Setting next_dagrun for dataset_consumes_1_never_scheduled to None, run_after=None
[2024-04-29T07:45:42.257+0000] {logging_mixin.py:150} INFO - [2024-04-29T07:45:42.257+0000] {dag.py:3504} INFO - Setting next_dagrun for dataset_consumes_unknown_never_scheduled to None, run_after=None
[2024-04-29T07:45:42.259+0000] {logging_mixin.py:150} INFO - [2024-04-29T07:45:42.259+0000] {dag.py:3504} INFO - Setting next_dagrun for dataset_produces_1 to 2024-04-28T00:00:00+00:00, run_after=2024-04-29T00:00:00+00:00
[2024-04-29T07:45:42.260+0000] {logging_mixin.py:150} INFO - [2024-04-29T07:45:42.260+0000] {dag.py:3504} INFO - Setting next_dagrun for dataset_produces_2 to None, run_after=None
[2024-04-29T07:45:42.303+0000] {processor.py:179} INFO - Processing /usr/local/python/3.10.13/lib/python3.10/site-packages/airflow/example_dags/example_datasets.py took 0.104 seconds
[2024-04-29T07:49:00.413+0000] {processor.py:157} INFO - Started process (PID=8315) to work on /usr/local/python/3.10.13/lib/python3.10/site-packages/airflow/example_dags/example_datasets.py
[2024-04-29T07:49:00.414+0000] {processor.py:826} INFO - Processing file /usr/local/python/3.10.13/lib/python3.10/site-packages/airflow/example_dags/example_datasets.py for tasks to queue
[2024-04-29T07:49:00.415+0000] {logging_mixin.py:150} INFO - [2024-04-29T07:49:00.414+0000] {dagbag.py:541} INFO - Filling up the DagBag from /usr/local/python/3.10.13/lib/python3.10/site-packages/airflow/example_dags/example_datasets.py
[2024-04-29T07:49:00.422+0000] {processor.py:836} INFO - DAG(s) dict_keys(['dataset_produces_2', 'dataset_consumes_1_and_2', 'dataset_consumes_unknown_never_scheduled', 'dataset_consumes_1_never_scheduled', 'dataset_consumes_1', 'dataset_produces_1']) retrieved from /usr/local/python/3.10.13/lib/python3.10/site-packages/airflow/example_dags/example_datasets.py
[2024-04-29T07:49:00.445+0000] {logging_mixin.py:150} INFO - [2024-04-29T07:49:00.445+0000] {dag.py:2742} INFO - Sync 6 DAGs
[2024-04-29T07:49:00.463+0000] {logging_mixin.py:150} INFO - [2024-04-29T07:49:00.463+0000] {dag.py:3504} INFO - Setting next_dagrun for dataset_consumes_1 to None, run_after=None
[2024-04-29T07:49:00.465+0000] {logging_mixin.py:150} INFO - [2024-04-29T07:49:00.465+0000] {dag.py:3504} INFO - Setting next_dagrun for dataset_consumes_1_and_2 to None, run_after=None
[2024-04-29T07:49:00.466+0000] {logging_mixin.py:150} INFO - [2024-04-29T07:49:00.466+0000] {dag.py:3504} INFO - Setting next_dagrun for dataset_consumes_1_never_scheduled to None, run_after=None
[2024-04-29T07:49:00.467+0000] {logging_mixin.py:150} INFO - [2024-04-29T07:49:00.467+0000] {dag.py:3504} INFO - Setting next_dagrun for dataset_consumes_unknown_never_scheduled to None, run_after=None
[2024-04-29T07:49:00.469+0000] {logging_mixin.py:150} INFO - [2024-04-29T07:49:00.469+0000] {dag.py:3504} INFO - Setting next_dagrun for dataset_produces_1 to 2024-04-28T00:00:00+00:00, run_after=2024-04-29T00:00:00+00:00
[2024-04-29T07:49:00.470+0000] {logging_mixin.py:150} INFO - [2024-04-29T07:49:00.470+0000] {dag.py:3504} INFO - Setting next_dagrun for dataset_produces_2 to None, run_after=None
[2024-04-29T07:49:00.510+0000] {processor.py:179} INFO - Processing /usr/local/python/3.10.13/lib/python3.10/site-packages/airflow/example_dags/example_datasets.py took 0.099 seconds
[2024-04-29T07:49:45.590+0000] {processor.py:157} INFO - Started process (PID=8619) to work on /usr/local/python/3.10.13/lib/python3.10/site-packages/airflow/example_dags/example_datasets.py
[2024-04-29T07:49:45.591+0000] {processor.py:826} INFO - Processing file /usr/local/python/3.10.13/lib/python3.10/site-packages/airflow/example_dags/example_datasets.py for tasks to queue
[2024-04-29T07:49:45.592+0000] {logging_mixin.py:150} INFO - [2024-04-29T07:49:45.591+0000] {dagbag.py:541} INFO - Filling up the DagBag from /usr/local/python/3.10.13/lib/python3.10/site-packages/airflow/example_dags/example_datasets.py
[2024-04-29T07:49:45.599+0000] {processor.py:836} INFO - DAG(s) dict_keys(['dataset_consumes_unknown_never_scheduled', 'dataset_produces_1', 'dataset_consumes_1_never_scheduled', 'dataset_produces_2', 'dataset_consumes_1_and_2', 'dataset_consumes_1']) retrieved from /usr/local/python/3.10.13/lib/python3.10/site-packages/airflow/example_dags/example_datasets.py
[2024-04-29T07:49:45.622+0000] {logging_mixin.py:150} INFO - [2024-04-29T07:49:45.621+0000] {dag.py:2742} INFO - Sync 6 DAGs
[2024-04-29T07:49:45.638+0000] {logging_mixin.py:150} INFO - [2024-04-29T07:49:45.638+0000] {dag.py:3504} INFO - Setting next_dagrun for dataset_consumes_1 to None, run_after=None
[2024-04-29T07:49:45.641+0000] {logging_mixin.py:150} INFO - [2024-04-29T07:49:45.641+0000] {dag.py:3504} INFO - Setting next_dagrun for dataset_consumes_1_and_2 to None, run_after=None
[2024-04-29T07:49:45.642+0000] {logging_mixin.py:150} INFO - [2024-04-29T07:49:45.641+0000] {dag.py:3504} INFO - Setting next_dagrun for dataset_consumes_1_never_scheduled to None, run_after=None
[2024-04-29T07:49:45.642+0000] {logging_mixin.py:150} INFO - [2024-04-29T07:49:45.642+0000] {dag.py:3504} INFO - Setting next_dagrun for dataset_consumes_unknown_never_scheduled to None, run_after=None
[2024-04-29T07:49:45.644+0000] {logging_mixin.py:150} INFO - [2024-04-29T07:49:45.644+0000] {dag.py:3504} INFO - Setting next_dagrun for dataset_produces_1 to 2024-04-28T00:00:00+00:00, run_after=2024-04-29T00:00:00+00:00
[2024-04-29T07:49:45.645+0000] {logging_mixin.py:150} INFO - [2024-04-29T07:49:45.645+0000] {dag.py:3504} INFO - Setting next_dagrun for dataset_produces_2 to None, run_after=None
[2024-04-29T07:49:45.686+0000] {processor.py:179} INFO - Processing /usr/local/python/3.10.13/lib/python3.10/site-packages/airflow/example_dags/example_datasets.py took 0.098 seconds
[2024-04-29T07:50:32.225+0000] {processor.py:157} INFO - Started process (PID=8953) to work on /usr/local/python/3.10.13/lib/python3.10/site-packages/airflow/example_dags/example_datasets.py
[2024-04-29T07:50:32.226+0000] {processor.py:826} INFO - Processing file /usr/local/python/3.10.13/lib/python3.10/site-packages/airflow/example_dags/example_datasets.py for tasks to queue
[2024-04-29T07:50:32.226+0000] {logging_mixin.py:150} INFO - [2024-04-29T07:50:32.226+0000] {dagbag.py:541} INFO - Filling up the DagBag from /usr/local/python/3.10.13/lib/python3.10/site-packages/airflow/example_dags/example_datasets.py
[2024-04-29T07:50:32.234+0000] {processor.py:836} INFO - DAG(s) dict_keys(['dataset_produces_1', 'dataset_consumes_1', 'dataset_consumes_1_and_2', 'dataset_consumes_1_never_scheduled', 'dataset_produces_2', 'dataset_consumes_unknown_never_scheduled']) retrieved from /usr/local/python/3.10.13/lib/python3.10/site-packages/airflow/example_dags/example_datasets.py
[2024-04-29T07:50:32.258+0000] {logging_mixin.py:150} INFO - [2024-04-29T07:50:32.258+0000] {dag.py:2742} INFO - Sync 6 DAGs
[2024-04-29T07:50:32.276+0000] {logging_mixin.py:150} INFO - [2024-04-29T07:50:32.275+0000] {dag.py:3504} INFO - Setting next_dagrun for dataset_consumes_1 to None, run_after=None
[2024-04-29T07:50:32.278+0000] {logging_mixin.py:150} INFO - [2024-04-29T07:50:32.278+0000] {dag.py:3504} INFO - Setting next_dagrun for dataset_consumes_1_and_2 to None, run_after=None
[2024-04-29T07:50:32.279+0000] {logging_mixin.py:150} INFO - [2024-04-29T07:50:32.279+0000] {dag.py:3504} INFO - Setting next_dagrun for dataset_consumes_1_never_scheduled to None, run_after=None
[2024-04-29T07:50:32.279+0000] {logging_mixin.py:150} INFO - [2024-04-29T07:50:32.279+0000] {dag.py:3504} INFO - Setting next_dagrun for dataset_consumes_unknown_never_scheduled to None, run_after=None
[2024-04-29T07:50:32.281+0000] {logging_mixin.py:150} INFO - [2024-04-29T07:50:32.281+0000] {dag.py:3504} INFO - Setting next_dagrun for dataset_produces_1 to 2024-04-28T00:00:00+00:00, run_after=2024-04-29T00:00:00+00:00
[2024-04-29T07:50:32.282+0000] {logging_mixin.py:150} INFO - [2024-04-29T07:50:32.282+0000] {dag.py:3504} INFO - Setting next_dagrun for dataset_produces_2 to None, run_after=None
[2024-04-29T07:50:32.325+0000] {processor.py:179} INFO - Processing /usr/local/python/3.10.13/lib/python3.10/site-packages/airflow/example_dags/example_datasets.py took 0.102 seconds
[2024-04-29T07:51:27.479+0000] {processor.py:157} INFO - Started process (PID=9777) to work on /usr/local/python/3.10.13/lib/python3.10/site-packages/airflow/example_dags/example_datasets.py
[2024-04-29T07:51:27.482+0000] {processor.py:826} INFO - Processing file /usr/local/python/3.10.13/lib/python3.10/site-packages/airflow/example_dags/example_datasets.py for tasks to queue
[2024-04-29T07:51:27.483+0000] {logging_mixin.py:150} INFO - [2024-04-29T07:51:27.483+0000] {dagbag.py:541} INFO - Filling up the DagBag from /usr/local/python/3.10.13/lib/python3.10/site-packages/airflow/example_dags/example_datasets.py
[2024-04-29T07:51:27.525+0000] {processor.py:836} INFO - DAG(s) dict_keys(['dataset_produces_2', 'dataset_consumes_unknown_never_scheduled', 'dataset_consumes_1_and_2', 'dataset_produces_1', 'dataset_consumes_1', 'dataset_consumes_1_never_scheduled']) retrieved from /usr/local/python/3.10.13/lib/python3.10/site-packages/airflow/example_dags/example_datasets.py
[2024-04-29T07:51:27.625+0000] {logging_mixin.py:150} INFO - [2024-04-29T07:51:27.625+0000] {dag.py:2742} INFO - Sync 6 DAGs
[2024-04-29T07:51:27.700+0000] {logging_mixin.py:150} INFO - [2024-04-29T07:51:27.699+0000] {dag.py:3504} INFO - Setting next_dagrun for dataset_consumes_1 to None, run_after=None
[2024-04-29T07:51:27.703+0000] {logging_mixin.py:150} INFO - [2024-04-29T07:51:27.703+0000] {dag.py:3504} INFO - Setting next_dagrun for dataset_consumes_1_and_2 to None, run_after=None
[2024-04-29T07:51:27.707+0000] {logging_mixin.py:150} INFO - [2024-04-29T07:51:27.706+0000] {dag.py:3504} INFO - Setting next_dagrun for dataset_consumes_1_never_scheduled to None, run_after=None
[2024-04-29T07:51:27.708+0000] {logging_mixin.py:150} INFO - [2024-04-29T07:51:27.708+0000] {dag.py:3504} INFO - Setting next_dagrun for dataset_consumes_unknown_never_scheduled to None, run_after=None
[2024-04-29T07:51:27.714+0000] {logging_mixin.py:150} INFO - [2024-04-29T07:51:27.714+0000] {dag.py:3504} INFO - Setting next_dagrun for dataset_produces_1 to 2024-04-28T00:00:00+00:00, run_after=2024-04-29T00:00:00+00:00
[2024-04-29T07:51:27.719+0000] {logging_mixin.py:150} INFO - [2024-04-29T07:51:27.718+0000] {dag.py:3504} INFO - Setting next_dagrun for dataset_produces_2 to None, run_after=None
[2024-04-29T07:51:27.827+0000] {processor.py:179} INFO - Processing /usr/local/python/3.10.13/lib/python3.10/site-packages/airflow/example_dags/example_datasets.py took 0.355 seconds
[2024-04-29T07:52:23.658+0000] {processor.py:157} INFO - Started process (PID=10402) to work on /usr/local/python/3.10.13/lib/python3.10/site-packages/airflow/example_dags/example_datasets.py
[2024-04-29T07:52:23.658+0000] {processor.py:826} INFO - Processing file /usr/local/python/3.10.13/lib/python3.10/site-packages/airflow/example_dags/example_datasets.py for tasks to queue
[2024-04-29T07:52:23.659+0000] {logging_mixin.py:150} INFO - [2024-04-29T07:52:23.659+0000] {dagbag.py:541} INFO - Filling up the DagBag from /usr/local/python/3.10.13/lib/python3.10/site-packages/airflow/example_dags/example_datasets.py
[2024-04-29T07:52:23.667+0000] {processor.py:836} INFO - DAG(s) dict_keys(['dataset_consumes_1_never_scheduled', 'dataset_consumes_1_and_2', 'dataset_consumes_1', 'dataset_consumes_unknown_never_scheduled', 'dataset_produces_2', 'dataset_produces_1']) retrieved from /usr/local/python/3.10.13/lib/python3.10/site-packages/airflow/example_dags/example_datasets.py
[2024-04-29T07:52:23.690+0000] {logging_mixin.py:150} INFO - [2024-04-29T07:52:23.690+0000] {dag.py:2742} INFO - Sync 6 DAGs
[2024-04-29T07:52:23.707+0000] {logging_mixin.py:150} INFO - [2024-04-29T07:52:23.707+0000] {dag.py:3504} INFO - Setting next_dagrun for dataset_consumes_1 to None, run_after=None
[2024-04-29T07:52:23.709+0000] {logging_mixin.py:150} INFO - [2024-04-29T07:52:23.709+0000] {dag.py:3504} INFO - Setting next_dagrun for dataset_consumes_1_and_2 to None, run_after=None
[2024-04-29T07:52:23.710+0000] {logging_mixin.py:150} INFO - [2024-04-29T07:52:23.710+0000] {dag.py:3504} INFO - Setting next_dagrun for dataset_consumes_1_never_scheduled to None, run_after=None
[2024-04-29T07:52:23.711+0000] {logging_mixin.py:150} INFO - [2024-04-29T07:52:23.711+0000] {dag.py:3504} INFO - Setting next_dagrun for dataset_consumes_unknown_never_scheduled to None, run_after=None
[2024-04-29T07:52:23.713+0000] {logging_mixin.py:150} INFO - [2024-04-29T07:52:23.713+0000] {dag.py:3504} INFO - Setting next_dagrun for dataset_produces_1 to 2024-04-28T00:00:00+00:00, run_after=2024-04-29T00:00:00+00:00
[2024-04-29T07:52:23.714+0000] {logging_mixin.py:150} INFO - [2024-04-29T07:52:23.713+0000] {dag.py:3504} INFO - Setting next_dagrun for dataset_produces_2 to None, run_after=None
[2024-04-29T07:52:23.757+0000] {processor.py:179} INFO - Processing /usr/local/python/3.10.13/lib/python3.10/site-packages/airflow/example_dags/example_datasets.py took 0.102 seconds
[2024-04-29T07:53:07.262+0000] {processor.py:157} INFO - Started process (PID=10737) to work on /usr/local/python/3.10.13/lib/python3.10/site-packages/airflow/example_dags/example_datasets.py
[2024-04-29T07:53:07.263+0000] {processor.py:826} INFO - Processing file /usr/local/python/3.10.13/lib/python3.10/site-packages/airflow/example_dags/example_datasets.py for tasks to queue
[2024-04-29T07:53:07.264+0000] {logging_mixin.py:150} INFO - [2024-04-29T07:53:07.263+0000] {dagbag.py:541} INFO - Filling up the DagBag from /usr/local/python/3.10.13/lib/python3.10/site-packages/airflow/example_dags/example_datasets.py
[2024-04-29T07:53:07.275+0000] {processor.py:836} INFO - DAG(s) dict_keys(['dataset_produces_2', 'dataset_consumes_1', 'dataset_consumes_1_and_2', 'dataset_consumes_unknown_never_scheduled', 'dataset_consumes_1_never_scheduled', 'dataset_produces_1']) retrieved from /usr/local/python/3.10.13/lib/python3.10/site-packages/airflow/example_dags/example_datasets.py
[2024-04-29T07:53:07.306+0000] {logging_mixin.py:150} INFO - [2024-04-29T07:53:07.306+0000] {dag.py:2742} INFO - Sync 6 DAGs
[2024-04-29T07:53:07.332+0000] {logging_mixin.py:150} INFO - [2024-04-29T07:53:07.332+0000] {dag.py:3504} INFO - Setting next_dagrun for dataset_consumes_1 to None, run_after=None
[2024-04-29T07:53:07.335+0000] {logging_mixin.py:150} INFO - [2024-04-29T07:53:07.334+0000] {dag.py:3504} INFO - Setting next_dagrun for dataset_consumes_1_and_2 to None, run_after=None
[2024-04-29T07:53:07.335+0000] {logging_mixin.py:150} INFO - [2024-04-29T07:53:07.335+0000] {dag.py:3504} INFO - Setting next_dagrun for dataset_consumes_1_never_scheduled to None, run_after=None
[2024-04-29T07:53:07.336+0000] {logging_mixin.py:150} INFO - [2024-04-29T07:53:07.336+0000] {dag.py:3504} INFO - Setting next_dagrun for dataset_consumes_unknown_never_scheduled to None, run_after=None
[2024-04-29T07:53:07.338+0000] {logging_mixin.py:150} INFO - [2024-04-29T07:53:07.338+0000] {dag.py:3504} INFO - Setting next_dagrun for dataset_produces_1 to 2024-04-28T00:00:00+00:00, run_after=2024-04-29T00:00:00+00:00
[2024-04-29T07:53:07.339+0000] {logging_mixin.py:150} INFO - [2024-04-29T07:53:07.339+0000] {dag.py:3504} INFO - Setting next_dagrun for dataset_produces_2 to None, run_after=None
[2024-04-29T07:53:07.381+0000] {processor.py:179} INFO - Processing /usr/local/python/3.10.13/lib/python3.10/site-packages/airflow/example_dags/example_datasets.py took 0.123 seconds
[2024-04-29T07:53:56.668+0000] {processor.py:157} INFO - Started process (PID=11110) to work on /usr/local/python/3.10.13/lib/python3.10/site-packages/airflow/example_dags/example_datasets.py
[2024-04-29T07:53:56.669+0000] {processor.py:826} INFO - Processing file /usr/local/python/3.10.13/lib/python3.10/site-packages/airflow/example_dags/example_datasets.py for tasks to queue
[2024-04-29T07:53:56.670+0000] {logging_mixin.py:150} INFO - [2024-04-29T07:53:56.669+0000] {dagbag.py:541} INFO - Filling up the DagBag from /usr/local/python/3.10.13/lib/python3.10/site-packages/airflow/example_dags/example_datasets.py
[2024-04-29T07:53:56.677+0000] {processor.py:836} INFO - DAG(s) dict_keys(['dataset_produces_2', 'dataset_consumes_unknown_never_scheduled', 'dataset_consumes_1', 'dataset_consumes_1_and_2', 'dataset_consumes_1_never_scheduled', 'dataset_produces_1']) retrieved from /usr/local/python/3.10.13/lib/python3.10/site-packages/airflow/example_dags/example_datasets.py
[2024-04-29T07:53:56.700+0000] {logging_mixin.py:150} INFO - [2024-04-29T07:53:56.700+0000] {dag.py:2742} INFO - Sync 6 DAGs
[2024-04-29T07:53:56.720+0000] {logging_mixin.py:150} INFO - [2024-04-29T07:53:56.720+0000] {dag.py:3504} INFO - Setting next_dagrun for dataset_consumes_1 to None, run_after=None
[2024-04-29T07:53:56.723+0000] {logging_mixin.py:150} INFO - [2024-04-29T07:53:56.722+0000] {dag.py:3504} INFO - Setting next_dagrun for dataset_consumes_1_and_2 to None, run_after=None
[2024-04-29T07:53:56.723+0000] {logging_mixin.py:150} INFO - [2024-04-29T07:53:56.723+0000] {dag.py:3504} INFO - Setting next_dagrun for dataset_consumes_1_never_scheduled to None, run_after=None
[2024-04-29T07:53:56.724+0000] {logging_mixin.py:150} INFO - [2024-04-29T07:53:56.724+0000] {dag.py:3504} INFO - Setting next_dagrun for dataset_consumes_unknown_never_scheduled to None, run_after=None
[2024-04-29T07:53:56.726+0000] {logging_mixin.py:150} INFO - [2024-04-29T07:53:56.726+0000] {dag.py:3504} INFO - Setting next_dagrun for dataset_produces_1 to 2024-04-28T00:00:00+00:00, run_after=2024-04-29T00:00:00+00:00
[2024-04-29T07:53:56.727+0000] {logging_mixin.py:150} INFO - [2024-04-29T07:53:56.727+0000] {dag.py:3504} INFO - Setting next_dagrun for dataset_produces_2 to None, run_after=None
[2024-04-29T07:53:56.768+0000] {processor.py:179} INFO - Processing /usr/local/python/3.10.13/lib/python3.10/site-packages/airflow/example_dags/example_datasets.py took 0.102 seconds
[2024-04-29T07:54:50.761+0000] {processor.py:157} INFO - Started process (PID=11521) to work on /usr/local/python/3.10.13/lib/python3.10/site-packages/airflow/example_dags/example_datasets.py
[2024-04-29T07:54:50.762+0000] {processor.py:826} INFO - Processing file /usr/local/python/3.10.13/lib/python3.10/site-packages/airflow/example_dags/example_datasets.py for tasks to queue
[2024-04-29T07:54:50.762+0000] {logging_mixin.py:150} INFO - [2024-04-29T07:54:50.762+0000] {dagbag.py:541} INFO - Filling up the DagBag from /usr/local/python/3.10.13/lib/python3.10/site-packages/airflow/example_dags/example_datasets.py
[2024-04-29T07:54:50.770+0000] {processor.py:836} INFO - DAG(s) dict_keys(['dataset_consumes_unknown_never_scheduled', 'dataset_consumes_1', 'dataset_consumes_1_never_scheduled', 'dataset_consumes_1_and_2', 'dataset_produces_2', 'dataset_produces_1']) retrieved from /usr/local/python/3.10.13/lib/python3.10/site-packages/airflow/example_dags/example_datasets.py
[2024-04-29T07:54:50.792+0000] {logging_mixin.py:150} INFO - [2024-04-29T07:54:50.792+0000] {dag.py:2742} INFO - Sync 6 DAGs
[2024-04-29T07:54:50.809+0000] {logging_mixin.py:150} INFO - [2024-04-29T07:54:50.809+0000] {dag.py:3504} INFO - Setting next_dagrun for dataset_consumes_1 to None, run_after=None
[2024-04-29T07:54:50.811+0000] {logging_mixin.py:150} INFO - [2024-04-29T07:54:50.811+0000] {dag.py:3504} INFO - Setting next_dagrun for dataset_consumes_1_and_2 to None, run_after=None
[2024-04-29T07:54:50.812+0000] {logging_mixin.py:150} INFO - [2024-04-29T07:54:50.812+0000] {dag.py:3504} INFO - Setting next_dagrun for dataset_consumes_1_never_scheduled to None, run_after=None
[2024-04-29T07:54:50.813+0000] {logging_mixin.py:150} INFO - [2024-04-29T07:54:50.812+0000] {dag.py:3504} INFO - Setting next_dagrun for dataset_consumes_unknown_never_scheduled to None, run_after=None
[2024-04-29T07:54:50.815+0000] {logging_mixin.py:150} INFO - [2024-04-29T07:54:50.815+0000] {dag.py:3504} INFO - Setting next_dagrun for dataset_produces_1 to 2024-04-28T00:00:00+00:00, run_after=2024-04-29T00:00:00+00:00
[2024-04-29T07:54:50.815+0000] {logging_mixin.py:150} INFO - [2024-04-29T07:54:50.815+0000] {dag.py:3504} INFO - Setting next_dagrun for dataset_produces_2 to None, run_after=None
[2024-04-29T07:54:50.857+0000] {processor.py:179} INFO - Processing /usr/local/python/3.10.13/lib/python3.10/site-packages/airflow/example_dags/example_datasets.py took 0.098 seconds
[2024-04-29T07:55:44.202+0000] {processor.py:157} INFO - Started process (PID=11912) to work on /usr/local/python/3.10.13/lib/python3.10/site-packages/airflow/example_dags/example_datasets.py
[2024-04-29T07:55:44.203+0000] {processor.py:826} INFO - Processing file /usr/local/python/3.10.13/lib/python3.10/site-packages/airflow/example_dags/example_datasets.py for tasks to queue
[2024-04-29T07:55:44.204+0000] {logging_mixin.py:150} INFO - [2024-04-29T07:55:44.203+0000] {dagbag.py:541} INFO - Filling up the DagBag from /usr/local/python/3.10.13/lib/python3.10/site-packages/airflow/example_dags/example_datasets.py
[2024-04-29T07:55:44.214+0000] {processor.py:836} INFO - DAG(s) dict_keys(['dataset_consumes_1_never_scheduled', 'dataset_consumes_1_and_2', 'dataset_consumes_unknown_never_scheduled', 'dataset_produces_2', 'dataset_produces_1', 'dataset_consumes_1']) retrieved from /usr/local/python/3.10.13/lib/python3.10/site-packages/airflow/example_dags/example_datasets.py
[2024-04-29T07:55:44.236+0000] {logging_mixin.py:150} INFO - [2024-04-29T07:55:44.236+0000] {dag.py:2742} INFO - Sync 6 DAGs
[2024-04-29T07:55:44.253+0000] {logging_mixin.py:150} INFO - [2024-04-29T07:55:44.253+0000] {dag.py:3504} INFO - Setting next_dagrun for dataset_consumes_1 to None, run_after=None
[2024-04-29T07:55:44.255+0000] {logging_mixin.py:150} INFO - [2024-04-29T07:55:44.255+0000] {dag.py:3504} INFO - Setting next_dagrun for dataset_consumes_1_and_2 to None, run_after=None
[2024-04-29T07:55:44.256+0000] {logging_mixin.py:150} INFO - [2024-04-29T07:55:44.256+0000] {dag.py:3504} INFO - Setting next_dagrun for dataset_consumes_1_never_scheduled to None, run_after=None
[2024-04-29T07:55:44.257+0000] {logging_mixin.py:150} INFO - [2024-04-29T07:55:44.257+0000] {dag.py:3504} INFO - Setting next_dagrun for dataset_consumes_unknown_never_scheduled to None, run_after=None
[2024-04-29T07:55:44.261+0000] {logging_mixin.py:150} INFO - [2024-04-29T07:55:44.261+0000] {dag.py:3504} INFO - Setting next_dagrun for dataset_produces_1 to 2024-04-28T00:00:00+00:00, run_after=2024-04-29T00:00:00+00:00
[2024-04-29T07:55:44.262+0000] {logging_mixin.py:150} INFO - [2024-04-29T07:55:44.261+0000] {dag.py:3504} INFO - Setting next_dagrun for dataset_produces_2 to None, run_after=None
[2024-04-29T07:55:44.312+0000] {processor.py:179} INFO - Processing /usr/local/python/3.10.13/lib/python3.10/site-packages/airflow/example_dags/example_datasets.py took 0.112 seconds
[2024-04-29T07:56:43.350+0000] {processor.py:157} INFO - Started process (PID=12349) to work on /usr/local/python/3.10.13/lib/python3.10/site-packages/airflow/example_dags/example_datasets.py
[2024-04-29T07:56:43.351+0000] {processor.py:826} INFO - Processing file /usr/local/python/3.10.13/lib/python3.10/site-packages/airflow/example_dags/example_datasets.py for tasks to queue
[2024-04-29T07:56:43.351+0000] {logging_mixin.py:150} INFO - [2024-04-29T07:56:43.351+0000] {dagbag.py:541} INFO - Filling up the DagBag from /usr/local/python/3.10.13/lib/python3.10/site-packages/airflow/example_dags/example_datasets.py
[2024-04-29T07:56:43.359+0000] {processor.py:836} INFO - DAG(s) dict_keys(['dataset_consumes_1_never_scheduled', 'dataset_consumes_1', 'dataset_produces_2', 'dataset_produces_1', 'dataset_consumes_1_and_2', 'dataset_consumes_unknown_never_scheduled']) retrieved from /usr/local/python/3.10.13/lib/python3.10/site-packages/airflow/example_dags/example_datasets.py
[2024-04-29T07:56:43.386+0000] {logging_mixin.py:150} INFO - [2024-04-29T07:56:43.386+0000] {dag.py:2742} INFO - Sync 6 DAGs
[2024-04-29T07:56:43.403+0000] {logging_mixin.py:150} INFO - [2024-04-29T07:56:43.403+0000] {dag.py:3504} INFO - Setting next_dagrun for dataset_consumes_1 to None, run_after=None
[2024-04-29T07:56:43.406+0000] {logging_mixin.py:150} INFO - [2024-04-29T07:56:43.406+0000] {dag.py:3504} INFO - Setting next_dagrun for dataset_consumes_1_and_2 to None, run_after=None
[2024-04-29T07:56:43.407+0000] {logging_mixin.py:150} INFO - [2024-04-29T07:56:43.406+0000] {dag.py:3504} INFO - Setting next_dagrun for dataset_consumes_1_never_scheduled to None, run_after=None
[2024-04-29T07:56:43.407+0000] {logging_mixin.py:150} INFO - [2024-04-29T07:56:43.407+0000] {dag.py:3504} INFO - Setting next_dagrun for dataset_consumes_unknown_never_scheduled to None, run_after=None
[2024-04-29T07:56:43.409+0000] {logging_mixin.py:150} INFO - [2024-04-29T07:56:43.409+0000] {dag.py:3504} INFO - Setting next_dagrun for dataset_produces_1 to 2024-04-28T00:00:00+00:00, run_after=2024-04-29T00:00:00+00:00
[2024-04-29T07:56:43.410+0000] {logging_mixin.py:150} INFO - [2024-04-29T07:56:43.410+0000] {dag.py:3504} INFO - Setting next_dagrun for dataset_produces_2 to None, run_after=None
[2024-04-29T07:56:43.456+0000] {processor.py:179} INFO - Processing /usr/local/python/3.10.13/lib/python3.10/site-packages/airflow/example_dags/example_datasets.py took 0.111 seconds
[2024-04-29T07:57:44.190+0000] {processor.py:157} INFO - Started process (PID=12811) to work on /usr/local/python/3.10.13/lib/python3.10/site-packages/airflow/example_dags/example_datasets.py
[2024-04-29T07:57:44.191+0000] {processor.py:826} INFO - Processing file /usr/local/python/3.10.13/lib/python3.10/site-packages/airflow/example_dags/example_datasets.py for tasks to queue
[2024-04-29T07:57:44.192+0000] {logging_mixin.py:150} INFO - [2024-04-29T07:57:44.191+0000] {dagbag.py:541} INFO - Filling up the DagBag from /usr/local/python/3.10.13/lib/python3.10/site-packages/airflow/example_dags/example_datasets.py
[2024-04-29T07:57:44.199+0000] {processor.py:836} INFO - DAG(s) dict_keys(['dataset_consumes_unknown_never_scheduled', 'dataset_consumes_1_never_scheduled', 'dataset_consumes_1_and_2', 'dataset_produces_2', 'dataset_consumes_1', 'dataset_produces_1']) retrieved from /usr/local/python/3.10.13/lib/python3.10/site-packages/airflow/example_dags/example_datasets.py
[2024-04-29T07:57:44.221+0000] {logging_mixin.py:150} INFO - [2024-04-29T07:57:44.221+0000] {dag.py:2742} INFO - Sync 6 DAGs
[2024-04-29T07:57:44.239+0000] {logging_mixin.py:150} INFO - [2024-04-29T07:57:44.239+0000] {dag.py:3504} INFO - Setting next_dagrun for dataset_consumes_1 to None, run_after=None
[2024-04-29T07:57:44.242+0000] {logging_mixin.py:150} INFO - [2024-04-29T07:57:44.242+0000] {dag.py:3504} INFO - Setting next_dagrun for dataset_consumes_1_and_2 to None, run_after=None
[2024-04-29T07:57:44.242+0000] {logging_mixin.py:150} INFO - [2024-04-29T07:57:44.242+0000] {dag.py:3504} INFO - Setting next_dagrun for dataset_consumes_1_never_scheduled to None, run_after=None
[2024-04-29T07:57:44.243+0000] {logging_mixin.py:150} INFO - [2024-04-29T07:57:44.243+0000] {dag.py:3504} INFO - Setting next_dagrun for dataset_consumes_unknown_never_scheduled to None, run_after=None
[2024-04-29T07:57:44.245+0000] {logging_mixin.py:150} INFO - [2024-04-29T07:57:44.245+0000] {dag.py:3504} INFO - Setting next_dagrun for dataset_produces_1 to 2024-04-28T00:00:00+00:00, run_after=2024-04-29T00:00:00+00:00
[2024-04-29T07:57:44.246+0000] {logging_mixin.py:150} INFO - [2024-04-29T07:57:44.246+0000] {dag.py:3504} INFO - Setting next_dagrun for dataset_produces_2 to None, run_after=None
[2024-04-29T07:57:44.287+0000] {processor.py:179} INFO - Processing /usr/local/python/3.10.13/lib/python3.10/site-packages/airflow/example_dags/example_datasets.py took 0.100 seconds
[2024-04-29T07:58:45.956+0000] {processor.py:157} INFO - Started process (PID=13254) to work on /usr/local/python/3.10.13/lib/python3.10/site-packages/airflow/example_dags/example_datasets.py
[2024-04-29T07:58:45.957+0000] {processor.py:826} INFO - Processing file /usr/local/python/3.10.13/lib/python3.10/site-packages/airflow/example_dags/example_datasets.py for tasks to queue
[2024-04-29T07:58:45.957+0000] {logging_mixin.py:150} INFO - [2024-04-29T07:58:45.957+0000] {dagbag.py:541} INFO - Filling up the DagBag from /usr/local/python/3.10.13/lib/python3.10/site-packages/airflow/example_dags/example_datasets.py
[2024-04-29T07:58:45.965+0000] {processor.py:836} INFO - DAG(s) dict_keys(['dataset_consumes_1_and_2', 'dataset_consumes_1', 'dataset_consumes_unknown_never_scheduled', 'dataset_produces_2', 'dataset_consumes_1_never_scheduled', 'dataset_produces_1']) retrieved from /usr/local/python/3.10.13/lib/python3.10/site-packages/airflow/example_dags/example_datasets.py
[2024-04-29T07:58:45.986+0000] {logging_mixin.py:150} INFO - [2024-04-29T07:58:45.986+0000] {dag.py:2742} INFO - Sync 6 DAGs
[2024-04-29T07:58:46.002+0000] {logging_mixin.py:150} INFO - [2024-04-29T07:58:46.002+0000] {dag.py:3504} INFO - Setting next_dagrun for dataset_consumes_1 to None, run_after=None
[2024-04-29T07:58:46.004+0000] {logging_mixin.py:150} INFO - [2024-04-29T07:58:46.004+0000] {dag.py:3504} INFO - Setting next_dagrun for dataset_consumes_1_and_2 to None, run_after=None
[2024-04-29T07:58:46.005+0000] {logging_mixin.py:150} INFO - [2024-04-29T07:58:46.005+0000] {dag.py:3504} INFO - Setting next_dagrun for dataset_consumes_1_never_scheduled to None, run_after=None
[2024-04-29T07:58:46.006+0000] {logging_mixin.py:150} INFO - [2024-04-29T07:58:46.006+0000] {dag.py:3504} INFO - Setting next_dagrun for dataset_consumes_unknown_never_scheduled to None, run_after=None
[2024-04-29T07:58:46.008+0000] {logging_mixin.py:150} INFO - [2024-04-29T07:58:46.008+0000] {dag.py:3504} INFO - Setting next_dagrun for dataset_produces_1 to 2024-04-28T00:00:00+00:00, run_after=2024-04-29T00:00:00+00:00
[2024-04-29T07:58:46.009+0000] {logging_mixin.py:150} INFO - [2024-04-29T07:58:46.009+0000] {dag.py:3504} INFO - Setting next_dagrun for dataset_produces_2 to None, run_after=None
[2024-04-29T07:58:46.050+0000] {processor.py:179} INFO - Processing /usr/local/python/3.10.13/lib/python3.10/site-packages/airflow/example_dags/example_datasets.py took 0.096 seconds
[2024-04-29T07:59:39.060+0000] {processor.py:157} INFO - Started process (PID=13646) to work on /usr/local/python/3.10.13/lib/python3.10/site-packages/airflow/example_dags/example_datasets.py
[2024-04-29T07:59:39.060+0000] {processor.py:826} INFO - Processing file /usr/local/python/3.10.13/lib/python3.10/site-packages/airflow/example_dags/example_datasets.py for tasks to queue
[2024-04-29T07:59:39.061+0000] {logging_mixin.py:150} INFO - [2024-04-29T07:59:39.061+0000] {dagbag.py:541} INFO - Filling up the DagBag from /usr/local/python/3.10.13/lib/python3.10/site-packages/airflow/example_dags/example_datasets.py
[2024-04-29T07:59:39.069+0000] {processor.py:836} INFO - DAG(s) dict_keys(['dataset_consumes_1_and_2', 'dataset_produces_2', 'dataset_consumes_1_never_scheduled', 'dataset_produces_1', 'dataset_consumes_1', 'dataset_consumes_unknown_never_scheduled']) retrieved from /usr/local/python/3.10.13/lib/python3.10/site-packages/airflow/example_dags/example_datasets.py
[2024-04-29T07:59:39.092+0000] {logging_mixin.py:150} INFO - [2024-04-29T07:59:39.092+0000] {dag.py:2742} INFO - Sync 6 DAGs
[2024-04-29T07:59:39.110+0000] {logging_mixin.py:150} INFO - [2024-04-29T07:59:39.109+0000] {dag.py:3504} INFO - Setting next_dagrun for dataset_consumes_1 to None, run_after=None
[2024-04-29T07:59:39.112+0000] {logging_mixin.py:150} INFO - [2024-04-29T07:59:39.112+0000] {dag.py:3504} INFO - Setting next_dagrun for dataset_consumes_1_and_2 to None, run_after=None
[2024-04-29T07:59:39.113+0000] {logging_mixin.py:150} INFO - [2024-04-29T07:59:39.113+0000] {dag.py:3504} INFO - Setting next_dagrun for dataset_consumes_1_never_scheduled to None, run_after=None
[2024-04-29T07:59:39.113+0000] {logging_mixin.py:150} INFO - [2024-04-29T07:59:39.113+0000] {dag.py:3504} INFO - Setting next_dagrun for dataset_consumes_unknown_never_scheduled to None, run_after=None
[2024-04-29T07:59:39.116+0000] {logging_mixin.py:150} INFO - [2024-04-29T07:59:39.116+0000] {dag.py:3504} INFO - Setting next_dagrun for dataset_produces_1 to 2024-04-28T00:00:00+00:00, run_after=2024-04-29T00:00:00+00:00
[2024-04-29T07:59:39.117+0000] {logging_mixin.py:150} INFO - [2024-04-29T07:59:39.117+0000] {dag.py:3504} INFO - Setting next_dagrun for dataset_produces_2 to None, run_after=None
[2024-04-29T07:59:39.167+0000] {processor.py:179} INFO - Processing /usr/local/python/3.10.13/lib/python3.10/site-packages/airflow/example_dags/example_datasets.py took 0.110 seconds
[2024-04-29T08:00:28.186+0000] {processor.py:157} INFO - Started process (PID=13978) to work on /usr/local/python/3.10.13/lib/python3.10/site-packages/airflow/example_dags/example_datasets.py
[2024-04-29T08:00:28.186+0000] {processor.py:826} INFO - Processing file /usr/local/python/3.10.13/lib/python3.10/site-packages/airflow/example_dags/example_datasets.py for tasks to queue
[2024-04-29T08:00:28.187+0000] {logging_mixin.py:150} INFO - [2024-04-29T08:00:28.187+0000] {dagbag.py:541} INFO - Filling up the DagBag from /usr/local/python/3.10.13/lib/python3.10/site-packages/airflow/example_dags/example_datasets.py
[2024-04-29T08:00:28.198+0000] {processor.py:836} INFO - DAG(s) dict_keys(['dataset_consumes_1_never_scheduled', 'dataset_produces_1', 'dataset_consumes_1', 'dataset_produces_2', 'dataset_consumes_unknown_never_scheduled', 'dataset_consumes_1_and_2']) retrieved from /usr/local/python/3.10.13/lib/python3.10/site-packages/airflow/example_dags/example_datasets.py
[2024-04-29T08:00:28.220+0000] {logging_mixin.py:150} INFO - [2024-04-29T08:00:28.220+0000] {dag.py:2742} INFO - Sync 6 DAGs
[2024-04-29T08:00:28.240+0000] {logging_mixin.py:150} INFO - [2024-04-29T08:00:28.240+0000] {dag.py:3504} INFO - Setting next_dagrun for dataset_consumes_1 to None, run_after=None
[2024-04-29T08:00:28.244+0000] {logging_mixin.py:150} INFO - [2024-04-29T08:00:28.244+0000] {dag.py:3504} INFO - Setting next_dagrun for dataset_consumes_1_and_2 to None, run_after=None
[2024-04-29T08:00:28.245+0000] {logging_mixin.py:150} INFO - [2024-04-29T08:00:28.245+0000] {dag.py:3504} INFO - Setting next_dagrun for dataset_consumes_1_never_scheduled to None, run_after=None
[2024-04-29T08:00:28.246+0000] {logging_mixin.py:150} INFO - [2024-04-29T08:00:28.246+0000] {dag.py:3504} INFO - Setting next_dagrun for dataset_consumes_unknown_never_scheduled to None, run_after=None
[2024-04-29T08:00:28.249+0000] {logging_mixin.py:150} INFO - [2024-04-29T08:00:28.249+0000] {dag.py:3504} INFO - Setting next_dagrun for dataset_produces_1 to 2024-04-28T00:00:00+00:00, run_after=2024-04-29T00:00:00+00:00
[2024-04-29T08:00:28.250+0000] {logging_mixin.py:150} INFO - [2024-04-29T08:00:28.250+0000] {dag.py:3504} INFO - Setting next_dagrun for dataset_produces_2 to None, run_after=None
[2024-04-29T08:00:28.296+0000] {processor.py:179} INFO - Processing /usr/local/python/3.10.13/lib/python3.10/site-packages/airflow/example_dags/example_datasets.py took 0.112 seconds
[2024-04-29T08:01:22.090+0000] {processor.py:157} INFO - Started process (PID=14368) to work on /usr/local/python/3.10.13/lib/python3.10/site-packages/airflow/example_dags/example_datasets.py
[2024-04-29T08:01:22.091+0000] {processor.py:826} INFO - Processing file /usr/local/python/3.10.13/lib/python3.10/site-packages/airflow/example_dags/example_datasets.py for tasks to queue
[2024-04-29T08:01:22.092+0000] {logging_mixin.py:150} INFO - [2024-04-29T08:01:22.091+0000] {dagbag.py:541} INFO - Filling up the DagBag from /usr/local/python/3.10.13/lib/python3.10/site-packages/airflow/example_dags/example_datasets.py
[2024-04-29T08:01:22.099+0000] {processor.py:836} INFO - DAG(s) dict_keys(['dataset_produces_2', 'dataset_consumes_1_and_2', 'dataset_produces_1', 'dataset_consumes_unknown_never_scheduled', 'dataset_consumes_1', 'dataset_consumes_1_never_scheduled']) retrieved from /usr/local/python/3.10.13/lib/python3.10/site-packages/airflow/example_dags/example_datasets.py
[2024-04-29T08:01:22.122+0000] {logging_mixin.py:150} INFO - [2024-04-29T08:01:22.122+0000] {dag.py:2742} INFO - Sync 6 DAGs
[2024-04-29T08:01:22.139+0000] {logging_mixin.py:150} INFO - [2024-04-29T08:01:22.139+0000] {dag.py:3504} INFO - Setting next_dagrun for dataset_consumes_1 to None, run_after=None
[2024-04-29T08:01:22.141+0000] {logging_mixin.py:150} INFO - [2024-04-29T08:01:22.141+0000] {dag.py:3504} INFO - Setting next_dagrun for dataset_consumes_1_and_2 to None, run_after=None
[2024-04-29T08:01:22.142+0000] {logging_mixin.py:150} INFO - [2024-04-29T08:01:22.142+0000] {dag.py:3504} INFO - Setting next_dagrun for dataset_consumes_1_never_scheduled to None, run_after=None
[2024-04-29T08:01:22.143+0000] {logging_mixin.py:150} INFO - [2024-04-29T08:01:22.143+0000] {dag.py:3504} INFO - Setting next_dagrun for dataset_consumes_unknown_never_scheduled to None, run_after=None
[2024-04-29T08:01:22.145+0000] {logging_mixin.py:150} INFO - [2024-04-29T08:01:22.145+0000] {dag.py:3504} INFO - Setting next_dagrun for dataset_produces_1 to 2024-04-28T00:00:00+00:00, run_after=2024-04-29T00:00:00+00:00
[2024-04-29T08:01:22.146+0000] {logging_mixin.py:150} INFO - [2024-04-29T08:01:22.146+0000] {dag.py:3504} INFO - Setting next_dagrun for dataset_produces_2 to None, run_after=None
[2024-04-29T08:01:22.189+0000] {processor.py:179} INFO - Processing /usr/local/python/3.10.13/lib/python3.10/site-packages/airflow/example_dags/example_datasets.py took 0.103 seconds
[2024-04-29T08:02:15.820+0000] {processor.py:157} INFO - Started process (PID=14733) to work on /usr/local/python/3.10.13/lib/python3.10/site-packages/airflow/example_dags/example_datasets.py
[2024-04-29T08:02:15.821+0000] {processor.py:826} INFO - Processing file /usr/local/python/3.10.13/lib/python3.10/site-packages/airflow/example_dags/example_datasets.py for tasks to queue
[2024-04-29T08:02:15.822+0000] {logging_mixin.py:150} INFO - [2024-04-29T08:02:15.821+0000] {dagbag.py:541} INFO - Filling up the DagBag from /usr/local/python/3.10.13/lib/python3.10/site-packages/airflow/example_dags/example_datasets.py
[2024-04-29T08:02:15.829+0000] {processor.py:836} INFO - DAG(s) dict_keys(['dataset_consumes_1_and_2', 'dataset_consumes_unknown_never_scheduled', 'dataset_produces_2', 'dataset_consumes_1_never_scheduled', 'dataset_produces_1', 'dataset_consumes_1']) retrieved from /usr/local/python/3.10.13/lib/python3.10/site-packages/airflow/example_dags/example_datasets.py
[2024-04-29T08:02:15.850+0000] {logging_mixin.py:150} INFO - [2024-04-29T08:02:15.850+0000] {dag.py:2742} INFO - Sync 6 DAGs
[2024-04-29T08:02:15.866+0000] {logging_mixin.py:150} INFO - [2024-04-29T08:02:15.866+0000] {dag.py:3504} INFO - Setting next_dagrun for dataset_consumes_1 to None, run_after=None
[2024-04-29T08:02:15.869+0000] {logging_mixin.py:150} INFO - [2024-04-29T08:02:15.869+0000] {dag.py:3504} INFO - Setting next_dagrun for dataset_consumes_1_and_2 to None, run_after=None
[2024-04-29T08:02:15.870+0000] {logging_mixin.py:150} INFO - [2024-04-29T08:02:15.870+0000] {dag.py:3504} INFO - Setting next_dagrun for dataset_consumes_1_never_scheduled to None, run_after=None
[2024-04-29T08:02:15.871+0000] {logging_mixin.py:150} INFO - [2024-04-29T08:02:15.870+0000] {dag.py:3504} INFO - Setting next_dagrun for dataset_consumes_unknown_never_scheduled to None, run_after=None
[2024-04-29T08:02:15.873+0000] {logging_mixin.py:150} INFO - [2024-04-29T08:02:15.873+0000] {dag.py:3504} INFO - Setting next_dagrun for dataset_produces_1 to 2024-04-28T00:00:00+00:00, run_after=2024-04-29T00:00:00+00:00
[2024-04-29T08:02:15.873+0000] {logging_mixin.py:150} INFO - [2024-04-29T08:02:15.873+0000] {dag.py:3504} INFO - Setting next_dagrun for dataset_produces_2 to None, run_after=None
[2024-04-29T08:02:15.915+0000] {processor.py:179} INFO - Processing /usr/local/python/3.10.13/lib/python3.10/site-packages/airflow/example_dags/example_datasets.py took 0.097 seconds
[2024-04-29T08:03:02.694+0000] {processor.py:157} INFO - Started process (PID=15069) to work on /usr/local/python/3.10.13/lib/python3.10/site-packages/airflow/example_dags/example_datasets.py
[2024-04-29T08:03:02.695+0000] {processor.py:826} INFO - Processing file /usr/local/python/3.10.13/lib/python3.10/site-packages/airflow/example_dags/example_datasets.py for tasks to queue
[2024-04-29T08:03:02.696+0000] {logging_mixin.py:150} INFO - [2024-04-29T08:03:02.695+0000] {dagbag.py:541} INFO - Filling up the DagBag from /usr/local/python/3.10.13/lib/python3.10/site-packages/airflow/example_dags/example_datasets.py
[2024-04-29T08:03:02.704+0000] {processor.py:836} INFO - DAG(s) dict_keys(['dataset_consumes_1_never_scheduled', 'dataset_produces_2', 'dataset_consumes_1', 'dataset_consumes_1_and_2', 'dataset_consumes_unknown_never_scheduled', 'dataset_produces_1']) retrieved from /usr/local/python/3.10.13/lib/python3.10/site-packages/airflow/example_dags/example_datasets.py
[2024-04-29T08:03:02.731+0000] {logging_mixin.py:150} INFO - [2024-04-29T08:03:02.730+0000] {dag.py:2742} INFO - Sync 6 DAGs
[2024-04-29T08:03:02.759+0000] {logging_mixin.py:150} INFO - [2024-04-29T08:03:02.759+0000] {dag.py:3504} INFO - Setting next_dagrun for dataset_consumes_1 to None, run_after=None
[2024-04-29T08:03:02.763+0000] {logging_mixin.py:150} INFO - [2024-04-29T08:03:02.763+0000] {dag.py:3504} INFO - Setting next_dagrun for dataset_consumes_1_and_2 to None, run_after=None
[2024-04-29T08:03:02.764+0000] {logging_mixin.py:150} INFO - [2024-04-29T08:03:02.764+0000] {dag.py:3504} INFO - Setting next_dagrun for dataset_consumes_1_never_scheduled to None, run_after=None
[2024-04-29T08:03:02.765+0000] {logging_mixin.py:150} INFO - [2024-04-29T08:03:02.765+0000] {dag.py:3504} INFO - Setting next_dagrun for dataset_consumes_unknown_never_scheduled to None, run_after=None
[2024-04-29T08:03:02.767+0000] {logging_mixin.py:150} INFO - [2024-04-29T08:03:02.767+0000] {dag.py:3504} INFO - Setting next_dagrun for dataset_produces_1 to 2024-04-28T00:00:00+00:00, run_after=2024-04-29T00:00:00+00:00
[2024-04-29T08:03:02.768+0000] {logging_mixin.py:150} INFO - [2024-04-29T08:03:02.768+0000] {dag.py:3504} INFO - Setting next_dagrun for dataset_produces_2 to None, run_after=None
[2024-04-29T08:03:02.812+0000] {processor.py:179} INFO - Processing /usr/local/python/3.10.13/lib/python3.10/site-packages/airflow/example_dags/example_datasets.py took 0.120 seconds
[2024-04-29T08:03:53.775+0000] {processor.py:157} INFO - Started process (PID=15413) to work on /usr/local/python/3.10.13/lib/python3.10/site-packages/airflow/example_dags/example_datasets.py
[2024-04-29T08:03:53.776+0000] {processor.py:826} INFO - Processing file /usr/local/python/3.10.13/lib/python3.10/site-packages/airflow/example_dags/example_datasets.py for tasks to queue
[2024-04-29T08:03:53.777+0000] {logging_mixin.py:150} INFO - [2024-04-29T08:03:53.776+0000] {dagbag.py:541} INFO - Filling up the DagBag from /usr/local/python/3.10.13/lib/python3.10/site-packages/airflow/example_dags/example_datasets.py
[2024-04-29T08:03:53.784+0000] {processor.py:836} INFO - DAG(s) dict_keys(['dataset_consumes_1_never_scheduled', 'dataset_consumes_1_and_2', 'dataset_consumes_unknown_never_scheduled', 'dataset_consumes_1', 'dataset_produces_2', 'dataset_produces_1']) retrieved from /usr/local/python/3.10.13/lib/python3.10/site-packages/airflow/example_dags/example_datasets.py
[2024-04-29T08:03:53.807+0000] {logging_mixin.py:150} INFO - [2024-04-29T08:03:53.807+0000] {dag.py:2742} INFO - Sync 6 DAGs
[2024-04-29T08:03:53.824+0000] {logging_mixin.py:150} INFO - [2024-04-29T08:03:53.824+0000] {dag.py:3504} INFO - Setting next_dagrun for dataset_consumes_1 to None, run_after=None
[2024-04-29T08:03:53.826+0000] {logging_mixin.py:150} INFO - [2024-04-29T08:03:53.826+0000] {dag.py:3504} INFO - Setting next_dagrun for dataset_consumes_1_and_2 to None, run_after=None
[2024-04-29T08:03:53.827+0000] {logging_mixin.py:150} INFO - [2024-04-29T08:03:53.827+0000] {dag.py:3504} INFO - Setting next_dagrun for dataset_consumes_1_never_scheduled to None, run_after=None
[2024-04-29T08:03:53.828+0000] {logging_mixin.py:150} INFO - [2024-04-29T08:03:53.827+0000] {dag.py:3504} INFO - Setting next_dagrun for dataset_consumes_unknown_never_scheduled to None, run_after=None
[2024-04-29T08:03:53.830+0000] {logging_mixin.py:150} INFO - [2024-04-29T08:03:53.830+0000] {dag.py:3504} INFO - Setting next_dagrun for dataset_produces_1 to 2024-04-28T00:00:00+00:00, run_after=2024-04-29T00:00:00+00:00
[2024-04-29T08:03:53.830+0000] {logging_mixin.py:150} INFO - [2024-04-29T08:03:53.830+0000] {dag.py:3504} INFO - Setting next_dagrun for dataset_produces_2 to None, run_after=None
[2024-04-29T08:03:53.880+0000] {processor.py:179} INFO - Processing /usr/local/python/3.10.13/lib/python3.10/site-packages/airflow/example_dags/example_datasets.py took 0.107 seconds
[2024-04-29T08:04:48.339+0000] {processor.py:157} INFO - Started process (PID=15785) to work on /usr/local/python/3.10.13/lib/python3.10/site-packages/airflow/example_dags/example_datasets.py
[2024-04-29T08:04:48.339+0000] {processor.py:826} INFO - Processing file /usr/local/python/3.10.13/lib/python3.10/site-packages/airflow/example_dags/example_datasets.py for tasks to queue
[2024-04-29T08:04:48.340+0000] {logging_mixin.py:150} INFO - [2024-04-29T08:04:48.340+0000] {dagbag.py:541} INFO - Filling up the DagBag from /usr/local/python/3.10.13/lib/python3.10/site-packages/airflow/example_dags/example_datasets.py
[2024-04-29T08:04:48.348+0000] {processor.py:836} INFO - DAG(s) dict_keys(['dataset_consumes_1_never_scheduled', 'dataset_consumes_1', 'dataset_produces_1', 'dataset_consumes_1_and_2', 'dataset_consumes_unknown_never_scheduled', 'dataset_produces_2']) retrieved from /usr/local/python/3.10.13/lib/python3.10/site-packages/airflow/example_dags/example_datasets.py
[2024-04-29T08:04:48.369+0000] {logging_mixin.py:150} INFO - [2024-04-29T08:04:48.369+0000] {dag.py:2742} INFO - Sync 6 DAGs
[2024-04-29T08:04:48.386+0000] {logging_mixin.py:150} INFO - [2024-04-29T08:04:48.386+0000] {dag.py:3504} INFO - Setting next_dagrun for dataset_consumes_1 to None, run_after=None
[2024-04-29T08:04:48.389+0000] {logging_mixin.py:150} INFO - [2024-04-29T08:04:48.389+0000] {dag.py:3504} INFO - Setting next_dagrun for dataset_consumes_1_and_2 to None, run_after=None
[2024-04-29T08:04:48.390+0000] {logging_mixin.py:150} INFO - [2024-04-29T08:04:48.389+0000] {dag.py:3504} INFO - Setting next_dagrun for dataset_consumes_1_never_scheduled to None, run_after=None
[2024-04-29T08:04:48.390+0000] {logging_mixin.py:150} INFO - [2024-04-29T08:04:48.390+0000] {dag.py:3504} INFO - Setting next_dagrun for dataset_consumes_unknown_never_scheduled to None, run_after=None
[2024-04-29T08:04:48.392+0000] {logging_mixin.py:150} INFO - [2024-04-29T08:04:48.392+0000] {dag.py:3504} INFO - Setting next_dagrun for dataset_produces_1 to 2024-04-28T00:00:00+00:00, run_after=2024-04-29T00:00:00+00:00
[2024-04-29T08:04:48.393+0000] {logging_mixin.py:150} INFO - [2024-04-29T08:04:48.393+0000] {dag.py:3504} INFO - Setting next_dagrun for dataset_produces_2 to None, run_after=None
[2024-04-29T08:04:48.437+0000] {processor.py:179} INFO - Processing /usr/local/python/3.10.13/lib/python3.10/site-packages/airflow/example_dags/example_datasets.py took 0.101 seconds
[2024-04-29T08:05:40.382+0000] {processor.py:157} INFO - Started process (PID=16144) to work on /usr/local/python/3.10.13/lib/python3.10/site-packages/airflow/example_dags/example_datasets.py
[2024-04-29T08:05:40.383+0000] {processor.py:826} INFO - Processing file /usr/local/python/3.10.13/lib/python3.10/site-packages/airflow/example_dags/example_datasets.py for tasks to queue
[2024-04-29T08:05:40.383+0000] {logging_mixin.py:150} INFO - [2024-04-29T08:05:40.383+0000] {dagbag.py:541} INFO - Filling up the DagBag from /usr/local/python/3.10.13/lib/python3.10/site-packages/airflow/example_dags/example_datasets.py
[2024-04-29T08:05:40.391+0000] {processor.py:836} INFO - DAG(s) dict_keys(['dataset_produces_1', 'dataset_consumes_1_and_2', 'dataset_consumes_unknown_never_scheduled', 'dataset_consumes_1_never_scheduled', 'dataset_consumes_1', 'dataset_produces_2']) retrieved from /usr/local/python/3.10.13/lib/python3.10/site-packages/airflow/example_dags/example_datasets.py
[2024-04-29T08:05:40.419+0000] {logging_mixin.py:150} INFO - [2024-04-29T08:05:40.419+0000] {dag.py:2742} INFO - Sync 6 DAGs
[2024-04-29T08:05:40.443+0000] {logging_mixin.py:150} INFO - [2024-04-29T08:05:40.443+0000] {dag.py:3504} INFO - Setting next_dagrun for dataset_consumes_1 to None, run_after=None
[2024-04-29T08:05:40.447+0000] {logging_mixin.py:150} INFO - [2024-04-29T08:05:40.447+0000] {dag.py:3504} INFO - Setting next_dagrun for dataset_consumes_1_and_2 to None, run_after=None
[2024-04-29T08:05:40.448+0000] {logging_mixin.py:150} INFO - [2024-04-29T08:05:40.448+0000] {dag.py:3504} INFO - Setting next_dagrun for dataset_consumes_1_never_scheduled to None, run_after=None
[2024-04-29T08:05:40.449+0000] {logging_mixin.py:150} INFO - [2024-04-29T08:05:40.449+0000] {dag.py:3504} INFO - Setting next_dagrun for dataset_consumes_unknown_never_scheduled to None, run_after=None
[2024-04-29T08:05:40.452+0000] {logging_mixin.py:150} INFO - [2024-04-29T08:05:40.452+0000] {dag.py:3504} INFO - Setting next_dagrun for dataset_produces_1 to 2024-04-28T00:00:00+00:00, run_after=2024-04-29T00:00:00+00:00
[2024-04-29T08:05:40.453+0000] {logging_mixin.py:150} INFO - [2024-04-29T08:05:40.453+0000] {dag.py:3504} INFO - Setting next_dagrun for dataset_produces_2 to None, run_after=None
[2024-04-29T08:05:40.507+0000] {processor.py:179} INFO - Processing /usr/local/python/3.10.13/lib/python3.10/site-packages/airflow/example_dags/example_datasets.py took 0.127 seconds
[2024-04-29T08:06:33.509+0000] {processor.py:157} INFO - Started process (PID=16498) to work on /usr/local/python/3.10.13/lib/python3.10/site-packages/airflow/example_dags/example_datasets.py
[2024-04-29T08:06:33.510+0000] {processor.py:826} INFO - Processing file /usr/local/python/3.10.13/lib/python3.10/site-packages/airflow/example_dags/example_datasets.py for tasks to queue
[2024-04-29T08:06:33.511+0000] {logging_mixin.py:150} INFO - [2024-04-29T08:06:33.510+0000] {dagbag.py:541} INFO - Filling up the DagBag from /usr/local/python/3.10.13/lib/python3.10/site-packages/airflow/example_dags/example_datasets.py
[2024-04-29T08:06:33.518+0000] {processor.py:836} INFO - DAG(s) dict_keys(['dataset_consumes_1_and_2', 'dataset_produces_1', 'dataset_consumes_1_never_scheduled', 'dataset_consumes_unknown_never_scheduled', 'dataset_consumes_1', 'dataset_produces_2']) retrieved from /usr/local/python/3.10.13/lib/python3.10/site-packages/airflow/example_dags/example_datasets.py
[2024-04-29T08:06:33.540+0000] {logging_mixin.py:150} INFO - [2024-04-29T08:06:33.540+0000] {dag.py:2742} INFO - Sync 6 DAGs
[2024-04-29T08:06:33.557+0000] {logging_mixin.py:150} INFO - [2024-04-29T08:06:33.557+0000] {dag.py:3504} INFO - Setting next_dagrun for dataset_consumes_1 to None, run_after=None
[2024-04-29T08:06:33.559+0000] {logging_mixin.py:150} INFO - [2024-04-29T08:06:33.559+0000] {dag.py:3504} INFO - Setting next_dagrun for dataset_consumes_1_and_2 to None, run_after=None
[2024-04-29T08:06:33.560+0000] {logging_mixin.py:150} INFO - [2024-04-29T08:06:33.560+0000] {dag.py:3504} INFO - Setting next_dagrun for dataset_consumes_1_never_scheduled to None, run_after=None
[2024-04-29T08:06:33.561+0000] {logging_mixin.py:150} INFO - [2024-04-29T08:06:33.561+0000] {dag.py:3504} INFO - Setting next_dagrun for dataset_consumes_unknown_never_scheduled to None, run_after=None
[2024-04-29T08:06:33.563+0000] {logging_mixin.py:150} INFO - [2024-04-29T08:06:33.563+0000] {dag.py:3504} INFO - Setting next_dagrun for dataset_produces_1 to 2024-04-28T00:00:00+00:00, run_after=2024-04-29T00:00:00+00:00
[2024-04-29T08:06:33.563+0000] {logging_mixin.py:150} INFO - [2024-04-29T08:06:33.563+0000] {dag.py:3504} INFO - Setting next_dagrun for dataset_produces_2 to None, run_after=None
[2024-04-29T08:06:33.606+0000] {processor.py:179} INFO - Processing /usr/local/python/3.10.13/lib/python3.10/site-packages/airflow/example_dags/example_datasets.py took 0.099 seconds
[2024-04-29T08:07:25.108+0000] {processor.py:157} INFO - Started process (PID=16855) to work on /usr/local/python/3.10.13/lib/python3.10/site-packages/airflow/example_dags/example_datasets.py
[2024-04-29T08:07:25.109+0000] {processor.py:826} INFO - Processing file /usr/local/python/3.10.13/lib/python3.10/site-packages/airflow/example_dags/example_datasets.py for tasks to queue
[2024-04-29T08:07:25.109+0000] {logging_mixin.py:150} INFO - [2024-04-29T08:07:25.109+0000] {dagbag.py:541} INFO - Filling up the DagBag from /usr/local/python/3.10.13/lib/python3.10/site-packages/airflow/example_dags/example_datasets.py
[2024-04-29T08:07:25.117+0000] {processor.py:836} INFO - DAG(s) dict_keys(['dataset_consumes_1', 'dataset_consumes_unknown_never_scheduled', 'dataset_consumes_1_never_scheduled', 'dataset_consumes_1_and_2', 'dataset_produces_2', 'dataset_produces_1']) retrieved from /usr/local/python/3.10.13/lib/python3.10/site-packages/airflow/example_dags/example_datasets.py
[2024-04-29T08:07:25.139+0000] {logging_mixin.py:150} INFO - [2024-04-29T08:07:25.139+0000] {dag.py:2742} INFO - Sync 6 DAGs
[2024-04-29T08:07:25.156+0000] {logging_mixin.py:150} INFO - [2024-04-29T08:07:25.156+0000] {dag.py:3504} INFO - Setting next_dagrun for dataset_consumes_1 to None, run_after=None
[2024-04-29T08:07:25.159+0000] {logging_mixin.py:150} INFO - [2024-04-29T08:07:25.159+0000] {dag.py:3504} INFO - Setting next_dagrun for dataset_consumes_1_and_2 to None, run_after=None
[2024-04-29T08:07:25.160+0000] {logging_mixin.py:150} INFO - [2024-04-29T08:07:25.160+0000] {dag.py:3504} INFO - Setting next_dagrun for dataset_consumes_1_never_scheduled to None, run_after=None
[2024-04-29T08:07:25.161+0000] {logging_mixin.py:150} INFO - [2024-04-29T08:07:25.161+0000] {dag.py:3504} INFO - Setting next_dagrun for dataset_consumes_unknown_never_scheduled to None, run_after=None
[2024-04-29T08:07:25.163+0000] {logging_mixin.py:150} INFO - [2024-04-29T08:07:25.163+0000] {dag.py:3504} INFO - Setting next_dagrun for dataset_produces_1 to 2024-04-28T00:00:00+00:00, run_after=2024-04-29T00:00:00+00:00
[2024-04-29T08:07:25.164+0000] {logging_mixin.py:150} INFO - [2024-04-29T08:07:25.164+0000] {dag.py:3504} INFO - Setting next_dagrun for dataset_produces_2 to None, run_after=None
[2024-04-29T08:07:25.207+0000] {processor.py:179} INFO - Processing /usr/local/python/3.10.13/lib/python3.10/site-packages/airflow/example_dags/example_datasets.py took 0.101 seconds
[2024-04-29T08:08:16.914+0000] {processor.py:157} INFO - Started process (PID=17206) to work on /usr/local/python/3.10.13/lib/python3.10/site-packages/airflow/example_dags/example_datasets.py
[2024-04-29T08:08:16.915+0000] {processor.py:826} INFO - Processing file /usr/local/python/3.10.13/lib/python3.10/site-packages/airflow/example_dags/example_datasets.py for tasks to queue
[2024-04-29T08:08:16.916+0000] {logging_mixin.py:150} INFO - [2024-04-29T08:08:16.915+0000] {dagbag.py:541} INFO - Filling up the DagBag from /usr/local/python/3.10.13/lib/python3.10/site-packages/airflow/example_dags/example_datasets.py
[2024-04-29T08:08:16.924+0000] {processor.py:836} INFO - DAG(s) dict_keys(['dataset_consumes_unknown_never_scheduled', 'dataset_produces_1', 'dataset_consumes_1', 'dataset_produces_2', 'dataset_consumes_1_and_2', 'dataset_consumes_1_never_scheduled']) retrieved from /usr/local/python/3.10.13/lib/python3.10/site-packages/airflow/example_dags/example_datasets.py
[2024-04-29T08:08:16.946+0000] {logging_mixin.py:150} INFO - [2024-04-29T08:08:16.946+0000] {dag.py:2742} INFO - Sync 6 DAGs
[2024-04-29T08:08:16.963+0000] {logging_mixin.py:150} INFO - [2024-04-29T08:08:16.963+0000] {dag.py:3504} INFO - Setting next_dagrun for dataset_consumes_1 to None, run_after=None
[2024-04-29T08:08:16.966+0000] {logging_mixin.py:150} INFO - [2024-04-29T08:08:16.966+0000] {dag.py:3504} INFO - Setting next_dagrun for dataset_consumes_1_and_2 to None, run_after=None
[2024-04-29T08:08:16.967+0000] {logging_mixin.py:150} INFO - [2024-04-29T08:08:16.966+0000] {dag.py:3504} INFO - Setting next_dagrun for dataset_consumes_1_never_scheduled to None, run_after=None
[2024-04-29T08:08:16.967+0000] {logging_mixin.py:150} INFO - [2024-04-29T08:08:16.967+0000] {dag.py:3504} INFO - Setting next_dagrun for dataset_consumes_unknown_never_scheduled to None, run_after=None
[2024-04-29T08:08:16.970+0000] {logging_mixin.py:150} INFO - [2024-04-29T08:08:16.969+0000] {dag.py:3504} INFO - Setting next_dagrun for dataset_produces_1 to 2024-04-28T00:00:00+00:00, run_after=2024-04-29T00:00:00+00:00
[2024-04-29T08:08:16.970+0000] {logging_mixin.py:150} INFO - [2024-04-29T08:08:16.970+0000] {dag.py:3504} INFO - Setting next_dagrun for dataset_produces_2 to None, run_after=None
[2024-04-29T08:08:17.012+0000] {processor.py:179} INFO - Processing /usr/local/python/3.10.13/lib/python3.10/site-packages/airflow/example_dags/example_datasets.py took 0.100 seconds
[2024-04-29T08:09:04.607+0000] {processor.py:157} INFO - Started process (PID=17541) to work on /usr/local/python/3.10.13/lib/python3.10/site-packages/airflow/example_dags/example_datasets.py
[2024-04-29T08:09:04.608+0000] {processor.py:826} INFO - Processing file /usr/local/python/3.10.13/lib/python3.10/site-packages/airflow/example_dags/example_datasets.py for tasks to queue
[2024-04-29T08:09:04.608+0000] {logging_mixin.py:150} INFO - [2024-04-29T08:09:04.608+0000] {dagbag.py:541} INFO - Filling up the DagBag from /usr/local/python/3.10.13/lib/python3.10/site-packages/airflow/example_dags/example_datasets.py
[2024-04-29T08:09:04.616+0000] {processor.py:836} INFO - DAG(s) dict_keys(['dataset_consumes_1', 'dataset_produces_2', 'dataset_produces_1', 'dataset_consumes_1_never_scheduled', 'dataset_consumes_1_and_2', 'dataset_consumes_unknown_never_scheduled']) retrieved from /usr/local/python/3.10.13/lib/python3.10/site-packages/airflow/example_dags/example_datasets.py
[2024-04-29T08:09:04.638+0000] {logging_mixin.py:150} INFO - [2024-04-29T08:09:04.637+0000] {dag.py:2742} INFO - Sync 6 DAGs
[2024-04-29T08:09:04.654+0000] {logging_mixin.py:150} INFO - [2024-04-29T08:09:04.654+0000] {dag.py:3504} INFO - Setting next_dagrun for dataset_consumes_1 to None, run_after=None
[2024-04-29T08:09:04.657+0000] {logging_mixin.py:150} INFO - [2024-04-29T08:09:04.657+0000] {dag.py:3504} INFO - Setting next_dagrun for dataset_consumes_1_and_2 to None, run_after=None
[2024-04-29T08:09:04.658+0000] {logging_mixin.py:150} INFO - [2024-04-29T08:09:04.658+0000] {dag.py:3504} INFO - Setting next_dagrun for dataset_consumes_1_never_scheduled to None, run_after=None
[2024-04-29T08:09:04.658+0000] {logging_mixin.py:150} INFO - [2024-04-29T08:09:04.658+0000] {dag.py:3504} INFO - Setting next_dagrun for dataset_consumes_unknown_never_scheduled to None, run_after=None
[2024-04-29T08:09:04.661+0000] {logging_mixin.py:150} INFO - [2024-04-29T08:09:04.660+0000] {dag.py:3504} INFO - Setting next_dagrun for dataset_produces_1 to 2024-04-28T00:00:00+00:00, run_after=2024-04-29T00:00:00+00:00
[2024-04-29T08:09:04.661+0000] {logging_mixin.py:150} INFO - [2024-04-29T08:09:04.661+0000] {dag.py:3504} INFO - Setting next_dagrun for dataset_produces_2 to None, run_after=None
[2024-04-29T08:09:04.702+0000] {processor.py:179} INFO - Processing /usr/local/python/3.10.13/lib/python3.10/site-packages/airflow/example_dags/example_datasets.py took 0.098 seconds
[2024-04-29T08:10:02.150+0000] {processor.py:157} INFO - Started process (PID=17947) to work on /usr/local/python/3.10.13/lib/python3.10/site-packages/airflow/example_dags/example_datasets.py
[2024-04-29T08:10:02.151+0000] {processor.py:826} INFO - Processing file /usr/local/python/3.10.13/lib/python3.10/site-packages/airflow/example_dags/example_datasets.py for tasks to queue
[2024-04-29T08:10:02.151+0000] {logging_mixin.py:150} INFO - [2024-04-29T08:10:02.151+0000] {dagbag.py:541} INFO - Filling up the DagBag from /usr/local/python/3.10.13/lib/python3.10/site-packages/airflow/example_dags/example_datasets.py
[2024-04-29T08:10:02.159+0000] {processor.py:836} INFO - DAG(s) dict_keys(['dataset_consumes_1_never_scheduled', 'dataset_consumes_unknown_never_scheduled', 'dataset_consumes_1', 'dataset_produces_2', 'dataset_produces_1', 'dataset_consumes_1_and_2']) retrieved from /usr/local/python/3.10.13/lib/python3.10/site-packages/airflow/example_dags/example_datasets.py
[2024-04-29T08:10:02.181+0000] {logging_mixin.py:150} INFO - [2024-04-29T08:10:02.181+0000] {dag.py:2742} INFO - Sync 6 DAGs
[2024-04-29T08:10:02.199+0000] {logging_mixin.py:150} INFO - [2024-04-29T08:10:02.199+0000] {dag.py:3504} INFO - Setting next_dagrun for dataset_consumes_1 to None, run_after=None
[2024-04-29T08:10:02.201+0000] {logging_mixin.py:150} INFO - [2024-04-29T08:10:02.201+0000] {dag.py:3504} INFO - Setting next_dagrun for dataset_consumes_1_and_2 to None, run_after=None
[2024-04-29T08:10:02.202+0000] {logging_mixin.py:150} INFO - [2024-04-29T08:10:02.202+0000] {dag.py:3504} INFO - Setting next_dagrun for dataset_consumes_1_never_scheduled to None, run_after=None
[2024-04-29T08:10:02.203+0000] {logging_mixin.py:150} INFO - [2024-04-29T08:10:02.203+0000] {dag.py:3504} INFO - Setting next_dagrun for dataset_consumes_unknown_never_scheduled to None, run_after=None
[2024-04-29T08:10:02.205+0000] {logging_mixin.py:150} INFO - [2024-04-29T08:10:02.205+0000] {dag.py:3504} INFO - Setting next_dagrun for dataset_produces_1 to 2024-04-28T00:00:00+00:00, run_after=2024-04-29T00:00:00+00:00
[2024-04-29T08:10:02.206+0000] {logging_mixin.py:150} INFO - [2024-04-29T08:10:02.206+0000] {dag.py:3504} INFO - Setting next_dagrun for dataset_produces_2 to None, run_after=None
[2024-04-29T08:10:02.249+0000] {processor.py:179} INFO - Processing /usr/local/python/3.10.13/lib/python3.10/site-packages/airflow/example_dags/example_datasets.py took 0.102 seconds
[2024-04-29T08:10:50.759+0000] {processor.py:157} INFO - Started process (PID=18285) to work on /usr/local/python/3.10.13/lib/python3.10/site-packages/airflow/example_dags/example_datasets.py
[2024-04-29T08:10:50.760+0000] {processor.py:826} INFO - Processing file /usr/local/python/3.10.13/lib/python3.10/site-packages/airflow/example_dags/example_datasets.py for tasks to queue
[2024-04-29T08:10:50.761+0000] {logging_mixin.py:150} INFO - [2024-04-29T08:10:50.760+0000] {dagbag.py:541} INFO - Filling up the DagBag from /usr/local/python/3.10.13/lib/python3.10/site-packages/airflow/example_dags/example_datasets.py
[2024-04-29T08:10:50.768+0000] {processor.py:836} INFO - DAG(s) dict_keys(['dataset_consumes_1_and_2', 'dataset_produces_1', 'dataset_consumes_1', 'dataset_consumes_1_never_scheduled', 'dataset_consumes_unknown_never_scheduled', 'dataset_produces_2']) retrieved from /usr/local/python/3.10.13/lib/python3.10/site-packages/airflow/example_dags/example_datasets.py
[2024-04-29T08:10:50.792+0000] {logging_mixin.py:150} INFO - [2024-04-29T08:10:50.792+0000] {dag.py:2742} INFO - Sync 6 DAGs
[2024-04-29T08:10:50.809+0000] {logging_mixin.py:150} INFO - [2024-04-29T08:10:50.809+0000] {dag.py:3504} INFO - Setting next_dagrun for dataset_consumes_1 to None, run_after=None
[2024-04-29T08:10:50.812+0000] {logging_mixin.py:150} INFO - [2024-04-29T08:10:50.812+0000] {dag.py:3504} INFO - Setting next_dagrun for dataset_consumes_1_and_2 to None, run_after=None
[2024-04-29T08:10:50.812+0000] {logging_mixin.py:150} INFO - [2024-04-29T08:10:50.812+0000] {dag.py:3504} INFO - Setting next_dagrun for dataset_consumes_1_never_scheduled to None, run_after=None
[2024-04-29T08:10:50.813+0000] {logging_mixin.py:150} INFO - [2024-04-29T08:10:50.813+0000] {dag.py:3504} INFO - Setting next_dagrun for dataset_consumes_unknown_never_scheduled to None, run_after=None
[2024-04-29T08:10:50.815+0000] {logging_mixin.py:150} INFO - [2024-04-29T08:10:50.815+0000] {dag.py:3504} INFO - Setting next_dagrun for dataset_produces_1 to 2024-04-28T00:00:00+00:00, run_after=2024-04-29T00:00:00+00:00
[2024-04-29T08:10:50.816+0000] {logging_mixin.py:150} INFO - [2024-04-29T08:10:50.816+0000] {dag.py:3504} INFO - Setting next_dagrun for dataset_produces_2 to None, run_after=None
[2024-04-29T08:10:50.858+0000] {processor.py:179} INFO - Processing /usr/local/python/3.10.13/lib/python3.10/site-packages/airflow/example_dags/example_datasets.py took 0.101 seconds
[2024-04-29T08:11:39.920+0000] {processor.py:157} INFO - Started process (PID=18608) to work on /usr/local/python/3.10.13/lib/python3.10/site-packages/airflow/example_dags/example_datasets.py
[2024-04-29T08:11:39.921+0000] {processor.py:826} INFO - Processing file /usr/local/python/3.10.13/lib/python3.10/site-packages/airflow/example_dags/example_datasets.py for tasks to queue
[2024-04-29T08:11:39.922+0000] {logging_mixin.py:150} INFO - [2024-04-29T08:11:39.921+0000] {dagbag.py:541} INFO - Filling up the DagBag from /usr/local/python/3.10.13/lib/python3.10/site-packages/airflow/example_dags/example_datasets.py
[2024-04-29T08:11:39.929+0000] {processor.py:836} INFO - DAG(s) dict_keys(['dataset_consumes_1_never_scheduled', 'dataset_produces_2', 'dataset_produces_1', 'dataset_consumes_unknown_never_scheduled', 'dataset_consumes_1_and_2', 'dataset_consumes_1']) retrieved from /usr/local/python/3.10.13/lib/python3.10/site-packages/airflow/example_dags/example_datasets.py
[2024-04-29T08:11:39.951+0000] {logging_mixin.py:150} INFO - [2024-04-29T08:11:39.951+0000] {dag.py:2742} INFO - Sync 6 DAGs
[2024-04-29T08:11:39.967+0000] {logging_mixin.py:150} INFO - [2024-04-29T08:11:39.967+0000] {dag.py:3504} INFO - Setting next_dagrun for dataset_consumes_1 to None, run_after=None
[2024-04-29T08:11:39.969+0000] {logging_mixin.py:150} INFO - [2024-04-29T08:11:39.969+0000] {dag.py:3504} INFO - Setting next_dagrun for dataset_consumes_1_and_2 to None, run_after=None
[2024-04-29T08:11:39.970+0000] {logging_mixin.py:150} INFO - [2024-04-29T08:11:39.970+0000] {dag.py:3504} INFO - Setting next_dagrun for dataset_consumes_1_never_scheduled to None, run_after=None
[2024-04-29T08:11:39.971+0000] {logging_mixin.py:150} INFO - [2024-04-29T08:11:39.971+0000] {dag.py:3504} INFO - Setting next_dagrun for dataset_consumes_unknown_never_scheduled to None, run_after=None
[2024-04-29T08:11:39.973+0000] {logging_mixin.py:150} INFO - [2024-04-29T08:11:39.973+0000] {dag.py:3504} INFO - Setting next_dagrun for dataset_produces_1 to 2024-04-28T00:00:00+00:00, run_after=2024-04-29T00:00:00+00:00
[2024-04-29T08:11:39.974+0000] {logging_mixin.py:150} INFO - [2024-04-29T08:11:39.974+0000] {dag.py:3504} INFO - Setting next_dagrun for dataset_produces_2 to None, run_after=None
[2024-04-29T08:11:40.014+0000] {processor.py:179} INFO - Processing /usr/local/python/3.10.13/lib/python3.10/site-packages/airflow/example_dags/example_datasets.py took 0.096 seconds
[2024-04-29T08:12:34.745+0000] {processor.py:157} INFO - Started process (PID=18993) to work on /usr/local/python/3.10.13/lib/python3.10/site-packages/airflow/example_dags/example_datasets.py
[2024-04-29T08:12:34.746+0000] {processor.py:826} INFO - Processing file /usr/local/python/3.10.13/lib/python3.10/site-packages/airflow/example_dags/example_datasets.py for tasks to queue
[2024-04-29T08:12:34.747+0000] {logging_mixin.py:150} INFO - [2024-04-29T08:12:34.746+0000] {dagbag.py:541} INFO - Filling up the DagBag from /usr/local/python/3.10.13/lib/python3.10/site-packages/airflow/example_dags/example_datasets.py
[2024-04-29T08:12:34.754+0000] {processor.py:836} INFO - DAG(s) dict_keys(['dataset_produces_1', 'dataset_consumes_1_never_scheduled', 'dataset_produces_2', 'dataset_consumes_1', 'dataset_consumes_1_and_2', 'dataset_consumes_unknown_never_scheduled']) retrieved from /usr/local/python/3.10.13/lib/python3.10/site-packages/airflow/example_dags/example_datasets.py
[2024-04-29T08:12:34.785+0000] {logging_mixin.py:150} INFO - [2024-04-29T08:12:34.785+0000] {dag.py:2742} INFO - Sync 6 DAGs
[2024-04-29T08:12:34.815+0000] {logging_mixin.py:150} INFO - [2024-04-29T08:12:34.815+0000] {dag.py:3504} INFO - Setting next_dagrun for dataset_consumes_1 to None, run_after=None
[2024-04-29T08:12:34.819+0000] {logging_mixin.py:150} INFO - [2024-04-29T08:12:34.819+0000] {dag.py:3504} INFO - Setting next_dagrun for dataset_consumes_1_and_2 to None, run_after=None
[2024-04-29T08:12:34.820+0000] {logging_mixin.py:150} INFO - [2024-04-29T08:12:34.820+0000] {dag.py:3504} INFO - Setting next_dagrun for dataset_consumes_1_never_scheduled to None, run_after=None
[2024-04-29T08:12:34.821+0000] {logging_mixin.py:150} INFO - [2024-04-29T08:12:34.821+0000] {dag.py:3504} INFO - Setting next_dagrun for dataset_consumes_unknown_never_scheduled to None, run_after=None
[2024-04-29T08:12:34.824+0000] {logging_mixin.py:150} INFO - [2024-04-29T08:12:34.824+0000] {dag.py:3504} INFO - Setting next_dagrun for dataset_produces_1 to 2024-04-28T00:00:00+00:00, run_after=2024-04-29T00:00:00+00:00
[2024-04-29T08:12:34.825+0000] {logging_mixin.py:150} INFO - [2024-04-29T08:12:34.825+0000] {dag.py:3504} INFO - Setting next_dagrun for dataset_produces_2 to None, run_after=None
[2024-04-29T08:12:34.885+0000] {processor.py:179} INFO - Processing /usr/local/python/3.10.13/lib/python3.10/site-packages/airflow/example_dags/example_datasets.py took 0.142 seconds
[2024-04-29T08:13:29.151+0000] {processor.py:157} INFO - Started process (PID=19362) to work on /usr/local/python/3.10.13/lib/python3.10/site-packages/airflow/example_dags/example_datasets.py
[2024-04-29T08:13:29.152+0000] {processor.py:826} INFO - Processing file /usr/local/python/3.10.13/lib/python3.10/site-packages/airflow/example_dags/example_datasets.py for tasks to queue
[2024-04-29T08:13:29.153+0000] {logging_mixin.py:150} INFO - [2024-04-29T08:13:29.152+0000] {dagbag.py:541} INFO - Filling up the DagBag from /usr/local/python/3.10.13/lib/python3.10/site-packages/airflow/example_dags/example_datasets.py
[2024-04-29T08:13:29.161+0000] {processor.py:836} INFO - DAG(s) dict_keys(['dataset_produces_2', 'dataset_consumes_1_and_2', 'dataset_consumes_1_never_scheduled', 'dataset_consumes_1', 'dataset_produces_1', 'dataset_consumes_unknown_never_scheduled']) retrieved from /usr/local/python/3.10.13/lib/python3.10/site-packages/airflow/example_dags/example_datasets.py
[2024-04-29T08:13:29.182+0000] {logging_mixin.py:150} INFO - [2024-04-29T08:13:29.182+0000] {dag.py:2742} INFO - Sync 6 DAGs
[2024-04-29T08:13:29.199+0000] {logging_mixin.py:150} INFO - [2024-04-29T08:13:29.199+0000] {dag.py:3504} INFO - Setting next_dagrun for dataset_consumes_1 to None, run_after=None
[2024-04-29T08:13:29.201+0000] {logging_mixin.py:150} INFO - [2024-04-29T08:13:29.201+0000] {dag.py:3504} INFO - Setting next_dagrun for dataset_consumes_1_and_2 to None, run_after=None
[2024-04-29T08:13:29.202+0000] {logging_mixin.py:150} INFO - [2024-04-29T08:13:29.202+0000] {dag.py:3504} INFO - Setting next_dagrun for dataset_consumes_1_never_scheduled to None, run_after=None
[2024-04-29T08:13:29.203+0000] {logging_mixin.py:150} INFO - [2024-04-29T08:13:29.203+0000] {dag.py:3504} INFO - Setting next_dagrun for dataset_consumes_unknown_never_scheduled to None, run_after=None
[2024-04-29T08:13:29.205+0000] {logging_mixin.py:150} INFO - [2024-04-29T08:13:29.205+0000] {dag.py:3504} INFO - Setting next_dagrun for dataset_produces_1 to 2024-04-28T00:00:00+00:00, run_after=2024-04-29T00:00:00+00:00
[2024-04-29T08:13:29.206+0000] {logging_mixin.py:150} INFO - [2024-04-29T08:13:29.206+0000] {dag.py:3504} INFO - Setting next_dagrun for dataset_produces_2 to None, run_after=None
[2024-04-29T08:13:29.247+0000] {processor.py:179} INFO - Processing /usr/local/python/3.10.13/lib/python3.10/site-packages/airflow/example_dags/example_datasets.py took 0.098 seconds
[2024-04-29T08:14:21.408+0000] {processor.py:157} INFO - Started process (PID=19712) to work on /usr/local/python/3.10.13/lib/python3.10/site-packages/airflow/example_dags/example_datasets.py
[2024-04-29T08:14:21.409+0000] {processor.py:826} INFO - Processing file /usr/local/python/3.10.13/lib/python3.10/site-packages/airflow/example_dags/example_datasets.py for tasks to queue
[2024-04-29T08:14:21.410+0000] {logging_mixin.py:150} INFO - [2024-04-29T08:14:21.409+0000] {dagbag.py:541} INFO - Filling up the DagBag from /usr/local/python/3.10.13/lib/python3.10/site-packages/airflow/example_dags/example_datasets.py
[2024-04-29T08:14:21.417+0000] {processor.py:836} INFO - DAG(s) dict_keys(['dataset_consumes_1_never_scheduled', 'dataset_consumes_1_and_2', 'dataset_produces_1', 'dataset_produces_2', 'dataset_consumes_unknown_never_scheduled', 'dataset_consumes_1']) retrieved from /usr/local/python/3.10.13/lib/python3.10/site-packages/airflow/example_dags/example_datasets.py
[2024-04-29T08:14:21.440+0000] {logging_mixin.py:150} INFO - [2024-04-29T08:14:21.439+0000] {dag.py:2742} INFO - Sync 6 DAGs
[2024-04-29T08:14:21.458+0000] {logging_mixin.py:150} INFO - [2024-04-29T08:14:21.458+0000] {dag.py:3504} INFO - Setting next_dagrun for dataset_consumes_1 to None, run_after=None
[2024-04-29T08:14:21.461+0000] {logging_mixin.py:150} INFO - [2024-04-29T08:14:21.461+0000] {dag.py:3504} INFO - Setting next_dagrun for dataset_consumes_1_and_2 to None, run_after=None
[2024-04-29T08:14:21.462+0000] {logging_mixin.py:150} INFO - [2024-04-29T08:14:21.462+0000] {dag.py:3504} INFO - Setting next_dagrun for dataset_consumes_1_never_scheduled to None, run_after=None
[2024-04-29T08:14:21.463+0000] {logging_mixin.py:150} INFO - [2024-04-29T08:14:21.463+0000] {dag.py:3504} INFO - Setting next_dagrun for dataset_consumes_unknown_never_scheduled to None, run_after=None
[2024-04-29T08:14:21.465+0000] {logging_mixin.py:150} INFO - [2024-04-29T08:14:21.465+0000] {dag.py:3504} INFO - Setting next_dagrun for dataset_produces_1 to 2024-04-28T00:00:00+00:00, run_after=2024-04-29T00:00:00+00:00
[2024-04-29T08:14:21.466+0000] {logging_mixin.py:150} INFO - [2024-04-29T08:14:21.465+0000] {dag.py:3504} INFO - Setting next_dagrun for dataset_produces_2 to None, run_after=None
[2024-04-29T08:14:21.507+0000] {processor.py:179} INFO - Processing /usr/local/python/3.10.13/lib/python3.10/site-packages/airflow/example_dags/example_datasets.py took 0.101 seconds
[2024-04-29T08:15:16.893+0000] {processor.py:157} INFO - Started process (PID=20151) to work on /usr/local/python/3.10.13/lib/python3.10/site-packages/airflow/example_dags/example_datasets.py
[2024-04-29T08:15:16.893+0000] {processor.py:826} INFO - Processing file /usr/local/python/3.10.13/lib/python3.10/site-packages/airflow/example_dags/example_datasets.py for tasks to queue
[2024-04-29T08:15:16.894+0000] {logging_mixin.py:150} INFO - [2024-04-29T08:15:16.894+0000] {dagbag.py:541} INFO - Filling up the DagBag from /usr/local/python/3.10.13/lib/python3.10/site-packages/airflow/example_dags/example_datasets.py
[2024-04-29T08:15:16.902+0000] {processor.py:836} INFO - DAG(s) dict_keys(['dataset_produces_2', 'dataset_consumes_1_and_2', 'dataset_produces_1', 'dataset_consumes_1_never_scheduled', 'dataset_consumes_unknown_never_scheduled', 'dataset_consumes_1']) retrieved from /usr/local/python/3.10.13/lib/python3.10/site-packages/airflow/example_dags/example_datasets.py
[2024-04-29T08:15:16.925+0000] {logging_mixin.py:150} INFO - [2024-04-29T08:15:16.925+0000] {dag.py:2742} INFO - Sync 6 DAGs
[2024-04-29T08:15:16.941+0000] {logging_mixin.py:150} INFO - [2024-04-29T08:15:16.941+0000] {dag.py:3504} INFO - Setting next_dagrun for dataset_consumes_1 to None, run_after=None
[2024-04-29T08:15:16.944+0000] {logging_mixin.py:150} INFO - [2024-04-29T08:15:16.944+0000] {dag.py:3504} INFO - Setting next_dagrun for dataset_consumes_1_and_2 to None, run_after=None
[2024-04-29T08:15:16.945+0000] {logging_mixin.py:150} INFO - [2024-04-29T08:15:16.945+0000] {dag.py:3504} INFO - Setting next_dagrun for dataset_consumes_1_never_scheduled to None, run_after=None
[2024-04-29T08:15:16.946+0000] {logging_mixin.py:150} INFO - [2024-04-29T08:15:16.946+0000] {dag.py:3504} INFO - Setting next_dagrun for dataset_consumes_unknown_never_scheduled to None, run_after=None
[2024-04-29T08:15:16.949+0000] {logging_mixin.py:150} INFO - [2024-04-29T08:15:16.948+0000] {dag.py:3504} INFO - Setting next_dagrun for dataset_produces_1 to 2024-04-28T00:00:00+00:00, run_after=2024-04-29T00:00:00+00:00
[2024-04-29T08:15:16.949+0000] {logging_mixin.py:150} INFO - [2024-04-29T08:15:16.949+0000] {dag.py:3504} INFO - Setting next_dagrun for dataset_produces_2 to None, run_after=None
[2024-04-29T08:15:16.993+0000] {processor.py:179} INFO - Processing /usr/local/python/3.10.13/lib/python3.10/site-packages/airflow/example_dags/example_datasets.py took 0.102 seconds
[2024-04-29T08:16:11.564+0000] {processor.py:157} INFO - Started process (PID=20706) to work on /usr/local/python/3.10.13/lib/python3.10/site-packages/airflow/example_dags/example_datasets.py
[2024-04-29T08:16:11.565+0000] {processor.py:826} INFO - Processing file /usr/local/python/3.10.13/lib/python3.10/site-packages/airflow/example_dags/example_datasets.py for tasks to queue
[2024-04-29T08:16:11.565+0000] {logging_mixin.py:150} INFO - [2024-04-29T08:16:11.565+0000] {dagbag.py:541} INFO - Filling up the DagBag from /usr/local/python/3.10.13/lib/python3.10/site-packages/airflow/example_dags/example_datasets.py
[2024-04-29T08:16:11.572+0000] {processor.py:836} INFO - DAG(s) dict_keys(['dataset_consumes_1_never_scheduled', 'dataset_consumes_unknown_never_scheduled', 'dataset_produces_1', 'dataset_produces_2', 'dataset_consumes_1_and_2', 'dataset_consumes_1']) retrieved from /usr/local/python/3.10.13/lib/python3.10/site-packages/airflow/example_dags/example_datasets.py
[2024-04-29T08:16:11.594+0000] {logging_mixin.py:150} INFO - [2024-04-29T08:16:11.593+0000] {dag.py:2742} INFO - Sync 6 DAGs
[2024-04-29T08:16:11.610+0000] {logging_mixin.py:150} INFO - [2024-04-29T08:16:11.610+0000] {dag.py:3504} INFO - Setting next_dagrun for dataset_consumes_1 to None, run_after=None
[2024-04-29T08:16:11.613+0000] {logging_mixin.py:150} INFO - [2024-04-29T08:16:11.612+0000] {dag.py:3504} INFO - Setting next_dagrun for dataset_consumes_1_and_2 to None, run_after=None
[2024-04-29T08:16:11.613+0000] {logging_mixin.py:150} INFO - [2024-04-29T08:16:11.613+0000] {dag.py:3504} INFO - Setting next_dagrun for dataset_consumes_1_never_scheduled to None, run_after=None
[2024-04-29T08:16:11.614+0000] {logging_mixin.py:150} INFO - [2024-04-29T08:16:11.614+0000] {dag.py:3504} INFO - Setting next_dagrun for dataset_consumes_unknown_never_scheduled to None, run_after=None
[2024-04-29T08:16:11.617+0000] {logging_mixin.py:150} INFO - [2024-04-29T08:16:11.617+0000] {dag.py:3504} INFO - Setting next_dagrun for dataset_produces_1 to 2024-04-28T00:00:00+00:00, run_after=2024-04-29T00:00:00+00:00
[2024-04-29T08:16:11.618+0000] {logging_mixin.py:150} INFO - [2024-04-29T08:16:11.618+0000] {dag.py:3504} INFO - Setting next_dagrun for dataset_produces_2 to None, run_after=None
[2024-04-29T08:16:11.661+0000] {processor.py:179} INFO - Processing /usr/local/python/3.10.13/lib/python3.10/site-packages/airflow/example_dags/example_datasets.py took 0.099 seconds
[2024-04-29T08:17:03.844+0000] {processor.py:157} INFO - Started process (PID=21164) to work on /usr/local/python/3.10.13/lib/python3.10/site-packages/airflow/example_dags/example_datasets.py
[2024-04-29T08:17:03.845+0000] {processor.py:826} INFO - Processing file /usr/local/python/3.10.13/lib/python3.10/site-packages/airflow/example_dags/example_datasets.py for tasks to queue
[2024-04-29T08:17:03.846+0000] {logging_mixin.py:150} INFO - [2024-04-29T08:17:03.845+0000] {dagbag.py:541} INFO - Filling up the DagBag from /usr/local/python/3.10.13/lib/python3.10/site-packages/airflow/example_dags/example_datasets.py
[2024-04-29T08:17:03.853+0000] {processor.py:836} INFO - DAG(s) dict_keys(['dataset_consumes_1', 'dataset_consumes_1_and_2', 'dataset_produces_2', 'dataset_consumes_1_never_scheduled', 'dataset_produces_1', 'dataset_consumes_unknown_never_scheduled']) retrieved from /usr/local/python/3.10.13/lib/python3.10/site-packages/airflow/example_dags/example_datasets.py
[2024-04-29T08:17:03.876+0000] {logging_mixin.py:150} INFO - [2024-04-29T08:17:03.876+0000] {dag.py:2742} INFO - Sync 6 DAGs
[2024-04-29T08:17:03.892+0000] {logging_mixin.py:150} INFO - [2024-04-29T08:17:03.892+0000] {dag.py:3504} INFO - Setting next_dagrun for dataset_consumes_1 to None, run_after=None
[2024-04-29T08:17:03.894+0000] {logging_mixin.py:150} INFO - [2024-04-29T08:17:03.894+0000] {dag.py:3504} INFO - Setting next_dagrun for dataset_consumes_1_and_2 to None, run_after=None
[2024-04-29T08:17:03.895+0000] {logging_mixin.py:150} INFO - [2024-04-29T08:17:03.895+0000] {dag.py:3504} INFO - Setting next_dagrun for dataset_consumes_1_never_scheduled to None, run_after=None
[2024-04-29T08:17:03.896+0000] {logging_mixin.py:150} INFO - [2024-04-29T08:17:03.896+0000] {dag.py:3504} INFO - Setting next_dagrun for dataset_consumes_unknown_never_scheduled to None, run_after=None
[2024-04-29T08:17:03.898+0000] {logging_mixin.py:150} INFO - [2024-04-29T08:17:03.898+0000] {dag.py:3504} INFO - Setting next_dagrun for dataset_produces_1 to 2024-04-28T00:00:00+00:00, run_after=2024-04-29T00:00:00+00:00
[2024-04-29T08:17:03.899+0000] {logging_mixin.py:150} INFO - [2024-04-29T08:17:03.899+0000] {dag.py:3504} INFO - Setting next_dagrun for dataset_produces_2 to None, run_after=None
[2024-04-29T08:17:03.941+0000] {processor.py:179} INFO - Processing /usr/local/python/3.10.13/lib/python3.10/site-packages/airflow/example_dags/example_datasets.py took 0.100 seconds
