[2024-04-29T07:42:41.404+0000] {processor.py:157} INFO - Started process (PID=5210) to work on /usr/local/python/3.10.13/lib/python3.10/site-packages/airflow/example_dags/example_external_task_marker_dag.py
[2024-04-29T07:42:41.405+0000] {processor.py:826} INFO - Processing file /usr/local/python/3.10.13/lib/python3.10/site-packages/airflow/example_dags/example_external_task_marker_dag.py for tasks to queue
[2024-04-29T07:42:41.406+0000] {logging_mixin.py:150} INFO - [2024-04-29T07:42:41.405+0000] {dagbag.py:541} INFO - Filling up the DagBag from /usr/local/python/3.10.13/lib/python3.10/site-packages/airflow/example_dags/example_external_task_marker_dag.py
[2024-04-29T07:42:41.411+0000] {processor.py:836} INFO - DAG(s) dict_keys(['example_external_task_marker_child', 'example_external_task_marker_parent']) retrieved from /usr/local/python/3.10.13/lib/python3.10/site-packages/airflow/example_dags/example_external_task_marker_dag.py
[2024-04-29T07:42:41.537+0000] {logging_mixin.py:150} INFO - [2024-04-29T07:42:41.536+0000] {manager.py:504} INFO - Created Permission View: can edit on DAG:example_external_task_marker_child
[2024-04-29T07:42:41.565+0000] {logging_mixin.py:150} INFO - [2024-04-29T07:42:41.565+0000] {manager.py:504} INFO - Created Permission View: can read on DAG:example_external_task_marker_child
[2024-04-29T07:42:41.595+0000] {logging_mixin.py:150} INFO - [2024-04-29T07:42:41.595+0000] {manager.py:504} INFO - Created Permission View: can delete on DAG:example_external_task_marker_child
[2024-04-29T07:42:41.674+0000] {logging_mixin.py:150} INFO - [2024-04-29T07:42:41.673+0000] {manager.py:504} INFO - Created Permission View: can edit on DAG:example_external_task_marker_parent
[2024-04-29T07:42:41.700+0000] {logging_mixin.py:150} INFO - [2024-04-29T07:42:41.700+0000] {manager.py:504} INFO - Created Permission View: can read on DAG:example_external_task_marker_parent
[2024-04-29T07:42:41.726+0000] {logging_mixin.py:150} INFO - [2024-04-29T07:42:41.726+0000] {manager.py:504} INFO - Created Permission View: can delete on DAG:example_external_task_marker_parent
[2024-04-29T07:42:41.730+0000] {logging_mixin.py:150} INFO - [2024-04-29T07:42:41.730+0000] {dag.py:2742} INFO - Sync 2 DAGs
[2024-04-29T07:42:41.738+0000] {logging_mixin.py:150} INFO - [2024-04-29T07:42:41.738+0000] {dag.py:2763} INFO - Creating ORM DAG for example_external_task_marker_parent
[2024-04-29T07:42:41.739+0000] {logging_mixin.py:150} INFO - [2024-04-29T07:42:41.739+0000] {dag.py:2763} INFO - Creating ORM DAG for example_external_task_marker_child
[2024-04-29T07:42:41.745+0000] {logging_mixin.py:150} INFO - [2024-04-29T07:42:41.745+0000] {dag.py:3504} INFO - Setting next_dagrun for example_external_task_marker_child to None, run_after=None
[2024-04-29T07:42:41.746+0000] {logging_mixin.py:150} INFO - [2024-04-29T07:42:41.746+0000] {dag.py:3504} INFO - Setting next_dagrun for example_external_task_marker_parent to None, run_after=None
[2024-04-29T07:42:41.790+0000] {processor.py:179} INFO - Processing /usr/local/python/3.10.13/lib/python3.10/site-packages/airflow/example_dags/example_external_task_marker_dag.py took 0.388 seconds
[2024-04-29T07:43:30.127+0000] {processor.py:157} INFO - Started process (PID=5537) to work on /usr/local/python/3.10.13/lib/python3.10/site-packages/airflow/example_dags/example_external_task_marker_dag.py
[2024-04-29T07:43:30.128+0000] {processor.py:826} INFO - Processing file /usr/local/python/3.10.13/lib/python3.10/site-packages/airflow/example_dags/example_external_task_marker_dag.py for tasks to queue
[2024-04-29T07:43:30.128+0000] {logging_mixin.py:150} INFO - [2024-04-29T07:43:30.128+0000] {dagbag.py:541} INFO - Filling up the DagBag from /usr/local/python/3.10.13/lib/python3.10/site-packages/airflow/example_dags/example_external_task_marker_dag.py
[2024-04-29T07:43:30.139+0000] {processor.py:836} INFO - DAG(s) dict_keys(['example_external_task_marker_child', 'example_external_task_marker_parent']) retrieved from /usr/local/python/3.10.13/lib/python3.10/site-packages/airflow/example_dags/example_external_task_marker_dag.py
[2024-04-29T07:43:30.162+0000] {logging_mixin.py:150} INFO - [2024-04-29T07:43:30.162+0000] {dag.py:2742} INFO - Sync 2 DAGs
[2024-04-29T07:43:30.196+0000] {logging_mixin.py:150} INFO - [2024-04-29T07:43:30.196+0000] {dag.py:3504} INFO - Setting next_dagrun for example_external_task_marker_child to None, run_after=None
[2024-04-29T07:43:30.202+0000] {logging_mixin.py:150} INFO - [2024-04-29T07:43:30.202+0000] {dag.py:3504} INFO - Setting next_dagrun for example_external_task_marker_parent to None, run_after=None
[2024-04-29T07:43:30.259+0000] {processor.py:179} INFO - Processing /usr/local/python/3.10.13/lib/python3.10/site-packages/airflow/example_dags/example_external_task_marker_dag.py took 0.135 seconds
[2024-04-29T07:44:16.884+0000] {processor.py:157} INFO - Started process (PID=5857) to work on /usr/local/python/3.10.13/lib/python3.10/site-packages/airflow/example_dags/example_external_task_marker_dag.py
[2024-04-29T07:44:16.885+0000] {processor.py:826} INFO - Processing file /usr/local/python/3.10.13/lib/python3.10/site-packages/airflow/example_dags/example_external_task_marker_dag.py for tasks to queue
[2024-04-29T07:44:16.885+0000] {logging_mixin.py:150} INFO - [2024-04-29T07:44:16.885+0000] {dagbag.py:541} INFO - Filling up the DagBag from /usr/local/python/3.10.13/lib/python3.10/site-packages/airflow/example_dags/example_external_task_marker_dag.py
[2024-04-29T07:44:16.890+0000] {processor.py:836} INFO - DAG(s) dict_keys(['example_external_task_marker_child', 'example_external_task_marker_parent']) retrieved from /usr/local/python/3.10.13/lib/python3.10/site-packages/airflow/example_dags/example_external_task_marker_dag.py
[2024-04-29T07:44:16.905+0000] {logging_mixin.py:150} INFO - [2024-04-29T07:44:16.905+0000] {dag.py:2742} INFO - Sync 2 DAGs
[2024-04-29T07:44:16.923+0000] {logging_mixin.py:150} INFO - [2024-04-29T07:44:16.922+0000] {dag.py:3504} INFO - Setting next_dagrun for example_external_task_marker_child to None, run_after=None
[2024-04-29T07:44:16.926+0000] {logging_mixin.py:150} INFO - [2024-04-29T07:44:16.926+0000] {dag.py:3504} INFO - Setting next_dagrun for example_external_task_marker_parent to None, run_after=None
[2024-04-29T07:44:16.965+0000] {processor.py:179} INFO - Processing /usr/local/python/3.10.13/lib/python3.10/site-packages/airflow/example_dags/example_external_task_marker_dag.py took 0.083 seconds
[2024-04-29T07:45:04.039+0000] {processor.py:157} INFO - Started process (PID=6184) to work on /usr/local/python/3.10.13/lib/python3.10/site-packages/airflow/example_dags/example_external_task_marker_dag.py
[2024-04-29T07:45:04.040+0000] {processor.py:826} INFO - Processing file /usr/local/python/3.10.13/lib/python3.10/site-packages/airflow/example_dags/example_external_task_marker_dag.py for tasks to queue
[2024-04-29T07:45:04.040+0000] {logging_mixin.py:150} INFO - [2024-04-29T07:45:04.040+0000] {dagbag.py:541} INFO - Filling up the DagBag from /usr/local/python/3.10.13/lib/python3.10/site-packages/airflow/example_dags/example_external_task_marker_dag.py
[2024-04-29T07:45:04.045+0000] {processor.py:836} INFO - DAG(s) dict_keys(['example_external_task_marker_parent', 'example_external_task_marker_child']) retrieved from /usr/local/python/3.10.13/lib/python3.10/site-packages/airflow/example_dags/example_external_task_marker_dag.py
[2024-04-29T07:45:04.060+0000] {logging_mixin.py:150} INFO - [2024-04-29T07:45:04.060+0000] {dag.py:2742} INFO - Sync 2 DAGs
[2024-04-29T07:45:04.076+0000] {logging_mixin.py:150} INFO - [2024-04-29T07:45:04.076+0000] {dag.py:3504} INFO - Setting next_dagrun for example_external_task_marker_child to None, run_after=None
[2024-04-29T07:45:04.078+0000] {logging_mixin.py:150} INFO - [2024-04-29T07:45:04.078+0000] {dag.py:3504} INFO - Setting next_dagrun for example_external_task_marker_parent to None, run_after=None
[2024-04-29T07:45:04.112+0000] {processor.py:179} INFO - Processing /usr/local/python/3.10.13/lib/python3.10/site-packages/airflow/example_dags/example_external_task_marker_dag.py took 0.075 seconds
[2024-04-29T07:45:50.015+0000] {processor.py:157} INFO - Started process (PID=6494) to work on /usr/local/python/3.10.13/lib/python3.10/site-packages/airflow/example_dags/example_external_task_marker_dag.py
[2024-04-29T07:45:50.016+0000] {processor.py:826} INFO - Processing file /usr/local/python/3.10.13/lib/python3.10/site-packages/airflow/example_dags/example_external_task_marker_dag.py for tasks to queue
[2024-04-29T07:45:50.017+0000] {logging_mixin.py:150} INFO - [2024-04-29T07:45:50.016+0000] {dagbag.py:541} INFO - Filling up the DagBag from /usr/local/python/3.10.13/lib/python3.10/site-packages/airflow/example_dags/example_external_task_marker_dag.py
[2024-04-29T07:45:50.021+0000] {processor.py:836} INFO - DAG(s) dict_keys(['example_external_task_marker_parent', 'example_external_task_marker_child']) retrieved from /usr/local/python/3.10.13/lib/python3.10/site-packages/airflow/example_dags/example_external_task_marker_dag.py
[2024-04-29T07:45:50.037+0000] {logging_mixin.py:150} INFO - [2024-04-29T07:45:50.036+0000] {dag.py:2742} INFO - Sync 2 DAGs
[2024-04-29T07:45:50.052+0000] {logging_mixin.py:150} INFO - [2024-04-29T07:45:50.052+0000] {dag.py:3504} INFO - Setting next_dagrun for example_external_task_marker_child to None, run_after=None
[2024-04-29T07:45:50.055+0000] {logging_mixin.py:150} INFO - [2024-04-29T07:45:50.055+0000] {dag.py:3504} INFO - Setting next_dagrun for example_external_task_marker_parent to None, run_after=None
[2024-04-29T07:45:50.091+0000] {processor.py:179} INFO - Processing /usr/local/python/3.10.13/lib/python3.10/site-packages/airflow/example_dags/example_external_task_marker_dag.py took 0.079 seconds
