[2024-04-29T07:42:31.327+0000] {processor.py:157} INFO - Started process (PID=5141) to work on /usr/local/python/3.10.13/lib/python3.10/site-packages/airflow/example_dags/example_sensors.py
[2024-04-29T07:42:31.328+0000] {processor.py:826} INFO - Processing file /usr/local/python/3.10.13/lib/python3.10/site-packages/airflow/example_dags/example_sensors.py for tasks to queue
[2024-04-29T07:42:31.329+0000] {logging_mixin.py:150} INFO - [2024-04-29T07:42:31.328+0000] {dagbag.py:541} INFO - Filling up the DagBag from /usr/local/python/3.10.13/lib/python3.10/site-packages/airflow/example_dags/example_sensors.py
[2024-04-29T07:42:31.337+0000] {processor.py:836} INFO - DAG(s) dict_keys(['example_sensors']) retrieved from /usr/local/python/3.10.13/lib/python3.10/site-packages/airflow/example_dags/example_sensors.py
[2024-04-29T07:42:31.474+0000] {logging_mixin.py:150} INFO - [2024-04-29T07:42:31.474+0000] {manager.py:504} INFO - Created Permission View: can edit on DAG:example_sensors
[2024-04-29T07:42:31.502+0000] {logging_mixin.py:150} INFO - [2024-04-29T07:42:31.501+0000] {manager.py:504} INFO - Created Permission View: can read on DAG:example_sensors
[2024-04-29T07:42:31.527+0000] {logging_mixin.py:150} INFO - [2024-04-29T07:42:31.526+0000] {manager.py:504} INFO - Created Permission View: can delete on DAG:example_sensors
[2024-04-29T07:42:31.536+0000] {logging_mixin.py:150} INFO - [2024-04-29T07:42:31.536+0000] {dag.py:2742} INFO - Sync 1 DAGs
[2024-04-29T07:42:31.545+0000] {logging_mixin.py:150} INFO - [2024-04-29T07:42:31.545+0000] {dag.py:2763} INFO - Creating ORM DAG for example_sensors
[2024-04-29T07:42:31.554+0000] {logging_mixin.py:150} INFO - [2024-04-29T07:42:31.554+0000] {dag.py:3504} INFO - Setting next_dagrun for example_sensors to None, run_after=None
[2024-04-29T07:42:31.601+0000] {processor.py:179} INFO - Processing /usr/local/python/3.10.13/lib/python3.10/site-packages/airflow/example_dags/example_sensors.py took 0.276 seconds
[2024-04-29T07:43:22.481+0000] {processor.py:157} INFO - Started process (PID=5492) to work on /usr/local/python/3.10.13/lib/python3.10/site-packages/airflow/example_dags/example_sensors.py
[2024-04-29T07:43:22.482+0000] {processor.py:826} INFO - Processing file /usr/local/python/3.10.13/lib/python3.10/site-packages/airflow/example_dags/example_sensors.py for tasks to queue
[2024-04-29T07:43:22.483+0000] {logging_mixin.py:150} INFO - [2024-04-29T07:43:22.482+0000] {dagbag.py:541} INFO - Filling up the DagBag from /usr/local/python/3.10.13/lib/python3.10/site-packages/airflow/example_dags/example_sensors.py
[2024-04-29T07:43:22.490+0000] {processor.py:836} INFO - DAG(s) dict_keys(['example_sensors']) retrieved from /usr/local/python/3.10.13/lib/python3.10/site-packages/airflow/example_dags/example_sensors.py
[2024-04-29T07:43:22.505+0000] {logging_mixin.py:150} INFO - [2024-04-29T07:43:22.505+0000] {dag.py:2742} INFO - Sync 1 DAGs
[2024-04-29T07:43:22.520+0000] {logging_mixin.py:150} INFO - [2024-04-29T07:43:22.520+0000] {dag.py:3504} INFO - Setting next_dagrun for example_sensors to None, run_after=None
[2024-04-29T07:43:22.558+0000] {processor.py:179} INFO - Processing /usr/local/python/3.10.13/lib/python3.10/site-packages/airflow/example_dags/example_sensors.py took 0.079 seconds
[2024-04-29T07:44:08.541+0000] {processor.py:157} INFO - Started process (PID=5794) to work on /usr/local/python/3.10.13/lib/python3.10/site-packages/airflow/example_dags/example_sensors.py
[2024-04-29T07:44:08.542+0000] {processor.py:826} INFO - Processing file /usr/local/python/3.10.13/lib/python3.10/site-packages/airflow/example_dags/example_sensors.py for tasks to queue
[2024-04-29T07:44:08.542+0000] {logging_mixin.py:150} INFO - [2024-04-29T07:44:08.542+0000] {dagbag.py:541} INFO - Filling up the DagBag from /usr/local/python/3.10.13/lib/python3.10/site-packages/airflow/example_dags/example_sensors.py
[2024-04-29T07:44:08.550+0000] {processor.py:836} INFO - DAG(s) dict_keys(['example_sensors']) retrieved from /usr/local/python/3.10.13/lib/python3.10/site-packages/airflow/example_dags/example_sensors.py
[2024-04-29T07:44:08.566+0000] {logging_mixin.py:150} INFO - [2024-04-29T07:44:08.566+0000] {dag.py:2742} INFO - Sync 1 DAGs
[2024-04-29T07:44:08.588+0000] {logging_mixin.py:150} INFO - [2024-04-29T07:44:08.587+0000] {dag.py:3504} INFO - Setting next_dagrun for example_sensors to None, run_after=None
[2024-04-29T07:44:08.647+0000] {processor.py:179} INFO - Processing /usr/local/python/3.10.13/lib/python3.10/site-packages/airflow/example_dags/example_sensors.py took 0.108 seconds
[2024-04-29T07:44:56.735+0000] {processor.py:157} INFO - Started process (PID=6134) to work on /usr/local/python/3.10.13/lib/python3.10/site-packages/airflow/example_dags/example_sensors.py
[2024-04-29T07:44:56.736+0000] {processor.py:826} INFO - Processing file /usr/local/python/3.10.13/lib/python3.10/site-packages/airflow/example_dags/example_sensors.py for tasks to queue
[2024-04-29T07:44:56.737+0000] {logging_mixin.py:150} INFO - [2024-04-29T07:44:56.736+0000] {dagbag.py:541} INFO - Filling up the DagBag from /usr/local/python/3.10.13/lib/python3.10/site-packages/airflow/example_dags/example_sensors.py
[2024-04-29T07:44:56.745+0000] {processor.py:836} INFO - DAG(s) dict_keys(['example_sensors']) retrieved from /usr/local/python/3.10.13/lib/python3.10/site-packages/airflow/example_dags/example_sensors.py
[2024-04-29T07:44:56.761+0000] {logging_mixin.py:150} INFO - [2024-04-29T07:44:56.760+0000] {dag.py:2742} INFO - Sync 1 DAGs
[2024-04-29T07:44:56.776+0000] {logging_mixin.py:150} INFO - [2024-04-29T07:44:56.776+0000] {dag.py:3504} INFO - Setting next_dagrun for example_sensors to None, run_after=None
[2024-04-29T07:44:56.812+0000] {processor.py:179} INFO - Processing /usr/local/python/3.10.13/lib/python3.10/site-packages/airflow/example_dags/example_sensors.py took 0.079 seconds
[2024-04-29T07:45:41.385+0000] {processor.py:157} INFO - Started process (PID=6427) to work on /usr/local/python/3.10.13/lib/python3.10/site-packages/airflow/example_dags/example_sensors.py
[2024-04-29T07:45:41.385+0000] {processor.py:826} INFO - Processing file /usr/local/python/3.10.13/lib/python3.10/site-packages/airflow/example_dags/example_sensors.py for tasks to queue
[2024-04-29T07:45:41.386+0000] {logging_mixin.py:150} INFO - [2024-04-29T07:45:41.386+0000] {dagbag.py:541} INFO - Filling up the DagBag from /usr/local/python/3.10.13/lib/python3.10/site-packages/airflow/example_dags/example_sensors.py
[2024-04-29T07:45:41.395+0000] {processor.py:836} INFO - DAG(s) dict_keys(['example_sensors']) retrieved from /usr/local/python/3.10.13/lib/python3.10/site-packages/airflow/example_dags/example_sensors.py
[2024-04-29T07:45:41.412+0000] {logging_mixin.py:150} INFO - [2024-04-29T07:45:41.412+0000] {dag.py:2742} INFO - Sync 1 DAGs
[2024-04-29T07:45:41.436+0000] {logging_mixin.py:150} INFO - [2024-04-29T07:45:41.436+0000] {dag.py:3504} INFO - Setting next_dagrun for example_sensors to None, run_after=None
[2024-04-29T07:45:41.474+0000] {processor.py:179} INFO - Processing /usr/local/python/3.10.13/lib/python3.10/site-packages/airflow/example_dags/example_sensors.py took 0.092 seconds
