[2024-04-29T06:17:02.601+0000] {processor.py:157} INFO - Started process (PID=9113) to work on /usr/local/python/3.10.13/lib/python3.10/site-packages/airflow/example_dags/example_branch_python_dop_operator_3.py
[2024-04-29T06:17:02.601+0000] {processor.py:826} INFO - Processing file /usr/local/python/3.10.13/lib/python3.10/site-packages/airflow/example_dags/example_branch_python_dop_operator_3.py for tasks to queue
[2024-04-29T06:17:02.602+0000] {logging_mixin.py:150} INFO - [2024-04-29T06:17:02.602+0000] {dagbag.py:541} INFO - Filling up the DagBag from /usr/local/python/3.10.13/lib/python3.10/site-packages/airflow/example_dags/example_branch_python_dop_operator_3.py
[2024-04-29T06:17:02.608+0000] {processor.py:836} INFO - DAG(s) dict_keys(['example_branch_dop_operator_v3']) retrieved from /usr/local/python/3.10.13/lib/python3.10/site-packages/airflow/example_dags/example_branch_python_dop_operator_3.py
[2024-04-29T06:17:02.732+0000] {logging_mixin.py:150} INFO - [2024-04-29T06:17:02.731+0000] {manager.py:504} INFO - Created Permission View: can delete on DAG:example_branch_dop_operator_v3
[2024-04-29T06:17:02.760+0000] {logging_mixin.py:150} INFO - [2024-04-29T06:17:02.760+0000] {manager.py:504} INFO - Created Permission View: can edit on DAG:example_branch_dop_operator_v3
[2024-04-29T06:17:02.802+0000] {logging_mixin.py:150} INFO - [2024-04-29T06:17:02.802+0000] {manager.py:504} INFO - Created Permission View: can read on DAG:example_branch_dop_operator_v3
[2024-04-29T06:17:02.810+0000] {logging_mixin.py:150} INFO - [2024-04-29T06:17:02.810+0000] {dag.py:2742} INFO - Sync 1 DAGs
[2024-04-29T06:17:02.818+0000] {logging_mixin.py:150} INFO - [2024-04-29T06:17:02.818+0000] {dag.py:2763} INFO - Creating ORM DAG for example_branch_dop_operator_v3
[2024-04-29T06:17:02.829+0000] {logging_mixin.py:150} INFO - [2024-04-29T06:17:02.829+0000] {dag.py:3504} INFO - Setting next_dagrun for example_branch_dop_operator_v3 to 2024-04-29T06:16:00+00:00, run_after=2024-04-29T06:17:00+00:00
[2024-04-29T06:17:02.864+0000] {processor.py:179} INFO - Processing /usr/local/python/3.10.13/lib/python3.10/site-packages/airflow/example_dags/example_branch_python_dop_operator_3.py took 0.266 seconds
[2024-04-29T06:17:52.093+0000] {processor.py:157} INFO - Started process (PID=9480) to work on /usr/local/python/3.10.13/lib/python3.10/site-packages/airflow/example_dags/example_branch_python_dop_operator_3.py
[2024-04-29T06:17:52.094+0000] {processor.py:826} INFO - Processing file /usr/local/python/3.10.13/lib/python3.10/site-packages/airflow/example_dags/example_branch_python_dop_operator_3.py for tasks to queue
[2024-04-29T06:17:52.095+0000] {logging_mixin.py:150} INFO - [2024-04-29T06:17:52.094+0000] {dagbag.py:541} INFO - Filling up the DagBag from /usr/local/python/3.10.13/lib/python3.10/site-packages/airflow/example_dags/example_branch_python_dop_operator_3.py
[2024-04-29T06:17:52.101+0000] {processor.py:836} INFO - DAG(s) dict_keys(['example_branch_dop_operator_v3']) retrieved from /usr/local/python/3.10.13/lib/python3.10/site-packages/airflow/example_dags/example_branch_python_dop_operator_3.py
[2024-04-29T06:17:52.114+0000] {logging_mixin.py:150} INFO - [2024-04-29T06:17:52.113+0000] {dag.py:2742} INFO - Sync 1 DAGs
[2024-04-29T06:17:52.133+0000] {logging_mixin.py:150} INFO - [2024-04-29T06:17:52.133+0000] {dag.py:3504} INFO - Setting next_dagrun for example_branch_dop_operator_v3 to 2024-04-29T06:16:00+00:00, run_after=2024-04-29T06:17:00+00:00
[2024-04-29T06:17:52.170+0000] {processor.py:179} INFO - Processing /usr/local/python/3.10.13/lib/python3.10/site-packages/airflow/example_dags/example_branch_python_dop_operator_3.py took 0.079 seconds
[2024-04-29T06:18:39.061+0000] {processor.py:157} INFO - Started process (PID=9827) to work on /usr/local/python/3.10.13/lib/python3.10/site-packages/airflow/example_dags/example_branch_python_dop_operator_3.py
[2024-04-29T06:18:39.062+0000] {processor.py:826} INFO - Processing file /usr/local/python/3.10.13/lib/python3.10/site-packages/airflow/example_dags/example_branch_python_dop_operator_3.py for tasks to queue
[2024-04-29T06:18:39.062+0000] {logging_mixin.py:150} INFO - [2024-04-29T06:18:39.062+0000] {dagbag.py:541} INFO - Filling up the DagBag from /usr/local/python/3.10.13/lib/python3.10/site-packages/airflow/example_dags/example_branch_python_dop_operator_3.py
[2024-04-29T06:18:39.070+0000] {processor.py:836} INFO - DAG(s) dict_keys(['example_branch_dop_operator_v3']) retrieved from /usr/local/python/3.10.13/lib/python3.10/site-packages/airflow/example_dags/example_branch_python_dop_operator_3.py
[2024-04-29T06:18:39.085+0000] {logging_mixin.py:150} INFO - [2024-04-29T06:18:39.084+0000] {dag.py:2742} INFO - Sync 1 DAGs
[2024-04-29T06:18:39.106+0000] {logging_mixin.py:150} INFO - [2024-04-29T06:18:39.105+0000] {dag.py:3504} INFO - Setting next_dagrun for example_branch_dop_operator_v3 to 2024-04-29T06:17:00+00:00, run_after=2024-04-29T06:18:00+00:00
[2024-04-29T06:18:39.151+0000] {processor.py:179} INFO - Processing /usr/local/python/3.10.13/lib/python3.10/site-packages/airflow/example_dags/example_branch_python_dop_operator_3.py took 0.093 seconds
[2024-04-29T06:19:25.647+0000] {processor.py:157} INFO - Started process (PID=10184) to work on /usr/local/python/3.10.13/lib/python3.10/site-packages/airflow/example_dags/example_branch_python_dop_operator_3.py
[2024-04-29T06:19:25.648+0000] {processor.py:826} INFO - Processing file /usr/local/python/3.10.13/lib/python3.10/site-packages/airflow/example_dags/example_branch_python_dop_operator_3.py for tasks to queue
[2024-04-29T06:19:25.648+0000] {logging_mixin.py:150} INFO - [2024-04-29T06:19:25.648+0000] {dagbag.py:541} INFO - Filling up the DagBag from /usr/local/python/3.10.13/lib/python3.10/site-packages/airflow/example_dags/example_branch_python_dop_operator_3.py
[2024-04-29T06:19:25.656+0000] {processor.py:836} INFO - DAG(s) dict_keys(['example_branch_dop_operator_v3']) retrieved from /usr/local/python/3.10.13/lib/python3.10/site-packages/airflow/example_dags/example_branch_python_dop_operator_3.py
[2024-04-29T06:19:25.668+0000] {logging_mixin.py:150} INFO - [2024-04-29T06:19:25.668+0000] {dag.py:2742} INFO - Sync 1 DAGs
[2024-04-29T06:19:25.687+0000] {logging_mixin.py:150} INFO - [2024-04-29T06:19:25.687+0000] {dag.py:3504} INFO - Setting next_dagrun for example_branch_dop_operator_v3 to 2024-04-29T06:18:00+00:00, run_after=2024-04-29T06:19:00+00:00
[2024-04-29T06:19:25.725+0000] {processor.py:179} INFO - Processing /usr/local/python/3.10.13/lib/python3.10/site-packages/airflow/example_dags/example_branch_python_dop_operator_3.py took 0.080 seconds
[2024-04-29T06:20:17.028+0000] {processor.py:157} INFO - Started process (PID=10575) to work on /usr/local/python/3.10.13/lib/python3.10/site-packages/airflow/example_dags/example_branch_python_dop_operator_3.py
[2024-04-29T06:20:17.029+0000] {processor.py:826} INFO - Processing file /usr/local/python/3.10.13/lib/python3.10/site-packages/airflow/example_dags/example_branch_python_dop_operator_3.py for tasks to queue
[2024-04-29T06:20:17.030+0000] {logging_mixin.py:150} INFO - [2024-04-29T06:20:17.029+0000] {dagbag.py:541} INFO - Filling up the DagBag from /usr/local/python/3.10.13/lib/python3.10/site-packages/airflow/example_dags/example_branch_python_dop_operator_3.py
[2024-04-29T06:20:17.036+0000] {processor.py:836} INFO - DAG(s) dict_keys(['example_branch_dop_operator_v3']) retrieved from /usr/local/python/3.10.13/lib/python3.10/site-packages/airflow/example_dags/example_branch_python_dop_operator_3.py
[2024-04-29T06:20:17.049+0000] {logging_mixin.py:150} INFO - [2024-04-29T06:20:17.049+0000] {dag.py:2742} INFO - Sync 1 DAGs
[2024-04-29T06:20:17.071+0000] {logging_mixin.py:150} INFO - [2024-04-29T06:20:17.071+0000] {dag.py:3504} INFO - Setting next_dagrun for example_branch_dop_operator_v3 to 2024-04-29T06:19:00+00:00, run_after=2024-04-29T06:20:00+00:00
[2024-04-29T06:20:17.106+0000] {processor.py:179} INFO - Processing /usr/local/python/3.10.13/lib/python3.10/site-packages/airflow/example_dags/example_branch_python_dop_operator_3.py took 0.080 seconds
[2024-04-29T06:21:08.908+0000] {processor.py:157} INFO - Started process (PID=10952) to work on /usr/local/python/3.10.13/lib/python3.10/site-packages/airflow/example_dags/example_branch_python_dop_operator_3.py
[2024-04-29T06:21:08.909+0000] {processor.py:826} INFO - Processing file /usr/local/python/3.10.13/lib/python3.10/site-packages/airflow/example_dags/example_branch_python_dop_operator_3.py for tasks to queue
[2024-04-29T06:21:08.910+0000] {logging_mixin.py:150} INFO - [2024-04-29T06:21:08.910+0000] {dagbag.py:541} INFO - Filling up the DagBag from /usr/local/python/3.10.13/lib/python3.10/site-packages/airflow/example_dags/example_branch_python_dop_operator_3.py
[2024-04-29T06:21:08.917+0000] {processor.py:836} INFO - DAG(s) dict_keys(['example_branch_dop_operator_v3']) retrieved from /usr/local/python/3.10.13/lib/python3.10/site-packages/airflow/example_dags/example_branch_python_dop_operator_3.py
[2024-04-29T06:21:08.930+0000] {logging_mixin.py:150} INFO - [2024-04-29T06:21:08.930+0000] {dag.py:2742} INFO - Sync 1 DAGs
[2024-04-29T06:21:08.950+0000] {logging_mixin.py:150} INFO - [2024-04-29T06:21:08.950+0000] {dag.py:3504} INFO - Setting next_dagrun for example_branch_dop_operator_v3 to 2024-04-29T06:20:00+00:00, run_after=2024-04-29T06:21:00+00:00
[2024-04-29T06:21:09.024+0000] {processor.py:179} INFO - Processing /usr/local/python/3.10.13/lib/python3.10/site-packages/airflow/example_dags/example_branch_python_dop_operator_3.py took 0.118 seconds
[2024-04-29T06:21:57.396+0000] {processor.py:157} INFO - Started process (PID=11321) to work on /usr/local/python/3.10.13/lib/python3.10/site-packages/airflow/example_dags/example_branch_python_dop_operator_3.py
[2024-04-29T06:21:57.397+0000] {processor.py:826} INFO - Processing file /usr/local/python/3.10.13/lib/python3.10/site-packages/airflow/example_dags/example_branch_python_dop_operator_3.py for tasks to queue
[2024-04-29T06:21:57.397+0000] {logging_mixin.py:150} INFO - [2024-04-29T06:21:57.397+0000] {dagbag.py:541} INFO - Filling up the DagBag from /usr/local/python/3.10.13/lib/python3.10/site-packages/airflow/example_dags/example_branch_python_dop_operator_3.py
[2024-04-29T06:21:57.407+0000] {processor.py:836} INFO - DAG(s) dict_keys(['example_branch_dop_operator_v3']) retrieved from /usr/local/python/3.10.13/lib/python3.10/site-packages/airflow/example_dags/example_branch_python_dop_operator_3.py
[2024-04-29T06:21:57.426+0000] {logging_mixin.py:150} INFO - [2024-04-29T06:21:57.426+0000] {dag.py:2742} INFO - Sync 1 DAGs
[2024-04-29T06:21:57.454+0000] {logging_mixin.py:150} INFO - [2024-04-29T06:21:57.453+0000] {dag.py:3504} INFO - Setting next_dagrun for example_branch_dop_operator_v3 to 2024-04-29T06:20:00+00:00, run_after=2024-04-29T06:21:00+00:00
[2024-04-29T06:21:57.494+0000] {processor.py:179} INFO - Processing /usr/local/python/3.10.13/lib/python3.10/site-packages/airflow/example_dags/example_branch_python_dop_operator_3.py took 0.101 seconds
[2024-04-29T06:22:46.140+0000] {processor.py:157} INFO - Started process (PID=11681) to work on /usr/local/python/3.10.13/lib/python3.10/site-packages/airflow/example_dags/example_branch_python_dop_operator_3.py
[2024-04-29T06:22:46.141+0000] {processor.py:826} INFO - Processing file /usr/local/python/3.10.13/lib/python3.10/site-packages/airflow/example_dags/example_branch_python_dop_operator_3.py for tasks to queue
[2024-04-29T06:22:46.141+0000] {logging_mixin.py:150} INFO - [2024-04-29T06:22:46.141+0000] {dagbag.py:541} INFO - Filling up the DagBag from /usr/local/python/3.10.13/lib/python3.10/site-packages/airflow/example_dags/example_branch_python_dop_operator_3.py
[2024-04-29T06:22:46.148+0000] {processor.py:836} INFO - DAG(s) dict_keys(['example_branch_dop_operator_v3']) retrieved from /usr/local/python/3.10.13/lib/python3.10/site-packages/airflow/example_dags/example_branch_python_dop_operator_3.py
[2024-04-29T06:22:46.161+0000] {logging_mixin.py:150} INFO - [2024-04-29T06:22:46.161+0000] {dag.py:2742} INFO - Sync 1 DAGs
[2024-04-29T06:22:46.180+0000] {logging_mixin.py:150} INFO - [2024-04-29T06:22:46.180+0000] {dag.py:3504} INFO - Setting next_dagrun for example_branch_dop_operator_v3 to 2024-04-29T06:21:00+00:00, run_after=2024-04-29T06:22:00+00:00
[2024-04-29T06:22:46.218+0000] {processor.py:179} INFO - Processing /usr/local/python/3.10.13/lib/python3.10/site-packages/airflow/example_dags/example_branch_python_dop_operator_3.py took 0.080 seconds
[2024-04-29T06:23:33.807+0000] {processor.py:157} INFO - Started process (PID=12050) to work on /usr/local/python/3.10.13/lib/python3.10/site-packages/airflow/example_dags/example_branch_python_dop_operator_3.py
[2024-04-29T06:23:33.809+0000] {processor.py:826} INFO - Processing file /usr/local/python/3.10.13/lib/python3.10/site-packages/airflow/example_dags/example_branch_python_dop_operator_3.py for tasks to queue
[2024-04-29T06:23:33.810+0000] {logging_mixin.py:150} INFO - [2024-04-29T06:23:33.809+0000] {dagbag.py:541} INFO - Filling up the DagBag from /usr/local/python/3.10.13/lib/python3.10/site-packages/airflow/example_dags/example_branch_python_dop_operator_3.py
[2024-04-29T06:23:33.820+0000] {processor.py:836} INFO - DAG(s) dict_keys(['example_branch_dop_operator_v3']) retrieved from /usr/local/python/3.10.13/lib/python3.10/site-packages/airflow/example_dags/example_branch_python_dop_operator_3.py
[2024-04-29T06:23:33.839+0000] {logging_mixin.py:150} INFO - [2024-04-29T06:23:33.839+0000] {dag.py:2742} INFO - Sync 1 DAGs
[2024-04-29T06:23:33.881+0000] {logging_mixin.py:150} INFO - [2024-04-29T06:23:33.881+0000] {dag.py:3504} INFO - Setting next_dagrun for example_branch_dop_operator_v3 to 2024-04-29T06:22:00+00:00, run_after=2024-04-29T06:23:00+00:00
[2024-04-29T06:23:33.928+0000] {processor.py:179} INFO - Processing /usr/local/python/3.10.13/lib/python3.10/site-packages/airflow/example_dags/example_branch_python_dop_operator_3.py took 0.123 seconds
[2024-04-29T06:24:21.944+0000] {processor.py:157} INFO - Started process (PID=12415) to work on /usr/local/python/3.10.13/lib/python3.10/site-packages/airflow/example_dags/example_branch_python_dop_operator_3.py
[2024-04-29T06:24:21.945+0000] {processor.py:826} INFO - Processing file /usr/local/python/3.10.13/lib/python3.10/site-packages/airflow/example_dags/example_branch_python_dop_operator_3.py for tasks to queue
[2024-04-29T06:24:21.946+0000] {logging_mixin.py:150} INFO - [2024-04-29T06:24:21.946+0000] {dagbag.py:541} INFO - Filling up the DagBag from /usr/local/python/3.10.13/lib/python3.10/site-packages/airflow/example_dags/example_branch_python_dop_operator_3.py
[2024-04-29T06:24:21.953+0000] {processor.py:836} INFO - DAG(s) dict_keys(['example_branch_dop_operator_v3']) retrieved from /usr/local/python/3.10.13/lib/python3.10/site-packages/airflow/example_dags/example_branch_python_dop_operator_3.py
[2024-04-29T06:24:21.965+0000] {logging_mixin.py:150} INFO - [2024-04-29T06:24:21.965+0000] {dag.py:2742} INFO - Sync 1 DAGs
[2024-04-29T06:24:21.985+0000] {logging_mixin.py:150} INFO - [2024-04-29T06:24:21.985+0000] {dag.py:3504} INFO - Setting next_dagrun for example_branch_dop_operator_v3 to 2024-04-29T06:23:00+00:00, run_after=2024-04-29T06:24:00+00:00
[2024-04-29T06:24:22.024+0000] {processor.py:179} INFO - Processing /usr/local/python/3.10.13/lib/python3.10/site-packages/airflow/example_dags/example_branch_python_dop_operator_3.py took 0.082 seconds
[2024-04-29T06:25:12.279+0000] {processor.py:157} INFO - Started process (PID=12795) to work on /usr/local/python/3.10.13/lib/python3.10/site-packages/airflow/example_dags/example_branch_python_dop_operator_3.py
[2024-04-29T06:25:12.280+0000] {processor.py:826} INFO - Processing file /usr/local/python/3.10.13/lib/python3.10/site-packages/airflow/example_dags/example_branch_python_dop_operator_3.py for tasks to queue
[2024-04-29T06:25:12.281+0000] {logging_mixin.py:150} INFO - [2024-04-29T06:25:12.280+0000] {dagbag.py:541} INFO - Filling up the DagBag from /usr/local/python/3.10.13/lib/python3.10/site-packages/airflow/example_dags/example_branch_python_dop_operator_3.py
[2024-04-29T06:25:12.287+0000] {processor.py:836} INFO - DAG(s) dict_keys(['example_branch_dop_operator_v3']) retrieved from /usr/local/python/3.10.13/lib/python3.10/site-packages/airflow/example_dags/example_branch_python_dop_operator_3.py
[2024-04-29T06:25:12.301+0000] {logging_mixin.py:150} INFO - [2024-04-29T06:25:12.300+0000] {dag.py:2742} INFO - Sync 1 DAGs
[2024-04-29T06:25:12.329+0000] {logging_mixin.py:150} INFO - [2024-04-29T06:25:12.328+0000] {dag.py:3504} INFO - Setting next_dagrun for example_branch_dop_operator_v3 to 2024-04-29T06:24:00+00:00, run_after=2024-04-29T06:25:00+00:00
[2024-04-29T06:25:12.376+0000] {processor.py:179} INFO - Processing /usr/local/python/3.10.13/lib/python3.10/site-packages/airflow/example_dags/example_branch_python_dop_operator_3.py took 0.098 seconds
[2024-04-29T06:25:58.542+0000] {processor.py:157} INFO - Started process (PID=13259) to work on /usr/local/python/3.10.13/lib/python3.10/site-packages/airflow/example_dags/example_branch_python_dop_operator_3.py
[2024-04-29T06:25:58.542+0000] {processor.py:826} INFO - Processing file /usr/local/python/3.10.13/lib/python3.10/site-packages/airflow/example_dags/example_branch_python_dop_operator_3.py for tasks to queue
[2024-04-29T06:25:58.543+0000] {logging_mixin.py:150} INFO - [2024-04-29T06:25:58.543+0000] {dagbag.py:541} INFO - Filling up the DagBag from /usr/local/python/3.10.13/lib/python3.10/site-packages/airflow/example_dags/example_branch_python_dop_operator_3.py
[2024-04-29T06:25:58.550+0000] {processor.py:836} INFO - DAG(s) dict_keys(['example_branch_dop_operator_v3']) retrieved from /usr/local/python/3.10.13/lib/python3.10/site-packages/airflow/example_dags/example_branch_python_dop_operator_3.py
[2024-04-29T06:25:58.562+0000] {logging_mixin.py:150} INFO - [2024-04-29T06:25:58.562+0000] {dag.py:2742} INFO - Sync 1 DAGs
[2024-04-29T06:25:58.582+0000] {logging_mixin.py:150} INFO - [2024-04-29T06:25:58.581+0000] {dag.py:3504} INFO - Setting next_dagrun for example_branch_dop_operator_v3 to 2024-04-29T06:24:00+00:00, run_after=2024-04-29T06:25:00+00:00
[2024-04-29T06:25:58.617+0000] {processor.py:179} INFO - Processing /usr/local/python/3.10.13/lib/python3.10/site-packages/airflow/example_dags/example_branch_python_dop_operator_3.py took 0.077 seconds
[2024-04-29T06:26:45.369+0000] {processor.py:157} INFO - Started process (PID=13655) to work on /usr/local/python/3.10.13/lib/python3.10/site-packages/airflow/example_dags/example_branch_python_dop_operator_3.py
[2024-04-29T06:26:45.370+0000] {processor.py:826} INFO - Processing file /usr/local/python/3.10.13/lib/python3.10/site-packages/airflow/example_dags/example_branch_python_dop_operator_3.py for tasks to queue
[2024-04-29T06:26:45.371+0000] {logging_mixin.py:150} INFO - [2024-04-29T06:26:45.370+0000] {dagbag.py:541} INFO - Filling up the DagBag from /usr/local/python/3.10.13/lib/python3.10/site-packages/airflow/example_dags/example_branch_python_dop_operator_3.py
[2024-04-29T06:26:45.377+0000] {processor.py:836} INFO - DAG(s) dict_keys(['example_branch_dop_operator_v3']) retrieved from /usr/local/python/3.10.13/lib/python3.10/site-packages/airflow/example_dags/example_branch_python_dop_operator_3.py
[2024-04-29T06:26:45.389+0000] {logging_mixin.py:150} INFO - [2024-04-29T06:26:45.389+0000] {dag.py:2742} INFO - Sync 1 DAGs
[2024-04-29T06:26:45.408+0000] {logging_mixin.py:150} INFO - [2024-04-29T06:26:45.408+0000] {dag.py:3504} INFO - Setting next_dagrun for example_branch_dop_operator_v3 to 2024-04-29T06:25:00+00:00, run_after=2024-04-29T06:26:00+00:00
[2024-04-29T06:26:45.447+0000] {processor.py:179} INFO - Processing /usr/local/python/3.10.13/lib/python3.10/site-packages/airflow/example_dags/example_branch_python_dop_operator_3.py took 0.080 seconds
[2024-04-29T06:27:42.676+0000] {processor.py:157} INFO - Started process (PID=14196) to work on /usr/local/python/3.10.13/lib/python3.10/site-packages/airflow/example_dags/example_branch_python_dop_operator_3.py
[2024-04-29T06:27:42.677+0000] {processor.py:826} INFO - Processing file /usr/local/python/3.10.13/lib/python3.10/site-packages/airflow/example_dags/example_branch_python_dop_operator_3.py for tasks to queue
[2024-04-29T06:27:42.678+0000] {logging_mixin.py:150} INFO - [2024-04-29T06:27:42.678+0000] {dagbag.py:541} INFO - Filling up the DagBag from /usr/local/python/3.10.13/lib/python3.10/site-packages/airflow/example_dags/example_branch_python_dop_operator_3.py
[2024-04-29T06:27:42.688+0000] {processor.py:836} INFO - DAG(s) dict_keys(['example_branch_dop_operator_v3']) retrieved from /usr/local/python/3.10.13/lib/python3.10/site-packages/airflow/example_dags/example_branch_python_dop_operator_3.py
[2024-04-29T06:27:42.707+0000] {logging_mixin.py:150} INFO - [2024-04-29T06:27:42.706+0000] {dag.py:2742} INFO - Sync 1 DAGs
[2024-04-29T06:27:42.736+0000] {logging_mixin.py:150} INFO - [2024-04-29T06:27:42.736+0000] {dag.py:3504} INFO - Setting next_dagrun for example_branch_dop_operator_v3 to 2024-04-29T06:26:00+00:00, run_after=2024-04-29T06:27:00+00:00
[2024-04-29T06:27:42.777+0000] {processor.py:179} INFO - Processing /usr/local/python/3.10.13/lib/python3.10/site-packages/airflow/example_dags/example_branch_python_dop_operator_3.py took 0.103 seconds
[2024-04-29T06:31:42.847+0000] {processor.py:157} INFO - Started process (PID=16038) to work on /usr/local/python/3.10.13/lib/python3.10/site-packages/airflow/example_dags/example_branch_python_dop_operator_3.py
[2024-04-29T06:31:42.848+0000] {processor.py:826} INFO - Processing file /usr/local/python/3.10.13/lib/python3.10/site-packages/airflow/example_dags/example_branch_python_dop_operator_3.py for tasks to queue
[2024-04-29T06:31:42.849+0000] {logging_mixin.py:150} INFO - [2024-04-29T06:31:42.848+0000] {dagbag.py:541} INFO - Filling up the DagBag from /usr/local/python/3.10.13/lib/python3.10/site-packages/airflow/example_dags/example_branch_python_dop_operator_3.py
[2024-04-29T06:31:42.856+0000] {processor.py:836} INFO - DAG(s) dict_keys(['example_branch_dop_operator_v3']) retrieved from /usr/local/python/3.10.13/lib/python3.10/site-packages/airflow/example_dags/example_branch_python_dop_operator_3.py
[2024-04-29T06:31:42.870+0000] {logging_mixin.py:150} INFO - [2024-04-29T06:31:42.870+0000] {dag.py:2742} INFO - Sync 1 DAGs
[2024-04-29T06:31:42.890+0000] {logging_mixin.py:150} INFO - [2024-04-29T06:31:42.890+0000] {dag.py:3504} INFO - Setting next_dagrun for example_branch_dop_operator_v3 to 2024-04-29T06:30:00+00:00, run_after=2024-04-29T06:31:00+00:00
[2024-04-29T06:31:42.925+0000] {processor.py:179} INFO - Processing /usr/local/python/3.10.13/lib/python3.10/site-packages/airflow/example_dags/example_branch_python_dop_operator_3.py took 0.080 seconds
[2024-04-29T06:32:29.535+0000] {processor.py:157} INFO - Started process (PID=16369) to work on /usr/local/python/3.10.13/lib/python3.10/site-packages/airflow/example_dags/example_branch_python_dop_operator_3.py
[2024-04-29T06:32:29.535+0000] {processor.py:826} INFO - Processing file /usr/local/python/3.10.13/lib/python3.10/site-packages/airflow/example_dags/example_branch_python_dop_operator_3.py for tasks to queue
[2024-04-29T06:32:29.536+0000] {logging_mixin.py:150} INFO - [2024-04-29T06:32:29.536+0000] {dagbag.py:541} INFO - Filling up the DagBag from /usr/local/python/3.10.13/lib/python3.10/site-packages/airflow/example_dags/example_branch_python_dop_operator_3.py
[2024-04-29T06:32:29.542+0000] {processor.py:836} INFO - DAG(s) dict_keys(['example_branch_dop_operator_v3']) retrieved from /usr/local/python/3.10.13/lib/python3.10/site-packages/airflow/example_dags/example_branch_python_dop_operator_3.py
[2024-04-29T06:32:29.555+0000] {logging_mixin.py:150} INFO - [2024-04-29T06:32:29.554+0000] {dag.py:2742} INFO - Sync 1 DAGs
[2024-04-29T06:32:29.574+0000] {logging_mixin.py:150} INFO - [2024-04-29T06:32:29.574+0000] {dag.py:3504} INFO - Setting next_dagrun for example_branch_dop_operator_v3 to 2024-04-29T06:31:00+00:00, run_after=2024-04-29T06:32:00+00:00
[2024-04-29T06:32:29.612+0000] {processor.py:179} INFO - Processing /usr/local/python/3.10.13/lib/python3.10/site-packages/airflow/example_dags/example_branch_python_dop_operator_3.py took 0.080 seconds
