[2024-04-29T08:44:19.699+0000] {processor.py:157} INFO - Started process (PID=32449) to work on /usr/local/python/3.10.13/lib/python3.10/site-packages/airflow/example_dags/example_dynamic_task_mapping_with_no_taskflow_operators.py
[2024-04-29T08:44:19.700+0000] {processor.py:826} INFO - Processing file /usr/local/python/3.10.13/lib/python3.10/site-packages/airflow/example_dags/example_dynamic_task_mapping_with_no_taskflow_operators.py for tasks to queue
[2024-04-29T08:44:19.701+0000] {logging_mixin.py:150} INFO - [2024-04-29T08:44:19.700+0000] {dagbag.py:541} INFO - Filling up the DagBag from /usr/local/python/3.10.13/lib/python3.10/site-packages/airflow/example_dags/example_dynamic_task_mapping_with_no_taskflow_operators.py
[2024-04-29T08:44:19.706+0000] {processor.py:836} INFO - DAG(s) dict_keys(['example_dynamic_task_mapping_with_no_taskflow_operators']) retrieved from /usr/local/python/3.10.13/lib/python3.10/site-packages/airflow/example_dags/example_dynamic_task_mapping_with_no_taskflow_operators.py
[2024-04-29T08:44:19.829+0000] {logging_mixin.py:150} INFO - [2024-04-29T08:44:19.829+0000] {manager.py:504} INFO - Created Permission View: can read on DAG:example_dynamic_task_mapping_with_no_taskflow_operators
[2024-04-29T08:44:19.860+0000] {logging_mixin.py:150} INFO - [2024-04-29T08:44:19.859+0000] {manager.py:504} INFO - Created Permission View: can delete on DAG:example_dynamic_task_mapping_with_no_taskflow_operators
[2024-04-29T08:44:19.888+0000] {logging_mixin.py:150} INFO - [2024-04-29T08:44:19.888+0000] {manager.py:504} INFO - Created Permission View: can edit on DAG:example_dynamic_task_mapping_with_no_taskflow_operators
[2024-04-29T08:44:19.898+0000] {logging_mixin.py:150} INFO - [2024-04-29T08:44:19.898+0000] {dag.py:2742} INFO - Sync 1 DAGs
[2024-04-29T08:44:19.906+0000] {logging_mixin.py:150} INFO - [2024-04-29T08:44:19.906+0000] {dag.py:2763} INFO - Creating ORM DAG for example_dynamic_task_mapping_with_no_taskflow_operators
[2024-04-29T08:44:19.912+0000] {logging_mixin.py:150} INFO - [2024-04-29T08:44:19.912+0000] {dag.py:3504} INFO - Setting next_dagrun for example_dynamic_task_mapping_with_no_taskflow_operators to 2024-04-28T08:44:19.912661+00:00, run_after=2024-04-29T08:44:19.912661+00:00
[2024-04-29T08:44:19.950+0000] {processor.py:179} INFO - Processing /usr/local/python/3.10.13/lib/python3.10/site-packages/airflow/example_dags/example_dynamic_task_mapping_with_no_taskflow_operators.py took 0.253 seconds
[2024-04-29T08:46:56.680+0000] {processor.py:157} INFO - Started process (PID=33756) to work on /usr/local/python/3.10.13/lib/python3.10/site-packages/airflow/example_dags/example_dynamic_task_mapping_with_no_taskflow_operators.py
[2024-04-29T08:46:56.681+0000] {processor.py:826} INFO - Processing file /usr/local/python/3.10.13/lib/python3.10/site-packages/airflow/example_dags/example_dynamic_task_mapping_with_no_taskflow_operators.py for tasks to queue
[2024-04-29T08:46:56.682+0000] {logging_mixin.py:150} INFO - [2024-04-29T08:46:56.681+0000] {dagbag.py:541} INFO - Filling up the DagBag from /usr/local/python/3.10.13/lib/python3.10/site-packages/airflow/example_dags/example_dynamic_task_mapping_with_no_taskflow_operators.py
[2024-04-29T08:46:56.687+0000] {processor.py:836} INFO - DAG(s) dict_keys(['example_dynamic_task_mapping_with_no_taskflow_operators']) retrieved from /usr/local/python/3.10.13/lib/python3.10/site-packages/airflow/example_dags/example_dynamic_task_mapping_with_no_taskflow_operators.py
[2024-04-29T08:46:56.699+0000] {logging_mixin.py:150} INFO - [2024-04-29T08:46:56.699+0000] {dag.py:2742} INFO - Sync 1 DAGs
[2024-04-29T08:46:56.715+0000] {logging_mixin.py:150} INFO - [2024-04-29T08:46:56.714+0000] {dag.py:3504} INFO - Setting next_dagrun for example_dynamic_task_mapping_with_no_taskflow_operators to 2024-04-28T08:46:56.714732+00:00, run_after=2024-04-29T08:46:56.714732+00:00
[2024-04-29T08:46:56.751+0000] {processor.py:179} INFO - Processing /usr/local/python/3.10.13/lib/python3.10/site-packages/airflow/example_dags/example_dynamic_task_mapping_with_no_taskflow_operators.py took 0.073 seconds
[2024-04-29T08:48:19.130+0000] {processor.py:157} INFO - Started process (PID=34338) to work on /usr/local/python/3.10.13/lib/python3.10/site-packages/airflow/example_dags/example_dynamic_task_mapping_with_no_taskflow_operators.py
[2024-04-29T08:48:19.131+0000] {processor.py:826} INFO - Processing file /usr/local/python/3.10.13/lib/python3.10/site-packages/airflow/example_dags/example_dynamic_task_mapping_with_no_taskflow_operators.py for tasks to queue
[2024-04-29T08:48:19.132+0000] {logging_mixin.py:150} INFO - [2024-04-29T08:48:19.132+0000] {dagbag.py:541} INFO - Filling up the DagBag from /usr/local/python/3.10.13/lib/python3.10/site-packages/airflow/example_dags/example_dynamic_task_mapping_with_no_taskflow_operators.py
[2024-04-29T08:48:19.139+0000] {processor.py:836} INFO - DAG(s) dict_keys(['example_dynamic_task_mapping_with_no_taskflow_operators']) retrieved from /usr/local/python/3.10.13/lib/python3.10/site-packages/airflow/example_dags/example_dynamic_task_mapping_with_no_taskflow_operators.py
[2024-04-29T08:48:19.158+0000] {logging_mixin.py:150} INFO - [2024-04-29T08:48:19.158+0000] {dag.py:2742} INFO - Sync 1 DAGs
[2024-04-29T08:48:19.185+0000] {logging_mixin.py:150} INFO - [2024-04-29T08:48:19.185+0000] {dag.py:3504} INFO - Setting next_dagrun for example_dynamic_task_mapping_with_no_taskflow_operators to 2024-04-28T08:48:19.184825+00:00, run_after=2024-04-29T08:48:19.184825+00:00
[2024-04-29T08:48:19.226+0000] {processor.py:179} INFO - Processing /usr/local/python/3.10.13/lib/python3.10/site-packages/airflow/example_dags/example_dynamic_task_mapping_with_no_taskflow_operators.py took 0.101 seconds
