[2024-04-29T07:42:25.260+0000] {processor.py:157} INFO - Started process (PID=5093) to work on /usr/local/python/3.10.13/lib/python3.10/site-packages/airflow/example_dags/example_skip_dag.py
[2024-04-29T07:42:25.261+0000] {processor.py:826} INFO - Processing file /usr/local/python/3.10.13/lib/python3.10/site-packages/airflow/example_dags/example_skip_dag.py for tasks to queue
[2024-04-29T07:42:25.261+0000] {logging_mixin.py:150} INFO - [2024-04-29T07:42:25.261+0000] {dagbag.py:541} INFO - Filling up the DagBag from /usr/local/python/3.10.13/lib/python3.10/site-packages/airflow/example_dags/example_skip_dag.py
[2024-04-29T07:42:25.267+0000] {processor.py:836} INFO - DAG(s) dict_keys(['example_skip_dag']) retrieved from /usr/local/python/3.10.13/lib/python3.10/site-packages/airflow/example_dags/example_skip_dag.py
[2024-04-29T07:42:25.401+0000] {logging_mixin.py:150} INFO - [2024-04-29T07:42:25.400+0000] {manager.py:504} INFO - Created Permission View: can edit on DAG:example_skip_dag
[2024-04-29T07:42:25.434+0000] {logging_mixin.py:150} INFO - [2024-04-29T07:42:25.434+0000] {manager.py:504} INFO - Created Permission View: can read on DAG:example_skip_dag
[2024-04-29T07:42:25.460+0000] {logging_mixin.py:150} INFO - [2024-04-29T07:42:25.460+0000] {manager.py:504} INFO - Created Permission View: can delete on DAG:example_skip_dag
[2024-04-29T07:42:25.468+0000] {logging_mixin.py:150} INFO - [2024-04-29T07:42:25.468+0000] {dag.py:2742} INFO - Sync 1 DAGs
[2024-04-29T07:42:25.476+0000] {logging_mixin.py:150} INFO - [2024-04-29T07:42:25.476+0000] {dag.py:2763} INFO - Creating ORM DAG for example_skip_dag
[2024-04-29T07:42:25.483+0000] {logging_mixin.py:150} INFO - [2024-04-29T07:42:25.483+0000] {dag.py:3504} INFO - Setting next_dagrun for example_skip_dag to 2024-04-28T07:42:25.482916+00:00, run_after=2024-04-29T07:42:25.482916+00:00
[2024-04-29T07:42:25.524+0000] {processor.py:179} INFO - Processing /usr/local/python/3.10.13/lib/python3.10/site-packages/airflow/example_dags/example_skip_dag.py took 0.266 seconds
[2024-04-29T07:43:16.545+0000] {processor.py:157} INFO - Started process (PID=5445) to work on /usr/local/python/3.10.13/lib/python3.10/site-packages/airflow/example_dags/example_skip_dag.py
[2024-04-29T07:43:16.546+0000] {processor.py:826} INFO - Processing file /usr/local/python/3.10.13/lib/python3.10/site-packages/airflow/example_dags/example_skip_dag.py for tasks to queue
[2024-04-29T07:43:16.547+0000] {logging_mixin.py:150} INFO - [2024-04-29T07:43:16.546+0000] {dagbag.py:541} INFO - Filling up the DagBag from /usr/local/python/3.10.13/lib/python3.10/site-packages/airflow/example_dags/example_skip_dag.py
[2024-04-29T07:43:16.552+0000] {processor.py:836} INFO - DAG(s) dict_keys(['example_skip_dag']) retrieved from /usr/local/python/3.10.13/lib/python3.10/site-packages/airflow/example_dags/example_skip_dag.py
[2024-04-29T07:43:16.564+0000] {logging_mixin.py:150} INFO - [2024-04-29T07:43:16.564+0000] {dag.py:2742} INFO - Sync 1 DAGs
[2024-04-29T07:43:16.582+0000] {logging_mixin.py:150} INFO - [2024-04-29T07:43:16.582+0000] {dag.py:3504} INFO - Setting next_dagrun for example_skip_dag to 2024-04-28T07:43:16.582059+00:00, run_after=2024-04-29T07:43:16.582059+00:00
[2024-04-29T07:43:16.625+0000] {processor.py:179} INFO - Processing /usr/local/python/3.10.13/lib/python3.10/site-packages/airflow/example_dags/example_skip_dag.py took 0.081 seconds
[2024-04-29T07:44:01.806+0000] {processor.py:157} INFO - Started process (PID=5763) to work on /usr/local/python/3.10.13/lib/python3.10/site-packages/airflow/example_dags/example_skip_dag.py
[2024-04-29T07:44:01.807+0000] {processor.py:826} INFO - Processing file /usr/local/python/3.10.13/lib/python3.10/site-packages/airflow/example_dags/example_skip_dag.py for tasks to queue
[2024-04-29T07:44:01.808+0000] {logging_mixin.py:150} INFO - [2024-04-29T07:44:01.807+0000] {dagbag.py:541} INFO - Filling up the DagBag from /usr/local/python/3.10.13/lib/python3.10/site-packages/airflow/example_dags/example_skip_dag.py
[2024-04-29T07:44:01.813+0000] {processor.py:836} INFO - DAG(s) dict_keys(['example_skip_dag']) retrieved from /usr/local/python/3.10.13/lib/python3.10/site-packages/airflow/example_dags/example_skip_dag.py
[2024-04-29T07:44:01.826+0000] {logging_mixin.py:150} INFO - [2024-04-29T07:44:01.826+0000] {dag.py:2742} INFO - Sync 1 DAGs
[2024-04-29T07:44:01.842+0000] {logging_mixin.py:150} INFO - [2024-04-29T07:44:01.842+0000] {dag.py:3504} INFO - Setting next_dagrun for example_skip_dag to 2024-04-28T07:44:01.841821+00:00, run_after=2024-04-29T07:44:01.841821+00:00
[2024-04-29T07:44:01.879+0000] {processor.py:179} INFO - Processing /usr/local/python/3.10.13/lib/python3.10/site-packages/airflow/example_dags/example_skip_dag.py took 0.075 seconds
[2024-04-29T07:44:48.348+0000] {processor.py:157} INFO - Started process (PID=6071) to work on /usr/local/python/3.10.13/lib/python3.10/site-packages/airflow/example_dags/example_skip_dag.py
[2024-04-29T07:44:48.349+0000] {processor.py:826} INFO - Processing file /usr/local/python/3.10.13/lib/python3.10/site-packages/airflow/example_dags/example_skip_dag.py for tasks to queue
[2024-04-29T07:44:48.350+0000] {logging_mixin.py:150} INFO - [2024-04-29T07:44:48.350+0000] {dagbag.py:541} INFO - Filling up the DagBag from /usr/local/python/3.10.13/lib/python3.10/site-packages/airflow/example_dags/example_skip_dag.py
[2024-04-29T07:44:48.356+0000] {processor.py:836} INFO - DAG(s) dict_keys(['example_skip_dag']) retrieved from /usr/local/python/3.10.13/lib/python3.10/site-packages/airflow/example_dags/example_skip_dag.py
[2024-04-29T07:44:48.368+0000] {logging_mixin.py:150} INFO - [2024-04-29T07:44:48.368+0000] {dag.py:2742} INFO - Sync 1 DAGs
[2024-04-29T07:44:48.384+0000] {logging_mixin.py:150} INFO - [2024-04-29T07:44:48.384+0000] {dag.py:3504} INFO - Setting next_dagrun for example_skip_dag to 2024-04-28T07:44:48.384092+00:00, run_after=2024-04-29T07:44:48.384092+00:00
[2024-04-29T07:44:48.420+0000] {processor.py:179} INFO - Processing /usr/local/python/3.10.13/lib/python3.10/site-packages/airflow/example_dags/example_skip_dag.py took 0.074 seconds
[2024-04-29T07:45:34.400+0000] {processor.py:157} INFO - Started process (PID=6394) to work on /usr/local/python/3.10.13/lib/python3.10/site-packages/airflow/example_dags/example_skip_dag.py
[2024-04-29T07:45:34.400+0000] {processor.py:826} INFO - Processing file /usr/local/python/3.10.13/lib/python3.10/site-packages/airflow/example_dags/example_skip_dag.py for tasks to queue
[2024-04-29T07:45:34.401+0000] {logging_mixin.py:150} INFO - [2024-04-29T07:45:34.401+0000] {dagbag.py:541} INFO - Filling up the DagBag from /usr/local/python/3.10.13/lib/python3.10/site-packages/airflow/example_dags/example_skip_dag.py
[2024-04-29T07:45:34.408+0000] {processor.py:836} INFO - DAG(s) dict_keys(['example_skip_dag']) retrieved from /usr/local/python/3.10.13/lib/python3.10/site-packages/airflow/example_dags/example_skip_dag.py
[2024-04-29T07:45:34.421+0000] {logging_mixin.py:150} INFO - [2024-04-29T07:45:34.420+0000] {dag.py:2742} INFO - Sync 1 DAGs
[2024-04-29T07:45:34.436+0000] {logging_mixin.py:150} INFO - [2024-04-29T07:45:34.436+0000] {dag.py:3504} INFO - Setting next_dagrun for example_skip_dag to 2024-04-28T07:45:34.436656+00:00, run_after=2024-04-29T07:45:34.436656+00:00
[2024-04-29T07:45:34.476+0000] {processor.py:179} INFO - Processing /usr/local/python/3.10.13/lib/python3.10/site-packages/airflow/example_dags/example_skip_dag.py took 0.079 seconds
