[2024-04-29T07:42:29.866+0000] {processor.py:157} INFO - Started process (PID=5140) to work on /usr/local/python/3.10.13/lib/python3.10/site-packages/airflow/example_dags/example_params_ui_tutorial.py
[2024-04-29T07:42:29.866+0000] {processor.py:826} INFO - Processing file /usr/local/python/3.10.13/lib/python3.10/site-packages/airflow/example_dags/example_params_ui_tutorial.py for tasks to queue
[2024-04-29T07:42:29.867+0000] {logging_mixin.py:150} INFO - [2024-04-29T07:42:29.867+0000] {dagbag.py:541} INFO - Filling up the DagBag from /usr/local/python/3.10.13/lib/python3.10/site-packages/airflow/example_dags/example_params_ui_tutorial.py
[2024-04-29T07:42:29.886+0000] {processor.py:836} INFO - DAG(s) dict_keys(['example_params_ui_tutorial']) retrieved from /usr/local/python/3.10.13/lib/python3.10/site-packages/airflow/example_dags/example_params_ui_tutorial.py
[2024-04-29T07:42:30.031+0000] {logging_mixin.py:150} INFO - [2024-04-29T07:42:30.030+0000] {manager.py:504} INFO - Created Permission View: can edit on DAG:example_params_ui_tutorial
[2024-04-29T07:42:30.060+0000] {logging_mixin.py:150} INFO - [2024-04-29T07:42:30.060+0000] {manager.py:504} INFO - Created Permission View: can read on DAG:example_params_ui_tutorial
[2024-04-29T07:42:30.087+0000] {logging_mixin.py:150} INFO - [2024-04-29T07:42:30.086+0000] {manager.py:504} INFO - Created Permission View: can delete on DAG:example_params_ui_tutorial
[2024-04-29T07:42:30.096+0000] {logging_mixin.py:150} INFO - [2024-04-29T07:42:30.096+0000] {dag.py:2742} INFO - Sync 1 DAGs
[2024-04-29T07:42:30.103+0000] {logging_mixin.py:150} INFO - [2024-04-29T07:42:30.103+0000] {dag.py:2763} INFO - Creating ORM DAG for example_params_ui_tutorial
[2024-04-29T07:42:30.111+0000] {logging_mixin.py:150} INFO - [2024-04-29T07:42:30.110+0000] {dag.py:3504} INFO - Setting next_dagrun for example_params_ui_tutorial to None, run_after=None
[2024-04-29T07:42:30.162+0000] {processor.py:179} INFO - Processing /usr/local/python/3.10.13/lib/python3.10/site-packages/airflow/example_dags/example_params_ui_tutorial.py took 0.298 seconds
[2024-04-29T07:43:21.247+0000] {processor.py:157} INFO - Started process (PID=5485) to work on /usr/local/python/3.10.13/lib/python3.10/site-packages/airflow/example_dags/example_params_ui_tutorial.py
[2024-04-29T07:43:21.247+0000] {processor.py:826} INFO - Processing file /usr/local/python/3.10.13/lib/python3.10/site-packages/airflow/example_dags/example_params_ui_tutorial.py for tasks to queue
[2024-04-29T07:43:21.248+0000] {logging_mixin.py:150} INFO - [2024-04-29T07:43:21.248+0000] {dagbag.py:541} INFO - Filling up the DagBag from /usr/local/python/3.10.13/lib/python3.10/site-packages/airflow/example_dags/example_params_ui_tutorial.py
[2024-04-29T07:43:21.268+0000] {processor.py:836} INFO - DAG(s) dict_keys(['example_params_ui_tutorial']) retrieved from /usr/local/python/3.10.13/lib/python3.10/site-packages/airflow/example_dags/example_params_ui_tutorial.py
[2024-04-29T07:43:21.297+0000] {logging_mixin.py:150} INFO - [2024-04-29T07:43:21.297+0000] {dag.py:2742} INFO - Sync 1 DAGs
[2024-04-29T07:43:21.312+0000] {logging_mixin.py:150} INFO - [2024-04-29T07:43:21.312+0000] {dag.py:3504} INFO - Setting next_dagrun for example_params_ui_tutorial to None, run_after=None
[2024-04-29T07:43:21.347+0000] {processor.py:179} INFO - Processing /usr/local/python/3.10.13/lib/python3.10/site-packages/airflow/example_dags/example_params_ui_tutorial.py took 0.103 seconds
[2024-04-29T07:44:07.303+0000] {processor.py:157} INFO - Started process (PID=5793) to work on /usr/local/python/3.10.13/lib/python3.10/site-packages/airflow/example_dags/example_params_ui_tutorial.py
[2024-04-29T07:44:07.303+0000] {processor.py:826} INFO - Processing file /usr/local/python/3.10.13/lib/python3.10/site-packages/airflow/example_dags/example_params_ui_tutorial.py for tasks to queue
[2024-04-29T07:44:07.304+0000] {logging_mixin.py:150} INFO - [2024-04-29T07:44:07.304+0000] {dagbag.py:541} INFO - Filling up the DagBag from /usr/local/python/3.10.13/lib/python3.10/site-packages/airflow/example_dags/example_params_ui_tutorial.py
[2024-04-29T07:44:07.326+0000] {processor.py:836} INFO - DAG(s) dict_keys(['example_params_ui_tutorial']) retrieved from /usr/local/python/3.10.13/lib/python3.10/site-packages/airflow/example_dags/example_params_ui_tutorial.py
[2024-04-29T07:44:07.355+0000] {logging_mixin.py:150} INFO - [2024-04-29T07:44:07.355+0000] {dag.py:2742} INFO - Sync 1 DAGs
[2024-04-29T07:44:07.370+0000] {logging_mixin.py:150} INFO - [2024-04-29T07:44:07.370+0000] {dag.py:3504} INFO - Setting next_dagrun for example_params_ui_tutorial to None, run_after=None
[2024-04-29T07:44:07.406+0000] {processor.py:179} INFO - Processing /usr/local/python/3.10.13/lib/python3.10/site-packages/airflow/example_dags/example_params_ui_tutorial.py took 0.106 seconds
[2024-04-29T07:44:56.007+0000] {processor.py:157} INFO - Started process (PID=6127) to work on /usr/local/python/3.10.13/lib/python3.10/site-packages/airflow/example_dags/example_params_ui_tutorial.py
[2024-04-29T07:44:56.007+0000] {processor.py:826} INFO - Processing file /usr/local/python/3.10.13/lib/python3.10/site-packages/airflow/example_dags/example_params_ui_tutorial.py for tasks to queue
[2024-04-29T07:44:56.008+0000] {logging_mixin.py:150} INFO - [2024-04-29T07:44:56.008+0000] {dagbag.py:541} INFO - Filling up the DagBag from /usr/local/python/3.10.13/lib/python3.10/site-packages/airflow/example_dags/example_params_ui_tutorial.py
[2024-04-29T07:44:56.028+0000] {processor.py:836} INFO - DAG(s) dict_keys(['example_params_ui_tutorial']) retrieved from /usr/local/python/3.10.13/lib/python3.10/site-packages/airflow/example_dags/example_params_ui_tutorial.py
[2024-04-29T07:44:56.056+0000] {logging_mixin.py:150} INFO - [2024-04-29T07:44:56.056+0000] {dag.py:2742} INFO - Sync 1 DAGs
[2024-04-29T07:44:56.071+0000] {logging_mixin.py:150} INFO - [2024-04-29T07:44:56.071+0000] {dag.py:3504} INFO - Setting next_dagrun for example_params_ui_tutorial to None, run_after=None
[2024-04-29T07:44:56.109+0000] {processor.py:179} INFO - Processing /usr/local/python/3.10.13/lib/python3.10/site-packages/airflow/example_dags/example_params_ui_tutorial.py took 0.105 seconds
[2024-04-29T07:45:40.127+0000] {processor.py:157} INFO - Started process (PID=6426) to work on /usr/local/python/3.10.13/lib/python3.10/site-packages/airflow/example_dags/example_params_ui_tutorial.py
[2024-04-29T07:45:40.128+0000] {processor.py:826} INFO - Processing file /usr/local/python/3.10.13/lib/python3.10/site-packages/airflow/example_dags/example_params_ui_tutorial.py for tasks to queue
[2024-04-29T07:45:40.129+0000] {logging_mixin.py:150} INFO - [2024-04-29T07:45:40.128+0000] {dagbag.py:541} INFO - Filling up the DagBag from /usr/local/python/3.10.13/lib/python3.10/site-packages/airflow/example_dags/example_params_ui_tutorial.py
[2024-04-29T07:45:40.160+0000] {processor.py:836} INFO - DAG(s) dict_keys(['example_params_ui_tutorial']) retrieved from /usr/local/python/3.10.13/lib/python3.10/site-packages/airflow/example_dags/example_params_ui_tutorial.py
[2024-04-29T07:45:40.190+0000] {logging_mixin.py:150} INFO - [2024-04-29T07:45:40.190+0000] {dag.py:2742} INFO - Sync 1 DAGs
[2024-04-29T07:45:40.206+0000] {logging_mixin.py:150} INFO - [2024-04-29T07:45:40.206+0000] {dag.py:3504} INFO - Setting next_dagrun for example_params_ui_tutorial to None, run_after=None
[2024-04-29T07:45:40.241+0000] {processor.py:179} INFO - Processing /usr/local/python/3.10.13/lib/python3.10/site-packages/airflow/example_dags/example_params_ui_tutorial.py took 0.117 seconds
[2024-04-29T07:48:58.752+0000] {processor.py:157} INFO - Started process (PID=8301) to work on /usr/local/python/3.10.13/lib/python3.10/site-packages/airflow/example_dags/example_params_ui_tutorial.py
[2024-04-29T07:48:58.753+0000] {processor.py:826} INFO - Processing file /usr/local/python/3.10.13/lib/python3.10/site-packages/airflow/example_dags/example_params_ui_tutorial.py for tasks to queue
[2024-04-29T07:48:58.754+0000] {logging_mixin.py:150} INFO - [2024-04-29T07:48:58.753+0000] {dagbag.py:541} INFO - Filling up the DagBag from /usr/local/python/3.10.13/lib/python3.10/site-packages/airflow/example_dags/example_params_ui_tutorial.py
[2024-04-29T07:48:58.773+0000] {processor.py:836} INFO - DAG(s) dict_keys(['example_params_ui_tutorial']) retrieved from /usr/local/python/3.10.13/lib/python3.10/site-packages/airflow/example_dags/example_params_ui_tutorial.py
[2024-04-29T07:48:58.805+0000] {logging_mixin.py:150} INFO - [2024-04-29T07:48:58.805+0000] {dag.py:2742} INFO - Sync 1 DAGs
[2024-04-29T07:48:58.821+0000] {logging_mixin.py:150} INFO - [2024-04-29T07:48:58.821+0000] {dag.py:3504} INFO - Setting next_dagrun for example_params_ui_tutorial to None, run_after=None
[2024-04-29T07:48:58.857+0000] {processor.py:179} INFO - Processing /usr/local/python/3.10.13/lib/python3.10/site-packages/airflow/example_dags/example_params_ui_tutorial.py took 0.106 seconds
[2024-04-29T07:49:43.994+0000] {processor.py:157} INFO - Started process (PID=8611) to work on /usr/local/python/3.10.13/lib/python3.10/site-packages/airflow/example_dags/example_params_ui_tutorial.py
[2024-04-29T07:49:43.994+0000] {processor.py:826} INFO - Processing file /usr/local/python/3.10.13/lib/python3.10/site-packages/airflow/example_dags/example_params_ui_tutorial.py for tasks to queue
[2024-04-29T07:49:43.995+0000] {logging_mixin.py:150} INFO - [2024-04-29T07:49:43.995+0000] {dagbag.py:541} INFO - Filling up the DagBag from /usr/local/python/3.10.13/lib/python3.10/site-packages/airflow/example_dags/example_params_ui_tutorial.py
[2024-04-29T07:49:44.015+0000] {processor.py:836} INFO - DAG(s) dict_keys(['example_params_ui_tutorial']) retrieved from /usr/local/python/3.10.13/lib/python3.10/site-packages/airflow/example_dags/example_params_ui_tutorial.py
[2024-04-29T07:49:44.043+0000] {logging_mixin.py:150} INFO - [2024-04-29T07:49:44.043+0000] {dag.py:2742} INFO - Sync 1 DAGs
[2024-04-29T07:49:44.058+0000] {logging_mixin.py:150} INFO - [2024-04-29T07:49:44.057+0000] {dag.py:3504} INFO - Setting next_dagrun for example_params_ui_tutorial to None, run_after=None
[2024-04-29T07:49:44.093+0000] {processor.py:179} INFO - Processing /usr/local/python/3.10.13/lib/python3.10/site-packages/airflow/example_dags/example_params_ui_tutorial.py took 0.102 seconds
[2024-04-29T07:50:30.702+0000] {processor.py:157} INFO - Started process (PID=8939) to work on /usr/local/python/3.10.13/lib/python3.10/site-packages/airflow/example_dags/example_params_ui_tutorial.py
[2024-04-29T07:50:30.702+0000] {processor.py:826} INFO - Processing file /usr/local/python/3.10.13/lib/python3.10/site-packages/airflow/example_dags/example_params_ui_tutorial.py for tasks to queue
[2024-04-29T07:50:30.703+0000] {logging_mixin.py:150} INFO - [2024-04-29T07:50:30.703+0000] {dagbag.py:541} INFO - Filling up the DagBag from /usr/local/python/3.10.13/lib/python3.10/site-packages/airflow/example_dags/example_params_ui_tutorial.py
[2024-04-29T07:50:30.723+0000] {processor.py:836} INFO - DAG(s) dict_keys(['example_params_ui_tutorial']) retrieved from /usr/local/python/3.10.13/lib/python3.10/site-packages/airflow/example_dags/example_params_ui_tutorial.py
[2024-04-29T07:50:30.752+0000] {logging_mixin.py:150} INFO - [2024-04-29T07:50:30.752+0000] {dag.py:2742} INFO - Sync 1 DAGs
[2024-04-29T07:50:30.766+0000] {logging_mixin.py:150} INFO - [2024-04-29T07:50:30.766+0000] {dag.py:3504} INFO - Setting next_dagrun for example_params_ui_tutorial to None, run_after=None
[2024-04-29T07:50:30.801+0000] {processor.py:179} INFO - Processing /usr/local/python/3.10.13/lib/python3.10/site-packages/airflow/example_dags/example_params_ui_tutorial.py took 0.102 seconds
[2024-04-29T07:51:24.772+0000] {processor.py:157} INFO - Started process (PID=9758) to work on /usr/local/python/3.10.13/lib/python3.10/site-packages/airflow/example_dags/example_params_ui_tutorial.py
[2024-04-29T07:51:24.779+0000] {processor.py:826} INFO - Processing file /usr/local/python/3.10.13/lib/python3.10/site-packages/airflow/example_dags/example_params_ui_tutorial.py for tasks to queue
[2024-04-29T07:51:24.780+0000] {logging_mixin.py:150} INFO - [2024-04-29T07:51:24.780+0000] {dagbag.py:541} INFO - Filling up the DagBag from /usr/local/python/3.10.13/lib/python3.10/site-packages/airflow/example_dags/example_params_ui_tutorial.py
[2024-04-29T07:51:24.835+0000] {processor.py:836} INFO - DAG(s) dict_keys(['example_params_ui_tutorial']) retrieved from /usr/local/python/3.10.13/lib/python3.10/site-packages/airflow/example_dags/example_params_ui_tutorial.py
[2024-04-29T07:51:24.888+0000] {logging_mixin.py:150} INFO - [2024-04-29T07:51:24.888+0000] {dag.py:2742} INFO - Sync 1 DAGs
[2024-04-29T07:51:24.933+0000] {logging_mixin.py:150} INFO - [2024-04-29T07:51:24.932+0000] {dag.py:3504} INFO - Setting next_dagrun for example_params_ui_tutorial to None, run_after=None
[2024-04-29T07:51:24.992+0000] {processor.py:179} INFO - Processing /usr/local/python/3.10.13/lib/python3.10/site-packages/airflow/example_dags/example_params_ui_tutorial.py took 0.225 seconds
[2024-04-29T07:52:22.183+0000] {processor.py:157} INFO - Started process (PID=10378) to work on /usr/local/python/3.10.13/lib/python3.10/site-packages/airflow/example_dags/example_params_ui_tutorial.py
[2024-04-29T07:52:22.184+0000] {processor.py:826} INFO - Processing file /usr/local/python/3.10.13/lib/python3.10/site-packages/airflow/example_dags/example_params_ui_tutorial.py for tasks to queue
[2024-04-29T07:52:22.185+0000] {logging_mixin.py:150} INFO - [2024-04-29T07:52:22.184+0000] {dagbag.py:541} INFO - Filling up the DagBag from /usr/local/python/3.10.13/lib/python3.10/site-packages/airflow/example_dags/example_params_ui_tutorial.py
[2024-04-29T07:52:22.204+0000] {processor.py:836} INFO - DAG(s) dict_keys(['example_params_ui_tutorial']) retrieved from /usr/local/python/3.10.13/lib/python3.10/site-packages/airflow/example_dags/example_params_ui_tutorial.py
[2024-04-29T07:52:22.234+0000] {logging_mixin.py:150} INFO - [2024-04-29T07:52:22.234+0000] {dag.py:2742} INFO - Sync 1 DAGs
[2024-04-29T07:52:22.257+0000] {logging_mixin.py:150} INFO - [2024-04-29T07:52:22.257+0000] {dag.py:3504} INFO - Setting next_dagrun for example_params_ui_tutorial to None, run_after=None
[2024-04-29T07:52:22.292+0000] {processor.py:179} INFO - Processing /usr/local/python/3.10.13/lib/python3.10/site-packages/airflow/example_dags/example_params_ui_tutorial.py took 0.111 seconds
[2024-04-29T07:53:04.754+0000] {processor.py:157} INFO - Started process (PID=10723) to work on /usr/local/python/3.10.13/lib/python3.10/site-packages/airflow/example_dags/example_params_ui_tutorial.py
[2024-04-29T07:53:04.755+0000] {processor.py:826} INFO - Processing file /usr/local/python/3.10.13/lib/python3.10/site-packages/airflow/example_dags/example_params_ui_tutorial.py for tasks to queue
[2024-04-29T07:53:04.755+0000] {logging_mixin.py:150} INFO - [2024-04-29T07:53:04.755+0000] {dagbag.py:541} INFO - Filling up the DagBag from /usr/local/python/3.10.13/lib/python3.10/site-packages/airflow/example_dags/example_params_ui_tutorial.py
[2024-04-29T07:53:04.776+0000] {processor.py:836} INFO - DAG(s) dict_keys(['example_params_ui_tutorial']) retrieved from /usr/local/python/3.10.13/lib/python3.10/site-packages/airflow/example_dags/example_params_ui_tutorial.py
[2024-04-29T07:53:04.804+0000] {logging_mixin.py:150} INFO - [2024-04-29T07:53:04.804+0000] {dag.py:2742} INFO - Sync 1 DAGs
[2024-04-29T07:53:04.821+0000] {logging_mixin.py:150} INFO - [2024-04-29T07:53:04.820+0000] {dag.py:3504} INFO - Setting next_dagrun for example_params_ui_tutorial to None, run_after=None
[2024-04-29T07:53:04.859+0000] {processor.py:179} INFO - Processing /usr/local/python/3.10.13/lib/python3.10/site-packages/airflow/example_dags/example_params_ui_tutorial.py took 0.107 seconds
[2024-04-29T07:53:54.970+0000] {processor.py:157} INFO - Started process (PID=11093) to work on /usr/local/python/3.10.13/lib/python3.10/site-packages/airflow/example_dags/example_params_ui_tutorial.py
[2024-04-29T07:53:54.971+0000] {processor.py:826} INFO - Processing file /usr/local/python/3.10.13/lib/python3.10/site-packages/airflow/example_dags/example_params_ui_tutorial.py for tasks to queue
[2024-04-29T07:53:54.972+0000] {logging_mixin.py:150} INFO - [2024-04-29T07:53:54.971+0000] {dagbag.py:541} INFO - Filling up the DagBag from /usr/local/python/3.10.13/lib/python3.10/site-packages/airflow/example_dags/example_params_ui_tutorial.py
[2024-04-29T07:53:54.991+0000] {processor.py:836} INFO - DAG(s) dict_keys(['example_params_ui_tutorial']) retrieved from /usr/local/python/3.10.13/lib/python3.10/site-packages/airflow/example_dags/example_params_ui_tutorial.py
[2024-04-29T07:53:55.020+0000] {logging_mixin.py:150} INFO - [2024-04-29T07:53:55.020+0000] {dag.py:2742} INFO - Sync 1 DAGs
[2024-04-29T07:53:55.036+0000] {logging_mixin.py:150} INFO - [2024-04-29T07:53:55.036+0000] {dag.py:3504} INFO - Setting next_dagrun for example_params_ui_tutorial to None, run_after=None
[2024-04-29T07:53:55.071+0000] {processor.py:179} INFO - Processing /usr/local/python/3.10.13/lib/python3.10/site-packages/airflow/example_dags/example_params_ui_tutorial.py took 0.103 seconds
[2024-04-29T07:54:48.365+0000] {processor.py:157} INFO - Started process (PID=11510) to work on /usr/local/python/3.10.13/lib/python3.10/site-packages/airflow/example_dags/example_params_ui_tutorial.py
[2024-04-29T07:54:48.366+0000] {processor.py:826} INFO - Processing file /usr/local/python/3.10.13/lib/python3.10/site-packages/airflow/example_dags/example_params_ui_tutorial.py for tasks to queue
[2024-04-29T07:54:48.366+0000] {logging_mixin.py:150} INFO - [2024-04-29T07:54:48.366+0000] {dagbag.py:541} INFO - Filling up the DagBag from /usr/local/python/3.10.13/lib/python3.10/site-packages/airflow/example_dags/example_params_ui_tutorial.py
[2024-04-29T07:54:48.386+0000] {processor.py:836} INFO - DAG(s) dict_keys(['example_params_ui_tutorial']) retrieved from /usr/local/python/3.10.13/lib/python3.10/site-packages/airflow/example_dags/example_params_ui_tutorial.py
[2024-04-29T07:54:48.415+0000] {logging_mixin.py:150} INFO - [2024-04-29T07:54:48.415+0000] {dag.py:2742} INFO - Sync 1 DAGs
[2024-04-29T07:54:48.431+0000] {logging_mixin.py:150} INFO - [2024-04-29T07:54:48.431+0000] {dag.py:3504} INFO - Setting next_dagrun for example_params_ui_tutorial to None, run_after=None
[2024-04-29T07:54:48.467+0000] {processor.py:179} INFO - Processing /usr/local/python/3.10.13/lib/python3.10/site-packages/airflow/example_dags/example_params_ui_tutorial.py took 0.104 seconds
[2024-04-29T07:55:42.522+0000] {processor.py:157} INFO - Started process (PID=11904) to work on /usr/local/python/3.10.13/lib/python3.10/site-packages/airflow/example_dags/example_params_ui_tutorial.py
[2024-04-29T07:55:42.523+0000] {processor.py:826} INFO - Processing file /usr/local/python/3.10.13/lib/python3.10/site-packages/airflow/example_dags/example_params_ui_tutorial.py for tasks to queue
[2024-04-29T07:55:42.524+0000] {logging_mixin.py:150} INFO - [2024-04-29T07:55:42.523+0000] {dagbag.py:541} INFO - Filling up the DagBag from /usr/local/python/3.10.13/lib/python3.10/site-packages/airflow/example_dags/example_params_ui_tutorial.py
[2024-04-29T07:55:42.543+0000] {processor.py:836} INFO - DAG(s) dict_keys(['example_params_ui_tutorial']) retrieved from /usr/local/python/3.10.13/lib/python3.10/site-packages/airflow/example_dags/example_params_ui_tutorial.py
[2024-04-29T07:55:42.581+0000] {logging_mixin.py:150} INFO - [2024-04-29T07:55:42.580+0000] {dag.py:2742} INFO - Sync 1 DAGs
[2024-04-29T07:55:42.602+0000] {logging_mixin.py:150} INFO - [2024-04-29T07:55:42.602+0000] {dag.py:3504} INFO - Setting next_dagrun for example_params_ui_tutorial to None, run_after=None
[2024-04-29T07:55:42.644+0000] {processor.py:179} INFO - Processing /usr/local/python/3.10.13/lib/python3.10/site-packages/airflow/example_dags/example_params_ui_tutorial.py took 0.124 seconds
[2024-04-29T07:56:41.634+0000] {processor.py:157} INFO - Started process (PID=12335) to work on /usr/local/python/3.10.13/lib/python3.10/site-packages/airflow/example_dags/example_params_ui_tutorial.py
[2024-04-29T07:56:41.634+0000] {processor.py:826} INFO - Processing file /usr/local/python/3.10.13/lib/python3.10/site-packages/airflow/example_dags/example_params_ui_tutorial.py for tasks to queue
[2024-04-29T07:56:41.635+0000] {logging_mixin.py:150} INFO - [2024-04-29T07:56:41.635+0000] {dagbag.py:541} INFO - Filling up the DagBag from /usr/local/python/3.10.13/lib/python3.10/site-packages/airflow/example_dags/example_params_ui_tutorial.py
[2024-04-29T07:56:41.655+0000] {processor.py:836} INFO - DAG(s) dict_keys(['example_params_ui_tutorial']) retrieved from /usr/local/python/3.10.13/lib/python3.10/site-packages/airflow/example_dags/example_params_ui_tutorial.py
[2024-04-29T07:56:41.683+0000] {logging_mixin.py:150} INFO - [2024-04-29T07:56:41.682+0000] {dag.py:2742} INFO - Sync 1 DAGs
[2024-04-29T07:56:41.698+0000] {logging_mixin.py:150} INFO - [2024-04-29T07:56:41.697+0000] {dag.py:3504} INFO - Setting next_dagrun for example_params_ui_tutorial to None, run_after=None
[2024-04-29T07:56:41.733+0000] {processor.py:179} INFO - Processing /usr/local/python/3.10.13/lib/python3.10/site-packages/airflow/example_dags/example_params_ui_tutorial.py took 0.101 seconds
[2024-04-29T07:57:41.644+0000] {processor.py:157} INFO - Started process (PID=12797) to work on /usr/local/python/3.10.13/lib/python3.10/site-packages/airflow/example_dags/example_params_ui_tutorial.py
[2024-04-29T07:57:41.645+0000] {processor.py:826} INFO - Processing file /usr/local/python/3.10.13/lib/python3.10/site-packages/airflow/example_dags/example_params_ui_tutorial.py for tasks to queue
[2024-04-29T07:57:41.646+0000] {logging_mixin.py:150} INFO - [2024-04-29T07:57:41.645+0000] {dagbag.py:541} INFO - Filling up the DagBag from /usr/local/python/3.10.13/lib/python3.10/site-packages/airflow/example_dags/example_params_ui_tutorial.py
[2024-04-29T07:57:41.666+0000] {processor.py:836} INFO - DAG(s) dict_keys(['example_params_ui_tutorial']) retrieved from /usr/local/python/3.10.13/lib/python3.10/site-packages/airflow/example_dags/example_params_ui_tutorial.py
[2024-04-29T07:57:41.696+0000] {logging_mixin.py:150} INFO - [2024-04-29T07:57:41.696+0000] {dag.py:2742} INFO - Sync 1 DAGs
[2024-04-29T07:57:41.711+0000] {logging_mixin.py:150} INFO - [2024-04-29T07:57:41.711+0000] {dag.py:3504} INFO - Setting next_dagrun for example_params_ui_tutorial to None, run_after=None
[2024-04-29T07:57:41.745+0000] {processor.py:179} INFO - Processing /usr/local/python/3.10.13/lib/python3.10/site-packages/airflow/example_dags/example_params_ui_tutorial.py took 0.103 seconds
[2024-04-29T07:58:43.452+0000] {processor.py:157} INFO - Started process (PID=13246) to work on /usr/local/python/3.10.13/lib/python3.10/site-packages/airflow/example_dags/example_params_ui_tutorial.py
[2024-04-29T07:58:43.453+0000] {processor.py:826} INFO - Processing file /usr/local/python/3.10.13/lib/python3.10/site-packages/airflow/example_dags/example_params_ui_tutorial.py for tasks to queue
[2024-04-29T07:58:43.453+0000] {logging_mixin.py:150} INFO - [2024-04-29T07:58:43.453+0000] {dagbag.py:541} INFO - Filling up the DagBag from /usr/local/python/3.10.13/lib/python3.10/site-packages/airflow/example_dags/example_params_ui_tutorial.py
[2024-04-29T07:58:43.472+0000] {processor.py:836} INFO - DAG(s) dict_keys(['example_params_ui_tutorial']) retrieved from /usr/local/python/3.10.13/lib/python3.10/site-packages/airflow/example_dags/example_params_ui_tutorial.py
[2024-04-29T07:58:43.500+0000] {logging_mixin.py:150} INFO - [2024-04-29T07:58:43.500+0000] {dag.py:2742} INFO - Sync 1 DAGs
[2024-04-29T07:58:43.516+0000] {logging_mixin.py:150} INFO - [2024-04-29T07:58:43.516+0000] {dag.py:3504} INFO - Setting next_dagrun for example_params_ui_tutorial to None, run_after=None
[2024-04-29T07:58:43.552+0000] {processor.py:179} INFO - Processing /usr/local/python/3.10.13/lib/python3.10/site-packages/airflow/example_dags/example_params_ui_tutorial.py took 0.102 seconds
[2024-04-29T07:59:36.660+0000] {processor.py:157} INFO - Started process (PID=13621) to work on /usr/local/python/3.10.13/lib/python3.10/site-packages/airflow/example_dags/example_params_ui_tutorial.py
[2024-04-29T07:59:36.662+0000] {processor.py:826} INFO - Processing file /usr/local/python/3.10.13/lib/python3.10/site-packages/airflow/example_dags/example_params_ui_tutorial.py for tasks to queue
[2024-04-29T07:59:36.663+0000] {logging_mixin.py:150} INFO - [2024-04-29T07:59:36.662+0000] {dagbag.py:541} INFO - Filling up the DagBag from /usr/local/python/3.10.13/lib/python3.10/site-packages/airflow/example_dags/example_params_ui_tutorial.py
[2024-04-29T07:59:36.693+0000] {processor.py:836} INFO - DAG(s) dict_keys(['example_params_ui_tutorial']) retrieved from /usr/local/python/3.10.13/lib/python3.10/site-packages/airflow/example_dags/example_params_ui_tutorial.py
[2024-04-29T07:59:36.736+0000] {logging_mixin.py:150} INFO - [2024-04-29T07:59:36.736+0000] {dag.py:2742} INFO - Sync 1 DAGs
[2024-04-29T07:59:36.753+0000] {logging_mixin.py:150} INFO - [2024-04-29T07:59:36.752+0000] {dag.py:3504} INFO - Setting next_dagrun for example_params_ui_tutorial to None, run_after=None
[2024-04-29T07:59:36.789+0000] {processor.py:179} INFO - Processing /usr/local/python/3.10.13/lib/python3.10/site-packages/airflow/example_dags/example_params_ui_tutorial.py took 0.133 seconds
[2024-04-29T08:00:25.758+0000] {processor.py:157} INFO - Started process (PID=13955) to work on /usr/local/python/3.10.13/lib/python3.10/site-packages/airflow/example_dags/example_params_ui_tutorial.py
[2024-04-29T08:00:25.758+0000] {processor.py:826} INFO - Processing file /usr/local/python/3.10.13/lib/python3.10/site-packages/airflow/example_dags/example_params_ui_tutorial.py for tasks to queue
[2024-04-29T08:00:25.759+0000] {logging_mixin.py:150} INFO - [2024-04-29T08:00:25.759+0000] {dagbag.py:541} INFO - Filling up the DagBag from /usr/local/python/3.10.13/lib/python3.10/site-packages/airflow/example_dags/example_params_ui_tutorial.py
[2024-04-29T08:00:25.778+0000] {processor.py:836} INFO - DAG(s) dict_keys(['example_params_ui_tutorial']) retrieved from /usr/local/python/3.10.13/lib/python3.10/site-packages/airflow/example_dags/example_params_ui_tutorial.py
[2024-04-29T08:00:25.807+0000] {logging_mixin.py:150} INFO - [2024-04-29T08:00:25.807+0000] {dag.py:2742} INFO - Sync 1 DAGs
[2024-04-29T08:00:25.822+0000] {logging_mixin.py:150} INFO - [2024-04-29T08:00:25.821+0000] {dag.py:3504} INFO - Setting next_dagrun for example_params_ui_tutorial to None, run_after=None
[2024-04-29T08:00:25.874+0000] {processor.py:179} INFO - Processing /usr/local/python/3.10.13/lib/python3.10/site-packages/airflow/example_dags/example_params_ui_tutorial.py took 0.118 seconds
[2024-04-29T08:01:20.246+0000] {processor.py:157} INFO - Started process (PID=14343) to work on /usr/local/python/3.10.13/lib/python3.10/site-packages/airflow/example_dags/example_params_ui_tutorial.py
[2024-04-29T08:01:20.247+0000] {processor.py:826} INFO - Processing file /usr/local/python/3.10.13/lib/python3.10/site-packages/airflow/example_dags/example_params_ui_tutorial.py for tasks to queue
[2024-04-29T08:01:20.247+0000] {logging_mixin.py:150} INFO - [2024-04-29T08:01:20.247+0000] {dagbag.py:541} INFO - Filling up the DagBag from /usr/local/python/3.10.13/lib/python3.10/site-packages/airflow/example_dags/example_params_ui_tutorial.py
[2024-04-29T08:01:20.275+0000] {processor.py:836} INFO - DAG(s) dict_keys(['example_params_ui_tutorial']) retrieved from /usr/local/python/3.10.13/lib/python3.10/site-packages/airflow/example_dags/example_params_ui_tutorial.py
[2024-04-29T08:01:20.309+0000] {logging_mixin.py:150} INFO - [2024-04-29T08:01:20.309+0000] {dag.py:2742} INFO - Sync 1 DAGs
[2024-04-29T08:01:20.325+0000] {logging_mixin.py:150} INFO - [2024-04-29T08:01:20.325+0000] {dag.py:3504} INFO - Setting next_dagrun for example_params_ui_tutorial to None, run_after=None
[2024-04-29T08:01:20.360+0000] {processor.py:179} INFO - Processing /usr/local/python/3.10.13/lib/python3.10/site-packages/airflow/example_dags/example_params_ui_tutorial.py took 0.118 seconds
[2024-04-29T08:02:14.160+0000] {processor.py:157} INFO - Started process (PID=14725) to work on /usr/local/python/3.10.13/lib/python3.10/site-packages/airflow/example_dags/example_params_ui_tutorial.py
[2024-04-29T08:02:14.161+0000] {processor.py:826} INFO - Processing file /usr/local/python/3.10.13/lib/python3.10/site-packages/airflow/example_dags/example_params_ui_tutorial.py for tasks to queue
[2024-04-29T08:02:14.162+0000] {logging_mixin.py:150} INFO - [2024-04-29T08:02:14.162+0000] {dagbag.py:541} INFO - Filling up the DagBag from /usr/local/python/3.10.13/lib/python3.10/site-packages/airflow/example_dags/example_params_ui_tutorial.py
[2024-04-29T08:02:14.181+0000] {processor.py:836} INFO - DAG(s) dict_keys(['example_params_ui_tutorial']) retrieved from /usr/local/python/3.10.13/lib/python3.10/site-packages/airflow/example_dags/example_params_ui_tutorial.py
[2024-04-29T08:02:14.211+0000] {logging_mixin.py:150} INFO - [2024-04-29T08:02:14.211+0000] {dag.py:2742} INFO - Sync 1 DAGs
[2024-04-29T08:02:14.227+0000] {logging_mixin.py:150} INFO - [2024-04-29T08:02:14.227+0000] {dag.py:3504} INFO - Setting next_dagrun for example_params_ui_tutorial to None, run_after=None
[2024-04-29T08:02:14.279+0000] {processor.py:179} INFO - Processing /usr/local/python/3.10.13/lib/python3.10/site-packages/airflow/example_dags/example_params_ui_tutorial.py took 0.121 seconds
[2024-04-29T08:03:01.104+0000] {processor.py:157} INFO - Started process (PID=15037) to work on /usr/local/python/3.10.13/lib/python3.10/site-packages/airflow/example_dags/example_params_ui_tutorial.py
[2024-04-29T08:03:01.104+0000] {processor.py:826} INFO - Processing file /usr/local/python/3.10.13/lib/python3.10/site-packages/airflow/example_dags/example_params_ui_tutorial.py for tasks to queue
[2024-04-29T08:03:01.105+0000] {logging_mixin.py:150} INFO - [2024-04-29T08:03:01.105+0000] {dagbag.py:541} INFO - Filling up the DagBag from /usr/local/python/3.10.13/lib/python3.10/site-packages/airflow/example_dags/example_params_ui_tutorial.py
[2024-04-29T08:03:01.124+0000] {processor.py:836} INFO - DAG(s) dict_keys(['example_params_ui_tutorial']) retrieved from /usr/local/python/3.10.13/lib/python3.10/site-packages/airflow/example_dags/example_params_ui_tutorial.py
[2024-04-29T08:03:01.152+0000] {logging_mixin.py:150} INFO - [2024-04-29T08:03:01.152+0000] {dag.py:2742} INFO - Sync 1 DAGs
[2024-04-29T08:03:01.166+0000] {logging_mixin.py:150} INFO - [2024-04-29T08:03:01.166+0000] {dag.py:3504} INFO - Setting next_dagrun for example_params_ui_tutorial to None, run_after=None
[2024-04-29T08:03:01.204+0000] {processor.py:179} INFO - Processing /usr/local/python/3.10.13/lib/python3.10/site-packages/airflow/example_dags/example_params_ui_tutorial.py took 0.103 seconds
[2024-04-29T08:03:52.147+0000] {processor.py:157} INFO - Started process (PID=15392) to work on /usr/local/python/3.10.13/lib/python3.10/site-packages/airflow/example_dags/example_params_ui_tutorial.py
[2024-04-29T08:03:52.148+0000] {processor.py:826} INFO - Processing file /usr/local/python/3.10.13/lib/python3.10/site-packages/airflow/example_dags/example_params_ui_tutorial.py for tasks to queue
[2024-04-29T08:03:52.149+0000] {logging_mixin.py:150} INFO - [2024-04-29T08:03:52.148+0000] {dagbag.py:541} INFO - Filling up the DagBag from /usr/local/python/3.10.13/lib/python3.10/site-packages/airflow/example_dags/example_params_ui_tutorial.py
[2024-04-29T08:03:52.167+0000] {processor.py:836} INFO - DAG(s) dict_keys(['example_params_ui_tutorial']) retrieved from /usr/local/python/3.10.13/lib/python3.10/site-packages/airflow/example_dags/example_params_ui_tutorial.py
[2024-04-29T08:03:52.196+0000] {logging_mixin.py:150} INFO - [2024-04-29T08:03:52.195+0000] {dag.py:2742} INFO - Sync 1 DAGs
[2024-04-29T08:03:52.211+0000] {logging_mixin.py:150} INFO - [2024-04-29T08:03:52.211+0000] {dag.py:3504} INFO - Setting next_dagrun for example_params_ui_tutorial to None, run_after=None
[2024-04-29T08:03:52.246+0000] {processor.py:179} INFO - Processing /usr/local/python/3.10.13/lib/python3.10/site-packages/airflow/example_dags/example_params_ui_tutorial.py took 0.101 seconds
[2024-04-29T08:04:45.931+0000] {processor.py:157} INFO - Started process (PID=15777) to work on /usr/local/python/3.10.13/lib/python3.10/site-packages/airflow/example_dags/example_params_ui_tutorial.py
[2024-04-29T08:04:45.933+0000] {processor.py:826} INFO - Processing file /usr/local/python/3.10.13/lib/python3.10/site-packages/airflow/example_dags/example_params_ui_tutorial.py for tasks to queue
[2024-04-29T08:04:45.934+0000] {logging_mixin.py:150} INFO - [2024-04-29T08:04:45.934+0000] {dagbag.py:541} INFO - Filling up the DagBag from /usr/local/python/3.10.13/lib/python3.10/site-packages/airflow/example_dags/example_params_ui_tutorial.py
[2024-04-29T08:04:45.959+0000] {processor.py:836} INFO - DAG(s) dict_keys(['example_params_ui_tutorial']) retrieved from /usr/local/python/3.10.13/lib/python3.10/site-packages/airflow/example_dags/example_params_ui_tutorial.py
[2024-04-29T08:04:45.989+0000] {logging_mixin.py:150} INFO - [2024-04-29T08:04:45.988+0000] {dag.py:2742} INFO - Sync 1 DAGs
[2024-04-29T08:04:46.004+0000] {logging_mixin.py:150} INFO - [2024-04-29T08:04:46.004+0000] {dag.py:3504} INFO - Setting next_dagrun for example_params_ui_tutorial to None, run_after=None
[2024-04-29T08:04:46.040+0000] {processor.py:179} INFO - Processing /usr/local/python/3.10.13/lib/python3.10/site-packages/airflow/example_dags/example_params_ui_tutorial.py took 0.113 seconds
[2024-04-29T08:05:37.979+0000] {processor.py:157} INFO - Started process (PID=16129) to work on /usr/local/python/3.10.13/lib/python3.10/site-packages/airflow/example_dags/example_params_ui_tutorial.py
[2024-04-29T08:05:37.980+0000] {processor.py:826} INFO - Processing file /usr/local/python/3.10.13/lib/python3.10/site-packages/airflow/example_dags/example_params_ui_tutorial.py for tasks to queue
[2024-04-29T08:05:37.980+0000] {logging_mixin.py:150} INFO - [2024-04-29T08:05:37.980+0000] {dagbag.py:541} INFO - Filling up the DagBag from /usr/local/python/3.10.13/lib/python3.10/site-packages/airflow/example_dags/example_params_ui_tutorial.py
[2024-04-29T08:05:37.999+0000] {processor.py:836} INFO - DAG(s) dict_keys(['example_params_ui_tutorial']) retrieved from /usr/local/python/3.10.13/lib/python3.10/site-packages/airflow/example_dags/example_params_ui_tutorial.py
[2024-04-29T08:05:38.027+0000] {logging_mixin.py:150} INFO - [2024-04-29T08:05:38.027+0000] {dag.py:2742} INFO - Sync 1 DAGs
[2024-04-29T08:05:38.042+0000] {logging_mixin.py:150} INFO - [2024-04-29T08:05:38.042+0000] {dag.py:3504} INFO - Setting next_dagrun for example_params_ui_tutorial to None, run_after=None
[2024-04-29T08:05:38.078+0000] {processor.py:179} INFO - Processing /usr/local/python/3.10.13/lib/python3.10/site-packages/airflow/example_dags/example_params_ui_tutorial.py took 0.101 seconds
[2024-04-29T08:06:31.087+0000] {processor.py:157} INFO - Started process (PID=16489) to work on /usr/local/python/3.10.13/lib/python3.10/site-packages/airflow/example_dags/example_params_ui_tutorial.py
[2024-04-29T08:06:31.087+0000] {processor.py:826} INFO - Processing file /usr/local/python/3.10.13/lib/python3.10/site-packages/airflow/example_dags/example_params_ui_tutorial.py for tasks to queue
[2024-04-29T08:06:31.088+0000] {logging_mixin.py:150} INFO - [2024-04-29T08:06:31.088+0000] {dagbag.py:541} INFO - Filling up the DagBag from /usr/local/python/3.10.13/lib/python3.10/site-packages/airflow/example_dags/example_params_ui_tutorial.py
[2024-04-29T08:06:31.108+0000] {processor.py:836} INFO - DAG(s) dict_keys(['example_params_ui_tutorial']) retrieved from /usr/local/python/3.10.13/lib/python3.10/site-packages/airflow/example_dags/example_params_ui_tutorial.py
[2024-04-29T08:06:31.138+0000] {logging_mixin.py:150} INFO - [2024-04-29T08:06:31.138+0000] {dag.py:2742} INFO - Sync 1 DAGs
[2024-04-29T08:06:31.157+0000] {logging_mixin.py:150} INFO - [2024-04-29T08:06:31.157+0000] {dag.py:3504} INFO - Setting next_dagrun for example_params_ui_tutorial to None, run_after=None
[2024-04-29T08:06:31.203+0000] {processor.py:179} INFO - Processing /usr/local/python/3.10.13/lib/python3.10/site-packages/airflow/example_dags/example_params_ui_tutorial.py took 0.119 seconds
[2024-04-29T08:07:23.468+0000] {processor.py:157} INFO - Started process (PID=16847) to work on /usr/local/python/3.10.13/lib/python3.10/site-packages/airflow/example_dags/example_params_ui_tutorial.py
[2024-04-29T08:07:23.469+0000] {processor.py:826} INFO - Processing file /usr/local/python/3.10.13/lib/python3.10/site-packages/airflow/example_dags/example_params_ui_tutorial.py for tasks to queue
[2024-04-29T08:07:23.470+0000] {logging_mixin.py:150} INFO - [2024-04-29T08:07:23.469+0000] {dagbag.py:541} INFO - Filling up the DagBag from /usr/local/python/3.10.13/lib/python3.10/site-packages/airflow/example_dags/example_params_ui_tutorial.py
[2024-04-29T08:07:23.489+0000] {processor.py:836} INFO - DAG(s) dict_keys(['example_params_ui_tutorial']) retrieved from /usr/local/python/3.10.13/lib/python3.10/site-packages/airflow/example_dags/example_params_ui_tutorial.py
[2024-04-29T08:07:23.517+0000] {logging_mixin.py:150} INFO - [2024-04-29T08:07:23.517+0000] {dag.py:2742} INFO - Sync 1 DAGs
[2024-04-29T08:07:23.532+0000] {logging_mixin.py:150} INFO - [2024-04-29T08:07:23.532+0000] {dag.py:3504} INFO - Setting next_dagrun for example_params_ui_tutorial to None, run_after=None
[2024-04-29T08:07:23.573+0000] {processor.py:179} INFO - Processing /usr/local/python/3.10.13/lib/python3.10/site-packages/airflow/example_dags/example_params_ui_tutorial.py took 0.107 seconds
[2024-04-29T08:08:14.514+0000] {processor.py:157} INFO - Started process (PID=17198) to work on /usr/local/python/3.10.13/lib/python3.10/site-packages/airflow/example_dags/example_params_ui_tutorial.py
[2024-04-29T08:08:14.515+0000] {processor.py:826} INFO - Processing file /usr/local/python/3.10.13/lib/python3.10/site-packages/airflow/example_dags/example_params_ui_tutorial.py for tasks to queue
[2024-04-29T08:08:14.516+0000] {logging_mixin.py:150} INFO - [2024-04-29T08:08:14.515+0000] {dagbag.py:541} INFO - Filling up the DagBag from /usr/local/python/3.10.13/lib/python3.10/site-packages/airflow/example_dags/example_params_ui_tutorial.py
[2024-04-29T08:08:14.535+0000] {processor.py:836} INFO - DAG(s) dict_keys(['example_params_ui_tutorial']) retrieved from /usr/local/python/3.10.13/lib/python3.10/site-packages/airflow/example_dags/example_params_ui_tutorial.py
[2024-04-29T08:08:14.564+0000] {logging_mixin.py:150} INFO - [2024-04-29T08:08:14.564+0000] {dag.py:2742} INFO - Sync 1 DAGs
[2024-04-29T08:08:14.580+0000] {logging_mixin.py:150} INFO - [2024-04-29T08:08:14.580+0000] {dag.py:3504} INFO - Setting next_dagrun for example_params_ui_tutorial to None, run_after=None
[2024-04-29T08:08:14.615+0000] {processor.py:179} INFO - Processing /usr/local/python/3.10.13/lib/python3.10/site-packages/airflow/example_dags/example_params_ui_tutorial.py took 0.102 seconds
[2024-04-29T08:09:02.189+0000] {processor.py:157} INFO - Started process (PID=17533) to work on /usr/local/python/3.10.13/lib/python3.10/site-packages/airflow/example_dags/example_params_ui_tutorial.py
[2024-04-29T08:09:02.189+0000] {processor.py:826} INFO - Processing file /usr/local/python/3.10.13/lib/python3.10/site-packages/airflow/example_dags/example_params_ui_tutorial.py for tasks to queue
[2024-04-29T08:09:02.190+0000] {logging_mixin.py:150} INFO - [2024-04-29T08:09:02.190+0000] {dagbag.py:541} INFO - Filling up the DagBag from /usr/local/python/3.10.13/lib/python3.10/site-packages/airflow/example_dags/example_params_ui_tutorial.py
[2024-04-29T08:09:02.212+0000] {processor.py:836} INFO - DAG(s) dict_keys(['example_params_ui_tutorial']) retrieved from /usr/local/python/3.10.13/lib/python3.10/site-packages/airflow/example_dags/example_params_ui_tutorial.py
[2024-04-29T08:09:02.242+0000] {logging_mixin.py:150} INFO - [2024-04-29T08:09:02.242+0000] {dag.py:2742} INFO - Sync 1 DAGs
[2024-04-29T08:09:02.257+0000] {logging_mixin.py:150} INFO - [2024-04-29T08:09:02.257+0000] {dag.py:3504} INFO - Setting next_dagrun for example_params_ui_tutorial to None, run_after=None
[2024-04-29T08:09:02.295+0000] {processor.py:179} INFO - Processing /usr/local/python/3.10.13/lib/python3.10/site-packages/airflow/example_dags/example_params_ui_tutorial.py took 0.109 seconds
[2024-04-29T08:09:59.749+0000] {processor.py:157} INFO - Started process (PID=17933) to work on /usr/local/python/3.10.13/lib/python3.10/site-packages/airflow/example_dags/example_params_ui_tutorial.py
[2024-04-29T08:09:59.751+0000] {processor.py:826} INFO - Processing file /usr/local/python/3.10.13/lib/python3.10/site-packages/airflow/example_dags/example_params_ui_tutorial.py for tasks to queue
[2024-04-29T08:09:59.752+0000] {logging_mixin.py:150} INFO - [2024-04-29T08:09:59.751+0000] {dagbag.py:541} INFO - Filling up the DagBag from /usr/local/python/3.10.13/lib/python3.10/site-packages/airflow/example_dags/example_params_ui_tutorial.py
[2024-04-29T08:09:59.771+0000] {processor.py:836} INFO - DAG(s) dict_keys(['example_params_ui_tutorial']) retrieved from /usr/local/python/3.10.13/lib/python3.10/site-packages/airflow/example_dags/example_params_ui_tutorial.py
[2024-04-29T08:09:59.800+0000] {logging_mixin.py:150} INFO - [2024-04-29T08:09:59.800+0000] {dag.py:2742} INFO - Sync 1 DAGs
[2024-04-29T08:09:59.817+0000] {logging_mixin.py:150} INFO - [2024-04-29T08:09:59.817+0000] {dag.py:3504} INFO - Setting next_dagrun for example_params_ui_tutorial to None, run_after=None
[2024-04-29T08:09:59.852+0000] {processor.py:179} INFO - Processing /usr/local/python/3.10.13/lib/python3.10/site-packages/airflow/example_dags/example_params_ui_tutorial.py took 0.106 seconds
[2024-04-29T08:10:50.316+0000] {processor.py:157} INFO - Started process (PID=18264) to work on /usr/local/python/3.10.13/lib/python3.10/site-packages/airflow/example_dags/example_params_ui_tutorial.py
[2024-04-29T08:10:50.317+0000] {processor.py:826} INFO - Processing file /usr/local/python/3.10.13/lib/python3.10/site-packages/airflow/example_dags/example_params_ui_tutorial.py for tasks to queue
[2024-04-29T08:10:50.317+0000] {logging_mixin.py:150} INFO - [2024-04-29T08:10:50.317+0000] {dagbag.py:541} INFO - Filling up the DagBag from /usr/local/python/3.10.13/lib/python3.10/site-packages/airflow/example_dags/example_params_ui_tutorial.py
[2024-04-29T08:10:50.337+0000] {processor.py:836} INFO - DAG(s) dict_keys(['example_params_ui_tutorial']) retrieved from /usr/local/python/3.10.13/lib/python3.10/site-packages/airflow/example_dags/example_params_ui_tutorial.py
[2024-04-29T08:10:50.365+0000] {logging_mixin.py:150} INFO - [2024-04-29T08:10:50.365+0000] {dag.py:2742} INFO - Sync 1 DAGs
[2024-04-29T08:10:50.380+0000] {logging_mixin.py:150} INFO - [2024-04-29T08:10:50.380+0000] {dag.py:3504} INFO - Setting next_dagrun for example_params_ui_tutorial to None, run_after=None
[2024-04-29T08:10:50.415+0000] {processor.py:179} INFO - Processing /usr/local/python/3.10.13/lib/python3.10/site-packages/airflow/example_dags/example_params_ui_tutorial.py took 0.101 seconds
[2024-04-29T08:11:37.386+0000] {processor.py:157} INFO - Started process (PID=18594) to work on /usr/local/python/3.10.13/lib/python3.10/site-packages/airflow/example_dags/example_params_ui_tutorial.py
[2024-04-29T08:11:37.387+0000] {processor.py:826} INFO - Processing file /usr/local/python/3.10.13/lib/python3.10/site-packages/airflow/example_dags/example_params_ui_tutorial.py for tasks to queue
[2024-04-29T08:11:37.388+0000] {logging_mixin.py:150} INFO - [2024-04-29T08:11:37.388+0000] {dagbag.py:541} INFO - Filling up the DagBag from /usr/local/python/3.10.13/lib/python3.10/site-packages/airflow/example_dags/example_params_ui_tutorial.py
[2024-04-29T08:11:37.407+0000] {processor.py:836} INFO - DAG(s) dict_keys(['example_params_ui_tutorial']) retrieved from /usr/local/python/3.10.13/lib/python3.10/site-packages/airflow/example_dags/example_params_ui_tutorial.py
[2024-04-29T08:11:37.436+0000] {logging_mixin.py:150} INFO - [2024-04-29T08:11:37.436+0000] {dag.py:2742} INFO - Sync 1 DAGs
[2024-04-29T08:11:37.451+0000] {logging_mixin.py:150} INFO - [2024-04-29T08:11:37.451+0000] {dag.py:3504} INFO - Setting next_dagrun for example_params_ui_tutorial to None, run_after=None
[2024-04-29T08:11:37.485+0000] {processor.py:179} INFO - Processing /usr/local/python/3.10.13/lib/python3.10/site-packages/airflow/example_dags/example_params_ui_tutorial.py took 0.101 seconds
[2024-04-29T08:12:32.481+0000] {processor.py:157} INFO - Started process (PID=18961) to work on /usr/local/python/3.10.13/lib/python3.10/site-packages/airflow/example_dags/example_params_ui_tutorial.py
[2024-04-29T08:12:32.482+0000] {processor.py:826} INFO - Processing file /usr/local/python/3.10.13/lib/python3.10/site-packages/airflow/example_dags/example_params_ui_tutorial.py for tasks to queue
[2024-04-29T08:12:32.483+0000] {logging_mixin.py:150} INFO - [2024-04-29T08:12:32.483+0000] {dagbag.py:541} INFO - Filling up the DagBag from /usr/local/python/3.10.13/lib/python3.10/site-packages/airflow/example_dags/example_params_ui_tutorial.py
[2024-04-29T08:12:32.517+0000] {processor.py:836} INFO - DAG(s) dict_keys(['example_params_ui_tutorial']) retrieved from /usr/local/python/3.10.13/lib/python3.10/site-packages/airflow/example_dags/example_params_ui_tutorial.py
[2024-04-29T08:12:32.564+0000] {logging_mixin.py:150} INFO - [2024-04-29T08:12:32.564+0000] {dag.py:2742} INFO - Sync 1 DAGs
[2024-04-29T08:12:32.589+0000] {logging_mixin.py:150} INFO - [2024-04-29T08:12:32.589+0000] {dag.py:3504} INFO - Setting next_dagrun for example_params_ui_tutorial to None, run_after=None
[2024-04-29T08:12:32.627+0000] {processor.py:179} INFO - Processing /usr/local/python/3.10.13/lib/python3.10/site-packages/airflow/example_dags/example_params_ui_tutorial.py took 0.149 seconds
[2024-04-29T08:13:27.593+0000] {processor.py:157} INFO - Started process (PID=19354) to work on /usr/local/python/3.10.13/lib/python3.10/site-packages/airflow/example_dags/example_params_ui_tutorial.py
[2024-04-29T08:13:27.594+0000] {processor.py:826} INFO - Processing file /usr/local/python/3.10.13/lib/python3.10/site-packages/airflow/example_dags/example_params_ui_tutorial.py for tasks to queue
[2024-04-29T08:13:27.594+0000] {logging_mixin.py:150} INFO - [2024-04-29T08:13:27.594+0000] {dagbag.py:541} INFO - Filling up the DagBag from /usr/local/python/3.10.13/lib/python3.10/site-packages/airflow/example_dags/example_params_ui_tutorial.py
[2024-04-29T08:13:27.613+0000] {processor.py:836} INFO - DAG(s) dict_keys(['example_params_ui_tutorial']) retrieved from /usr/local/python/3.10.13/lib/python3.10/site-packages/airflow/example_dags/example_params_ui_tutorial.py
[2024-04-29T08:13:27.642+0000] {logging_mixin.py:150} INFO - [2024-04-29T08:13:27.642+0000] {dag.py:2742} INFO - Sync 1 DAGs
[2024-04-29T08:13:27.658+0000] {logging_mixin.py:150} INFO - [2024-04-29T08:13:27.658+0000] {dag.py:3504} INFO - Setting next_dagrun for example_params_ui_tutorial to None, run_after=None
[2024-04-29T08:13:27.705+0000] {processor.py:179} INFO - Processing /usr/local/python/3.10.13/lib/python3.10/site-packages/airflow/example_dags/example_params_ui_tutorial.py took 0.114 seconds
[2024-04-29T08:14:19.017+0000] {processor.py:157} INFO - Started process (PID=19704) to work on /usr/local/python/3.10.13/lib/python3.10/site-packages/airflow/example_dags/example_params_ui_tutorial.py
[2024-04-29T08:14:19.017+0000] {processor.py:826} INFO - Processing file /usr/local/python/3.10.13/lib/python3.10/site-packages/airflow/example_dags/example_params_ui_tutorial.py for tasks to queue
[2024-04-29T08:14:19.018+0000] {logging_mixin.py:150} INFO - [2024-04-29T08:14:19.018+0000] {dagbag.py:541} INFO - Filling up the DagBag from /usr/local/python/3.10.13/lib/python3.10/site-packages/airflow/example_dags/example_params_ui_tutorial.py
[2024-04-29T08:14:19.037+0000] {processor.py:836} INFO - DAG(s) dict_keys(['example_params_ui_tutorial']) retrieved from /usr/local/python/3.10.13/lib/python3.10/site-packages/airflow/example_dags/example_params_ui_tutorial.py
[2024-04-29T08:14:19.066+0000] {logging_mixin.py:150} INFO - [2024-04-29T08:14:19.066+0000] {dag.py:2742} INFO - Sync 1 DAGs
[2024-04-29T08:14:19.082+0000] {logging_mixin.py:150} INFO - [2024-04-29T08:14:19.082+0000] {dag.py:3504} INFO - Setting next_dagrun for example_params_ui_tutorial to None, run_after=None
[2024-04-29T08:14:19.117+0000] {processor.py:179} INFO - Processing /usr/local/python/3.10.13/lib/python3.10/site-packages/airflow/example_dags/example_params_ui_tutorial.py took 0.103 seconds
[2024-04-29T08:15:14.954+0000] {processor.py:157} INFO - Started process (PID=20119) to work on /usr/local/python/3.10.13/lib/python3.10/site-packages/airflow/example_dags/example_params_ui_tutorial.py
[2024-04-29T08:15:14.958+0000] {processor.py:826} INFO - Processing file /usr/local/python/3.10.13/lib/python3.10/site-packages/airflow/example_dags/example_params_ui_tutorial.py for tasks to queue
[2024-04-29T08:15:14.959+0000] {logging_mixin.py:150} INFO - [2024-04-29T08:15:14.959+0000] {dagbag.py:541} INFO - Filling up the DagBag from /usr/local/python/3.10.13/lib/python3.10/site-packages/airflow/example_dags/example_params_ui_tutorial.py
[2024-04-29T08:15:14.990+0000] {processor.py:836} INFO - DAG(s) dict_keys(['example_params_ui_tutorial']) retrieved from /usr/local/python/3.10.13/lib/python3.10/site-packages/airflow/example_dags/example_params_ui_tutorial.py
[2024-04-29T08:15:15.046+0000] {logging_mixin.py:150} INFO - [2024-04-29T08:15:15.046+0000] {dag.py:2742} INFO - Sync 1 DAGs
[2024-04-29T08:15:15.092+0000] {logging_mixin.py:150} INFO - [2024-04-29T08:15:15.092+0000] {dag.py:3504} INFO - Setting next_dagrun for example_params_ui_tutorial to None, run_after=None
[2024-04-29T08:15:15.134+0000] {processor.py:179} INFO - Processing /usr/local/python/3.10.13/lib/python3.10/site-packages/airflow/example_dags/example_params_ui_tutorial.py took 0.189 seconds
[2024-04-29T08:16:09.165+0000] {processor.py:157} INFO - Started process (PID=20655) to work on /usr/local/python/3.10.13/lib/python3.10/site-packages/airflow/example_dags/example_params_ui_tutorial.py
[2024-04-29T08:16:09.166+0000] {processor.py:826} INFO - Processing file /usr/local/python/3.10.13/lib/python3.10/site-packages/airflow/example_dags/example_params_ui_tutorial.py for tasks to queue
[2024-04-29T08:16:09.167+0000] {logging_mixin.py:150} INFO - [2024-04-29T08:16:09.166+0000] {dagbag.py:541} INFO - Filling up the DagBag from /usr/local/python/3.10.13/lib/python3.10/site-packages/airflow/example_dags/example_params_ui_tutorial.py
[2024-04-29T08:16:09.186+0000] {processor.py:836} INFO - DAG(s) dict_keys(['example_params_ui_tutorial']) retrieved from /usr/local/python/3.10.13/lib/python3.10/site-packages/airflow/example_dags/example_params_ui_tutorial.py
[2024-04-29T08:16:09.215+0000] {logging_mixin.py:150} INFO - [2024-04-29T08:16:09.215+0000] {dag.py:2742} INFO - Sync 1 DAGs
[2024-04-29T08:16:09.230+0000] {logging_mixin.py:150} INFO - [2024-04-29T08:16:09.230+0000] {dag.py:3504} INFO - Setting next_dagrun for example_params_ui_tutorial to None, run_after=None
[2024-04-29T08:16:09.265+0000] {processor.py:179} INFO - Processing /usr/local/python/3.10.13/lib/python3.10/site-packages/airflow/example_dags/example_params_ui_tutorial.py took 0.102 seconds
[2024-04-29T08:17:02.280+0000] {processor.py:157} INFO - Started process (PID=21156) to work on /usr/local/python/3.10.13/lib/python3.10/site-packages/airflow/example_dags/example_params_ui_tutorial.py
[2024-04-29T08:17:02.280+0000] {processor.py:826} INFO - Processing file /usr/local/python/3.10.13/lib/python3.10/site-packages/airflow/example_dags/example_params_ui_tutorial.py for tasks to queue
[2024-04-29T08:17:02.281+0000] {logging_mixin.py:150} INFO - [2024-04-29T08:17:02.281+0000] {dagbag.py:541} INFO - Filling up the DagBag from /usr/local/python/3.10.13/lib/python3.10/site-packages/airflow/example_dags/example_params_ui_tutorial.py
[2024-04-29T08:17:02.303+0000] {processor.py:836} INFO - DAG(s) dict_keys(['example_params_ui_tutorial']) retrieved from /usr/local/python/3.10.13/lib/python3.10/site-packages/airflow/example_dags/example_params_ui_tutorial.py
[2024-04-29T08:17:02.335+0000] {logging_mixin.py:150} INFO - [2024-04-29T08:17:02.335+0000] {dag.py:2742} INFO - Sync 1 DAGs
[2024-04-29T08:17:02.351+0000] {logging_mixin.py:150} INFO - [2024-04-29T08:17:02.350+0000] {dag.py:3504} INFO - Setting next_dagrun for example_params_ui_tutorial to None, run_after=None
[2024-04-29T08:17:02.388+0000] {processor.py:179} INFO - Processing /usr/local/python/3.10.13/lib/python3.10/site-packages/airflow/example_dags/example_params_ui_tutorial.py took 0.110 seconds
