[2024-04-29T06:43:23.197+0000] {processor.py:157} INFO - Started process (PID=23052) to work on /usr/local/python/3.10.13/lib/python3.10/site-packages/airflow/example_dags/tutorial_dag.py
[2024-04-29T06:43:23.198+0000] {processor.py:826} INFO - Processing file /usr/local/python/3.10.13/lib/python3.10/site-packages/airflow/example_dags/tutorial_dag.py for tasks to queue
[2024-04-29T06:43:23.199+0000] {logging_mixin.py:150} INFO - [2024-04-29T06:43:23.198+0000] {dagbag.py:541} INFO - Filling up the DagBag from /usr/local/python/3.10.13/lib/python3.10/site-packages/airflow/example_dags/tutorial_dag.py
[2024-04-29T06:43:23.205+0000] {processor.py:836} INFO - DAG(s) dict_keys(['tutorial_dag']) retrieved from /usr/local/python/3.10.13/lib/python3.10/site-packages/airflow/example_dags/tutorial_dag.py
[2024-04-29T06:43:23.341+0000] {logging_mixin.py:150} INFO - [2024-04-29T06:43:23.341+0000] {manager.py:504} INFO - Created Permission View: can delete on DAG:tutorial_dag
[2024-04-29T06:43:23.374+0000] {logging_mixin.py:150} INFO - [2024-04-29T06:43:23.374+0000] {manager.py:504} INFO - Created Permission View: can edit on DAG:tutorial_dag
[2024-04-29T06:43:23.403+0000] {logging_mixin.py:150} INFO - [2024-04-29T06:43:23.402+0000] {manager.py:504} INFO - Created Permission View: can read on DAG:tutorial_dag
[2024-04-29T06:43:23.412+0000] {logging_mixin.py:150} INFO - [2024-04-29T06:43:23.412+0000] {dag.py:2742} INFO - Sync 1 DAGs
[2024-04-29T06:43:23.420+0000] {logging_mixin.py:150} INFO - [2024-04-29T06:43:23.420+0000] {dag.py:2763} INFO - Creating ORM DAG for tutorial_dag
[2024-04-29T06:43:23.427+0000] {logging_mixin.py:150} INFO - [2024-04-29T06:43:23.427+0000] {dag.py:3504} INFO - Setting next_dagrun for tutorial_dag to None, run_after=None
[2024-04-29T06:43:23.473+0000] {processor.py:179} INFO - Processing /usr/local/python/3.10.13/lib/python3.10/site-packages/airflow/example_dags/tutorial_dag.py took 0.278 seconds
[2024-04-29T06:44:18.756+0000] {processor.py:157} INFO - Started process (PID=23492) to work on /usr/local/python/3.10.13/lib/python3.10/site-packages/airflow/example_dags/tutorial_dag.py
[2024-04-29T06:44:18.756+0000] {processor.py:826} INFO - Processing file /usr/local/python/3.10.13/lib/python3.10/site-packages/airflow/example_dags/tutorial_dag.py for tasks to queue
[2024-04-29T06:44:18.757+0000] {logging_mixin.py:150} INFO - [2024-04-29T06:44:18.757+0000] {dagbag.py:541} INFO - Filling up the DagBag from /usr/local/python/3.10.13/lib/python3.10/site-packages/airflow/example_dags/tutorial_dag.py
[2024-04-29T06:44:18.761+0000] {processor.py:836} INFO - DAG(s) dict_keys(['tutorial_dag']) retrieved from /usr/local/python/3.10.13/lib/python3.10/site-packages/airflow/example_dags/tutorial_dag.py
[2024-04-29T06:44:18.773+0000] {logging_mixin.py:150} INFO - [2024-04-29T06:44:18.773+0000] {dag.py:2742} INFO - Sync 1 DAGs
[2024-04-29T06:44:18.788+0000] {logging_mixin.py:150} INFO - [2024-04-29T06:44:18.787+0000] {dag.py:3504} INFO - Setting next_dagrun for tutorial_dag to None, run_after=None
[2024-04-29T06:44:18.829+0000] {processor.py:179} INFO - Processing /usr/local/python/3.10.13/lib/python3.10/site-packages/airflow/example_dags/tutorial_dag.py took 0.076 seconds
[2024-04-29T06:45:04.938+0000] {processor.py:157} INFO - Started process (PID=23976) to work on /usr/local/python/3.10.13/lib/python3.10/site-packages/airflow/example_dags/tutorial_dag.py
[2024-04-29T06:45:04.939+0000] {processor.py:826} INFO - Processing file /usr/local/python/3.10.13/lib/python3.10/site-packages/airflow/example_dags/tutorial_dag.py for tasks to queue
[2024-04-29T06:45:04.940+0000] {logging_mixin.py:150} INFO - [2024-04-29T06:45:04.939+0000] {dagbag.py:541} INFO - Filling up the DagBag from /usr/local/python/3.10.13/lib/python3.10/site-packages/airflow/example_dags/tutorial_dag.py
[2024-04-29T06:45:04.944+0000] {processor.py:836} INFO - DAG(s) dict_keys(['tutorial_dag']) retrieved from /usr/local/python/3.10.13/lib/python3.10/site-packages/airflow/example_dags/tutorial_dag.py
[2024-04-29T06:45:04.951+0000] {logging_mixin.py:150} INFO - [2024-04-29T06:45:04.950+0000] {dag.py:2742} INFO - Sync 1 DAGs
[2024-04-29T06:45:04.967+0000] {logging_mixin.py:150} INFO - [2024-04-29T06:45:04.967+0000] {dag.py:3504} INFO - Setting next_dagrun for tutorial_dag to None, run_after=None
[2024-04-29T06:45:05.005+0000] {processor.py:179} INFO - Processing /usr/local/python/3.10.13/lib/python3.10/site-packages/airflow/example_dags/tutorial_dag.py took 0.069 seconds
[2024-04-29T06:45:40.424+0000] {processor.py:157} INFO - Started process (PID=24320) to work on /usr/local/python/3.10.13/lib/python3.10/site-packages/airflow/example_dags/tutorial_dag.py
[2024-04-29T06:45:40.425+0000] {processor.py:826} INFO - Processing file /usr/local/python/3.10.13/lib/python3.10/site-packages/airflow/example_dags/tutorial_dag.py for tasks to queue
[2024-04-29T06:45:40.426+0000] {logging_mixin.py:150} INFO - [2024-04-29T06:45:40.425+0000] {dagbag.py:541} INFO - Filling up the DagBag from /usr/local/python/3.10.13/lib/python3.10/site-packages/airflow/example_dags/tutorial_dag.py
[2024-04-29T06:45:40.430+0000] {processor.py:836} INFO - DAG(s) dict_keys(['tutorial_dag']) retrieved from /usr/local/python/3.10.13/lib/python3.10/site-packages/airflow/example_dags/tutorial_dag.py
[2024-04-29T06:45:40.447+0000] {logging_mixin.py:150} INFO - [2024-04-29T06:45:40.447+0000] {dag.py:2742} INFO - Sync 1 DAGs
[2024-04-29T06:45:40.468+0000] {logging_mixin.py:150} INFO - [2024-04-29T06:45:40.468+0000] {dag.py:3504} INFO - Setting next_dagrun for tutorial_dag to None, run_after=None
[2024-04-29T06:45:40.510+0000] {processor.py:179} INFO - Processing /usr/local/python/3.10.13/lib/python3.10/site-packages/airflow/example_dags/tutorial_dag.py took 0.089 seconds
[2024-04-29T06:46:14.204+0000] {processor.py:157} INFO - Started process (PID=24721) to work on /usr/local/python/3.10.13/lib/python3.10/site-packages/airflow/example_dags/tutorial_dag.py
[2024-04-29T06:46:14.205+0000] {processor.py:826} INFO - Processing file /usr/local/python/3.10.13/lib/python3.10/site-packages/airflow/example_dags/tutorial_dag.py for tasks to queue
[2024-04-29T06:46:14.206+0000] {logging_mixin.py:150} INFO - [2024-04-29T06:46:14.206+0000] {dagbag.py:541} INFO - Filling up the DagBag from /usr/local/python/3.10.13/lib/python3.10/site-packages/airflow/example_dags/tutorial_dag.py
[2024-04-29T06:46:14.214+0000] {processor.py:836} INFO - DAG(s) dict_keys(['tutorial_dag']) retrieved from /usr/local/python/3.10.13/lib/python3.10/site-packages/airflow/example_dags/tutorial_dag.py
[2024-04-29T06:46:14.238+0000] {logging_mixin.py:150} INFO - [2024-04-29T06:46:14.238+0000] {dag.py:2742} INFO - Sync 1 DAGs
[2024-04-29T06:46:14.256+0000] {logging_mixin.py:150} INFO - [2024-04-29T06:46:14.256+0000] {dag.py:3504} INFO - Setting next_dagrun for tutorial_dag to None, run_after=None
[2024-04-29T06:46:14.293+0000] {processor.py:179} INFO - Processing /usr/local/python/3.10.13/lib/python3.10/site-packages/airflow/example_dags/tutorial_dag.py took 0.093 seconds
[2024-04-29T06:47:02.898+0000] {processor.py:157} INFO - Started process (PID=25052) to work on /usr/local/python/3.10.13/lib/python3.10/site-packages/airflow/example_dags/tutorial_dag.py
[2024-04-29T06:47:02.899+0000] {processor.py:826} INFO - Processing file /usr/local/python/3.10.13/lib/python3.10/site-packages/airflow/example_dags/tutorial_dag.py for tasks to queue
[2024-04-29T06:47:02.900+0000] {logging_mixin.py:150} INFO - [2024-04-29T06:47:02.899+0000] {dagbag.py:541} INFO - Filling up the DagBag from /usr/local/python/3.10.13/lib/python3.10/site-packages/airflow/example_dags/tutorial_dag.py
[2024-04-29T06:47:02.904+0000] {processor.py:836} INFO - DAG(s) dict_keys(['tutorial_dag']) retrieved from /usr/local/python/3.10.13/lib/python3.10/site-packages/airflow/example_dags/tutorial_dag.py
[2024-04-29T06:47:02.918+0000] {logging_mixin.py:150} INFO - [2024-04-29T06:47:02.918+0000] {dag.py:2742} INFO - Sync 1 DAGs
[2024-04-29T06:47:02.939+0000] {logging_mixin.py:150} INFO - [2024-04-29T06:47:02.939+0000] {dag.py:3504} INFO - Setting next_dagrun for tutorial_dag to None, run_after=None
[2024-04-29T06:47:02.989+0000] {processor.py:179} INFO - Processing /usr/local/python/3.10.13/lib/python3.10/site-packages/airflow/example_dags/tutorial_dag.py took 0.093 seconds
