[2024-04-29T06:16:31.583+0000] {processor.py:157} INFO - Started process (PID=8884) to work on /usr/local/python/3.10.13/lib/python3.10/site-packages/airflow/example_dags/tutorial_taskflow_api_virtualenv.py
[2024-04-29T06:16:31.584+0000] {processor.py:826} INFO - Processing file /usr/local/python/3.10.13/lib/python3.10/site-packages/airflow/example_dags/tutorial_taskflow_api_virtualenv.py for tasks to queue
[2024-04-29T06:16:31.585+0000] {logging_mixin.py:150} INFO - [2024-04-29T06:16:31.584+0000] {dagbag.py:541} INFO - Filling up the DagBag from /usr/local/python/3.10.13/lib/python3.10/site-packages/airflow/example_dags/tutorial_taskflow_api_virtualenv.py
[2024-04-29T06:16:31.709+0000] {processor.py:836} INFO - DAG(s) dict_keys(['tutorial_taskflow_api_virtualenv']) retrieved from /usr/local/python/3.10.13/lib/python3.10/site-packages/airflow/example_dags/tutorial_taskflow_api_virtualenv.py
[2024-04-29T06:16:31.868+0000] {logging_mixin.py:150} INFO - [2024-04-29T06:16:31.867+0000] {manager.py:504} INFO - Created Permission View: can delete on DAG:tutorial_taskflow_api_virtualenv
[2024-04-29T06:16:31.898+0000] {logging_mixin.py:150} INFO - [2024-04-29T06:16:31.898+0000] {manager.py:504} INFO - Created Permission View: can edit on DAG:tutorial_taskflow_api_virtualenv
[2024-04-29T06:16:31.926+0000] {logging_mixin.py:150} INFO - [2024-04-29T06:16:31.926+0000] {manager.py:504} INFO - Created Permission View: can read on DAG:tutorial_taskflow_api_virtualenv
[2024-04-29T06:16:31.935+0000] {logging_mixin.py:150} INFO - [2024-04-29T06:16:31.935+0000] {dag.py:2742} INFO - Sync 1 DAGs
[2024-04-29T06:16:31.944+0000] {logging_mixin.py:150} INFO - [2024-04-29T06:16:31.944+0000] {dag.py:2763} INFO - Creating ORM DAG for tutorial_taskflow_api_virtualenv
[2024-04-29T06:16:31.951+0000] {logging_mixin.py:150} INFO - [2024-04-29T06:16:31.951+0000] {dag.py:3504} INFO - Setting next_dagrun for tutorial_taskflow_api_virtualenv to None, run_after=None
[2024-04-29T06:16:31.996+0000] {processor.py:179} INFO - Processing /usr/local/python/3.10.13/lib/python3.10/site-packages/airflow/example_dags/tutorial_taskflow_api_virtualenv.py took 0.417 seconds
[2024-04-29T06:17:26.539+0000] {processor.py:157} INFO - Started process (PID=9280) to work on /usr/local/python/3.10.13/lib/python3.10/site-packages/airflow/example_dags/tutorial_taskflow_api_virtualenv.py
[2024-04-29T06:17:26.540+0000] {processor.py:826} INFO - Processing file /usr/local/python/3.10.13/lib/python3.10/site-packages/airflow/example_dags/tutorial_taskflow_api_virtualenv.py for tasks to queue
[2024-04-29T06:17:26.540+0000] {logging_mixin.py:150} INFO - [2024-04-29T06:17:26.540+0000] {dagbag.py:541} INFO - Filling up the DagBag from /usr/local/python/3.10.13/lib/python3.10/site-packages/airflow/example_dags/tutorial_taskflow_api_virtualenv.py
[2024-04-29T06:17:26.549+0000] {processor.py:836} INFO - DAG(s) dict_keys(['tutorial_taskflow_api_virtualenv']) retrieved from /usr/local/python/3.10.13/lib/python3.10/site-packages/airflow/example_dags/tutorial_taskflow_api_virtualenv.py
[2024-04-29T06:17:26.563+0000] {logging_mixin.py:150} INFO - [2024-04-29T06:17:26.563+0000] {dag.py:2742} INFO - Sync 1 DAGs
[2024-04-29T06:17:26.584+0000] {logging_mixin.py:150} INFO - [2024-04-29T06:17:26.584+0000] {dag.py:3504} INFO - Setting next_dagrun for tutorial_taskflow_api_virtualenv to None, run_after=None
[2024-04-29T06:17:26.623+0000] {processor.py:179} INFO - Processing /usr/local/python/3.10.13/lib/python3.10/site-packages/airflow/example_dags/tutorial_taskflow_api_virtualenv.py took 0.088 seconds
[2024-04-29T06:18:06.234+0000] {processor.py:157} INFO - Started process (PID=9585) to work on /usr/local/python/3.10.13/lib/python3.10/site-packages/airflow/example_dags/tutorial_taskflow_api_virtualenv.py
[2024-04-29T06:18:06.234+0000] {processor.py:826} INFO - Processing file /usr/local/python/3.10.13/lib/python3.10/site-packages/airflow/example_dags/tutorial_taskflow_api_virtualenv.py for tasks to queue
[2024-04-29T06:18:06.235+0000] {logging_mixin.py:150} INFO - [2024-04-29T06:18:06.235+0000] {dagbag.py:541} INFO - Filling up the DagBag from /usr/local/python/3.10.13/lib/python3.10/site-packages/airflow/example_dags/tutorial_taskflow_api_virtualenv.py
[2024-04-29T06:18:06.240+0000] {processor.py:836} INFO - DAG(s) dict_keys(['tutorial_taskflow_api_virtualenv']) retrieved from /usr/local/python/3.10.13/lib/python3.10/site-packages/airflow/example_dags/tutorial_taskflow_api_virtualenv.py
[2024-04-29T06:18:06.253+0000] {logging_mixin.py:150} INFO - [2024-04-29T06:18:06.253+0000] {dag.py:2742} INFO - Sync 1 DAGs
[2024-04-29T06:18:06.268+0000] {logging_mixin.py:150} INFO - [2024-04-29T06:18:06.268+0000] {dag.py:3504} INFO - Setting next_dagrun for tutorial_taskflow_api_virtualenv to None, run_after=None
[2024-04-29T06:18:06.305+0000] {processor.py:179} INFO - Processing /usr/local/python/3.10.13/lib/python3.10/site-packages/airflow/example_dags/tutorial_taskflow_api_virtualenv.py took 0.074 seconds
[2024-04-29T06:18:52.871+0000] {processor.py:157} INFO - Started process (PID=9932) to work on /usr/local/python/3.10.13/lib/python3.10/site-packages/airflow/example_dags/tutorial_taskflow_api_virtualenv.py
[2024-04-29T06:18:52.872+0000] {processor.py:826} INFO - Processing file /usr/local/python/3.10.13/lib/python3.10/site-packages/airflow/example_dags/tutorial_taskflow_api_virtualenv.py for tasks to queue
[2024-04-29T06:18:52.873+0000] {logging_mixin.py:150} INFO - [2024-04-29T06:18:52.872+0000] {dagbag.py:541} INFO - Filling up the DagBag from /usr/local/python/3.10.13/lib/python3.10/site-packages/airflow/example_dags/tutorial_taskflow_api_virtualenv.py
[2024-04-29T06:18:52.878+0000] {processor.py:836} INFO - DAG(s) dict_keys(['tutorial_taskflow_api_virtualenv']) retrieved from /usr/local/python/3.10.13/lib/python3.10/site-packages/airflow/example_dags/tutorial_taskflow_api_virtualenv.py
[2024-04-29T06:18:52.890+0000] {logging_mixin.py:150} INFO - [2024-04-29T06:18:52.890+0000] {dag.py:2742} INFO - Sync 1 DAGs
[2024-04-29T06:18:52.904+0000] {logging_mixin.py:150} INFO - [2024-04-29T06:18:52.904+0000] {dag.py:3504} INFO - Setting next_dagrun for tutorial_taskflow_api_virtualenv to None, run_after=None
[2024-04-29T06:18:52.950+0000] {processor.py:179} INFO - Processing /usr/local/python/3.10.13/lib/python3.10/site-packages/airflow/example_dags/tutorial_taskflow_api_virtualenv.py took 0.081 seconds
[2024-04-29T06:19:40.569+0000] {processor.py:157} INFO - Started process (PID=10287) to work on /usr/local/python/3.10.13/lib/python3.10/site-packages/airflow/example_dags/tutorial_taskflow_api_virtualenv.py
[2024-04-29T06:19:40.569+0000] {processor.py:826} INFO - Processing file /usr/local/python/3.10.13/lib/python3.10/site-packages/airflow/example_dags/tutorial_taskflow_api_virtualenv.py for tasks to queue
[2024-04-29T06:19:40.570+0000] {logging_mixin.py:150} INFO - [2024-04-29T06:19:40.570+0000] {dagbag.py:541} INFO - Filling up the DagBag from /usr/local/python/3.10.13/lib/python3.10/site-packages/airflow/example_dags/tutorial_taskflow_api_virtualenv.py
[2024-04-29T06:19:40.575+0000] {processor.py:836} INFO - DAG(s) dict_keys(['tutorial_taskflow_api_virtualenv']) retrieved from /usr/local/python/3.10.13/lib/python3.10/site-packages/airflow/example_dags/tutorial_taskflow_api_virtualenv.py
[2024-04-29T06:19:40.588+0000] {logging_mixin.py:150} INFO - [2024-04-29T06:19:40.588+0000] {dag.py:2742} INFO - Sync 1 DAGs
[2024-04-29T06:19:40.603+0000] {logging_mixin.py:150} INFO - [2024-04-29T06:19:40.603+0000] {dag.py:3504} INFO - Setting next_dagrun for tutorial_taskflow_api_virtualenv to None, run_after=None
[2024-04-29T06:19:40.643+0000] {processor.py:179} INFO - Processing /usr/local/python/3.10.13/lib/python3.10/site-packages/airflow/example_dags/tutorial_taskflow_api_virtualenv.py took 0.076 seconds
[2024-04-29T06:20:28.002+0000] {processor.py:157} INFO - Started process (PID=10651) to work on /usr/local/python/3.10.13/lib/python3.10/site-packages/airflow/example_dags/tutorial_taskflow_api_virtualenv.py
[2024-04-29T06:20:28.003+0000] {processor.py:826} INFO - Processing file /usr/local/python/3.10.13/lib/python3.10/site-packages/airflow/example_dags/tutorial_taskflow_api_virtualenv.py for tasks to queue
[2024-04-29T06:20:28.003+0000] {logging_mixin.py:150} INFO - [2024-04-29T06:20:28.003+0000] {dagbag.py:541} INFO - Filling up the DagBag from /usr/local/python/3.10.13/lib/python3.10/site-packages/airflow/example_dags/tutorial_taskflow_api_virtualenv.py
[2024-04-29T06:20:28.009+0000] {processor.py:836} INFO - DAG(s) dict_keys(['tutorial_taskflow_api_virtualenv']) retrieved from /usr/local/python/3.10.13/lib/python3.10/site-packages/airflow/example_dags/tutorial_taskflow_api_virtualenv.py
[2024-04-29T06:20:28.020+0000] {logging_mixin.py:150} INFO - [2024-04-29T06:20:28.020+0000] {dag.py:2742} INFO - Sync 1 DAGs
[2024-04-29T06:20:28.035+0000] {logging_mixin.py:150} INFO - [2024-04-29T06:20:28.035+0000] {dag.py:3504} INFO - Setting next_dagrun for tutorial_taskflow_api_virtualenv to None, run_after=None
[2024-04-29T06:20:28.076+0000] {processor.py:179} INFO - Processing /usr/local/python/3.10.13/lib/python3.10/site-packages/airflow/example_dags/tutorial_taskflow_api_virtualenv.py took 0.076 seconds
[2024-04-29T06:21:03.732+0000] {processor.py:157} INFO - Started process (PID=10907) to work on /usr/local/python/3.10.13/lib/python3.10/site-packages/airflow/example_dags/tutorial_taskflow_api_virtualenv.py
[2024-04-29T06:21:03.734+0000] {processor.py:826} INFO - Processing file /usr/local/python/3.10.13/lib/python3.10/site-packages/airflow/example_dags/tutorial_taskflow_api_virtualenv.py for tasks to queue
[2024-04-29T06:21:03.735+0000] {logging_mixin.py:150} INFO - [2024-04-29T06:21:03.735+0000] {dagbag.py:541} INFO - Filling up the DagBag from /usr/local/python/3.10.13/lib/python3.10/site-packages/airflow/example_dags/tutorial_taskflow_api_virtualenv.py
[2024-04-29T06:21:03.747+0000] {processor.py:836} INFO - DAG(s) dict_keys(['tutorial_taskflow_api_virtualenv']) retrieved from /usr/local/python/3.10.13/lib/python3.10/site-packages/airflow/example_dags/tutorial_taskflow_api_virtualenv.py
[2024-04-29T06:21:03.767+0000] {logging_mixin.py:150} INFO - [2024-04-29T06:21:03.767+0000] {dag.py:2742} INFO - Sync 1 DAGs
[2024-04-29T06:21:03.789+0000] {logging_mixin.py:150} INFO - [2024-04-29T06:21:03.789+0000] {dag.py:3504} INFO - Setting next_dagrun for tutorial_taskflow_api_virtualenv to None, run_after=None
[2024-04-29T06:21:03.826+0000] {processor.py:179} INFO - Processing /usr/local/python/3.10.13/lib/python3.10/site-packages/airflow/example_dags/tutorial_taskflow_api_virtualenv.py took 0.097 seconds
[2024-04-29T06:21:53.329+0000] {processor.py:157} INFO - Started process (PID=11286) to work on /usr/local/python/3.10.13/lib/python3.10/site-packages/airflow/example_dags/tutorial_taskflow_api_virtualenv.py
[2024-04-29T06:21:53.331+0000] {processor.py:826} INFO - Processing file /usr/local/python/3.10.13/lib/python3.10/site-packages/airflow/example_dags/tutorial_taskflow_api_virtualenv.py for tasks to queue
[2024-04-29T06:21:53.331+0000] {logging_mixin.py:150} INFO - [2024-04-29T06:21:53.331+0000] {dagbag.py:541} INFO - Filling up the DagBag from /usr/local/python/3.10.13/lib/python3.10/site-packages/airflow/example_dags/tutorial_taskflow_api_virtualenv.py
[2024-04-29T06:21:53.337+0000] {processor.py:836} INFO - DAG(s) dict_keys(['tutorial_taskflow_api_virtualenv']) retrieved from /usr/local/python/3.10.13/lib/python3.10/site-packages/airflow/example_dags/tutorial_taskflow_api_virtualenv.py
[2024-04-29T06:21:53.350+0000] {logging_mixin.py:150} INFO - [2024-04-29T06:21:53.349+0000] {dag.py:2742} INFO - Sync 1 DAGs
[2024-04-29T06:21:53.365+0000] {logging_mixin.py:150} INFO - [2024-04-29T06:21:53.365+0000] {dag.py:3504} INFO - Setting next_dagrun for tutorial_taskflow_api_virtualenv to None, run_after=None
[2024-04-29T06:21:53.401+0000] {processor.py:179} INFO - Processing /usr/local/python/3.10.13/lib/python3.10/site-packages/airflow/example_dags/tutorial_taskflow_api_virtualenv.py took 0.074 seconds
[2024-04-29T06:22:40.498+0000] {processor.py:157} INFO - Started process (PID=11649) to work on /usr/local/python/3.10.13/lib/python3.10/site-packages/airflow/example_dags/tutorial_taskflow_api_virtualenv.py
[2024-04-29T06:22:40.498+0000] {processor.py:826} INFO - Processing file /usr/local/python/3.10.13/lib/python3.10/site-packages/airflow/example_dags/tutorial_taskflow_api_virtualenv.py for tasks to queue
[2024-04-29T06:22:40.499+0000] {logging_mixin.py:150} INFO - [2024-04-29T06:22:40.499+0000] {dagbag.py:541} INFO - Filling up the DagBag from /usr/local/python/3.10.13/lib/python3.10/site-packages/airflow/example_dags/tutorial_taskflow_api_virtualenv.py
[2024-04-29T06:22:40.505+0000] {processor.py:836} INFO - DAG(s) dict_keys(['tutorial_taskflow_api_virtualenv']) retrieved from /usr/local/python/3.10.13/lib/python3.10/site-packages/airflow/example_dags/tutorial_taskflow_api_virtualenv.py
[2024-04-29T06:22:40.516+0000] {logging_mixin.py:150} INFO - [2024-04-29T06:22:40.516+0000] {dag.py:2742} INFO - Sync 1 DAGs
[2024-04-29T06:22:40.532+0000] {logging_mixin.py:150} INFO - [2024-04-29T06:22:40.531+0000] {dag.py:3504} INFO - Setting next_dagrun for tutorial_taskflow_api_virtualenv to None, run_after=None
[2024-04-29T06:22:40.574+0000] {processor.py:179} INFO - Processing /usr/local/python/3.10.13/lib/python3.10/site-packages/airflow/example_dags/tutorial_taskflow_api_virtualenv.py took 0.078 seconds
[2024-04-29T06:23:28.075+0000] {processor.py:157} INFO - Started process (PID=12015) to work on /usr/local/python/3.10.13/lib/python3.10/site-packages/airflow/example_dags/tutorial_taskflow_api_virtualenv.py
[2024-04-29T06:23:28.076+0000] {processor.py:826} INFO - Processing file /usr/local/python/3.10.13/lib/python3.10/site-packages/airflow/example_dags/tutorial_taskflow_api_virtualenv.py for tasks to queue
[2024-04-29T06:23:28.076+0000] {logging_mixin.py:150} INFO - [2024-04-29T06:23:28.076+0000] {dagbag.py:541} INFO - Filling up the DagBag from /usr/local/python/3.10.13/lib/python3.10/site-packages/airflow/example_dags/tutorial_taskflow_api_virtualenv.py
[2024-04-29T06:23:28.082+0000] {processor.py:836} INFO - DAG(s) dict_keys(['tutorial_taskflow_api_virtualenv']) retrieved from /usr/local/python/3.10.13/lib/python3.10/site-packages/airflow/example_dags/tutorial_taskflow_api_virtualenv.py
[2024-04-29T06:23:28.094+0000] {logging_mixin.py:150} INFO - [2024-04-29T06:23:28.093+0000] {dag.py:2742} INFO - Sync 1 DAGs
[2024-04-29T06:23:28.109+0000] {logging_mixin.py:150} INFO - [2024-04-29T06:23:28.109+0000] {dag.py:3504} INFO - Setting next_dagrun for tutorial_taskflow_api_virtualenv to None, run_after=None
[2024-04-29T06:23:28.146+0000] {processor.py:179} INFO - Processing /usr/local/python/3.10.13/lib/python3.10/site-packages/airflow/example_dags/tutorial_taskflow_api_virtualenv.py took 0.073 seconds
[2024-04-29T06:24:16.777+0000] {processor.py:157} INFO - Started process (PID=12370) to work on /usr/local/python/3.10.13/lib/python3.10/site-packages/airflow/example_dags/tutorial_taskflow_api_virtualenv.py
[2024-04-29T06:24:16.777+0000] {processor.py:826} INFO - Processing file /usr/local/python/3.10.13/lib/python3.10/site-packages/airflow/example_dags/tutorial_taskflow_api_virtualenv.py for tasks to queue
[2024-04-29T06:24:16.778+0000] {logging_mixin.py:150} INFO - [2024-04-29T06:24:16.778+0000] {dagbag.py:541} INFO - Filling up the DagBag from /usr/local/python/3.10.13/lib/python3.10/site-packages/airflow/example_dags/tutorial_taskflow_api_virtualenv.py
[2024-04-29T06:24:16.783+0000] {processor.py:836} INFO - DAG(s) dict_keys(['tutorial_taskflow_api_virtualenv']) retrieved from /usr/local/python/3.10.13/lib/python3.10/site-packages/airflow/example_dags/tutorial_taskflow_api_virtualenv.py
[2024-04-29T06:24:16.795+0000] {logging_mixin.py:150} INFO - [2024-04-29T06:24:16.795+0000] {dag.py:2742} INFO - Sync 1 DAGs
[2024-04-29T06:24:16.810+0000] {logging_mixin.py:150} INFO - [2024-04-29T06:24:16.810+0000] {dag.py:3504} INFO - Setting next_dagrun for tutorial_taskflow_api_virtualenv to None, run_after=None
[2024-04-29T06:24:16.845+0000] {processor.py:179} INFO - Processing /usr/local/python/3.10.13/lib/python3.10/site-packages/airflow/example_dags/tutorial_taskflow_api_virtualenv.py took 0.071 seconds
[2024-04-29T06:24:52.815+0000] {processor.py:157} INFO - Started process (PID=12644) to work on /usr/local/python/3.10.13/lib/python3.10/site-packages/airflow/example_dags/tutorial_taskflow_api_virtualenv.py
[2024-04-29T06:24:52.816+0000] {processor.py:826} INFO - Processing file /usr/local/python/3.10.13/lib/python3.10/site-packages/airflow/example_dags/tutorial_taskflow_api_virtualenv.py for tasks to queue
[2024-04-29T06:24:52.816+0000] {logging_mixin.py:150} INFO - [2024-04-29T06:24:52.816+0000] {dagbag.py:541} INFO - Filling up the DagBag from /usr/local/python/3.10.13/lib/python3.10/site-packages/airflow/example_dags/tutorial_taskflow_api_virtualenv.py
[2024-04-29T06:24:52.823+0000] {processor.py:836} INFO - DAG(s) dict_keys(['tutorial_taskflow_api_virtualenv']) retrieved from /usr/local/python/3.10.13/lib/python3.10/site-packages/airflow/example_dags/tutorial_taskflow_api_virtualenv.py
[2024-04-29T06:24:52.835+0000] {logging_mixin.py:150} INFO - [2024-04-29T06:24:52.835+0000] {dag.py:2742} INFO - Sync 1 DAGs
[2024-04-29T06:24:52.851+0000] {logging_mixin.py:150} INFO - [2024-04-29T06:24:52.851+0000] {dag.py:3504} INFO - Setting next_dagrun for tutorial_taskflow_api_virtualenv to None, run_after=None
[2024-04-29T06:24:52.889+0000] {processor.py:179} INFO - Processing /usr/local/python/3.10.13/lib/python3.10/site-packages/airflow/example_dags/tutorial_taskflow_api_virtualenv.py took 0.076 seconds
[2024-04-29T06:25:35.584+0000] {processor.py:157} INFO - Started process (PID=13011) to work on /usr/local/python/3.10.13/lib/python3.10/site-packages/airflow/example_dags/tutorial_taskflow_api_virtualenv.py
[2024-04-29T06:25:35.584+0000] {processor.py:826} INFO - Processing file /usr/local/python/3.10.13/lib/python3.10/site-packages/airflow/example_dags/tutorial_taskflow_api_virtualenv.py for tasks to queue
[2024-04-29T06:25:35.585+0000] {logging_mixin.py:150} INFO - [2024-04-29T06:25:35.585+0000] {dagbag.py:541} INFO - Filling up the DagBag from /usr/local/python/3.10.13/lib/python3.10/site-packages/airflow/example_dags/tutorial_taskflow_api_virtualenv.py
[2024-04-29T06:25:35.590+0000] {processor.py:836} INFO - DAG(s) dict_keys(['tutorial_taskflow_api_virtualenv']) retrieved from /usr/local/python/3.10.13/lib/python3.10/site-packages/airflow/example_dags/tutorial_taskflow_api_virtualenv.py
[2024-04-29T06:25:35.602+0000] {logging_mixin.py:150} INFO - [2024-04-29T06:25:35.602+0000] {dag.py:2742} INFO - Sync 1 DAGs
[2024-04-29T06:25:35.617+0000] {logging_mixin.py:150} INFO - [2024-04-29T06:25:35.617+0000] {dag.py:3504} INFO - Setting next_dagrun for tutorial_taskflow_api_virtualenv to None, run_after=None
[2024-04-29T06:25:35.658+0000] {processor.py:179} INFO - Processing /usr/local/python/3.10.13/lib/python3.10/site-packages/airflow/example_dags/tutorial_taskflow_api_virtualenv.py took 0.076 seconds
[2024-04-29T06:26:21.751+0000] {processor.py:157} INFO - Started process (PID=13455) to work on /usr/local/python/3.10.13/lib/python3.10/site-packages/airflow/example_dags/tutorial_taskflow_api_virtualenv.py
[2024-04-29T06:26:21.754+0000] {processor.py:826} INFO - Processing file /usr/local/python/3.10.13/lib/python3.10/site-packages/airflow/example_dags/tutorial_taskflow_api_virtualenv.py for tasks to queue
[2024-04-29T06:26:21.755+0000] {logging_mixin.py:150} INFO - [2024-04-29T06:26:21.754+0000] {dagbag.py:541} INFO - Filling up the DagBag from /usr/local/python/3.10.13/lib/python3.10/site-packages/airflow/example_dags/tutorial_taskflow_api_virtualenv.py
[2024-04-29T06:26:21.764+0000] {processor.py:836} INFO - DAG(s) dict_keys(['tutorial_taskflow_api_virtualenv']) retrieved from /usr/local/python/3.10.13/lib/python3.10/site-packages/airflow/example_dags/tutorial_taskflow_api_virtualenv.py
[2024-04-29T06:26:21.786+0000] {logging_mixin.py:150} INFO - [2024-04-29T06:26:21.786+0000] {dag.py:2742} INFO - Sync 1 DAGs
[2024-04-29T06:26:21.816+0000] {logging_mixin.py:150} INFO - [2024-04-29T06:26:21.816+0000] {dag.py:3504} INFO - Setting next_dagrun for tutorial_taskflow_api_virtualenv to None, run_after=None
[2024-04-29T06:26:21.860+0000] {processor.py:179} INFO - Processing /usr/local/python/3.10.13/lib/python3.10/site-packages/airflow/example_dags/tutorial_taskflow_api_virtualenv.py took 0.113 seconds
[2024-04-29T06:27:17.922+0000] {processor.py:157} INFO - Started process (PID=14004) to work on /usr/local/python/3.10.13/lib/python3.10/site-packages/airflow/example_dags/tutorial_taskflow_api_virtualenv.py
[2024-04-29T06:27:17.922+0000] {processor.py:826} INFO - Processing file /usr/local/python/3.10.13/lib/python3.10/site-packages/airflow/example_dags/tutorial_taskflow_api_virtualenv.py for tasks to queue
[2024-04-29T06:27:17.923+0000] {logging_mixin.py:150} INFO - [2024-04-29T06:27:17.923+0000] {dagbag.py:541} INFO - Filling up the DagBag from /usr/local/python/3.10.13/lib/python3.10/site-packages/airflow/example_dags/tutorial_taskflow_api_virtualenv.py
[2024-04-29T06:27:17.930+0000] {processor.py:836} INFO - DAG(s) dict_keys(['tutorial_taskflow_api_virtualenv']) retrieved from /usr/local/python/3.10.13/lib/python3.10/site-packages/airflow/example_dags/tutorial_taskflow_api_virtualenv.py
[2024-04-29T06:27:17.947+0000] {logging_mixin.py:150} INFO - [2024-04-29T06:27:17.947+0000] {dag.py:2742} INFO - Sync 1 DAGs
[2024-04-29T06:27:17.963+0000] {logging_mixin.py:150} INFO - [2024-04-29T06:27:17.963+0000] {dag.py:3504} INFO - Setting next_dagrun for tutorial_taskflow_api_virtualenv to None, run_after=None
[2024-04-29T06:27:18.001+0000] {processor.py:179} INFO - Processing /usr/local/python/3.10.13/lib/python3.10/site-packages/airflow/example_dags/tutorial_taskflow_api_virtualenv.py took 0.082 seconds
[2024-04-29T06:28:04.510+0000] {processor.py:157} INFO - Started process (PID=14343) to work on /usr/local/python/3.10.13/lib/python3.10/site-packages/airflow/example_dags/tutorial_taskflow_api_virtualenv.py
[2024-04-29T06:28:04.511+0000] {processor.py:826} INFO - Processing file /usr/local/python/3.10.13/lib/python3.10/site-packages/airflow/example_dags/tutorial_taskflow_api_virtualenv.py for tasks to queue
[2024-04-29T06:28:04.511+0000] {logging_mixin.py:150} INFO - [2024-04-29T06:28:04.511+0000] {dagbag.py:541} INFO - Filling up the DagBag from /usr/local/python/3.10.13/lib/python3.10/site-packages/airflow/example_dags/tutorial_taskflow_api_virtualenv.py
[2024-04-29T06:28:04.517+0000] {processor.py:836} INFO - DAG(s) dict_keys(['tutorial_taskflow_api_virtualenv']) retrieved from /usr/local/python/3.10.13/lib/python3.10/site-packages/airflow/example_dags/tutorial_taskflow_api_virtualenv.py
[2024-04-29T06:28:04.528+0000] {logging_mixin.py:150} INFO - [2024-04-29T06:28:04.528+0000] {dag.py:2742} INFO - Sync 1 DAGs
[2024-04-29T06:28:04.543+0000] {logging_mixin.py:150} INFO - [2024-04-29T06:28:04.543+0000] {dag.py:3504} INFO - Setting next_dagrun for tutorial_taskflow_api_virtualenv to None, run_after=None
[2024-04-29T06:28:04.582+0000] {processor.py:179} INFO - Processing /usr/local/python/3.10.13/lib/python3.10/site-packages/airflow/example_dags/tutorial_taskflow_api_virtualenv.py took 0.074 seconds
[2024-04-29T06:31:18.175+0000] {processor.py:157} INFO - Started process (PID=15863) to work on /usr/local/python/3.10.13/lib/python3.10/site-packages/airflow/example_dags/tutorial_taskflow_api_virtualenv.py
[2024-04-29T06:31:18.176+0000] {processor.py:826} INFO - Processing file /usr/local/python/3.10.13/lib/python3.10/site-packages/airflow/example_dags/tutorial_taskflow_api_virtualenv.py for tasks to queue
[2024-04-29T06:31:18.176+0000] {logging_mixin.py:150} INFO - [2024-04-29T06:31:18.176+0000] {dagbag.py:541} INFO - Filling up the DagBag from /usr/local/python/3.10.13/lib/python3.10/site-packages/airflow/example_dags/tutorial_taskflow_api_virtualenv.py
[2024-04-29T06:31:18.184+0000] {processor.py:836} INFO - DAG(s) dict_keys(['tutorial_taskflow_api_virtualenv']) retrieved from /usr/local/python/3.10.13/lib/python3.10/site-packages/airflow/example_dags/tutorial_taskflow_api_virtualenv.py
[2024-04-29T06:31:18.201+0000] {logging_mixin.py:150} INFO - [2024-04-29T06:31:18.201+0000] {dag.py:2742} INFO - Sync 1 DAGs
[2024-04-29T06:31:18.218+0000] {logging_mixin.py:150} INFO - [2024-04-29T06:31:18.218+0000] {dag.py:3504} INFO - Setting next_dagrun for tutorial_taskflow_api_virtualenv to None, run_after=None
[2024-04-29T06:31:18.261+0000] {processor.py:179} INFO - Processing /usr/local/python/3.10.13/lib/python3.10/site-packages/airflow/example_dags/tutorial_taskflow_api_virtualenv.py took 0.088 seconds
[2024-04-29T06:32:03.595+0000] {processor.py:157} INFO - Started process (PID=16183) to work on /usr/local/python/3.10.13/lib/python3.10/site-packages/airflow/example_dags/tutorial_taskflow_api_virtualenv.py
[2024-04-29T06:32:03.596+0000] {processor.py:826} INFO - Processing file /usr/local/python/3.10.13/lib/python3.10/site-packages/airflow/example_dags/tutorial_taskflow_api_virtualenv.py for tasks to queue
[2024-04-29T06:32:03.597+0000] {logging_mixin.py:150} INFO - [2024-04-29T06:32:03.596+0000] {dagbag.py:541} INFO - Filling up the DagBag from /usr/local/python/3.10.13/lib/python3.10/site-packages/airflow/example_dags/tutorial_taskflow_api_virtualenv.py
[2024-04-29T06:32:03.602+0000] {processor.py:836} INFO - DAG(s) dict_keys(['tutorial_taskflow_api_virtualenv']) retrieved from /usr/local/python/3.10.13/lib/python3.10/site-packages/airflow/example_dags/tutorial_taskflow_api_virtualenv.py
[2024-04-29T06:32:03.614+0000] {logging_mixin.py:150} INFO - [2024-04-29T06:32:03.614+0000] {dag.py:2742} INFO - Sync 1 DAGs
[2024-04-29T06:32:03.628+0000] {logging_mixin.py:150} INFO - [2024-04-29T06:32:03.628+0000] {dag.py:3504} INFO - Setting next_dagrun for tutorial_taskflow_api_virtualenv to None, run_after=None
[2024-04-29T06:32:03.667+0000] {processor.py:179} INFO - Processing /usr/local/python/3.10.13/lib/python3.10/site-packages/airflow/example_dags/tutorial_taskflow_api_virtualenv.py took 0.074 seconds
[2024-04-29T06:32:47.868+0000] {processor.py:157} INFO - Started process (PID=16503) to work on /usr/local/python/3.10.13/lib/python3.10/site-packages/airflow/example_dags/tutorial_taskflow_api_virtualenv.py
[2024-04-29T06:32:47.869+0000] {processor.py:826} INFO - Processing file /usr/local/python/3.10.13/lib/python3.10/site-packages/airflow/example_dags/tutorial_taskflow_api_virtualenv.py for tasks to queue
[2024-04-29T06:32:47.870+0000] {logging_mixin.py:150} INFO - [2024-04-29T06:32:47.869+0000] {dagbag.py:541} INFO - Filling up the DagBag from /usr/local/python/3.10.13/lib/python3.10/site-packages/airflow/example_dags/tutorial_taskflow_api_virtualenv.py
[2024-04-29T06:32:47.875+0000] {processor.py:836} INFO - DAG(s) dict_keys(['tutorial_taskflow_api_virtualenv']) retrieved from /usr/local/python/3.10.13/lib/python3.10/site-packages/airflow/example_dags/tutorial_taskflow_api_virtualenv.py
[2024-04-29T06:32:47.888+0000] {logging_mixin.py:150} INFO - [2024-04-29T06:32:47.888+0000] {dag.py:2742} INFO - Sync 1 DAGs
[2024-04-29T06:32:47.905+0000] {logging_mixin.py:150} INFO - [2024-04-29T06:32:47.904+0000] {dag.py:3504} INFO - Setting next_dagrun for tutorial_taskflow_api_virtualenv to None, run_after=None
[2024-04-29T06:32:47.940+0000] {processor.py:179} INFO - Processing /usr/local/python/3.10.13/lib/python3.10/site-packages/airflow/example_dags/tutorial_taskflow_api_virtualenv.py took 0.074 seconds
