[2024-04-29T08:43:36.360+0000] {processor.py:157} INFO - Started process (PID=32127) to work on /workspaces/hands-on-introduction-data-engineering-4395021/airflow/dags/two_task_dag.py
[2024-04-29T08:43:36.361+0000] {processor.py:826} INFO - Processing file /workspaces/hands-on-introduction-data-engineering-4395021/airflow/dags/two_task_dag.py for tasks to queue
[2024-04-29T08:43:36.365+0000] {logging_mixin.py:150} INFO - [2024-04-29T08:43:36.365+0000] {dagbag.py:541} INFO - Filling up the DagBag from /workspaces/hands-on-introduction-data-engineering-4395021/airflow/dags/two_task_dag.py
[2024-04-29T08:43:36.393+0000] {processor.py:836} INFO - DAG(s) dict_keys(['two_task_dag']) retrieved from /workspaces/hands-on-introduction-data-engineering-4395021/airflow/dags/two_task_dag.py
[2024-04-29T08:43:36.429+0000] {logging_mixin.py:150} INFO - [2024-04-29T08:43:36.429+0000] {dag.py:2742} INFO - Sync 1 DAGs
[2024-04-29T08:43:36.453+0000] {logging_mixin.py:150} INFO - [2024-04-29T08:43:36.453+0000] {dag.py:3504} INFO - Setting next_dagrun for two_task_dag to None, run_after=None
[2024-04-29T08:43:36.498+0000] {processor.py:179} INFO - Processing /workspaces/hands-on-introduction-data-engineering-4395021/airflow/dags/two_task_dag.py took 0.148 seconds
[2024-04-29T08:44:35.641+0000] {processor.py:157} INFO - Started process (PID=32552) to work on /workspaces/hands-on-introduction-data-engineering-4395021/airflow/dags/two_task_dag.py
[2024-04-29T08:44:35.642+0000] {processor.py:826} INFO - Processing file /workspaces/hands-on-introduction-data-engineering-4395021/airflow/dags/two_task_dag.py for tasks to queue
[2024-04-29T08:44:35.643+0000] {logging_mixin.py:150} INFO - [2024-04-29T08:44:35.642+0000] {dagbag.py:541} INFO - Filling up the DagBag from /workspaces/hands-on-introduction-data-engineering-4395021/airflow/dags/two_task_dag.py
[2024-04-29T08:44:35.647+0000] {processor.py:836} INFO - DAG(s) dict_keys(['two_task_dag']) retrieved from /workspaces/hands-on-introduction-data-engineering-4395021/airflow/dags/two_task_dag.py
[2024-04-29T08:44:35.658+0000] {logging_mixin.py:150} INFO - [2024-04-29T08:44:35.658+0000] {dag.py:2742} INFO - Sync 1 DAGs
[2024-04-29T08:44:35.673+0000] {logging_mixin.py:150} INFO - [2024-04-29T08:44:35.673+0000] {dag.py:3504} INFO - Setting next_dagrun for two_task_dag to None, run_after=None
[2024-04-29T08:44:35.709+0000] {processor.py:179} INFO - Processing /workspaces/hands-on-introduction-data-engineering-4395021/airflow/dags/two_task_dag.py took 0.070 seconds
[2024-04-29T08:46:19.113+0000] {processor.py:157} INFO - Started process (PID=33480) to work on /workspaces/hands-on-introduction-data-engineering-4395021/airflow/dags/two_task_dag.py
[2024-04-29T08:46:19.114+0000] {processor.py:826} INFO - Processing file /workspaces/hands-on-introduction-data-engineering-4395021/airflow/dags/two_task_dag.py for tasks to queue
[2024-04-29T08:46:19.116+0000] {logging_mixin.py:150} INFO - [2024-04-29T08:46:19.115+0000] {dagbag.py:541} INFO - Filling up the DagBag from /workspaces/hands-on-introduction-data-engineering-4395021/airflow/dags/two_task_dag.py
[2024-04-29T08:46:19.140+0000] {processor.py:836} INFO - DAG(s) dict_keys(['two_task_dag']) retrieved from /workspaces/hands-on-introduction-data-engineering-4395021/airflow/dags/two_task_dag.py
[2024-04-29T08:46:19.154+0000] {logging_mixin.py:150} INFO - [2024-04-29T08:46:19.153+0000] {dag.py:2742} INFO - Sync 1 DAGs
[2024-04-29T08:46:19.197+0000] {logging_mixin.py:150} INFO - [2024-04-29T08:46:19.197+0000] {dag.py:3504} INFO - Setting next_dagrun for two_task_dag to None, run_after=None
[2024-04-29T08:46:19.249+0000] {processor.py:179} INFO - Processing /workspaces/hands-on-introduction-data-engineering-4395021/airflow/dags/two_task_dag.py took 0.139 seconds
[2024-04-29T08:47:09.424+0000] {processor.py:157} INFO - Started process (PID=33841) to work on /workspaces/hands-on-introduction-data-engineering-4395021/airflow/dags/two_task_dag.py
[2024-04-29T08:47:09.425+0000] {processor.py:826} INFO - Processing file /workspaces/hands-on-introduction-data-engineering-4395021/airflow/dags/two_task_dag.py for tasks to queue
[2024-04-29T08:47:09.425+0000] {logging_mixin.py:150} INFO - [2024-04-29T08:47:09.425+0000] {dagbag.py:541} INFO - Filling up the DagBag from /workspaces/hands-on-introduction-data-engineering-4395021/airflow/dags/two_task_dag.py
[2024-04-29T08:47:09.430+0000] {processor.py:836} INFO - DAG(s) dict_keys(['two_task_dag']) retrieved from /workspaces/hands-on-introduction-data-engineering-4395021/airflow/dags/two_task_dag.py
[2024-04-29T08:47:09.441+0000] {logging_mixin.py:150} INFO - [2024-04-29T08:47:09.441+0000] {dag.py:2742} INFO - Sync 1 DAGs
[2024-04-29T08:47:09.456+0000] {logging_mixin.py:150} INFO - [2024-04-29T08:47:09.456+0000] {dag.py:3504} INFO - Setting next_dagrun for two_task_dag to None, run_after=None
[2024-04-29T08:47:09.494+0000] {processor.py:179} INFO - Processing /workspaces/hands-on-introduction-data-engineering-4395021/airflow/dags/two_task_dag.py took 0.072 seconds
[2024-04-29T08:47:53.362+0000] {processor.py:157} INFO - Started process (PID=34152) to work on /workspaces/hands-on-introduction-data-engineering-4395021/airflow/dags/two_task_dag.py
[2024-04-29T08:47:53.363+0000] {processor.py:826} INFO - Processing file /workspaces/hands-on-introduction-data-engineering-4395021/airflow/dags/two_task_dag.py for tasks to queue
[2024-04-29T08:47:53.365+0000] {logging_mixin.py:150} INFO - [2024-04-29T08:47:53.364+0000] {dagbag.py:541} INFO - Filling up the DagBag from /workspaces/hands-on-introduction-data-engineering-4395021/airflow/dags/two_task_dag.py
[2024-04-29T08:47:53.373+0000] {processor.py:836} INFO - DAG(s) dict_keys(['two_task_dag']) retrieved from /workspaces/hands-on-introduction-data-engineering-4395021/airflow/dags/two_task_dag.py
[2024-04-29T08:47:53.388+0000] {logging_mixin.py:150} INFO - [2024-04-29T08:47:53.388+0000] {dag.py:2742} INFO - Sync 1 DAGs
[2024-04-29T08:47:53.414+0000] {logging_mixin.py:150} INFO - [2024-04-29T08:47:53.414+0000] {dag.py:3504} INFO - Setting next_dagrun for two_task_dag to None, run_after=None
[2024-04-29T08:47:53.458+0000] {processor.py:179} INFO - Processing /workspaces/hands-on-introduction-data-engineering-4395021/airflow/dags/two_task_dag.py took 0.098 seconds
[2024-04-29T08:48:55.456+0000] {processor.py:157} INFO - Started process (PID=34697) to work on /workspaces/hands-on-introduction-data-engineering-4395021/airflow/dags/two_task_dag.py
[2024-04-29T08:48:55.460+0000] {processor.py:826} INFO - Processing file /workspaces/hands-on-introduction-data-engineering-4395021/airflow/dags/two_task_dag.py for tasks to queue
[2024-04-29T08:48:55.461+0000] {logging_mixin.py:150} INFO - [2024-04-29T08:48:55.461+0000] {dagbag.py:541} INFO - Filling up the DagBag from /workspaces/hands-on-introduction-data-engineering-4395021/airflow/dags/two_task_dag.py
[2024-04-29T08:48:55.482+0000] {processor.py:836} INFO - DAG(s) dict_keys(['two_task_dag']) retrieved from /workspaces/hands-on-introduction-data-engineering-4395021/airflow/dags/two_task_dag.py
[2024-04-29T08:48:55.511+0000] {logging_mixin.py:150} INFO - [2024-04-29T08:48:55.510+0000] {dag.py:2742} INFO - Sync 1 DAGs
[2024-04-29T08:48:55.537+0000] {logging_mixin.py:150} INFO - [2024-04-29T08:48:55.537+0000] {dag.py:3504} INFO - Setting next_dagrun for two_task_dag to None, run_after=None
[2024-04-29T08:48:55.585+0000] {processor.py:179} INFO - Processing /workspaces/hands-on-introduction-data-engineering-4395021/airflow/dags/two_task_dag.py took 0.136 seconds
[2024-04-29T08:49:25.798+0000] {processor.py:157} INFO - Started process (PID=34897) to work on /workspaces/hands-on-introduction-data-engineering-4395021/airflow/dags/two_task_dag.py
[2024-04-29T08:49:25.799+0000] {processor.py:826} INFO - Processing file /workspaces/hands-on-introduction-data-engineering-4395021/airflow/dags/two_task_dag.py for tasks to queue
[2024-04-29T08:49:25.799+0000] {logging_mixin.py:150} INFO - [2024-04-29T08:49:25.799+0000] {dagbag.py:541} INFO - Filling up the DagBag from /workspaces/hands-on-introduction-data-engineering-4395021/airflow/dags/two_task_dag.py
[2024-04-29T08:49:25.808+0000] {processor.py:836} INFO - DAG(s) dict_keys(['two_task_dag']) retrieved from /workspaces/hands-on-introduction-data-engineering-4395021/airflow/dags/two_task_dag.py
[2024-04-29T08:49:25.824+0000] {logging_mixin.py:150} INFO - [2024-04-29T08:49:25.824+0000] {dag.py:2742} INFO - Sync 1 DAGs
[2024-04-29T08:49:25.840+0000] {logging_mixin.py:150} INFO - [2024-04-29T08:49:25.839+0000] {dag.py:3504} INFO - Setting next_dagrun for two_task_dag to None, run_after=None
[2024-04-29T08:49:25.876+0000] {processor.py:179} INFO - Processing /workspaces/hands-on-introduction-data-engineering-4395021/airflow/dags/two_task_dag.py took 0.081 seconds
[2024-04-29T08:49:56.516+0000] {processor.py:157} INFO - Started process (PID=35086) to work on /workspaces/hands-on-introduction-data-engineering-4395021/airflow/dags/two_task_dag.py
[2024-04-29T08:49:56.517+0000] {processor.py:826} INFO - Processing file /workspaces/hands-on-introduction-data-engineering-4395021/airflow/dags/two_task_dag.py for tasks to queue
[2024-04-29T08:49:56.518+0000] {logging_mixin.py:150} INFO - [2024-04-29T08:49:56.517+0000] {dagbag.py:541} INFO - Filling up the DagBag from /workspaces/hands-on-introduction-data-engineering-4395021/airflow/dags/two_task_dag.py
[2024-04-29T08:49:56.527+0000] {processor.py:836} INFO - DAG(s) dict_keys(['two_task_dag']) retrieved from /workspaces/hands-on-introduction-data-engineering-4395021/airflow/dags/two_task_dag.py
[2024-04-29T08:49:56.543+0000] {logging_mixin.py:150} INFO - [2024-04-29T08:49:56.543+0000] {dag.py:2742} INFO - Sync 1 DAGs
[2024-04-29T08:49:56.560+0000] {logging_mixin.py:150} INFO - [2024-04-29T08:49:56.560+0000] {dag.py:3504} INFO - Setting next_dagrun for two_task_dag to None, run_after=None
[2024-04-29T08:49:56.595+0000] {processor.py:179} INFO - Processing /workspaces/hands-on-introduction-data-engineering-4395021/airflow/dags/two_task_dag.py took 0.081 seconds
[2024-04-29T08:50:27.055+0000] {processor.py:157} INFO - Started process (PID=35266) to work on /workspaces/hands-on-introduction-data-engineering-4395021/airflow/dags/two_task_dag.py
[2024-04-29T08:50:27.056+0000] {processor.py:826} INFO - Processing file /workspaces/hands-on-introduction-data-engineering-4395021/airflow/dags/two_task_dag.py for tasks to queue
[2024-04-29T08:50:27.056+0000] {logging_mixin.py:150} INFO - [2024-04-29T08:50:27.056+0000] {dagbag.py:541} INFO - Filling up the DagBag from /workspaces/hands-on-introduction-data-engineering-4395021/airflow/dags/two_task_dag.py
[2024-04-29T08:50:27.064+0000] {processor.py:836} INFO - DAG(s) dict_keys(['two_task_dag']) retrieved from /workspaces/hands-on-introduction-data-engineering-4395021/airflow/dags/two_task_dag.py
[2024-04-29T08:50:27.080+0000] {logging_mixin.py:150} INFO - [2024-04-29T08:50:27.080+0000] {dag.py:2742} INFO - Sync 1 DAGs
[2024-04-29T08:50:27.095+0000] {logging_mixin.py:150} INFO - [2024-04-29T08:50:27.094+0000] {dag.py:3504} INFO - Setting next_dagrun for two_task_dag to None, run_after=None
[2024-04-29T08:50:27.133+0000] {processor.py:179} INFO - Processing /workspaces/hands-on-introduction-data-engineering-4395021/airflow/dags/two_task_dag.py took 0.080 seconds
[2024-04-29T08:50:57.788+0000] {processor.py:157} INFO - Started process (PID=35463) to work on /workspaces/hands-on-introduction-data-engineering-4395021/airflow/dags/two_task_dag.py
[2024-04-29T08:50:57.788+0000] {processor.py:826} INFO - Processing file /workspaces/hands-on-introduction-data-engineering-4395021/airflow/dags/two_task_dag.py for tasks to queue
[2024-04-29T08:50:57.789+0000] {logging_mixin.py:150} INFO - [2024-04-29T08:50:57.789+0000] {dagbag.py:541} INFO - Filling up the DagBag from /workspaces/hands-on-introduction-data-engineering-4395021/airflow/dags/two_task_dag.py
[2024-04-29T08:50:57.797+0000] {processor.py:836} INFO - DAG(s) dict_keys(['two_task_dag']) retrieved from /workspaces/hands-on-introduction-data-engineering-4395021/airflow/dags/two_task_dag.py
[2024-04-29T08:50:57.813+0000] {logging_mixin.py:150} INFO - [2024-04-29T08:50:57.813+0000] {dag.py:2742} INFO - Sync 1 DAGs
[2024-04-29T08:50:57.828+0000] {logging_mixin.py:150} INFO - [2024-04-29T08:50:57.828+0000] {dag.py:3504} INFO - Setting next_dagrun for two_task_dag to None, run_after=None
[2024-04-29T08:50:57.865+0000] {processor.py:179} INFO - Processing /workspaces/hands-on-introduction-data-engineering-4395021/airflow/dags/two_task_dag.py took 0.080 seconds
