[2024-04-29T06:16:22.896+0000] {processor.py:157} INFO - Started process (PID=8818) to work on /usr/local/python/3.10.13/lib/python3.10/site-packages/airflow/example_dags/plugins/event_listener.py
[2024-04-29T06:16:22.897+0000] {processor.py:826} INFO - Processing file /usr/local/python/3.10.13/lib/python3.10/site-packages/airflow/example_dags/plugins/event_listener.py for tasks to queue
[2024-04-29T06:16:22.898+0000] {logging_mixin.py:150} INFO - [2024-04-29T06:16:22.898+0000] {dagbag.py:541} INFO - Filling up the DagBag from /usr/local/python/3.10.13/lib/python3.10/site-packages/airflow/example_dags/plugins/event_listener.py
[2024-04-29T06:16:22.900+0000] {processor.py:838} WARNING - No viable dags retrieved from /usr/local/python/3.10.13/lib/python3.10/site-packages/airflow/example_dags/plugins/event_listener.py
[2024-04-29T06:16:22.910+0000] {processor.py:179} INFO - Processing /usr/local/python/3.10.13/lib/python3.10/site-packages/airflow/example_dags/plugins/event_listener.py took 0.016 seconds
[2024-04-29T06:17:21.362+0000] {processor.py:157} INFO - Started process (PID=9252) to work on /usr/local/python/3.10.13/lib/python3.10/site-packages/airflow/example_dags/plugins/event_listener.py
[2024-04-29T06:17:21.363+0000] {processor.py:826} INFO - Processing file /usr/local/python/3.10.13/lib/python3.10/site-packages/airflow/example_dags/plugins/event_listener.py for tasks to queue
[2024-04-29T06:17:21.363+0000] {logging_mixin.py:150} INFO - [2024-04-29T06:17:21.363+0000] {dagbag.py:541} INFO - Filling up the DagBag from /usr/local/python/3.10.13/lib/python3.10/site-packages/airflow/example_dags/plugins/event_listener.py
[2024-04-29T06:17:21.365+0000] {processor.py:838} WARNING - No viable dags retrieved from /usr/local/python/3.10.13/lib/python3.10/site-packages/airflow/example_dags/plugins/event_listener.py
[2024-04-29T06:17:21.373+0000] {processor.py:179} INFO - Processing /usr/local/python/3.10.13/lib/python3.10/site-packages/airflow/example_dags/plugins/event_listener.py took 0.013 seconds
[2024-04-29T06:18:00.008+0000] {processor.py:157} INFO - Started process (PID=9532) to work on /usr/local/python/3.10.13/lib/python3.10/site-packages/airflow/example_dags/plugins/event_listener.py
[2024-04-29T06:18:00.008+0000] {processor.py:826} INFO - Processing file /usr/local/python/3.10.13/lib/python3.10/site-packages/airflow/example_dags/plugins/event_listener.py for tasks to queue
[2024-04-29T06:18:00.009+0000] {logging_mixin.py:150} INFO - [2024-04-29T06:18:00.009+0000] {dagbag.py:541} INFO - Filling up the DagBag from /usr/local/python/3.10.13/lib/python3.10/site-packages/airflow/example_dags/plugins/event_listener.py
[2024-04-29T06:18:00.011+0000] {processor.py:838} WARNING - No viable dags retrieved from /usr/local/python/3.10.13/lib/python3.10/site-packages/airflow/example_dags/plugins/event_listener.py
[2024-04-29T06:18:00.019+0000] {processor.py:179} INFO - Processing /usr/local/python/3.10.13/lib/python3.10/site-packages/airflow/example_dags/plugins/event_listener.py took 0.014 seconds
[2024-04-29T06:18:32.115+0000] {processor.py:157} INFO - Started process (PID=9771) to work on /usr/local/python/3.10.13/lib/python3.10/site-packages/airflow/example_dags/plugins/event_listener.py
[2024-04-29T06:18:32.116+0000] {processor.py:826} INFO - Processing file /usr/local/python/3.10.13/lib/python3.10/site-packages/airflow/example_dags/plugins/event_listener.py for tasks to queue
[2024-04-29T06:18:32.117+0000] {logging_mixin.py:150} INFO - [2024-04-29T06:18:32.117+0000] {dagbag.py:541} INFO - Filling up the DagBag from /usr/local/python/3.10.13/lib/python3.10/site-packages/airflow/example_dags/plugins/event_listener.py
[2024-04-29T06:18:32.121+0000] {processor.py:838} WARNING - No viable dags retrieved from /usr/local/python/3.10.13/lib/python3.10/site-packages/airflow/example_dags/plugins/event_listener.py
[2024-04-29T06:18:32.131+0000] {processor.py:179} INFO - Processing /usr/local/python/3.10.13/lib/python3.10/site-packages/airflow/example_dags/plugins/event_listener.py took 0.020 seconds
[2024-04-29T06:19:04.340+0000] {processor.py:157} INFO - Started process (PID=10022) to work on /usr/local/python/3.10.13/lib/python3.10/site-packages/airflow/example_dags/plugins/event_listener.py
[2024-04-29T06:19:04.341+0000] {processor.py:826} INFO - Processing file /usr/local/python/3.10.13/lib/python3.10/site-packages/airflow/example_dags/plugins/event_listener.py for tasks to queue
[2024-04-29T06:19:04.343+0000] {logging_mixin.py:150} INFO - [2024-04-29T06:19:04.342+0000] {dagbag.py:541} INFO - Filling up the DagBag from /usr/local/python/3.10.13/lib/python3.10/site-packages/airflow/example_dags/plugins/event_listener.py
[2024-04-29T06:19:04.345+0000] {processor.py:838} WARNING - No viable dags retrieved from /usr/local/python/3.10.13/lib/python3.10/site-packages/airflow/example_dags/plugins/event_listener.py
[2024-04-29T06:19:04.355+0000] {processor.py:179} INFO - Processing /usr/local/python/3.10.13/lib/python3.10/site-packages/airflow/example_dags/plugins/event_listener.py took 0.017 seconds
[2024-04-29T06:19:35.338+0000] {processor.py:157} INFO - Started process (PID=10260) to work on /usr/local/python/3.10.13/lib/python3.10/site-packages/airflow/example_dags/plugins/event_listener.py
[2024-04-29T06:19:35.338+0000] {processor.py:826} INFO - Processing file /usr/local/python/3.10.13/lib/python3.10/site-packages/airflow/example_dags/plugins/event_listener.py for tasks to queue
[2024-04-29T06:19:35.339+0000] {logging_mixin.py:150} INFO - [2024-04-29T06:19:35.339+0000] {dagbag.py:541} INFO - Filling up the DagBag from /usr/local/python/3.10.13/lib/python3.10/site-packages/airflow/example_dags/plugins/event_listener.py
[2024-04-29T06:19:35.341+0000] {processor.py:838} WARNING - No viable dags retrieved from /usr/local/python/3.10.13/lib/python3.10/site-packages/airflow/example_dags/plugins/event_listener.py
[2024-04-29T06:19:35.348+0000] {processor.py:179} INFO - Processing /usr/local/python/3.10.13/lib/python3.10/site-packages/airflow/example_dags/plugins/event_listener.py took 0.013 seconds
[2024-04-29T06:20:09.517+0000] {processor.py:157} INFO - Started process (PID=10510) to work on /usr/local/python/3.10.13/lib/python3.10/site-packages/airflow/example_dags/plugins/event_listener.py
[2024-04-29T06:20:09.518+0000] {processor.py:826} INFO - Processing file /usr/local/python/3.10.13/lib/python3.10/site-packages/airflow/example_dags/plugins/event_listener.py for tasks to queue
[2024-04-29T06:20:09.518+0000] {logging_mixin.py:150} INFO - [2024-04-29T06:20:09.518+0000] {dagbag.py:541} INFO - Filling up the DagBag from /usr/local/python/3.10.13/lib/python3.10/site-packages/airflow/example_dags/plugins/event_listener.py
[2024-04-29T06:20:09.520+0000] {processor.py:838} WARNING - No viable dags retrieved from /usr/local/python/3.10.13/lib/python3.10/site-packages/airflow/example_dags/plugins/event_listener.py
[2024-04-29T06:20:09.527+0000] {processor.py:179} INFO - Processing /usr/local/python/3.10.13/lib/python3.10/site-packages/airflow/example_dags/plugins/event_listener.py took 0.012 seconds
[2024-04-29T06:20:43.500+0000] {processor.py:157} INFO - Started process (PID=10759) to work on /usr/local/python/3.10.13/lib/python3.10/site-packages/airflow/example_dags/plugins/event_listener.py
[2024-04-29T06:20:43.500+0000] {processor.py:826} INFO - Processing file /usr/local/python/3.10.13/lib/python3.10/site-packages/airflow/example_dags/plugins/event_listener.py for tasks to queue
[2024-04-29T06:20:43.501+0000] {logging_mixin.py:150} INFO - [2024-04-29T06:20:43.501+0000] {dagbag.py:541} INFO - Filling up the DagBag from /usr/local/python/3.10.13/lib/python3.10/site-packages/airflow/example_dags/plugins/event_listener.py
[2024-04-29T06:20:43.503+0000] {processor.py:838} WARNING - No viable dags retrieved from /usr/local/python/3.10.13/lib/python3.10/site-packages/airflow/example_dags/plugins/event_listener.py
[2024-04-29T06:20:43.509+0000] {processor.py:179} INFO - Processing /usr/local/python/3.10.13/lib/python3.10/site-packages/airflow/example_dags/plugins/event_listener.py took 0.012 seconds
[2024-04-29T06:21:17.866+0000] {processor.py:157} INFO - Started process (PID=11021) to work on /usr/local/python/3.10.13/lib/python3.10/site-packages/airflow/example_dags/plugins/event_listener.py
[2024-04-29T06:21:17.867+0000] {processor.py:826} INFO - Processing file /usr/local/python/3.10.13/lib/python3.10/site-packages/airflow/example_dags/plugins/event_listener.py for tasks to queue
[2024-04-29T06:21:17.868+0000] {logging_mixin.py:150} INFO - [2024-04-29T06:21:17.867+0000] {dagbag.py:541} INFO - Filling up the DagBag from /usr/local/python/3.10.13/lib/python3.10/site-packages/airflow/example_dags/plugins/event_listener.py
[2024-04-29T06:21:17.869+0000] {processor.py:838} WARNING - No viable dags retrieved from /usr/local/python/3.10.13/lib/python3.10/site-packages/airflow/example_dags/plugins/event_listener.py
[2024-04-29T06:21:17.876+0000] {processor.py:179} INFO - Processing /usr/local/python/3.10.13/lib/python3.10/site-packages/airflow/example_dags/plugins/event_listener.py took 0.012 seconds
[2024-04-29T06:21:50.788+0000] {processor.py:157} INFO - Started process (PID=11262) to work on /usr/local/python/3.10.13/lib/python3.10/site-packages/airflow/example_dags/plugins/event_listener.py
[2024-04-29T06:21:50.789+0000] {processor.py:826} INFO - Processing file /usr/local/python/3.10.13/lib/python3.10/site-packages/airflow/example_dags/plugins/event_listener.py for tasks to queue
[2024-04-29T06:21:50.789+0000] {logging_mixin.py:150} INFO - [2024-04-29T06:21:50.789+0000] {dagbag.py:541} INFO - Filling up the DagBag from /usr/local/python/3.10.13/lib/python3.10/site-packages/airflow/example_dags/plugins/event_listener.py
[2024-04-29T06:21:50.791+0000] {processor.py:838} WARNING - No viable dags retrieved from /usr/local/python/3.10.13/lib/python3.10/site-packages/airflow/example_dags/plugins/event_listener.py
[2024-04-29T06:21:50.797+0000] {processor.py:179} INFO - Processing /usr/local/python/3.10.13/lib/python3.10/site-packages/airflow/example_dags/plugins/event_listener.py took 0.012 seconds
[2024-04-29T06:22:23.255+0000] {processor.py:157} INFO - Started process (PID=11519) to work on /usr/local/python/3.10.13/lib/python3.10/site-packages/airflow/example_dags/plugins/event_listener.py
[2024-04-29T06:22:23.256+0000] {processor.py:826} INFO - Processing file /usr/local/python/3.10.13/lib/python3.10/site-packages/airflow/example_dags/plugins/event_listener.py for tasks to queue
[2024-04-29T06:22:23.257+0000] {logging_mixin.py:150} INFO - [2024-04-29T06:22:23.257+0000] {dagbag.py:541} INFO - Filling up the DagBag from /usr/local/python/3.10.13/lib/python3.10/site-packages/airflow/example_dags/plugins/event_listener.py
[2024-04-29T06:22:23.259+0000] {processor.py:838} WARNING - No viable dags retrieved from /usr/local/python/3.10.13/lib/python3.10/site-packages/airflow/example_dags/plugins/event_listener.py
[2024-04-29T06:22:23.266+0000] {processor.py:179} INFO - Processing /usr/local/python/3.10.13/lib/python3.10/site-packages/airflow/example_dags/plugins/event_listener.py took 0.014 seconds
[2024-04-29T06:22:55.337+0000] {processor.py:157} INFO - Started process (PID=11753) to work on /usr/local/python/3.10.13/lib/python3.10/site-packages/airflow/example_dags/plugins/event_listener.py
[2024-04-29T06:22:55.338+0000] {processor.py:826} INFO - Processing file /usr/local/python/3.10.13/lib/python3.10/site-packages/airflow/example_dags/plugins/event_listener.py for tasks to queue
[2024-04-29T06:22:55.338+0000] {logging_mixin.py:150} INFO - [2024-04-29T06:22:55.338+0000] {dagbag.py:541} INFO - Filling up the DagBag from /usr/local/python/3.10.13/lib/python3.10/site-packages/airflow/example_dags/plugins/event_listener.py
[2024-04-29T06:22:55.340+0000] {processor.py:838} WARNING - No viable dags retrieved from /usr/local/python/3.10.13/lib/python3.10/site-packages/airflow/example_dags/plugins/event_listener.py
[2024-04-29T06:22:55.347+0000] {processor.py:179} INFO - Processing /usr/local/python/3.10.13/lib/python3.10/site-packages/airflow/example_dags/plugins/event_listener.py took 0.012 seconds
[2024-04-29T06:23:26.934+0000] {processor.py:157} INFO - Started process (PID=11996) to work on /usr/local/python/3.10.13/lib/python3.10/site-packages/airflow/example_dags/plugins/event_listener.py
[2024-04-29T06:23:26.934+0000] {processor.py:826} INFO - Processing file /usr/local/python/3.10.13/lib/python3.10/site-packages/airflow/example_dags/plugins/event_listener.py for tasks to queue
[2024-04-29T06:23:26.935+0000] {logging_mixin.py:150} INFO - [2024-04-29T06:23:26.935+0000] {dagbag.py:541} INFO - Filling up the DagBag from /usr/local/python/3.10.13/lib/python3.10/site-packages/airflow/example_dags/plugins/event_listener.py
[2024-04-29T06:23:26.937+0000] {processor.py:838} WARNING - No viable dags retrieved from /usr/local/python/3.10.13/lib/python3.10/site-packages/airflow/example_dags/plugins/event_listener.py
[2024-04-29T06:23:26.943+0000] {processor.py:179} INFO - Processing /usr/local/python/3.10.13/lib/python3.10/site-packages/airflow/example_dags/plugins/event_listener.py took 0.012 seconds
[2024-04-29T06:23:58.556+0000] {processor.py:157} INFO - Started process (PID=12249) to work on /usr/local/python/3.10.13/lib/python3.10/site-packages/airflow/example_dags/plugins/event_listener.py
[2024-04-29T06:23:58.556+0000] {processor.py:826} INFO - Processing file /usr/local/python/3.10.13/lib/python3.10/site-packages/airflow/example_dags/plugins/event_listener.py for tasks to queue
[2024-04-29T06:23:58.557+0000] {logging_mixin.py:150} INFO - [2024-04-29T06:23:58.557+0000] {dagbag.py:541} INFO - Filling up the DagBag from /usr/local/python/3.10.13/lib/python3.10/site-packages/airflow/example_dags/plugins/event_listener.py
[2024-04-29T06:23:58.559+0000] {processor.py:838} WARNING - No viable dags retrieved from /usr/local/python/3.10.13/lib/python3.10/site-packages/airflow/example_dags/plugins/event_listener.py
[2024-04-29T06:23:58.565+0000] {processor.py:179} INFO - Processing /usr/local/python/3.10.13/lib/python3.10/site-packages/airflow/example_dags/plugins/event_listener.py took 0.012 seconds
[2024-04-29T06:24:31.111+0000] {processor.py:157} INFO - Started process (PID=12490) to work on /usr/local/python/3.10.13/lib/python3.10/site-packages/airflow/example_dags/plugins/event_listener.py
[2024-04-29T06:24:31.112+0000] {processor.py:826} INFO - Processing file /usr/local/python/3.10.13/lib/python3.10/site-packages/airflow/example_dags/plugins/event_listener.py for tasks to queue
[2024-04-29T06:24:31.112+0000] {logging_mixin.py:150} INFO - [2024-04-29T06:24:31.112+0000] {dagbag.py:541} INFO - Filling up the DagBag from /usr/local/python/3.10.13/lib/python3.10/site-packages/airflow/example_dags/plugins/event_listener.py
[2024-04-29T06:24:31.114+0000] {processor.py:838} WARNING - No viable dags retrieved from /usr/local/python/3.10.13/lib/python3.10/site-packages/airflow/example_dags/plugins/event_listener.py
[2024-04-29T06:24:31.121+0000] {processor.py:179} INFO - Processing /usr/local/python/3.10.13/lib/python3.10/site-packages/airflow/example_dags/plugins/event_listener.py took 0.013 seconds
[2024-04-29T06:25:06.689+0000] {processor.py:157} INFO - Started process (PID=12752) to work on /usr/local/python/3.10.13/lib/python3.10/site-packages/airflow/example_dags/plugins/event_listener.py
[2024-04-29T06:25:06.690+0000] {processor.py:826} INFO - Processing file /usr/local/python/3.10.13/lib/python3.10/site-packages/airflow/example_dags/plugins/event_listener.py for tasks to queue
[2024-04-29T06:25:06.690+0000] {logging_mixin.py:150} INFO - [2024-04-29T06:25:06.690+0000] {dagbag.py:541} INFO - Filling up the DagBag from /usr/local/python/3.10.13/lib/python3.10/site-packages/airflow/example_dags/plugins/event_listener.py
[2024-04-29T06:25:06.692+0000] {processor.py:838} WARNING - No viable dags retrieved from /usr/local/python/3.10.13/lib/python3.10/site-packages/airflow/example_dags/plugins/event_listener.py
[2024-04-29T06:25:06.699+0000] {processor.py:179} INFO - Processing /usr/local/python/3.10.13/lib/python3.10/site-packages/airflow/example_dags/plugins/event_listener.py took 0.012 seconds
[2024-04-29T06:25:49.929+0000] {processor.py:157} INFO - Started process (PID=13194) to work on /usr/local/python/3.10.13/lib/python3.10/site-packages/airflow/example_dags/plugins/event_listener.py
[2024-04-29T06:25:49.929+0000] {processor.py:826} INFO - Processing file /usr/local/python/3.10.13/lib/python3.10/site-packages/airflow/example_dags/plugins/event_listener.py for tasks to queue
[2024-04-29T06:25:49.930+0000] {logging_mixin.py:150} INFO - [2024-04-29T06:25:49.930+0000] {dagbag.py:541} INFO - Filling up the DagBag from /usr/local/python/3.10.13/lib/python3.10/site-packages/airflow/example_dags/plugins/event_listener.py
[2024-04-29T06:25:49.932+0000] {processor.py:838} WARNING - No viable dags retrieved from /usr/local/python/3.10.13/lib/python3.10/site-packages/airflow/example_dags/plugins/event_listener.py
[2024-04-29T06:25:49.939+0000] {processor.py:179} INFO - Processing /usr/local/python/3.10.13/lib/python3.10/site-packages/airflow/example_dags/plugins/event_listener.py took 0.012 seconds
[2024-04-29T06:26:35.312+0000] {processor.py:157} INFO - Started process (PID=13580) to work on /usr/local/python/3.10.13/lib/python3.10/site-packages/airflow/example_dags/plugins/event_listener.py
[2024-04-29T06:26:35.313+0000] {processor.py:826} INFO - Processing file /usr/local/python/3.10.13/lib/python3.10/site-packages/airflow/example_dags/plugins/event_listener.py for tasks to queue
[2024-04-29T06:26:35.314+0000] {logging_mixin.py:150} INFO - [2024-04-29T06:26:35.314+0000] {dagbag.py:541} INFO - Filling up the DagBag from /usr/local/python/3.10.13/lib/python3.10/site-packages/airflow/example_dags/plugins/event_listener.py
[2024-04-29T06:26:35.316+0000] {processor.py:838} WARNING - No viable dags retrieved from /usr/local/python/3.10.13/lib/python3.10/site-packages/airflow/example_dags/plugins/event_listener.py
[2024-04-29T06:26:35.335+0000] {processor.py:179} INFO - Processing /usr/local/python/3.10.13/lib/python3.10/site-packages/airflow/example_dags/plugins/event_listener.py took 0.026 seconds
[2024-04-29T06:27:10.794+0000] {processor.py:157} INFO - Started process (PID=13933) to work on /usr/local/python/3.10.13/lib/python3.10/site-packages/airflow/example_dags/plugins/event_listener.py
[2024-04-29T06:27:10.795+0000] {processor.py:826} INFO - Processing file /usr/local/python/3.10.13/lib/python3.10/site-packages/airflow/example_dags/plugins/event_listener.py for tasks to queue
[2024-04-29T06:27:10.795+0000] {logging_mixin.py:150} INFO - [2024-04-29T06:27:10.795+0000] {dagbag.py:541} INFO - Filling up the DagBag from /usr/local/python/3.10.13/lib/python3.10/site-packages/airflow/example_dags/plugins/event_listener.py
[2024-04-29T06:27:10.797+0000] {processor.py:838} WARNING - No viable dags retrieved from /usr/local/python/3.10.13/lib/python3.10/site-packages/airflow/example_dags/plugins/event_listener.py
[2024-04-29T06:27:10.804+0000] {processor.py:179} INFO - Processing /usr/local/python/3.10.13/lib/python3.10/site-packages/airflow/example_dags/plugins/event_listener.py took 0.012 seconds
[2024-04-29T06:27:58.175+0000] {processor.py:157} INFO - Started process (PID=14291) to work on /usr/local/python/3.10.13/lib/python3.10/site-packages/airflow/example_dags/plugins/event_listener.py
[2024-04-29T06:27:58.176+0000] {processor.py:826} INFO - Processing file /usr/local/python/3.10.13/lib/python3.10/site-packages/airflow/example_dags/plugins/event_listener.py for tasks to queue
[2024-04-29T06:27:58.176+0000] {logging_mixin.py:150} INFO - [2024-04-29T06:27:58.176+0000] {dagbag.py:541} INFO - Filling up the DagBag from /usr/local/python/3.10.13/lib/python3.10/site-packages/airflow/example_dags/plugins/event_listener.py
[2024-04-29T06:27:58.178+0000] {processor.py:838} WARNING - No viable dags retrieved from /usr/local/python/3.10.13/lib/python3.10/site-packages/airflow/example_dags/plugins/event_listener.py
[2024-04-29T06:27:58.185+0000] {processor.py:179} INFO - Processing /usr/local/python/3.10.13/lib/python3.10/site-packages/airflow/example_dags/plugins/event_listener.py took 0.012 seconds
[2024-04-29T06:31:11.075+0000] {processor.py:157} INFO - Started process (PID=15795) to work on /usr/local/python/3.10.13/lib/python3.10/site-packages/airflow/example_dags/plugins/event_listener.py
[2024-04-29T06:31:11.075+0000] {processor.py:826} INFO - Processing file /usr/local/python/3.10.13/lib/python3.10/site-packages/airflow/example_dags/plugins/event_listener.py for tasks to queue
[2024-04-29T06:31:11.076+0000] {logging_mixin.py:150} INFO - [2024-04-29T06:31:11.076+0000] {dagbag.py:541} INFO - Filling up the DagBag from /usr/local/python/3.10.13/lib/python3.10/site-packages/airflow/example_dags/plugins/event_listener.py
[2024-04-29T06:31:11.078+0000] {processor.py:838} WARNING - No viable dags retrieved from /usr/local/python/3.10.13/lib/python3.10/site-packages/airflow/example_dags/plugins/event_listener.py
[2024-04-29T06:31:11.085+0000] {processor.py:179} INFO - Processing /usr/local/python/3.10.13/lib/python3.10/site-packages/airflow/example_dags/plugins/event_listener.py took 0.012 seconds
[2024-04-29T06:31:57.281+0000] {processor.py:157} INFO - Started process (PID=16152) to work on /usr/local/python/3.10.13/lib/python3.10/site-packages/airflow/example_dags/plugins/event_listener.py
[2024-04-29T06:31:57.282+0000] {processor.py:826} INFO - Processing file /usr/local/python/3.10.13/lib/python3.10/site-packages/airflow/example_dags/plugins/event_listener.py for tasks to queue
[2024-04-29T06:31:57.282+0000] {logging_mixin.py:150} INFO - [2024-04-29T06:31:57.282+0000] {dagbag.py:541} INFO - Filling up the DagBag from /usr/local/python/3.10.13/lib/python3.10/site-packages/airflow/example_dags/plugins/event_listener.py
[2024-04-29T06:31:57.284+0000] {processor.py:838} WARNING - No viable dags retrieved from /usr/local/python/3.10.13/lib/python3.10/site-packages/airflow/example_dags/plugins/event_listener.py
[2024-04-29T06:31:57.291+0000] {processor.py:179} INFO - Processing /usr/local/python/3.10.13/lib/python3.10/site-packages/airflow/example_dags/plugins/event_listener.py took 0.012 seconds
[2024-04-29T06:32:42.530+0000] {processor.py:157} INFO - Started process (PID=16456) to work on /usr/local/python/3.10.13/lib/python3.10/site-packages/airflow/example_dags/plugins/event_listener.py
[2024-04-29T06:32:42.532+0000] {processor.py:826} INFO - Processing file /usr/local/python/3.10.13/lib/python3.10/site-packages/airflow/example_dags/plugins/event_listener.py for tasks to queue
[2024-04-29T06:32:42.533+0000] {logging_mixin.py:150} INFO - [2024-04-29T06:32:42.532+0000] {dagbag.py:541} INFO - Filling up the DagBag from /usr/local/python/3.10.13/lib/python3.10/site-packages/airflow/example_dags/plugins/event_listener.py
[2024-04-29T06:32:42.535+0000] {processor.py:838} WARNING - No viable dags retrieved from /usr/local/python/3.10.13/lib/python3.10/site-packages/airflow/example_dags/plugins/event_listener.py
[2024-04-29T06:32:42.544+0000] {processor.py:179} INFO - Processing /usr/local/python/3.10.13/lib/python3.10/site-packages/airflow/example_dags/plugins/event_listener.py took 0.016 seconds
