[2024-04-29T08:43:41.105+0000] {processor.py:157} INFO - Started process (PID=32163) to work on /usr/local/python/3.10.13/lib/python3.10/site-packages/airflow/example_dags/plugins/workday.py
[2024-04-29T08:43:41.105+0000] {processor.py:826} INFO - Processing file /usr/local/python/3.10.13/lib/python3.10/site-packages/airflow/example_dags/plugins/workday.py for tasks to queue
[2024-04-29T08:43:41.106+0000] {logging_mixin.py:150} INFO - [2024-04-29T08:43:41.106+0000] {dagbag.py:541} INFO - Filling up the DagBag from /usr/local/python/3.10.13/lib/python3.10/site-packages/airflow/example_dags/plugins/workday.py
[2024-04-29T08:43:41.375+0000] {processor.py:838} WARNING - No viable dags retrieved from /usr/local/python/3.10.13/lib/python3.10/site-packages/airflow/example_dags/plugins/workday.py
[2024-04-29T08:43:41.382+0000] {processor.py:179} INFO - Processing /usr/local/python/3.10.13/lib/python3.10/site-packages/airflow/example_dags/plugins/workday.py took 0.280 seconds
[2024-04-29T08:46:23.893+0000] {processor.py:157} INFO - Started process (PID=33538) to work on /usr/local/python/3.10.13/lib/python3.10/site-packages/airflow/example_dags/plugins/workday.py
[2024-04-29T08:46:23.893+0000] {processor.py:826} INFO - Processing file /usr/local/python/3.10.13/lib/python3.10/site-packages/airflow/example_dags/plugins/workday.py for tasks to queue
[2024-04-29T08:46:23.894+0000] {logging_mixin.py:150} INFO - [2024-04-29T08:46:23.894+0000] {dagbag.py:541} INFO - Filling up the DagBag from /usr/local/python/3.10.13/lib/python3.10/site-packages/airflow/example_dags/plugins/workday.py
[2024-04-29T08:46:24.176+0000] {processor.py:838} WARNING - No viable dags retrieved from /usr/local/python/3.10.13/lib/python3.10/site-packages/airflow/example_dags/plugins/workday.py
[2024-04-29T08:46:24.183+0000] {processor.py:179} INFO - Processing /usr/local/python/3.10.13/lib/python3.10/site-packages/airflow/example_dags/plugins/workday.py took 0.292 seconds
[2024-04-29T08:47:13.614+0000] {processor.py:157} INFO - Started process (PID=33883) to work on /usr/local/python/3.10.13/lib/python3.10/site-packages/airflow/example_dags/plugins/workday.py
[2024-04-29T08:47:13.615+0000] {processor.py:826} INFO - Processing file /usr/local/python/3.10.13/lib/python3.10/site-packages/airflow/example_dags/plugins/workday.py for tasks to queue
[2024-04-29T08:47:13.616+0000] {logging_mixin.py:150} INFO - [2024-04-29T08:47:13.615+0000] {dagbag.py:541} INFO - Filling up the DagBag from /usr/local/python/3.10.13/lib/python3.10/site-packages/airflow/example_dags/plugins/workday.py
[2024-04-29T08:47:13.889+0000] {processor.py:838} WARNING - No viable dags retrieved from /usr/local/python/3.10.13/lib/python3.10/site-packages/airflow/example_dags/plugins/workday.py
[2024-04-29T08:47:13.896+0000] {processor.py:179} INFO - Processing /usr/local/python/3.10.13/lib/python3.10/site-packages/airflow/example_dags/plugins/workday.py took 0.284 seconds
[2024-04-29T08:47:57.467+0000] {processor.py:157} INFO - Started process (PID=34174) to work on /usr/local/python/3.10.13/lib/python3.10/site-packages/airflow/example_dags/plugins/workday.py
[2024-04-29T08:47:57.471+0000] {processor.py:826} INFO - Processing file /usr/local/python/3.10.13/lib/python3.10/site-packages/airflow/example_dags/plugins/workday.py for tasks to queue
[2024-04-29T08:47:57.472+0000] {logging_mixin.py:150} INFO - [2024-04-29T08:47:57.472+0000] {dagbag.py:541} INFO - Filling up the DagBag from /usr/local/python/3.10.13/lib/python3.10/site-packages/airflow/example_dags/plugins/workday.py
[2024-04-29T08:47:57.824+0000] {processor.py:838} WARNING - No viable dags retrieved from /usr/local/python/3.10.13/lib/python3.10/site-packages/airflow/example_dags/plugins/workday.py
[2024-04-29T08:47:57.834+0000] {processor.py:179} INFO - Processing /usr/local/python/3.10.13/lib/python3.10/site-packages/airflow/example_dags/plugins/workday.py took 0.370 seconds
