[2024-04-29T07:41:54.568+0000] {processor.py:157} INFO - Started process (PID=4879) to work on /usr/local/python/3.10.13/lib/python3.10/site-packages/airflow/example_dags/subdags/subdag.py
[2024-04-29T07:41:54.569+0000] {processor.py:826} INFO - Processing file /usr/local/python/3.10.13/lib/python3.10/site-packages/airflow/example_dags/subdags/subdag.py for tasks to queue
[2024-04-29T07:41:54.570+0000] {logging_mixin.py:150} INFO - [2024-04-29T07:41:54.570+0000] {dagbag.py:541} INFO - Filling up the DagBag from /usr/local/python/3.10.13/lib/python3.10/site-packages/airflow/example_dags/subdags/subdag.py
[2024-04-29T07:41:54.572+0000] {processor.py:838} WARNING - No viable dags retrieved from /usr/local/python/3.10.13/lib/python3.10/site-packages/airflow/example_dags/subdags/subdag.py
[2024-04-29T07:41:54.582+0000] {processor.py:179} INFO - Processing /usr/local/python/3.10.13/lib/python3.10/site-packages/airflow/example_dags/subdags/subdag.py took 0.017 seconds
[2024-04-29T07:42:53.005+0000] {processor.py:157} INFO - Started process (PID=5287) to work on /usr/local/python/3.10.13/lib/python3.10/site-packages/airflow/example_dags/subdags/subdag.py
[2024-04-29T07:42:53.006+0000] {processor.py:826} INFO - Processing file /usr/local/python/3.10.13/lib/python3.10/site-packages/airflow/example_dags/subdags/subdag.py for tasks to queue
[2024-04-29T07:42:53.007+0000] {logging_mixin.py:150} INFO - [2024-04-29T07:42:53.007+0000] {dagbag.py:541} INFO - Filling up the DagBag from /usr/local/python/3.10.13/lib/python3.10/site-packages/airflow/example_dags/subdags/subdag.py
[2024-04-29T07:42:53.009+0000] {processor.py:838} WARNING - No viable dags retrieved from /usr/local/python/3.10.13/lib/python3.10/site-packages/airflow/example_dags/subdags/subdag.py
[2024-04-29T07:42:53.015+0000] {processor.py:179} INFO - Processing /usr/local/python/3.10.13/lib/python3.10/site-packages/airflow/example_dags/subdags/subdag.py took 0.012 seconds
[2024-04-29T07:43:32.953+0000] {processor.py:157} INFO - Started process (PID=5564) to work on /usr/local/python/3.10.13/lib/python3.10/site-packages/airflow/example_dags/subdags/subdag.py
[2024-04-29T07:43:32.953+0000] {processor.py:826} INFO - Processing file /usr/local/python/3.10.13/lib/python3.10/site-packages/airflow/example_dags/subdags/subdag.py for tasks to queue
[2024-04-29T07:43:32.954+0000] {logging_mixin.py:150} INFO - [2024-04-29T07:43:32.954+0000] {dagbag.py:541} INFO - Filling up the DagBag from /usr/local/python/3.10.13/lib/python3.10/site-packages/airflow/example_dags/subdags/subdag.py
[2024-04-29T07:43:32.955+0000] {processor.py:838} WARNING - No viable dags retrieved from /usr/local/python/3.10.13/lib/python3.10/site-packages/airflow/example_dags/subdags/subdag.py
[2024-04-29T07:43:32.962+0000] {processor.py:179} INFO - Processing /usr/local/python/3.10.13/lib/python3.10/site-packages/airflow/example_dags/subdags/subdag.py took 0.011 seconds
[2024-04-29T07:44:05.288+0000] {processor.py:157} INFO - Started process (PID=5784) to work on /usr/local/python/3.10.13/lib/python3.10/site-packages/airflow/example_dags/subdags/subdag.py
[2024-04-29T07:44:05.289+0000] {processor.py:826} INFO - Processing file /usr/local/python/3.10.13/lib/python3.10/site-packages/airflow/example_dags/subdags/subdag.py for tasks to queue
[2024-04-29T07:44:05.290+0000] {logging_mixin.py:150} INFO - [2024-04-29T07:44:05.289+0000] {dagbag.py:541} INFO - Filling up the DagBag from /usr/local/python/3.10.13/lib/python3.10/site-packages/airflow/example_dags/subdags/subdag.py
[2024-04-29T07:44:05.291+0000] {processor.py:838} WARNING - No viable dags retrieved from /usr/local/python/3.10.13/lib/python3.10/site-packages/airflow/example_dags/subdags/subdag.py
[2024-04-29T07:44:05.298+0000] {processor.py:179} INFO - Processing /usr/local/python/3.10.13/lib/python3.10/site-packages/airflow/example_dags/subdags/subdag.py took 0.012 seconds
[2024-04-29T07:44:36.438+0000] {processor.py:157} INFO - Started process (PID=5990) to work on /usr/local/python/3.10.13/lib/python3.10/site-packages/airflow/example_dags/subdags/subdag.py
[2024-04-29T07:44:36.438+0000] {processor.py:826} INFO - Processing file /usr/local/python/3.10.13/lib/python3.10/site-packages/airflow/example_dags/subdags/subdag.py for tasks to queue
[2024-04-29T07:44:36.439+0000] {logging_mixin.py:150} INFO - [2024-04-29T07:44:36.439+0000] {dagbag.py:541} INFO - Filling up the DagBag from /usr/local/python/3.10.13/lib/python3.10/site-packages/airflow/example_dags/subdags/subdag.py
[2024-04-29T07:44:36.441+0000] {processor.py:838} WARNING - No viable dags retrieved from /usr/local/python/3.10.13/lib/python3.10/site-packages/airflow/example_dags/subdags/subdag.py
[2024-04-29T07:44:36.447+0000] {processor.py:179} INFO - Processing /usr/local/python/3.10.13/lib/python3.10/site-packages/airflow/example_dags/subdags/subdag.py took 0.012 seconds
[2024-04-29T07:45:07.601+0000] {processor.py:157} INFO - Started process (PID=6205) to work on /usr/local/python/3.10.13/lib/python3.10/site-packages/airflow/example_dags/subdags/subdag.py
[2024-04-29T07:45:07.601+0000] {processor.py:826} INFO - Processing file /usr/local/python/3.10.13/lib/python3.10/site-packages/airflow/example_dags/subdags/subdag.py for tasks to queue
[2024-04-29T07:45:07.602+0000] {logging_mixin.py:150} INFO - [2024-04-29T07:45:07.602+0000] {dagbag.py:541} INFO - Filling up the DagBag from /usr/local/python/3.10.13/lib/python3.10/site-packages/airflow/example_dags/subdags/subdag.py
[2024-04-29T07:45:07.604+0000] {processor.py:838} WARNING - No viable dags retrieved from /usr/local/python/3.10.13/lib/python3.10/site-packages/airflow/example_dags/subdags/subdag.py
[2024-04-29T07:45:07.611+0000] {processor.py:179} INFO - Processing /usr/local/python/3.10.13/lib/python3.10/site-packages/airflow/example_dags/subdags/subdag.py took 0.013 seconds
[2024-04-29T07:45:51.810+0000] {processor.py:157} INFO - Started process (PID=6497) to work on /usr/local/python/3.10.13/lib/python3.10/site-packages/airflow/example_dags/subdags/subdag.py
[2024-04-29T07:45:51.811+0000] {processor.py:826} INFO - Processing file /usr/local/python/3.10.13/lib/python3.10/site-packages/airflow/example_dags/subdags/subdag.py for tasks to queue
[2024-04-29T07:45:51.812+0000] {logging_mixin.py:150} INFO - [2024-04-29T07:45:51.812+0000] {dagbag.py:541} INFO - Filling up the DagBag from /usr/local/python/3.10.13/lib/python3.10/site-packages/airflow/example_dags/subdags/subdag.py
[2024-04-29T07:45:51.814+0000] {processor.py:838} WARNING - No viable dags retrieved from /usr/local/python/3.10.13/lib/python3.10/site-packages/airflow/example_dags/subdags/subdag.py
[2024-04-29T07:45:51.823+0000] {processor.py:179} INFO - Processing /usr/local/python/3.10.13/lib/python3.10/site-packages/airflow/example_dags/subdags/subdag.py took 0.016 seconds
